
*** Running vivado
    with args -log add_32u_11u.vds -m64 -product Vivado -mode batch -messageDb vivado.pb -notrace -source add_32u_11u.tcl

awk: symbol lookup error: awk: undefined symbol: mpfr_z_sub

****** Vivado v2016.4 (64-bit)
  **** SW Build 1756540 on Mon Jan 23 19:11:19 MST 2017
  **** IP Build 1755317 on Mon Jan 23 20:30:07 MST 2017
    ** Copyright 1986-2016 Xilinx, Inc. All Rights Reserved.

source add_32u_11u.tcl -notrace
CRITICAL WARNING: [Board 49-56] Problem parsing board file - /home/pingwin/VIVADO/Vivado/2016.4/data/boards/board_files/arty-s7-50/B.0/board.xml
awk: symbol lookup error: awk: undefined symbol: mpfr_z_sub
Starting RTL Elaboration : Time (s): cpu = 00:00:05 ; elapsed = 00:00:05 . Memory (MB): peak = 1076.738 ; gain = 145.086 ; free physical = 1539 ; free virtual = 4839
INFO: [Synth 8-638] synthesizing module 'add_32u_11u' [/home/pingwin/Dokumenty/Verilog/compound-project/vb/vb.srcs/sources_1/ip/add_32u_11u_1/synth/add_32u_11u.vhd:70]
INFO: [Synth 8-256] done synthesizing module 'add_32u_11u' (8#1) [/home/pingwin/Dokumenty/Verilog/compound-project/vb/vb.srcs/sources_1/ip/add_32u_11u_1/synth/add_32u_11u.vhd:70]
Finished RTL Elaboration : Time (s): cpu = 00:00:06 ; elapsed = 00:00:06 . Memory (MB): peak = 1122.207 ; gain = 190.555 ; free physical = 1461 ; free virtual = 4776
Finished RTL Optimization Phase 1 : Time (s): cpu = 00:00:06 ; elapsed = 00:00:06 . Memory (MB): peak = 1122.207 ; gain = 190.555 ; free physical = 1455 ; free virtual = 4776
INFO: [Device 21-403] Loading part xc7z010clg400-1
Constraint Validation Runtime : Time (s): cpu = 00:00:00.01 ; elapsed = 00:00:00.01 . Memory (MB): peak = 1333.566 ; gain = 0.000 ; free physical = 1239 ; free virtual = 4598
Finished Constraint Validation : Time (s): cpu = 00:00:13 ; elapsed = 00:00:13 . Memory (MB): peak = 1333.566 ; gain = 401.914 ; free physical = 1212 ; free virtual = 4598
Finished Loading Part and Timing Information : Time (s): cpu = 00:00:13 ; elapsed = 00:00:13 . Memory (MB): peak = 1333.566 ; gain = 401.914 ; free physical = 1212 ; free virtual = 4598
Finished applying 'set_property' XDC Constraints : Time (s): cpu = 00:00:13 ; elapsed = 00:00:13 . Memory (MB): peak = 1333.566 ; gain = 401.914 ; free physical = 1212 ; free virtual = 4598
Finished RTL Optimization Phase 2 : Time (s): cpu = 00:00:13 ; elapsed = 00:00:13 . Memory (MB): peak = 1333.566 ; gain = 401.914 ; free physical = 1205 ; free virtual = 4591
Finished Cross Boundary and Area Optimization : Time (s): cpu = 00:00:13 ; elapsed = 00:00:14 . Memory (MB): peak = 1333.566 ; gain = 401.914 ; free physical = 1201 ; free virtual = 4583
Finished Applying XDC Timing Constraints : Time (s): cpu = 00:00:21 ; elapsed = 00:00:22 . Memory (MB): peak = 1390.566 ; gain = 458.914 ; free physical = 1161 ; free virtual = 4520
Finished Timing Optimization : Time (s): cpu = 00:00:21 ; elapsed = 00:00:22 . Memory (MB): peak = 1390.566 ; gain = 458.914 ; free physical = 1161 ; free virtual = 4520
Finished Technology Mapping : Time (s): cpu = 00:00:21 ; elapsed = 00:00:22 . Memory (MB): peak = 1409.598 ; gain = 477.945 ; free physical = 1143 ; free virtual = 4502
Finished IO Insertion : Time (s): cpu = 00:00:22 ; elapsed = 00:00:22 . Memory (MB): peak = 1409.598 ; gain = 477.945 ; free physical = 1139 ; free virtual = 4503
Finished Renaming Generated Instances : Time (s): cpu = 00:00:22 ; elapsed = 00:00:22 . Memory (MB): peak = 1409.598 ; gain = 477.945 ; free physical = 1139 ; free virtual = 4503
Finished Rebuilding User Hierarchy : Time (s): cpu = 00:00:22 ; elapsed = 00:00:22 . Memory (MB): peak = 1409.598 ; gain = 477.945 ; free physical = 1139 ; free virtual = 4503
Finished Renaming Generated Ports : Time (s): cpu = 00:00:22 ; elapsed = 00:00:22 . Memory (MB): peak = 1409.598 ; gain = 477.945 ; free physical = 1139 ; free virtual = 4503
Finished Handling Custom Attributes : Time (s): cpu = 00:00:22 ; elapsed = 00:00:22 . Memory (MB): peak = 1409.598 ; gain = 477.945 ; free physical = 1134 ; free virtual = 4503
Finished Renaming Generated Nets : Time (s): cpu = 00:00:22 ; elapsed = 00:00:22 . Memory (MB): peak = 1409.598 ; gain = 477.945 ; free physical = 1134 ; free virtual = 4503

Report Cell Usage: 
+------+--------+------+
|      |Cell    |Count |
+------+--------+------+
|1     |DSP48E1 |     1|
|2     |LUT4    |     1|
|3     |FDRE    |     1|
+------+--------+------+
Finished Writing Synthesis Report : Time (s): cpu = 00:00:22 ; elapsed = 00:00:22 . Memory (MB): peak = 1409.598 ; gain = 477.945 ; free physical = 1134 ; free virtual = 4503
synth_design: Time (s): cpu = 00:00:21 ; elapsed = 00:00:21 . Memory (MB): peak = 1409.605 ; gain = 410.449 ; free physical = 1166 ; free virtual = 4535
