
*** Running vivado
    with args -log Y_sum.vds -m64 -product Vivado -mode batch -messageDb vivado.pb -notrace -source Y_sum.tcl

awk: symbol lookup error: awk: undefined symbol: mpfr_z_sub

****** Vivado v2016.4 (64-bit)
  **** SW Build 1756540 on Mon Jan 23 19:11:19 MST 2017
  **** IP Build 1755317 on Mon Jan 23 20:30:07 MST 2017
    ** Copyright 1986-2016 Xilinx, Inc. All Rights Reserved.

source Y_sum.tcl -notrace
awk: symbol lookup error: awk: undefined symbol: mpfr_z_sub
Starting RTL Elaboration : Time (s): cpu = 00:00:12 ; elapsed = 00:00:13 . Memory (MB): peak = 1064.738 ; gain = 133.086 ; free physical = 139 ; free virtual = 3382
INFO: [Synth 8-638] synthesizing module 'Y_sum' [/home/pingwin/Dokumenty/Verilog/matrix_mult/matrix_mult.srcs/sources_1/ip/Y_sum/synth/Y_sum.vhd:69]
INFO: [Synth 8-256] done synthesizing module 'Y_sum' (7#1) [/home/pingwin/Dokumenty/Verilog/matrix_mult/matrix_mult.srcs/sources_1/ip/Y_sum/synth/Y_sum.vhd:69]
Finished RTL Elaboration : Time (s): cpu = 00:00:15 ; elapsed = 00:00:16 . Memory (MB): peak = 1110.207 ; gain = 178.555 ; free physical = 142 ; free virtual = 3336
Finished RTL Optimization Phase 1 : Time (s): cpu = 00:00:15 ; elapsed = 00:00:16 . Memory (MB): peak = 1110.207 ; gain = 178.555 ; free physical = 142 ; free virtual = 3336
INFO: [Device 21-403] Loading part xc7k70tfbv676-1
Constraint Validation Runtime : Time (s): cpu = 00:00:00.02 ; elapsed = 00:00:00.02 . Memory (MB): peak = 1398.277 ; gain = 0.000 ; free physical = 150 ; free virtual = 3164
Finished Constraint Validation : Time (s): cpu = 00:00:33 ; elapsed = 00:00:34 . Memory (MB): peak = 1398.277 ; gain = 466.625 ; free physical = 150 ; free virtual = 3161
Finished Loading Part and Timing Information : Time (s): cpu = 00:00:33 ; elapsed = 00:00:34 . Memory (MB): peak = 1398.277 ; gain = 466.625 ; free physical = 150 ; free virtual = 3161
Finished applying 'set_property' XDC Constraints : Time (s): cpu = 00:00:33 ; elapsed = 00:00:34 . Memory (MB): peak = 1398.277 ; gain = 466.625 ; free physical = 150 ; free virtual = 3161
Finished RTL Optimization Phase 2 : Time (s): cpu = 00:00:34 ; elapsed = 00:00:35 . Memory (MB): peak = 1398.277 ; gain = 466.625 ; free physical = 141 ; free virtual = 3152
Finished Cross Boundary and Area Optimization : Time (s): cpu = 00:00:34 ; elapsed = 00:00:35 . Memory (MB): peak = 1398.277 ; gain = 466.625 ; free physical = 150 ; free virtual = 3122
Finished Applying XDC Timing Constraints : Time (s): cpu = 00:00:48 ; elapsed = 00:00:49 . Memory (MB): peak = 1398.277 ; gain = 466.625 ; free physical = 648 ; free virtual = 3570
Finished Timing Optimization : Time (s): cpu = 00:00:48 ; elapsed = 00:00:49 . Memory (MB): peak = 1398.277 ; gain = 466.625 ; free physical = 648 ; free virtual = 3570
Finished Technology Mapping : Time (s): cpu = 00:00:48 ; elapsed = 00:00:49 . Memory (MB): peak = 1398.277 ; gain = 466.625 ; free physical = 630 ; free virtual = 3552
Finished IO Insertion : Time (s): cpu = 00:00:49 ; elapsed = 00:00:50 . Memory (MB): peak = 1398.277 ; gain = 466.625 ; free physical = 631 ; free virtual = 3552
Finished Renaming Generated Instances : Time (s): cpu = 00:00:49 ; elapsed = 00:00:50 . Memory (MB): peak = 1398.277 ; gain = 466.625 ; free physical = 631 ; free virtual = 3552
Finished Rebuilding User Hierarchy : Time (s): cpu = 00:00:49 ; elapsed = 00:00:50 . Memory (MB): peak = 1398.277 ; gain = 466.625 ; free physical = 631 ; free virtual = 3552
Finished Renaming Generated Ports : Time (s): cpu = 00:00:49 ; elapsed = 00:00:50 . Memory (MB): peak = 1398.277 ; gain = 466.625 ; free physical = 631 ; free virtual = 3552
Finished Handling Custom Attributes : Time (s): cpu = 00:00:49 ; elapsed = 00:00:50 . Memory (MB): peak = 1398.277 ; gain = 466.625 ; free physical = 630 ; free virtual = 3551
Finished Renaming Generated Nets : Time (s): cpu = 00:00:49 ; elapsed = 00:00:50 . Memory (MB): peak = 1398.277 ; gain = 466.625 ; free physical = 630 ; free virtual = 3551

Report Cell Usage: 
+------+------+------+
|      |Cell  |Count |
+------+------+------+
|1     |LUT2  |    23|
|2     |MUXCY |    35|
|3     |XORCY |    37|
|4     |FDRE  |    69|
+------+------+------+
Finished Writing Synthesis Report : Time (s): cpu = 00:00:49 ; elapsed = 00:00:50 . Memory (MB): peak = 1398.277 ; gain = 466.625 ; free physical = 630 ; free virtual = 3551
synth_design: Time (s): cpu = 00:00:47 ; elapsed = 00:00:48 . Memory (MB): peak = 1398.285 ; gain = 399.129 ; free physical = 623 ; free virtual = 3544
