
*** Running vivado
    with args -log h_calculation_divisor.vds -m64 -product Vivado -mode batch -messageDb vivado.pb -notrace -source h_calculation_divisor.tcl

awk: symbol lookup error: awk: undefined symbol: mpfr_z_sub

****** Vivado v2016.4 (64-bit)
  **** SW Build 1756540 on Mon Jan 23 19:11:19 MST 2017
  **** IP Build 1755317 on Mon Jan 23 20:30:07 MST 2017
    ** Copyright 1986-2016 Xilinx, Inc. All Rights Reserved.

source h_calculation_divisor.tcl -notrace
CRITICAL WARNING: [Board 49-56] Problem parsing board file - /home/pingwin/VIVADO/Vivado/2016.4/data/boards/board_files/arty-s7-50/B.0/board.xml
awk: symbol lookup error: awk: undefined symbol: mpfr_z_sub
Starting RTL Elaboration : Time (s): cpu = 00:00:05 ; elapsed = 00:00:05 . Memory (MB): peak = 1076.738 ; gain = 145.086 ; free physical = 1822 ; free virtual = 4295
INFO: [Synth 8-638] synthesizing module 'h_calculation_divisor' [/home/pingwin/Dokumenty/Verilog/compound-project/HSV/HSV.srcs/sources_1/ip/h_calculation_divisor/synth/h_calculation_divisor.vhd:71]
INFO: [Synth 8-256] done synthesizing module 'h_calculation_divisor' (12#1) [/home/pingwin/Dokumenty/Verilog/compound-project/HSV/HSV.srcs/sources_1/ip/h_calculation_divisor/synth/h_calculation_divisor.vhd:71]
Finished RTL Elaboration : Time (s): cpu = 00:00:07 ; elapsed = 00:00:07 . Memory (MB): peak = 1156.207 ; gain = 224.555 ; free physical = 1741 ; free virtual = 4214
Finished RTL Optimization Phase 1 : Time (s): cpu = 00:00:07 ; elapsed = 00:00:08 . Memory (MB): peak = 1156.207 ; gain = 224.555 ; free physical = 1741 ; free virtual = 4214
INFO: [Device 21-403] Loading part xc7z010clg400-1
Constraint Validation Runtime : Time (s): cpu = 00:00:00.02 ; elapsed = 00:00:00.01 . Memory (MB): peak = 1416.223 ; gain = 0.000 ; free physical = 1612 ; free virtual = 4085
Finished Constraint Validation : Time (s): cpu = 00:00:14 ; elapsed = 00:00:15 . Memory (MB): peak = 1416.223 ; gain = 484.570 ; free physical = 1610 ; free virtual = 4084
Finished Loading Part and Timing Information : Time (s): cpu = 00:00:14 ; elapsed = 00:00:15 . Memory (MB): peak = 1416.223 ; gain = 484.570 ; free physical = 1610 ; free virtual = 4084
Finished applying 'set_property' XDC Constraints : Time (s): cpu = 00:00:14 ; elapsed = 00:00:15 . Memory (MB): peak = 1416.223 ; gain = 484.570 ; free physical = 1610 ; free virtual = 4084
Finished RTL Optimization Phase 2 : Time (s): cpu = 00:00:15 ; elapsed = 00:00:15 . Memory (MB): peak = 1416.223 ; gain = 484.570 ; free physical = 1603 ; free virtual = 4076
Finished Cross Boundary and Area Optimization : Time (s): cpu = 00:00:15 ; elapsed = 00:00:15 . Memory (MB): peak = 1416.223 ; gain = 484.570 ; free physical = 1579 ; free virtual = 4052
Finished Applying XDC Timing Constraints : Time (s): cpu = 00:00:21 ; elapsed = 00:00:21 . Memory (MB): peak = 1416.223 ; gain = 484.570 ; free physical = 1550 ; free virtual = 4023
Finished Timing Optimization : Time (s): cpu = 00:00:21 ; elapsed = 00:00:21 . Memory (MB): peak = 1416.223 ; gain = 484.570 ; free physical = 1541 ; free virtual = 4014
Finished Technology Mapping : Time (s): cpu = 00:00:21 ; elapsed = 00:00:22 . Memory (MB): peak = 1416.223 ; gain = 484.570 ; free physical = 1524 ; free virtual = 3997
Finished IO Insertion : Time (s): cpu = 00:00:21 ; elapsed = 00:00:22 . Memory (MB): peak = 1416.223 ; gain = 484.570 ; free physical = 1524 ; free virtual = 3997
Finished Renaming Generated Instances : Time (s): cpu = 00:00:21 ; elapsed = 00:00:22 . Memory (MB): peak = 1416.223 ; gain = 484.570 ; free physical = 1524 ; free virtual = 3997
Finished Rebuilding User Hierarchy : Time (s): cpu = 00:00:22 ; elapsed = 00:00:22 . Memory (MB): peak = 1416.223 ; gain = 484.570 ; free physical = 1524 ; free virtual = 3997
Finished Renaming Generated Ports : Time (s): cpu = 00:00:22 ; elapsed = 00:00:22 . Memory (MB): peak = 1416.223 ; gain = 484.570 ; free physical = 1524 ; free virtual = 3997
Finished Handling Custom Attributes : Time (s): cpu = 00:00:22 ; elapsed = 00:00:22 . Memory (MB): peak = 1416.223 ; gain = 484.570 ; free physical = 1524 ; free virtual = 3997
Finished Renaming Generated Nets : Time (s): cpu = 00:00:22 ; elapsed = 00:00:22 . Memory (MB): peak = 1416.223 ; gain = 484.570 ; free physical = 1524 ; free virtual = 3997

Report Cell Usage: 
+------+-------+------+
|      |Cell   |Count |
+------+-------+------+
|1     |CARRY4 |     8|
|2     |LUT1   |    32|
|3     |LUT2   |    64|
|4     |LUT3   |   130|
|5     |LUT4   |     4|
|6     |LUT5   |     3|
|7     |LUT6   |     7|
|8     |MUXCY  |   153|
|9     |SRL16E |     3|
|10    |XORCY  |   153|
|11    |FDRE   |   442|
+------+-------+------+
Finished Writing Synthesis Report : Time (s): cpu = 00:00:22 ; elapsed = 00:00:22 . Memory (MB): peak = 1416.223 ; gain = 484.570 ; free physical = 1524 ; free virtual = 3997
synth_design: Time (s): cpu = 00:00:21 ; elapsed = 00:00:21 . Memory (MB): peak = 1416.230 ; gain = 417.074 ; free physical = 1526 ; free virtual = 3999
