
*** Running vivado
    with args -log Y_sum.vds -m64 -product Vivado -mode batch -messageDb vivado.pb -notrace -source Y_sum.tcl

awk: symbol lookup error: awk: undefined symbol: mpfr_z_sub

****** Vivado v2016.4 (64-bit)
  **** SW Build 1756540 on Mon Jan 23 19:11:19 MST 2017
  **** IP Build 1755317 on Mon Jan 23 20:30:07 MST 2017
    ** Copyright 1986-2016 Xilinx, Inc. All Rights Reserved.

source Y_sum.tcl -notrace
awk: symbol lookup error: awk: undefined symbol: mpfr_z_sub
Starting RTL Elaboration : Time (s): cpu = 00:00:12 ; elapsed = 00:00:12 . Memory (MB): peak = 1064.742 ; gain = 133.086 ; free physical = 1044 ; free virtual = 4062
INFO: [Synth 8-638] synthesizing module 'Y_sum' [/home/pingwin/Dokumenty/Verilog/matrix_mult/matrix_mult.srcs/sources_1/ip/Y_sum/synth/Y_sum.vhd:69]
INFO: [Synth 8-256] done synthesizing module 'Y_sum' (7#1) [/home/pingwin/Dokumenty/Verilog/matrix_mult/matrix_mult.srcs/sources_1/ip/Y_sum/synth/Y_sum.vhd:69]
Finished RTL Elaboration : Time (s): cpu = 00:00:14 ; elapsed = 00:00:15 . Memory (MB): peak = 1110.211 ; gain = 178.555 ; free physical = 998 ; free virtual = 4016
Finished RTL Optimization Phase 1 : Time (s): cpu = 00:00:14 ; elapsed = 00:00:15 . Memory (MB): peak = 1110.211 ; gain = 178.555 ; free physical = 999 ; free virtual = 4017
INFO: [Device 21-403] Loading part xc7k70tfbv676-1
Constraint Validation Runtime : Time (s): cpu = 00:00:00.01 ; elapsed = 00:00:00.02 . Memory (MB): peak = 1380.273 ; gain = 0.000 ; free physical = 843 ; free virtual = 3859
Finished Constraint Validation : Time (s): cpu = 00:00:32 ; elapsed = 00:00:33 . Memory (MB): peak = 1380.273 ; gain = 448.617 ; free physical = 788 ; free virtual = 3823
Finished Loading Part and Timing Information : Time (s): cpu = 00:00:32 ; elapsed = 00:00:33 . Memory (MB): peak = 1380.273 ; gain = 448.617 ; free physical = 788 ; free virtual = 3823
Finished applying 'set_property' XDC Constraints : Time (s): cpu = 00:00:32 ; elapsed = 00:00:33 . Memory (MB): peak = 1380.273 ; gain = 448.617 ; free physical = 788 ; free virtual = 3823
Finished RTL Optimization Phase 2 : Time (s): cpu = 00:00:33 ; elapsed = 00:00:34 . Memory (MB): peak = 1380.273 ; gain = 448.617 ; free physical = 777 ; free virtual = 3811
Finished Cross Boundary and Area Optimization : Time (s): cpu = 00:00:33 ; elapsed = 00:00:34 . Memory (MB): peak = 1380.273 ; gain = 448.617 ; free physical = 768 ; free virtual = 3795
Finished Applying XDC Timing Constraints : Time (s): cpu = 00:00:48 ; elapsed = 00:00:50 . Memory (MB): peak = 1380.273 ; gain = 448.617 ; free physical = 578 ; free virtual = 3599
Finished Timing Optimization : Time (s): cpu = 00:00:48 ; elapsed = 00:00:50 . Memory (MB): peak = 1380.273 ; gain = 448.617 ; free physical = 578 ; free virtual = 3599
Finished Technology Mapping : Time (s): cpu = 00:00:48 ; elapsed = 00:00:50 . Memory (MB): peak = 1380.273 ; gain = 448.617 ; free physical = 570 ; free virtual = 3591
Finished IO Insertion : Time (s): cpu = 00:00:49 ; elapsed = 00:00:51 . Memory (MB): peak = 1380.273 ; gain = 448.617 ; free physical = 567 ; free virtual = 3588
Finished Renaming Generated Instances : Time (s): cpu = 00:00:49 ; elapsed = 00:00:51 . Memory (MB): peak = 1380.273 ; gain = 448.617 ; free physical = 567 ; free virtual = 3588
Finished Rebuilding User Hierarchy : Time (s): cpu = 00:00:49 ; elapsed = 00:00:51 . Memory (MB): peak = 1380.273 ; gain = 448.617 ; free physical = 567 ; free virtual = 3588
Finished Renaming Generated Ports : Time (s): cpu = 00:00:49 ; elapsed = 00:00:51 . Memory (MB): peak = 1380.273 ; gain = 448.617 ; free physical = 567 ; free virtual = 3588
Finished Handling Custom Attributes : Time (s): cpu = 00:00:49 ; elapsed = 00:00:51 . Memory (MB): peak = 1380.273 ; gain = 448.617 ; free physical = 566 ; free virtual = 3588
Finished Renaming Generated Nets : Time (s): cpu = 00:00:49 ; elapsed = 00:00:51 . Memory (MB): peak = 1380.273 ; gain = 448.617 ; free physical = 566 ; free virtual = 3588

Report Cell Usage: 
+------+------+------+
|      |Cell  |Count |
+------+------+------+
|1     |LUT2  |    15|
|2     |MUXCY |    21|
|3     |XORCY |    23|
|4     |FDRE  |    31|
+------+------+------+
Finished Writing Synthesis Report : Time (s): cpu = 00:00:49 ; elapsed = 00:00:51 . Memory (MB): peak = 1380.273 ; gain = 448.617 ; free physical = 566 ; free virtual = 3588
synth_design: Time (s): cpu = 00:00:48 ; elapsed = 00:00:49 . Memory (MB): peak = 1385.273 ; gain = 386.113 ; free physical = 506 ; free virtual = 3528
