
*** Running vivado
    with args -log add_24u_24u.vds -m64 -product Vivado -mode batch -messageDb vivado.pb -notrace -source add_24u_24u.tcl

awk: symbol lookup error: awk: undefined symbol: mpfr_z_sub

****** Vivado v2016.4 (64-bit)
  **** SW Build 1756540 on Mon Jan 23 19:11:19 MST 2017
  **** IP Build 1755317 on Mon Jan 23 20:30:07 MST 2017
    ** Copyright 1986-2016 Xilinx, Inc. All Rights Reserved.

source add_24u_24u.tcl -notrace
CRITICAL WARNING: [Board 49-56] Problem parsing board file - /home/pingwin/VIVADO/Vivado/2016.4/data/boards/board_files/arty-s7-50/B.0/board.xml
awk: symbol lookup error: awk: undefined symbol: mpfr_z_sub
Starting RTL Elaboration : Time (s): cpu = 00:00:09 ; elapsed = 00:00:10 . Memory (MB): peak = 1074.738 ; gain = 143.086 ; free physical = 807 ; free virtual = 3017
INFO: [Synth 8-638] synthesizing module 'add_24u_24u' [/home/pingwin/Dokumenty/Verilog/compound-project/centroid/centroid.srcs/sources_1/ip/add_24u_24u/synth/add_24u_24u.vhd:69]
INFO: [Synth 8-256] done synthesizing module 'add_24u_24u' (7#1) [/home/pingwin/Dokumenty/Verilog/compound-project/centroid/centroid.srcs/sources_1/ip/add_24u_24u/synth/add_24u_24u.vhd:69]
Finished RTL Elaboration : Time (s): cpu = 00:00:11 ; elapsed = 00:00:11 . Memory (MB): peak = 1119.207 ; gain = 187.555 ; free physical = 761 ; free virtual = 2972
Finished RTL Optimization Phase 1 : Time (s): cpu = 00:00:11 ; elapsed = 00:00:12 . Memory (MB): peak = 1119.207 ; gain = 187.555 ; free physical = 761 ; free virtual = 2972
INFO: [Device 21-403] Loading part xc7z010clg400-1
Constraint Validation Runtime : Time (s): cpu = 00:00:00.02 ; elapsed = 00:00:00.02 . Memory (MB): peak = 1397.566 ; gain = 0.000 ; free physical = 601 ; free virtual = 2812
Finished Constraint Validation : Time (s): cpu = 00:00:24 ; elapsed = 00:00:25 . Memory (MB): peak = 1397.566 ; gain = 465.914 ; free physical = 599 ; free virtual = 2812
Finished Loading Part and Timing Information : Time (s): cpu = 00:00:24 ; elapsed = 00:00:25 . Memory (MB): peak = 1397.566 ; gain = 465.914 ; free physical = 599 ; free virtual = 2812
Finished applying 'set_property' XDC Constraints : Time (s): cpu = 00:00:24 ; elapsed = 00:00:25 . Memory (MB): peak = 1397.566 ; gain = 465.914 ; free physical = 598 ; free virtual = 2812
Finished RTL Optimization Phase 2 : Time (s): cpu = 00:00:24 ; elapsed = 00:00:25 . Memory (MB): peak = 1397.566 ; gain = 465.914 ; free physical = 593 ; free virtual = 2806
Finished Cross Boundary and Area Optimization : Time (s): cpu = 00:00:25 ; elapsed = 00:00:25 . Memory (MB): peak = 1397.566 ; gain = 465.914 ; free physical = 577 ; free virtual = 2790
Finished Applying XDC Timing Constraints : Time (s): cpu = 00:00:36 ; elapsed = 00:00:37 . Memory (MB): peak = 1397.566 ; gain = 465.914 ; free physical = 541 ; free virtual = 2753
Finished Timing Optimization : Time (s): cpu = 00:00:36 ; elapsed = 00:00:37 . Memory (MB): peak = 1397.566 ; gain = 465.914 ; free physical = 541 ; free virtual = 2753
Finished Technology Mapping : Time (s): cpu = 00:00:36 ; elapsed = 00:00:37 . Memory (MB): peak = 1397.566 ; gain = 465.914 ; free physical = 532 ; free virtual = 2744
Finished IO Insertion : Time (s): cpu = 00:00:37 ; elapsed = 00:00:38 . Memory (MB): peak = 1397.566 ; gain = 465.914 ; free physical = 530 ; free virtual = 2744
Finished Renaming Generated Instances : Time (s): cpu = 00:00:37 ; elapsed = 00:00:38 . Memory (MB): peak = 1397.566 ; gain = 465.914 ; free physical = 530 ; free virtual = 2744
Finished Rebuilding User Hierarchy : Time (s): cpu = 00:00:37 ; elapsed = 00:00:38 . Memory (MB): peak = 1397.566 ; gain = 465.914 ; free physical = 530 ; free virtual = 2744
Finished Renaming Generated Ports : Time (s): cpu = 00:00:37 ; elapsed = 00:00:38 . Memory (MB): peak = 1397.566 ; gain = 465.914 ; free physical = 530 ; free virtual = 2744
Finished Handling Custom Attributes : Time (s): cpu = 00:00:37 ; elapsed = 00:00:38 . Memory (MB): peak = 1397.566 ; gain = 465.914 ; free physical = 530 ; free virtual = 2744
Finished Renaming Generated Nets : Time (s): cpu = 00:00:37 ; elapsed = 00:00:38 . Memory (MB): peak = 1397.566 ; gain = 465.914 ; free physical = 530 ; free virtual = 2744

Report Cell Usage: 
+------+------+------+
|      |Cell  |Count |
+------+------+------+
|1     |LUT2  |    24|
|2     |MUXCY |    23|
|3     |XORCY |    24|
|4     |FDRE  |    24|
+------+------+------+
Finished Writing Synthesis Report : Time (s): cpu = 00:00:37 ; elapsed = 00:00:38 . Memory (MB): peak = 1397.566 ; gain = 465.914 ; free physical = 530 ; free virtual = 2744
synth_design: Time (s): cpu = 00:00:35 ; elapsed = 00:00:35 . Memory (MB): peak = 1397.574 ; gain = 398.418 ; free physical = 518 ; free virtual = 2730
