
*** Running vivado
    with args -log two_signed.vds -m64 -product Vivado -mode batch -messageDb vivado.pb -notrace -source two_signed.tcl

awk: symbol lookup error: awk: undefined symbol: mpfr_z_sub

****** Vivado v2016.4 (64-bit)
  **** SW Build 1756540 on Mon Jan 23 19:11:19 MST 2017
  **** IP Build 1755317 on Mon Jan 23 20:30:07 MST 2017
    ** Copyright 1986-2016 Xilinx, Inc. All Rights Reserved.

source two_signed.tcl -notrace
awk: symbol lookup error: awk: undefined symbol: mpfr_z_sub
Starting RTL Elaboration : Time (s): cpu = 00:00:11 ; elapsed = 00:00:11 . Memory (MB): peak = 1064.734 ; gain = 133.086 ; free physical = 739 ; free virtual = 3689
INFO: [Synth 8-638] synthesizing module 'two_signed' [/home/pingwin/Dokumenty/Verilog/rgb2ycbcr/rgb2ycbcr.srcs/sources_1/ip/two_signed/synth/two_signed.vhd:69]
INFO: [Synth 8-256] done synthesizing module 'two_signed' (8#1) [/home/pingwin/Dokumenty/Verilog/rgb2ycbcr/rgb2ycbcr.srcs/sources_1/ip/two_signed/synth/two_signed.vhd:69]
Finished RTL Elaboration : Time (s): cpu = 00:00:13 ; elapsed = 00:00:13 . Memory (MB): peak = 1110.203 ; gain = 178.555 ; free physical = 692 ; free virtual = 3643
Finished RTL Optimization Phase 1 : Time (s): cpu = 00:00:13 ; elapsed = 00:00:13 . Memory (MB): peak = 1110.203 ; gain = 178.555 ; free physical = 692 ; free virtual = 3643
INFO: [Device 21-403] Loading part xc7k70tfbv676-1
Constraint Validation Runtime : Time (s): cpu = 00:00:00.02 ; elapsed = 00:00:00.02 . Memory (MB): peak = 1321.266 ; gain = 0.000 ; free physical = 511 ; free virtual = 3485
Finished Constraint Validation : Time (s): cpu = 00:00:29 ; elapsed = 00:00:30 . Memory (MB): peak = 1321.266 ; gain = 389.617 ; free physical = 525 ; free virtual = 3484
Finished Loading Part and Timing Information : Time (s): cpu = 00:00:29 ; elapsed = 00:00:30 . Memory (MB): peak = 1321.266 ; gain = 389.617 ; free physical = 525 ; free virtual = 3484
Finished applying 'set_property' XDC Constraints : Time (s): cpu = 00:00:29 ; elapsed = 00:00:30 . Memory (MB): peak = 1321.266 ; gain = 389.617 ; free physical = 525 ; free virtual = 3484
Finished RTL Optimization Phase 2 : Time (s): cpu = 00:00:30 ; elapsed = 00:00:30 . Memory (MB): peak = 1321.266 ; gain = 389.617 ; free physical = 525 ; free virtual = 3484
Finished Cross Boundary and Area Optimization : Time (s): cpu = 00:00:30 ; elapsed = 00:00:31 . Memory (MB): peak = 1321.266 ; gain = 389.617 ; free physical = 517 ; free virtual = 3477
Finished Applying XDC Timing Constraints : Time (s): cpu = 00:00:48 ; elapsed = 00:00:48 . Memory (MB): peak = 1375.266 ; gain = 443.617 ; free physical = 450 ; free virtual = 3410
Finished Timing Optimization : Time (s): cpu = 00:00:48 ; elapsed = 00:00:48 . Memory (MB): peak = 1375.266 ; gain = 443.617 ; free physical = 449 ; free virtual = 3409
Finished Technology Mapping : Time (s): cpu = 00:00:48 ; elapsed = 00:00:48 . Memory (MB): peak = 1394.297 ; gain = 462.648 ; free physical = 432 ; free virtual = 3392
Finished IO Insertion : Time (s): cpu = 00:00:48 ; elapsed = 00:00:49 . Memory (MB): peak = 1394.297 ; gain = 462.648 ; free physical = 432 ; free virtual = 3392
Finished Renaming Generated Instances : Time (s): cpu = 00:00:48 ; elapsed = 00:00:49 . Memory (MB): peak = 1394.297 ; gain = 462.648 ; free physical = 432 ; free virtual = 3392
Finished Rebuilding User Hierarchy : Time (s): cpu = 00:00:48 ; elapsed = 00:00:49 . Memory (MB): peak = 1394.297 ; gain = 462.648 ; free physical = 432 ; free virtual = 3392
Finished Renaming Generated Ports : Time (s): cpu = 00:00:48 ; elapsed = 00:00:49 . Memory (MB): peak = 1394.297 ; gain = 462.648 ; free physical = 432 ; free virtual = 3392
Finished Handling Custom Attributes : Time (s): cpu = 00:00:48 ; elapsed = 00:00:49 . Memory (MB): peak = 1394.297 ; gain = 462.648 ; free physical = 432 ; free virtual = 3392
Finished Renaming Generated Nets : Time (s): cpu = 00:00:48 ; elapsed = 00:00:49 . Memory (MB): peak = 1394.297 ; gain = 462.648 ; free physical = 432 ; free virtual = 3392

Report Cell Usage: 
+------+--------+------+
|      |Cell    |Count |
+------+--------+------+
|1     |DSP48E1 |     1|
|2     |LUT3    |     1|
|3     |FDRE    |     1|
+------+--------+------+
Finished Writing Synthesis Report : Time (s): cpu = 00:00:48 ; elapsed = 00:00:49 . Memory (MB): peak = 1394.297 ; gain = 462.648 ; free physical = 432 ; free virtual = 3392
synth_design: Time (s): cpu = 00:00:47 ; elapsed = 00:00:47 . Memory (MB): peak = 1394.305 ; gain = 395.152 ; free physical = 435 ; free virtual = 3395
