
*** Running vivado
    with args -log sum_10s_10s.vds -m64 -product Vivado -mode batch -messageDb vivado.pb -notrace -source sum_10s_10s.tcl

awk: symbol lookup error: awk: undefined symbol: mpfr_z_sub

****** Vivado v2016.4 (64-bit)
  **** SW Build 1756540 on Mon Jan 23 19:11:19 MST 2017
  **** IP Build 1755317 on Mon Jan 23 20:30:07 MST 2017
    ** Copyright 1986-2016 Xilinx, Inc. All Rights Reserved.

source sum_10s_10s.tcl -notrace
CRITICAL WARNING: [Board 49-56] Problem parsing board file - /home/pingwin/VIVADO/Vivado/2016.4/data/boards/board_files/arty-s7-50/B.0/board.xml
awk: symbol lookup error: awk: undefined symbol: mpfr_z_sub
Starting RTL Elaboration : Time (s): cpu = 00:00:10 ; elapsed = 00:00:10 . Memory (MB): peak = 1074.742 ; gain = 143.086 ; free physical = 833 ; free virtual = 2923
INFO: [Synth 8-638] synthesizing module 'sum_10s_10s' [/home/pingwin/Dokumenty/Verilog/compound-project/YCbCr/rgb2ycbcr.srcs/sources_1/ip/sum_10s_10s/synth/sum_10s_10s.vhd:69]
INFO: [Synth 8-256] done synthesizing module 'sum_10s_10s' (7#1) [/home/pingwin/Dokumenty/Verilog/compound-project/YCbCr/rgb2ycbcr.srcs/sources_1/ip/sum_10s_10s/synth/sum_10s_10s.vhd:69]
Finished RTL Elaboration : Time (s): cpu = 00:00:11 ; elapsed = 00:00:12 . Memory (MB): peak = 1120.211 ; gain = 188.555 ; free physical = 785 ; free virtual = 2876
Finished RTL Optimization Phase 1 : Time (s): cpu = 00:00:12 ; elapsed = 00:00:12 . Memory (MB): peak = 1120.211 ; gain = 188.555 ; free physical = 785 ; free virtual = 2876
INFO: [Device 21-403] Loading part xc7z010clg400-1
Constraint Validation Runtime : Time (s): cpu = 00:00:00.02 ; elapsed = 00:00:00.01 . Memory (MB): peak = 1390.594 ; gain = 0.000 ; free physical = 618 ; free virtual = 2718
Finished Constraint Validation : Time (s): cpu = 00:00:25 ; elapsed = 00:00:26 . Memory (MB): peak = 1390.594 ; gain = 458.938 ; free physical = 618 ; free virtual = 2719
Finished Loading Part and Timing Information : Time (s): cpu = 00:00:25 ; elapsed = 00:00:26 . Memory (MB): peak = 1390.594 ; gain = 458.938 ; free physical = 618 ; free virtual = 2719
Finished applying 'set_property' XDC Constraints : Time (s): cpu = 00:00:25 ; elapsed = 00:00:26 . Memory (MB): peak = 1390.594 ; gain = 458.938 ; free physical = 618 ; free virtual = 2719
Finished RTL Optimization Phase 2 : Time (s): cpu = 00:00:25 ; elapsed = 00:00:26 . Memory (MB): peak = 1390.594 ; gain = 458.938 ; free physical = 610 ; free virtual = 2711
Finished Cross Boundary and Area Optimization : Time (s): cpu = 00:00:26 ; elapsed = 00:00:26 . Memory (MB): peak = 1390.594 ; gain = 458.938 ; free physical = 594 ; free virtual = 2695
Finished Applying XDC Timing Constraints : Time (s): cpu = 00:00:37 ; elapsed = 00:00:38 . Memory (MB): peak = 1390.594 ; gain = 458.938 ; free physical = 566 ; free virtual = 2658
Finished Timing Optimization : Time (s): cpu = 00:00:37 ; elapsed = 00:00:38 . Memory (MB): peak = 1390.594 ; gain = 458.938 ; free physical = 566 ; free virtual = 2658
Finished Technology Mapping : Time (s): cpu = 00:00:37 ; elapsed = 00:00:38 . Memory (MB): peak = 1390.594 ; gain = 458.938 ; free physical = 557 ; free virtual = 2649
Finished IO Insertion : Time (s): cpu = 00:00:38 ; elapsed = 00:00:38 . Memory (MB): peak = 1390.594 ; gain = 458.938 ; free physical = 554 ; free virtual = 2646
Finished Renaming Generated Instances : Time (s): cpu = 00:00:38 ; elapsed = 00:00:38 . Memory (MB): peak = 1390.594 ; gain = 458.938 ; free physical = 554 ; free virtual = 2646
Finished Rebuilding User Hierarchy : Time (s): cpu = 00:00:38 ; elapsed = 00:00:38 . Memory (MB): peak = 1390.594 ; gain = 458.938 ; free physical = 554 ; free virtual = 2646
Finished Renaming Generated Ports : Time (s): cpu = 00:00:38 ; elapsed = 00:00:38 . Memory (MB): peak = 1390.594 ; gain = 458.938 ; free physical = 554 ; free virtual = 2646
Finished Handling Custom Attributes : Time (s): cpu = 00:00:38 ; elapsed = 00:00:38 . Memory (MB): peak = 1390.594 ; gain = 458.938 ; free physical = 552 ; free virtual = 2644
Finished Renaming Generated Nets : Time (s): cpu = 00:00:38 ; elapsed = 00:00:38 . Memory (MB): peak = 1390.594 ; gain = 458.938 ; free physical = 552 ; free virtual = 2644

Report Cell Usage: 
+------+------+------+
|      |Cell  |Count |
+------+------+------+
|1     |LUT2  |    12|
|2     |MUXCY |    10|
|3     |XORCY |    11|
|4     |FDRE  |    11|
+------+------+------+
Finished Writing Synthesis Report : Time (s): cpu = 00:00:38 ; elapsed = 00:00:38 . Memory (MB): peak = 1390.594 ; gain = 458.938 ; free physical = 552 ; free virtual = 2644
synth_design: Time (s): cpu = 00:00:36 ; elapsed = 00:00:36 . Memory (MB): peak = 1396.594 ; gain = 397.434 ; free physical = 544 ; free virtual = 2635
