
*** Running vivado
    with args -log cb_sum.vds -m64 -product Vivado -mode batch -messageDb vivado.pb -notrace -source cb_sum.tcl

awk: symbol lookup error: awk: undefined symbol: mpfr_z_sub

****** Vivado v2016.4 (64-bit)
  **** SW Build 1756540 on Mon Jan 23 19:11:19 MST 2017
  **** IP Build 1755317 on Mon Jan 23 20:30:07 MST 2017
    ** Copyright 1986-2016 Xilinx, Inc. All Rights Reserved.

source cb_sum.tcl -notrace
awk: symbol lookup error: awk: undefined symbol: mpfr_z_sub
Starting RTL Elaboration : Time (s): cpu = 00:00:12 ; elapsed = 00:00:13 . Memory (MB): peak = 1064.738 ; gain = 133.086 ; free physical = 278 ; free virtual = 3180
INFO: [Synth 8-638] synthesizing module 'cb_sum' [/home/pingwin/Dokumenty/Verilog/rgb2ycbcr/rgb2ycbcr.srcs/sources_1/ip/cb_sum/synth/cb_sum.vhd:69]
INFO: [Synth 8-256] done synthesizing module 'cb_sum' (7#1) [/home/pingwin/Dokumenty/Verilog/rgb2ycbcr/rgb2ycbcr.srcs/sources_1/ip/cb_sum/synth/cb_sum.vhd:69]
Finished RTL Elaboration : Time (s): cpu = 00:00:14 ; elapsed = 00:00:15 . Memory (MB): peak = 1110.207 ; gain = 178.555 ; free physical = 232 ; free virtual = 3133
Finished RTL Optimization Phase 1 : Time (s): cpu = 00:00:14 ; elapsed = 00:00:15 . Memory (MB): peak = 1110.207 ; gain = 178.555 ; free physical = 232 ; free virtual = 3133
INFO: [Device 21-403] Loading part xc7k70tfbv676-1
Constraint Validation Runtime : Time (s): cpu = 00:00:00.02 ; elapsed = 00:00:00.02 . Memory (MB): peak = 1397.270 ; gain = 0.000 ; free physical = 130 ; free virtual = 2887
Finished Constraint Validation : Time (s): cpu = 00:00:35 ; elapsed = 00:00:37 . Memory (MB): peak = 1397.270 ; gain = 465.617 ; free physical = 123 ; free virtual = 2784
Finished Loading Part and Timing Information : Time (s): cpu = 00:00:35 ; elapsed = 00:00:37 . Memory (MB): peak = 1397.270 ; gain = 465.617 ; free physical = 127 ; free virtual = 2783
Finished applying 'set_property' XDC Constraints : Time (s): cpu = 00:00:35 ; elapsed = 00:00:37 . Memory (MB): peak = 1397.270 ; gain = 465.617 ; free physical = 131 ; free virtual = 2776
Finished RTL Optimization Phase 2 : Time (s): cpu = 00:00:35 ; elapsed = 00:00:37 . Memory (MB): peak = 1397.270 ; gain = 465.617 ; free physical = 127 ; free virtual = 2743
Finished Cross Boundary and Area Optimization : Time (s): cpu = 00:00:36 ; elapsed = 00:00:38 . Memory (MB): peak = 1397.270 ; gain = 465.617 ; free physical = 127 ; free virtual = 2695
Finished Applying XDC Timing Constraints : Time (s): cpu = 00:00:50 ; elapsed = 00:00:52 . Memory (MB): peak = 1397.270 ; gain = 465.617 ; free physical = 553 ; free virtual = 3090
Finished Timing Optimization : Time (s): cpu = 00:00:50 ; elapsed = 00:00:52 . Memory (MB): peak = 1397.270 ; gain = 465.617 ; free physical = 553 ; free virtual = 3090
Finished Technology Mapping : Time (s): cpu = 00:00:50 ; elapsed = 00:00:52 . Memory (MB): peak = 1397.270 ; gain = 465.617 ; free physical = 527 ; free virtual = 3064
Finished IO Insertion : Time (s): cpu = 00:00:51 ; elapsed = 00:00:53 . Memory (MB): peak = 1397.270 ; gain = 465.617 ; free physical = 547 ; free virtual = 3084
Finished Renaming Generated Instances : Time (s): cpu = 00:00:51 ; elapsed = 00:00:53 . Memory (MB): peak = 1397.270 ; gain = 465.617 ; free physical = 547 ; free virtual = 3084
Finished Rebuilding User Hierarchy : Time (s): cpu = 00:00:51 ; elapsed = 00:00:53 . Memory (MB): peak = 1397.270 ; gain = 465.617 ; free physical = 547 ; free virtual = 3084
Finished Renaming Generated Ports : Time (s): cpu = 00:00:51 ; elapsed = 00:00:53 . Memory (MB): peak = 1397.270 ; gain = 465.617 ; free physical = 547 ; free virtual = 3084
Finished Handling Custom Attributes : Time (s): cpu = 00:00:51 ; elapsed = 00:00:53 . Memory (MB): peak = 1397.270 ; gain = 465.617 ; free physical = 541 ; free virtual = 3079
Finished Renaming Generated Nets : Time (s): cpu = 00:00:51 ; elapsed = 00:00:53 . Memory (MB): peak = 1397.270 ; gain = 465.617 ; free physical = 541 ; free virtual = 3079

Report Cell Usage: 
+------+------+------+
|      |Cell  |Count |
+------+------+------+
|1     |LUT2  |    15|
|2     |MUXCY |    14|
|3     |XORCY |    15|
|4     |FDRE  |    15|
+------+------+------+
Finished Writing Synthesis Report : Time (s): cpu = 00:00:51 ; elapsed = 00:00:53 . Memory (MB): peak = 1397.270 ; gain = 465.617 ; free physical = 541 ; free virtual = 3079
synth_design: Time (s): cpu = 00:00:48 ; elapsed = 00:00:50 . Memory (MB): peak = 1397.277 ; gain = 398.121 ; free physical = 500 ; free virtual = 3037
