
*** Running vivado
    with args -log y_sum.vds -m64 -product Vivado -mode batch -messageDb vivado.pb -notrace -source y_sum.tcl

awk: symbol lookup error: awk: undefined symbol: mpfr_z_sub

****** Vivado v2016.4 (64-bit)
  **** SW Build 1756540 on Mon Jan 23 19:11:19 MST 2017
  **** IP Build 1755317 on Mon Jan 23 20:30:07 MST 2017
    ** Copyright 1986-2016 Xilinx, Inc. All Rights Reserved.

source y_sum.tcl -notrace
awk: symbol lookup error: awk: undefined symbol: mpfr_z_sub
Starting RTL Elaboration : Time (s): cpu = 00:00:11 ; elapsed = 00:00:12 . Memory (MB): peak = 1064.738 ; gain = 133.086 ; free physical = 853 ; free virtual = 3068
INFO: [Synth 8-638] synthesizing module 'y_sum' [/home/pingwin/Dokumenty/Verilog/rgb2ycbcr/rgb2ycbcr.srcs/sources_1/ip/y_sum/synth/y_sum.vhd:69]
INFO: [Synth 8-256] done synthesizing module 'y_sum' (7#1) [/home/pingwin/Dokumenty/Verilog/rgb2ycbcr/rgb2ycbcr.srcs/sources_1/ip/y_sum/synth/y_sum.vhd:69]
Finished RTL Elaboration : Time (s): cpu = 00:00:14 ; elapsed = 00:00:14 . Memory (MB): peak = 1110.207 ; gain = 178.555 ; free physical = 806 ; free virtual = 3021
Finished RTL Optimization Phase 1 : Time (s): cpu = 00:00:14 ; elapsed = 00:00:14 . Memory (MB): peak = 1110.207 ; gain = 178.555 ; free physical = 806 ; free virtual = 3021
INFO: [Device 21-403] Loading part xc7k70tfbv676-1
Constraint Validation Runtime : Time (s): cpu = 00:00:00.02 ; elapsed = 00:00:00.02 . Memory (MB): peak = 1392.277 ; gain = 0.000 ; free physical = 649 ; free virtual = 2864
Finished Constraint Validation : Time (s): cpu = 00:00:30 ; elapsed = 00:00:30 . Memory (MB): peak = 1392.277 ; gain = 460.625 ; free physical = 648 ; free virtual = 2863
Finished Loading Part and Timing Information : Time (s): cpu = 00:00:30 ; elapsed = 00:00:30 . Memory (MB): peak = 1392.277 ; gain = 460.625 ; free physical = 648 ; free virtual = 2863
Finished applying 'set_property' XDC Constraints : Time (s): cpu = 00:00:30 ; elapsed = 00:00:30 . Memory (MB): peak = 1392.277 ; gain = 460.625 ; free physical = 648 ; free virtual = 2863
Finished RTL Optimization Phase 2 : Time (s): cpu = 00:00:30 ; elapsed = 00:00:31 . Memory (MB): peak = 1392.277 ; gain = 460.625 ; free physical = 641 ; free virtual = 2856
Finished Cross Boundary and Area Optimization : Time (s): cpu = 00:00:31 ; elapsed = 00:00:31 . Memory (MB): peak = 1392.277 ; gain = 460.625 ; free physical = 624 ; free virtual = 2840
Finished Applying XDC Timing Constraints : Time (s): cpu = 00:00:44 ; elapsed = 00:00:44 . Memory (MB): peak = 1392.277 ; gain = 460.625 ; free physical = 590 ; free virtual = 2806
Finished Timing Optimization : Time (s): cpu = 00:00:44 ; elapsed = 00:00:44 . Memory (MB): peak = 1392.277 ; gain = 460.625 ; free physical = 590 ; free virtual = 2806
Finished Technology Mapping : Time (s): cpu = 00:00:44 ; elapsed = 00:00:44 . Memory (MB): peak = 1392.277 ; gain = 460.625 ; free physical = 582 ; free virtual = 2797
Finished IO Insertion : Time (s): cpu = 00:00:45 ; elapsed = 00:00:45 . Memory (MB): peak = 1392.277 ; gain = 460.625 ; free physical = 582 ; free virtual = 2797
Finished Renaming Generated Instances : Time (s): cpu = 00:00:45 ; elapsed = 00:00:45 . Memory (MB): peak = 1392.277 ; gain = 460.625 ; free physical = 582 ; free virtual = 2797
Finished Rebuilding User Hierarchy : Time (s): cpu = 00:00:45 ; elapsed = 00:00:45 . Memory (MB): peak = 1392.277 ; gain = 460.625 ; free physical = 582 ; free virtual = 2797
Finished Renaming Generated Ports : Time (s): cpu = 00:00:45 ; elapsed = 00:00:45 . Memory (MB): peak = 1392.277 ; gain = 460.625 ; free physical = 582 ; free virtual = 2797
Finished Handling Custom Attributes : Time (s): cpu = 00:00:45 ; elapsed = 00:00:45 . Memory (MB): peak = 1392.277 ; gain = 460.625 ; free physical = 582 ; free virtual = 2797
Finished Renaming Generated Nets : Time (s): cpu = 00:00:45 ; elapsed = 00:00:45 . Memory (MB): peak = 1392.277 ; gain = 460.625 ; free physical = 582 ; free virtual = 2797

Report Cell Usage: 
+------+------+------+
|      |Cell  |Count |
+------+------+------+
|1     |LUT2  |    19|
|2     |MUXCY |    27|
|3     |XORCY |    29|
|4     |FDRE  |    39|
+------+------+------+
Finished Writing Synthesis Report : Time (s): cpu = 00:00:45 ; elapsed = 00:00:45 . Memory (MB): peak = 1392.277 ; gain = 460.625 ; free physical = 582 ; free virtual = 2797
synth_design: Time (s): cpu = 00:00:43 ; elapsed = 00:00:43 . Memory (MB): peak = 1392.285 ; gain = 393.129 ; free physical = 564 ; free virtual = 2780
