
*** Running vivado
    with args -log mul_11u_11u.vds -m64 -product Vivado -mode batch -messageDb vivado.pb -notrace -source mul_11u_11u.tcl

awk: symbol lookup error: awk: undefined symbol: mpfr_z_sub

****** Vivado v2016.4 (64-bit)
  **** SW Build 1756540 on Mon Jan 23 19:11:19 MST 2017
  **** IP Build 1755317 on Mon Jan 23 20:30:07 MST 2017
    ** Copyright 1986-2016 Xilinx, Inc. All Rights Reserved.

source mul_11u_11u.tcl -notrace
CRITICAL WARNING: [Board 49-56] Problem parsing board file - /home/pingwin/VIVADO/Vivado/2016.4/data/boards/board_files/arty-s7-50/B.0/board.xml
awk: symbol lookup error: awk: undefined symbol: mpfr_z_sub
Starting RTL Elaboration : Time (s): cpu = 00:00:10 ; elapsed = 00:00:10 . Memory (MB): peak = 1073.742 ; gain = 142.086 ; free physical = 862 ; free virtual = 3046
INFO: [Synth 8-638] synthesizing module 'mul_11u_11u' [/home/pingwin/Dokumenty/Verilog/compound-project/centroid/centroid.srcs/sources_1/ip/mul_11u_11u/synth/mul_11u_11u.vhd:68]
INFO: [Synth 8-256] done synthesizing module 'mul_11u_11u' (5#1) [/home/pingwin/Dokumenty/Verilog/compound-project/centroid/centroid.srcs/sources_1/ip/mul_11u_11u/synth/mul_11u_11u.vhd:68]
Finished RTL Elaboration : Time (s): cpu = 00:00:12 ; elapsed = 00:00:12 . Memory (MB): peak = 1124.211 ; gain = 192.555 ; free physical = 810 ; free virtual = 2995
Finished RTL Optimization Phase 1 : Time (s): cpu = 00:00:12 ; elapsed = 00:00:12 . Memory (MB): peak = 1124.211 ; gain = 192.555 ; free physical = 810 ; free virtual = 2995
INFO: [Device 21-403] Loading part xc7z010clg400-1
Constraint Validation Runtime : Time (s): cpu = 00:00:00.03 ; elapsed = 00:00:00.02 . Memory (MB): peak = 1411.562 ; gain = 0.000 ; free physical = 654 ; free virtual = 2838
Finished Constraint Validation : Time (s): cpu = 00:00:25 ; elapsed = 00:00:26 . Memory (MB): peak = 1411.562 ; gain = 479.906 ; free physical = 653 ; free virtual = 2837
Finished Loading Part and Timing Information : Time (s): cpu = 00:00:25 ; elapsed = 00:00:26 . Memory (MB): peak = 1411.562 ; gain = 479.906 ; free physical = 653 ; free virtual = 2837
Finished applying 'set_property' XDC Constraints : Time (s): cpu = 00:00:25 ; elapsed = 00:00:26 . Memory (MB): peak = 1411.562 ; gain = 479.906 ; free physical = 653 ; free virtual = 2837
Finished RTL Optimization Phase 2 : Time (s): cpu = 00:00:26 ; elapsed = 00:00:26 . Memory (MB): peak = 1411.562 ; gain = 479.906 ; free physical = 645 ; free virtual = 2830
Finished Cross Boundary and Area Optimization : Time (s): cpu = 00:00:26 ; elapsed = 00:00:27 . Memory (MB): peak = 1411.562 ; gain = 479.906 ; free physical = 629 ; free virtual = 2814
Finished Applying XDC Timing Constraints : Time (s): cpu = 00:00:38 ; elapsed = 00:00:38 . Memory (MB): peak = 1411.562 ; gain = 479.906 ; free physical = 590 ; free virtual = 2776
Finished Timing Optimization : Time (s): cpu = 00:00:38 ; elapsed = 00:00:38 . Memory (MB): peak = 1411.562 ; gain = 479.906 ; free physical = 581 ; free virtual = 2767
Finished Technology Mapping : Time (s): cpu = 00:00:38 ; elapsed = 00:00:38 . Memory (MB): peak = 1411.562 ; gain = 479.906 ; free physical = 570 ; free virtual = 2757
Finished IO Insertion : Time (s): cpu = 00:00:38 ; elapsed = 00:00:39 . Memory (MB): peak = 1411.562 ; gain = 479.906 ; free physical = 570 ; free virtual = 2756
Finished Renaming Generated Instances : Time (s): cpu = 00:00:38 ; elapsed = 00:00:39 . Memory (MB): peak = 1411.562 ; gain = 479.906 ; free physical = 570 ; free virtual = 2756
Finished Rebuilding User Hierarchy : Time (s): cpu = 00:00:38 ; elapsed = 00:00:39 . Memory (MB): peak = 1411.562 ; gain = 479.906 ; free physical = 570 ; free virtual = 2756
Finished Renaming Generated Ports : Time (s): cpu = 00:00:38 ; elapsed = 00:00:39 . Memory (MB): peak = 1411.562 ; gain = 479.906 ; free physical = 570 ; free virtual = 2756
Finished Handling Custom Attributes : Time (s): cpu = 00:00:39 ; elapsed = 00:00:39 . Memory (MB): peak = 1411.562 ; gain = 479.906 ; free physical = 570 ; free virtual = 2756
Finished Renaming Generated Nets : Time (s): cpu = 00:00:39 ; elapsed = 00:00:39 . Memory (MB): peak = 1411.562 ; gain = 479.906 ; free physical = 570 ; free virtual = 2756

Report Cell Usage: 
+------+---------+------+
|      |Cell     |Count |
+------+---------+------+
|1     |CARRY4   |    20|
|2     |LUT1     |    13|
|3     |LUT2     |    57|
|4     |LUT3     |    10|
|5     |LUT4     |    50|
|6     |MULT_AND |    60|
|7     |MUXCY    |    60|
|8     |SRL16E   |     1|
|9     |XORCY    |    65|
|10    |FDRE     |   176|
+------+---------+------+
Finished Writing Synthesis Report : Time (s): cpu = 00:00:39 ; elapsed = 00:00:39 . Memory (MB): peak = 1411.562 ; gain = 479.906 ; free physical = 570 ; free virtual = 2756
synth_design: Time (s): cpu = 00:00:37 ; elapsed = 00:00:37 . Memory (MB): peak = 1411.570 ; gain = 412.410 ; free physical = 568 ; free virtual = 2754
