
*** Running vivado
    with args -log signed_mul.vds -m64 -product Vivado -mode batch -messageDb vivado.pb -notrace -source signed_mul.tcl

awk: symbol lookup error: awk: undefined symbol: mpfr_z_sub

****** Vivado v2016.4 (64-bit)
  **** SW Build 1756540 on Mon Jan 23 19:11:19 MST 2017
  **** IP Build 1755317 on Mon Jan 23 20:30:07 MST 2017
    ** Copyright 1986-2016 Xilinx, Inc. All Rights Reserved.

source signed_mul.tcl -notrace
awk: symbol lookup error: awk: undefined symbol: mpfr_z_sub
Starting RTL Elaboration : Time (s): cpu = 00:00:11 ; elapsed = 00:00:11 . Memory (MB): peak = 1063.742 ; gain = 132.086 ; free physical = 624 ; free virtual = 3167
INFO: [Synth 8-638] synthesizing module 'signed_mul' [/home/pingwin/Dokumenty/Verilog/rgb2ycbcr/rgb2ycbcr.srcs/sources_1/ip/signed_mul/synth/signed_mul.vhd:68]
INFO: [Synth 8-256] done synthesizing module 'signed_mul' (6#1) [/home/pingwin/Dokumenty/Verilog/rgb2ycbcr/rgb2ycbcr.srcs/sources_1/ip/signed_mul/synth/signed_mul.vhd:68]
Finished RTL Elaboration : Time (s): cpu = 00:00:13 ; elapsed = 00:00:14 . Memory (MB): peak = 1114.211 ; gain = 182.555 ; free physical = 573 ; free virtual = 3116
Finished RTL Optimization Phase 1 : Time (s): cpu = 00:00:14 ; elapsed = 00:00:14 . Memory (MB): peak = 1114.211 ; gain = 182.555 ; free physical = 573 ; free virtual = 3116
INFO: [Device 21-403] Loading part xc7k70tfbv676-1
Constraint Validation Runtime : Time (s): cpu = 00:00:00.02 ; elapsed = 00:00:00.02 . Memory (MB): peak = 1400.383 ; gain = 1.000 ; free physical = 418 ; free virtual = 2961
Finished Constraint Validation : Time (s): cpu = 00:00:29 ; elapsed = 00:00:30 . Memory (MB): peak = 1400.383 ; gain = 468.727 ; free physical = 417 ; free virtual = 2960
Finished Loading Part and Timing Information : Time (s): cpu = 00:00:29 ; elapsed = 00:00:30 . Memory (MB): peak = 1400.383 ; gain = 468.727 ; free physical = 417 ; free virtual = 2960
Finished applying 'set_property' XDC Constraints : Time (s): cpu = 00:00:29 ; elapsed = 00:00:30 . Memory (MB): peak = 1400.383 ; gain = 468.727 ; free physical = 417 ; free virtual = 2960
Finished RTL Optimization Phase 2 : Time (s): cpu = 00:00:29 ; elapsed = 00:00:30 . Memory (MB): peak = 1400.383 ; gain = 468.727 ; free physical = 410 ; free virtual = 2953
Finished Cross Boundary and Area Optimization : Time (s): cpu = 00:00:30 ; elapsed = 00:00:31 . Memory (MB): peak = 1400.383 ; gain = 468.727 ; free physical = 402 ; free virtual = 2944
Finished Applying XDC Timing Constraints : Time (s): cpu = 00:00:48 ; elapsed = 00:00:48 . Memory (MB): peak = 1400.383 ; gain = 468.727 ; free physical = 332 ; free virtual = 2875
Finished Timing Optimization : Time (s): cpu = 00:00:48 ; elapsed = 00:00:48 . Memory (MB): peak = 1400.383 ; gain = 468.727 ; free physical = 332 ; free virtual = 2874
Finished Technology Mapping : Time (s): cpu = 00:00:48 ; elapsed = 00:00:48 . Memory (MB): peak = 1400.383 ; gain = 468.727 ; free physical = 323 ; free virtual = 2865
Finished IO Insertion : Time (s): cpu = 00:00:48 ; elapsed = 00:00:49 . Memory (MB): peak = 1400.383 ; gain = 468.727 ; free physical = 323 ; free virtual = 2865
Finished Renaming Generated Instances : Time (s): cpu = 00:00:48 ; elapsed = 00:00:49 . Memory (MB): peak = 1400.383 ; gain = 468.727 ; free physical = 323 ; free virtual = 2865
Finished Rebuilding User Hierarchy : Time (s): cpu = 00:00:48 ; elapsed = 00:00:49 . Memory (MB): peak = 1400.383 ; gain = 468.727 ; free physical = 323 ; free virtual = 2865
Finished Renaming Generated Ports : Time (s): cpu = 00:00:48 ; elapsed = 00:00:49 . Memory (MB): peak = 1400.383 ; gain = 468.727 ; free physical = 323 ; free virtual = 2865
Finished Handling Custom Attributes : Time (s): cpu = 00:00:48 ; elapsed = 00:00:49 . Memory (MB): peak = 1400.383 ; gain = 468.727 ; free physical = 322 ; free virtual = 2865
Finished Renaming Generated Nets : Time (s): cpu = 00:00:48 ; elapsed = 00:00:49 . Memory (MB): peak = 1400.383 ; gain = 468.727 ; free physical = 322 ; free virtual = 2865

Report Cell Usage: 
+------+--------+------+
|      |Cell    |Count |
+------+--------+------+
|1     |DSP48E1 |     1|
+------+--------+------+
Finished Writing Synthesis Report : Time (s): cpu = 00:00:48 ; elapsed = 00:00:49 . Memory (MB): peak = 1400.383 ; gain = 468.727 ; free physical = 322 ; free virtual = 2865
synth_design: Time (s): cpu = 00:00:47 ; elapsed = 00:00:47 . Memory (MB): peak = 1400.391 ; gain = 401.230 ; free physical = 324 ; free virtual = 2867
