
*** Running vivado
    with args -log cb_sum.vds -m64 -product Vivado -mode batch -messageDb vivado.pb -notrace -source cb_sum.tcl

awk: symbol lookup error: awk: undefined symbol: mpfr_z_sub

****** Vivado v2016.4 (64-bit)
  **** SW Build 1756540 on Mon Jan 23 19:11:19 MST 2017
  **** IP Build 1755317 on Mon Jan 23 20:30:07 MST 2017
    ** Copyright 1986-2016 Xilinx, Inc. All Rights Reserved.

source cb_sum.tcl -notrace
CRITICAL WARNING: [Board 49-56] Problem parsing board file - /home/pingwin/VIVADO/Vivado/2016.4/data/boards/board_files/arty-s7-50/B.0/board.xml
awk: symbol lookup error: awk: undefined symbol: mpfr_z_sub
Starting RTL Elaboration : Time (s): cpu = 00:00:05 ; elapsed = 00:00:05 . Memory (MB): peak = 1074.734 ; gain = 143.086 ; free physical = 747 ; free virtual = 3293
INFO: [Synth 8-638] synthesizing module 'cb_sum' [/home/pingwin/Dokumenty/Verilog/compound-project/YCbCr/rgb2ycbcr.srcs/sources_1/ip/cb_sum/synth/cb_sum.vhd:69]
INFO: [Synth 8-256] done synthesizing module 'cb_sum' (7#1) [/home/pingwin/Dokumenty/Verilog/compound-project/YCbCr/rgb2ycbcr.srcs/sources_1/ip/cb_sum/synth/cb_sum.vhd:69]
Finished RTL Elaboration : Time (s): cpu = 00:00:06 ; elapsed = 00:00:07 . Memory (MB): peak = 1120.203 ; gain = 188.555 ; free physical = 660 ; free virtual = 3232
Finished RTL Optimization Phase 1 : Time (s): cpu = 00:00:07 ; elapsed = 00:00:07 . Memory (MB): peak = 1120.203 ; gain = 188.555 ; free physical = 660 ; free virtual = 3232
INFO: [Device 21-403] Loading part xc7z010clg400-1
Constraint Validation Runtime : Time (s): cpu = 00:00:00.02 ; elapsed = 00:00:00.01 . Memory (MB): peak = 1403.547 ; gain = 0.000 ; free physical = 503 ; free virtual = 3086
Finished Constraint Validation : Time (s): cpu = 00:00:14 ; elapsed = 00:00:15 . Memory (MB): peak = 1403.547 ; gain = 471.898 ; free physical = 535 ; free virtual = 3086
Finished Loading Part and Timing Information : Time (s): cpu = 00:00:14 ; elapsed = 00:00:15 . Memory (MB): peak = 1403.547 ; gain = 471.898 ; free physical = 535 ; free virtual = 3086
Finished applying 'set_property' XDC Constraints : Time (s): cpu = 00:00:14 ; elapsed = 00:00:15 . Memory (MB): peak = 1403.547 ; gain = 471.898 ; free physical = 535 ; free virtual = 3086
Finished RTL Optimization Phase 2 : Time (s): cpu = 00:00:14 ; elapsed = 00:00:15 . Memory (MB): peak = 1403.547 ; gain = 471.898 ; free physical = 527 ; free virtual = 3079
Finished Cross Boundary and Area Optimization : Time (s): cpu = 00:00:15 ; elapsed = 00:00:15 . Memory (MB): peak = 1403.547 ; gain = 471.898 ; free physical = 511 ; free virtual = 3062
Finished Applying XDC Timing Constraints : Time (s): cpu = 00:00:22 ; elapsed = 00:00:22 . Memory (MB): peak = 1403.547 ; gain = 471.898 ; free physical = 482 ; free virtual = 3025
Finished Timing Optimization : Time (s): cpu = 00:00:22 ; elapsed = 00:00:22 . Memory (MB): peak = 1403.547 ; gain = 471.898 ; free physical = 482 ; free virtual = 3025
Finished Technology Mapping : Time (s): cpu = 00:00:22 ; elapsed = 00:00:23 . Memory (MB): peak = 1403.547 ; gain = 471.898 ; free physical = 474 ; free virtual = 3016
Finished IO Insertion : Time (s): cpu = 00:00:22 ; elapsed = 00:00:23 . Memory (MB): peak = 1403.547 ; gain = 471.898 ; free physical = 442 ; free virtual = 3014
Finished Renaming Generated Instances : Time (s): cpu = 00:00:22 ; elapsed = 00:00:23 . Memory (MB): peak = 1403.547 ; gain = 471.898 ; free physical = 442 ; free virtual = 3014
Finished Rebuilding User Hierarchy : Time (s): cpu = 00:00:22 ; elapsed = 00:00:23 . Memory (MB): peak = 1403.547 ; gain = 471.898 ; free physical = 442 ; free virtual = 3014
Finished Renaming Generated Ports : Time (s): cpu = 00:00:22 ; elapsed = 00:00:23 . Memory (MB): peak = 1403.547 ; gain = 471.898 ; free physical = 442 ; free virtual = 3014
Finished Handling Custom Attributes : Time (s): cpu = 00:00:22 ; elapsed = 00:00:23 . Memory (MB): peak = 1403.547 ; gain = 471.898 ; free physical = 441 ; free virtual = 3013
Finished Renaming Generated Nets : Time (s): cpu = 00:00:22 ; elapsed = 00:00:23 . Memory (MB): peak = 1403.547 ; gain = 471.898 ; free physical = 441 ; free virtual = 3013

Report Cell Usage: 
+------+------+------+
|      |Cell  |Count |
+------+------+------+
|1     |LUT2  |    18|
|2     |MUXCY |    27|
|3     |XORCY |    29|
|4     |FDRE  |    39|
+------+------+------+
Finished Writing Synthesis Report : Time (s): cpu = 00:00:22 ; elapsed = 00:00:23 . Memory (MB): peak = 1403.547 ; gain = 471.898 ; free physical = 441 ; free virtual = 3013
synth_design: Time (s): cpu = 00:00:22 ; elapsed = 00:00:22 . Memory (MB): peak = 1403.555 ; gain = 404.402 ; free physical = 429 ; free virtual = 2997
