
*** Running vivado
    with args -log mul_10s_7u.vds -m64 -product Vivado -mode batch -messageDb vivado.pb -notrace -source mul_10s_7u.tcl

awk: symbol lookup error: awk: undefined symbol: mpfr_z_sub

****** Vivado v2016.4 (64-bit)
  **** SW Build 1756540 on Mon Jan 23 19:11:19 MST 2017
  **** IP Build 1755317 on Mon Jan 23 20:30:07 MST 2017
    ** Copyright 1986-2016 Xilinx, Inc. All Rights Reserved.

source mul_10s_7u.tcl -notrace
CRITICAL WARNING: [Board 49-56] Problem parsing board file - /home/pingwin/VIVADO/Vivado/2016.4/data/boards/board_files/arty-s7-50/B.0/board.xml
awk: symbol lookup error: awk: undefined symbol: mpfr_z_sub
Starting RTL Elaboration : Time (s): cpu = 00:00:05 ; elapsed = 00:00:05 . Memory (MB): peak = 1074.738 ; gain = 143.086 ; free physical = 1340 ; free virtual = 3928
INFO: [Synth 8-638] synthesizing module 'mul_10s_7u' [/home/pingwin/Dokumenty/Verilog/compound-project/HSV/HSV.srcs/sources_1/ip/mul_10s_7u/synth/mul_10s_7u.vhd:68]
INFO: [Synth 8-256] done synthesizing module 'mul_10s_7u' (5#1) [/home/pingwin/Dokumenty/Verilog/compound-project/HSV/HSV.srcs/sources_1/ip/mul_10s_7u/synth/mul_10s_7u.vhd:68]
Finished RTL Elaboration : Time (s): cpu = 00:00:06 ; elapsed = 00:00:06 . Memory (MB): peak = 1125.207 ; gain = 193.555 ; free physical = 1288 ; free virtual = 3877
Finished RTL Optimization Phase 1 : Time (s): cpu = 00:00:06 ; elapsed = 00:00:06 . Memory (MB): peak = 1125.207 ; gain = 193.555 ; free physical = 1288 ; free virtual = 3877
INFO: [Device 21-403] Loading part xc7z010clg400-1
Constraint Validation Runtime : Time (s): cpu = 00:00:00.01 ; elapsed = 00:00:00.01 . Memory (MB): peak = 1410.551 ; gain = 0.000 ; free physical = 1121 ; free virtual = 3721
Finished Constraint Validation : Time (s): cpu = 00:00:13 ; elapsed = 00:00:13 . Memory (MB): peak = 1410.551 ; gain = 478.898 ; free physical = 1102 ; free virtual = 3720
Finished Loading Part and Timing Information : Time (s): cpu = 00:00:13 ; elapsed = 00:00:13 . Memory (MB): peak = 1410.551 ; gain = 478.898 ; free physical = 1102 ; free virtual = 3720
Finished applying 'set_property' XDC Constraints : Time (s): cpu = 00:00:13 ; elapsed = 00:00:13 . Memory (MB): peak = 1410.551 ; gain = 478.898 ; free physical = 1101 ; free virtual = 3719
Finished RTL Optimization Phase 2 : Time (s): cpu = 00:00:13 ; elapsed = 00:00:13 . Memory (MB): peak = 1410.551 ; gain = 478.898 ; free physical = 1094 ; free virtual = 3712
Finished Cross Boundary and Area Optimization : Time (s): cpu = 00:00:13 ; elapsed = 00:00:14 . Memory (MB): peak = 1410.551 ; gain = 478.898 ; free physical = 1087 ; free virtual = 3705
Finished Applying XDC Timing Constraints : Time (s): cpu = 00:00:19 ; elapsed = 00:00:20 . Memory (MB): peak = 1410.551 ; gain = 478.898 ; free physical = 1046 ; free virtual = 3666
Finished Timing Optimization : Time (s): cpu = 00:00:19 ; elapsed = 00:00:20 . Memory (MB): peak = 1410.551 ; gain = 478.898 ; free physical = 1037 ; free virtual = 3657
Finished Technology Mapping : Time (s): cpu = 00:00:19 ; elapsed = 00:00:20 . Memory (MB): peak = 1410.551 ; gain = 478.898 ; free physical = 1027 ; free virtual = 3648
Finished IO Insertion : Time (s): cpu = 00:00:20 ; elapsed = 00:00:20 . Memory (MB): peak = 1410.551 ; gain = 478.898 ; free physical = 1027 ; free virtual = 3648
Finished Renaming Generated Instances : Time (s): cpu = 00:00:20 ; elapsed = 00:00:20 . Memory (MB): peak = 1410.551 ; gain = 478.898 ; free physical = 1027 ; free virtual = 3648
Finished Rebuilding User Hierarchy : Time (s): cpu = 00:00:20 ; elapsed = 00:00:20 . Memory (MB): peak = 1410.551 ; gain = 478.898 ; free physical = 1027 ; free virtual = 3648
Finished Renaming Generated Ports : Time (s): cpu = 00:00:20 ; elapsed = 00:00:20 . Memory (MB): peak = 1410.551 ; gain = 478.898 ; free physical = 1027 ; free virtual = 3648
Finished Handling Custom Attributes : Time (s): cpu = 00:00:20 ; elapsed = 00:00:20 . Memory (MB): peak = 1410.551 ; gain = 478.898 ; free physical = 1027 ; free virtual = 3647
Finished Renaming Generated Nets : Time (s): cpu = 00:00:20 ; elapsed = 00:00:20 . Memory (MB): peak = 1410.551 ; gain = 478.898 ; free physical = 1027 ; free virtual = 3647

Report Cell Usage: 
+------+---------+------+
|      |Cell     |Count |
+------+---------+------+
|1     |CARRY4   |    11|
|2     |LUT1     |     3|
|3     |LUT2     |    31|
|4     |LUT3     |    19|
|5     |LUT4     |    27|
|6     |MULT_AND |    33|
|7     |MUXCY    |    33|
|8     |XORCY    |    36|
|9     |FDRE     |    92|
+------+---------+------+
Finished Writing Synthesis Report : Time (s): cpu = 00:00:20 ; elapsed = 00:00:20 . Memory (MB): peak = 1410.551 ; gain = 478.898 ; free physical = 1022 ; free virtual = 3647
synth_design: Time (s): cpu = 00:00:19 ; elapsed = 00:00:19 . Memory (MB): peak = 1410.559 ; gain = 411.402 ; free physical = 1011 ; free virtual = 3641
