
*** Running vivado
    with args -log mult_gen_0.vds -m64 -product Vivado -mode batch -messageDb vivado.pb -notrace -source mult_gen_0.tcl

awk: symbol lookup error: awk: undefined symbol: mpfr_z_sub

****** Vivado v2016.4 (64-bit)
  **** SW Build 1756540 on Mon Jan 23 19:11:19 MST 2017
  **** IP Build 1755317 on Mon Jan 23 20:30:07 MST 2017
    ** Copyright 1986-2016 Xilinx, Inc. All Rights Reserved.

source mult_gen_0.tcl -notrace
awk: symbol lookup error: awk: undefined symbol: mpfr_z_sub
Starting RTL Elaboration : Time (s): cpu = 00:00:09 ; elapsed = 00:00:09 . Memory (MB): peak = 1063.738 ; gain = 132.086 ; free physical = 542 ; free virtual = 3960
INFO: [Synth 8-638] synthesizing module 'mult_gen_0' [/home/pingwin/Dokumenty/Verilog/arithm/arithm/arithm.srcs/sources_1/ip/mult_gen_0_1/synth/mult_gen_0.vhd:69]
INFO: [Synth 8-256] done synthesizing module 'mult_gen_0' (6#1) [/home/pingwin/Dokumenty/Verilog/arithm/arithm/arithm.srcs/sources_1/ip/mult_gen_0_1/synth/mult_gen_0.vhd:69]
Finished RTL Elaboration : Time (s): cpu = 00:00:11 ; elapsed = 00:00:11 . Memory (MB): peak = 1114.207 ; gain = 182.555 ; free physical = 490 ; free virtual = 3909
Finished RTL Optimization Phase 1 : Time (s): cpu = 00:00:11 ; elapsed = 00:00:12 . Memory (MB): peak = 1114.207 ; gain = 182.555 ; free physical = 490 ; free virtual = 3908
INFO: [Device 21-403] Loading part xc7k70tfbv676-1
Constraint Validation Runtime : Time (s): cpu = 00:00:00.02 ; elapsed = 00:00:00.02 . Memory (MB): peak = 1400.371 ; gain = 0.000 ; free physical = 335 ; free virtual = 3753
Finished Constraint Validation : Time (s): cpu = 00:00:24 ; elapsed = 00:00:24 . Memory (MB): peak = 1400.371 ; gain = 468.719 ; free physical = 334 ; free virtual = 3753
Finished Loading Part and Timing Information : Time (s): cpu = 00:00:24 ; elapsed = 00:00:24 . Memory (MB): peak = 1400.371 ; gain = 468.719 ; free physical = 334 ; free virtual = 3753
Finished applying 'set_property' XDC Constraints : Time (s): cpu = 00:00:24 ; elapsed = 00:00:24 . Memory (MB): peak = 1400.371 ; gain = 468.719 ; free physical = 334 ; free virtual = 3753
Finished RTL Optimization Phase 2 : Time (s): cpu = 00:00:24 ; elapsed = 00:00:24 . Memory (MB): peak = 1400.371 ; gain = 468.719 ; free physical = 327 ; free virtual = 3746
Finished Cross Boundary and Area Optimization : Time (s): cpu = 00:00:25 ; elapsed = 00:00:25 . Memory (MB): peak = 1400.371 ; gain = 468.719 ; free physical = 319 ; free virtual = 3738
Finished Applying XDC Timing Constraints : Time (s): cpu = 00:00:39 ; elapsed = 00:00:40 . Memory (MB): peak = 1400.371 ; gain = 468.719 ; free physical = 249 ; free virtual = 3668
Finished Timing Optimization : Time (s): cpu = 00:00:39 ; elapsed = 00:00:40 . Memory (MB): peak = 1400.371 ; gain = 468.719 ; free physical = 249 ; free virtual = 3667
Finished Technology Mapping : Time (s): cpu = 00:00:39 ; elapsed = 00:00:40 . Memory (MB): peak = 1400.371 ; gain = 468.719 ; free physical = 239 ; free virtual = 3658
Finished IO Insertion : Time (s): cpu = 00:00:40 ; elapsed = 00:00:40 . Memory (MB): peak = 1400.371 ; gain = 468.719 ; free physical = 239 ; free virtual = 3658
Finished Renaming Generated Instances : Time (s): cpu = 00:00:40 ; elapsed = 00:00:40 . Memory (MB): peak = 1400.371 ; gain = 468.719 ; free physical = 239 ; free virtual = 3658
Finished Rebuilding User Hierarchy : Time (s): cpu = 00:00:40 ; elapsed = 00:00:40 . Memory (MB): peak = 1400.371 ; gain = 468.719 ; free physical = 239 ; free virtual = 3658
Finished Renaming Generated Ports : Time (s): cpu = 00:00:40 ; elapsed = 00:00:40 . Memory (MB): peak = 1400.371 ; gain = 468.719 ; free physical = 239 ; free virtual = 3658
Finished Handling Custom Attributes : Time (s): cpu = 00:00:40 ; elapsed = 00:00:40 . Memory (MB): peak = 1400.371 ; gain = 468.719 ; free physical = 239 ; free virtual = 3657
Finished Renaming Generated Nets : Time (s): cpu = 00:00:40 ; elapsed = 00:00:40 . Memory (MB): peak = 1400.371 ; gain = 468.719 ; free physical = 239 ; free virtual = 3657

Report Cell Usage: 
+------+--------+------+
|      |Cell    |Count |
+------+--------+------+
|1     |DSP48E1 |     1|
+------+--------+------+
Finished Writing Synthesis Report : Time (s): cpu = 00:00:40 ; elapsed = 00:00:40 . Memory (MB): peak = 1400.371 ; gain = 468.719 ; free physical = 239 ; free virtual = 3657
synth_design: Time (s): cpu = 00:00:39 ; elapsed = 00:00:39 . Memory (MB): peak = 1400.379 ; gain = 401.223 ; free physical = 242 ; free virtual = 3661
