awk: symbol lookup error: awk: undefined symbol: mpfr_z_sub
INFO: [VRFC 10-2263] Analyzing Verilog file "/home/pingwin/Dokumenty/Verilog/rgb2ycbcr/rgb2ycbcr.srcs/sources_1/new/delay.v" into library xil_defaultlib
INFO: [VRFC 10-311] analyzing module delay
INFO: [VRFC 10-2263] Analyzing Verilog file "/home/pingwin/Dokumenty/Verilog/rgb2ycbcr/rgb2ycbcr.srcs/sources_1/new/rgb2ycbcr.v" into library xil_defaultlib
INFO: [VRFC 10-311] analyzing module rgb2ycbcr
INFO: [VRFC 10-2263] Analyzing Verilog file "/home/pingwin/Dokumenty/Verilog/rgb2ycbcr/rgb2ycbcr.srcs/sim_1/new/tb_rgb2ycbcr.v" into library xil_defaultlib
INFO: [VRFC 10-311] analyzing module tb_rgb2ycbcr
INFO: [VRFC 10-2263] Analyzing Verilog file "/home/pingwin/Dokumenty/Verilog/rgb2ycbcr/rgb2ycbcr.sim/sim_1/behav/glbl.v" into library xil_defaultlib
INFO: [VRFC 10-311] analyzing module glbl
awk: symbol lookup error: awk: undefined symbol: mpfr_z_sub
INFO: [VRFC 10-163] Analyzing VHDL file "/home/pingwin/Dokumenty/Verilog/rgb2ycbcr/rgb2ycbcr.srcs/sources_1/ip/y_sum/sim/y_sum.vhd" into library xil_defaultlib
INFO: [VRFC 10-307] analyzing entity y_sum
INFO: [VRFC 10-163] Analyzing VHDL file "/home/pingwin/Dokumenty/Verilog/rgb2ycbcr/rgb2ycbcr.srcs/sources_1/ip/two_signed/sim/two_signed.vhd" into library xil_defaultlib
INFO: [VRFC 10-307] analyzing entity two_signed
INFO: [VRFC 10-163] Analyzing VHDL file "/home/pingwin/Dokumenty/Verilog/rgb2ycbcr/rgb2ycbcr.srcs/sources_1/ip/signed_mul/sim/signed_mul.vhd" into library xil_defaultlib
INFO: [VRFC 10-307] analyzing entity signed_mul
INFO: [VRFC 10-163] Analyzing VHDL file "/home/pingwin/Dokumenty/Verilog/rgb2ycbcr/rgb2ycbcr.srcs/sources_1/ip/long_short/sim/long_short.vhd" into library xil_defaultlib
INFO: [VRFC 10-307] analyzing entity long_short
INFO: [VRFC 10-163] Analyzing VHDL file "/home/pingwin/Dokumenty/Verilog/rgb2ycbcr/rgb2ycbcr.srcs/sources_1/ip/cr_sum/sim/cr_sum.vhd" into library xil_defaultlib
INFO: [VRFC 10-307] analyzing entity cr_sum
INFO: [VRFC 10-163] Analyzing VHDL file "/home/pingwin/Dokumenty/Verilog/rgb2ycbcr/rgb2ycbcr.srcs/sources_1/ip/cb_sum/sim/cb_sum.vhd" into library xil_defaultlib
INFO: [VRFC 10-307] analyzing entity cb_sum
INFO: [VRFC 10-163] Analyzing VHDL file "/home/pingwin/Dokumenty/Verilog/rgb2ycbcr/rgb2ycbcr.srcs/sources_1/ip/unsigned_mul/sim/unsigned_mul.vhd" into library xil_defaultlib
INFO: [VRFC 10-307] analyzing entity unsigned_mul
INFO: [VRFC 10-163] Analyzing VHDL file "/home/pingwin/Dokumenty/Verilog/rgb2ycbcr/rgb2ycbcr.srcs/sources_1/ip/long_long/sim/long_long.vhd" into library xil_defaultlib
INFO: [VRFC 10-307] analyzing entity long_long
