
*** Running vivado
    with args -log mul_12s_12s.vds -m64 -product Vivado -mode batch -messageDb vivado.pb -notrace -source mul_12s_12s.tcl

awk: symbol lookup error: awk: undefined symbol: mpfr_z_sub

****** Vivado v2016.4 (64-bit)
  **** SW Build 1756540 on Mon Jan 23 19:11:19 MST 2017
  **** IP Build 1755317 on Mon Jan 23 20:30:07 MST 2017
    ** Copyright 1986-2016 Xilinx, Inc. All Rights Reserved.

source mul_12s_12s.tcl -notrace
CRITICAL WARNING: [Board 49-56] Problem parsing board file - /home/pingwin/VIVADO/Vivado/2016.4/data/boards/board_files/arty-s7-50/B.0/board.xml
awk: symbol lookup error: awk: undefined symbol: mpfr_z_sub
Starting RTL Elaboration : Time (s): cpu = 00:00:10 ; elapsed = 00:00:10 . Memory (MB): peak = 1073.738 ; gain = 142.086 ; free physical = 846 ; free virtual = 3031
INFO: [Synth 8-638] synthesizing module 'mul_12s_12s' [/home/pingwin/Dokumenty/Verilog/compound-project/centroid/centroid.srcs/sources_1/ip/mul_12s_12s/synth/mul_12s_12s.vhd:68]
INFO: [Synth 8-256] done synthesizing module 'mul_12s_12s' (5#1) [/home/pingwin/Dokumenty/Verilog/compound-project/centroid/centroid.srcs/sources_1/ip/mul_12s_12s/synth/mul_12s_12s.vhd:68]
Finished RTL Elaboration : Time (s): cpu = 00:00:12 ; elapsed = 00:00:12 . Memory (MB): peak = 1124.207 ; gain = 192.555 ; free physical = 795 ; free virtual = 2979
Finished RTL Optimization Phase 1 : Time (s): cpu = 00:00:12 ; elapsed = 00:00:13 . Memory (MB): peak = 1124.207 ; gain = 192.555 ; free physical = 794 ; free virtual = 2979
INFO: [Device 21-403] Loading part xc7z010clg400-1
Constraint Validation Runtime : Time (s): cpu = 00:00:00.03 ; elapsed = 00:00:00.02 . Memory (MB): peak = 1412.559 ; gain = 0.000 ; free physical = 638 ; free virtual = 2823
Finished Constraint Validation : Time (s): cpu = 00:00:26 ; elapsed = 00:00:26 . Memory (MB): peak = 1412.559 ; gain = 480.906 ; free physical = 635 ; free virtual = 2821
Finished Loading Part and Timing Information : Time (s): cpu = 00:00:26 ; elapsed = 00:00:26 . Memory (MB): peak = 1412.559 ; gain = 480.906 ; free physical = 635 ; free virtual = 2821
Finished applying 'set_property' XDC Constraints : Time (s): cpu = 00:00:26 ; elapsed = 00:00:26 . Memory (MB): peak = 1412.559 ; gain = 480.906 ; free physical = 635 ; free virtual = 2821
Finished RTL Optimization Phase 2 : Time (s): cpu = 00:00:27 ; elapsed = 00:00:27 . Memory (MB): peak = 1412.559 ; gain = 480.906 ; free physical = 628 ; free virtual = 2813
Finished Cross Boundary and Area Optimization : Time (s): cpu = 00:00:27 ; elapsed = 00:00:28 . Memory (MB): peak = 1412.559 ; gain = 480.906 ; free physical = 610 ; free virtual = 2798
Finished Applying XDC Timing Constraints : Time (s): cpu = 00:00:39 ; elapsed = 00:00:39 . Memory (MB): peak = 1412.559 ; gain = 480.906 ; free physical = 577 ; free virtual = 2773
Finished Timing Optimization : Time (s): cpu = 00:00:39 ; elapsed = 00:00:40 . Memory (MB): peak = 1412.559 ; gain = 480.906 ; free physical = 577 ; free virtual = 2772
Finished Technology Mapping : Time (s): cpu = 00:00:39 ; elapsed = 00:00:40 . Memory (MB): peak = 1412.559 ; gain = 480.906 ; free physical = 559 ; free virtual = 2755
Finished IO Insertion : Time (s): cpu = 00:00:40 ; elapsed = 00:00:40 . Memory (MB): peak = 1412.559 ; gain = 480.906 ; free physical = 560 ; free virtual = 2756
Finished Renaming Generated Instances : Time (s): cpu = 00:00:40 ; elapsed = 00:00:40 . Memory (MB): peak = 1412.559 ; gain = 480.906 ; free physical = 560 ; free virtual = 2756
Finished Rebuilding User Hierarchy : Time (s): cpu = 00:00:40 ; elapsed = 00:00:40 . Memory (MB): peak = 1412.559 ; gain = 480.906 ; free physical = 560 ; free virtual = 2756
Finished Renaming Generated Ports : Time (s): cpu = 00:00:40 ; elapsed = 00:00:40 . Memory (MB): peak = 1412.559 ; gain = 480.906 ; free physical = 560 ; free virtual = 2756
Finished Handling Custom Attributes : Time (s): cpu = 00:00:40 ; elapsed = 00:00:40 . Memory (MB): peak = 1412.559 ; gain = 480.906 ; free physical = 560 ; free virtual = 2756
Finished Renaming Generated Nets : Time (s): cpu = 00:00:40 ; elapsed = 00:00:40 . Memory (MB): peak = 1412.559 ; gain = 480.906 ; free physical = 560 ; free virtual = 2756

Report Cell Usage: 
+------+---------+------+
|      |Cell     |Count |
+------+---------+------+
|1     |CARRY4   |    21|
|2     |LUT1     |     5|
|3     |LUT2     |    81|
|4     |LUT3     |    16|
|5     |LUT4     |    66|
|6     |MULT_AND |    77|
|7     |MUXCY    |    78|
|8     |SRL16E   |     2|
|9     |XORCY    |    84|
|10    |FDRE     |   189|
+------+---------+------+
Finished Writing Synthesis Report : Time (s): cpu = 00:00:40 ; elapsed = 00:00:40 . Memory (MB): peak = 1412.559 ; gain = 480.906 ; free physical = 560 ; free virtual = 2756
synth_design: Time (s): cpu = 00:00:38 ; elapsed = 00:00:39 . Memory (MB): peak = 1412.566 ; gain = 413.410 ; free physical = 555 ; free virtual = 2751
