
*** Running vivado
    with args -log h_calculation_divider.vds -m64 -product Vivado -mode batch -messageDb vivado.pb -notrace -source h_calculation_divider.tcl

awk: symbol lookup error: awk: undefined symbol: mpfr_z_sub

****** Vivado v2016.4 (64-bit)
  **** SW Build 1756540 on Mon Jan 23 19:11:19 MST 2017
  **** IP Build 1755317 on Mon Jan 23 20:30:07 MST 2017
    ** Copyright 1986-2016 Xilinx, Inc. All Rights Reserved.

source h_calculation_divider.tcl -notrace
CRITICAL WARNING: [Board 49-56] Problem parsing board file - /home/pingwin/VIVADO/Vivado/2016.4/data/boards/board_files/arty-s7-50/B.0/board.xml
awk: symbol lookup error: awk: undefined symbol: mpfr_z_sub
Starting RTL Elaboration : Time (s): cpu = 00:00:06 ; elapsed = 00:00:06 . Memory (MB): peak = 1076.734 ; gain = 145.086 ; free physical = 1787 ; free virtual = 4260
INFO: [Synth 8-638] synthesizing module 'h_calculation_divider' [/home/pingwin/Dokumenty/Verilog/compound-project/HSV/HSV.srcs/sources_1/ip/h_calculation_divider/synth/h_calculation_divider.vhd:71]
INFO: [Synth 8-256] done synthesizing module 'h_calculation_divider' (12#1) [/home/pingwin/Dokumenty/Verilog/compound-project/HSV/HSV.srcs/sources_1/ip/h_calculation_divider/synth/h_calculation_divider.vhd:71]
Finished RTL Elaboration : Time (s): cpu = 00:00:09 ; elapsed = 00:00:09 . Memory (MB): peak = 1158.203 ; gain = 226.555 ; free physical = 1653 ; free virtual = 4176
Finished RTL Optimization Phase 1 : Time (s): cpu = 00:00:09 ; elapsed = 00:00:09 . Memory (MB): peak = 1158.203 ; gain = 226.555 ; free physical = 1652 ; free virtual = 4176
INFO: [Device 21-403] Loading part xc7z010clg400-1
Constraint Validation Runtime : Time (s): cpu = 00:00:00.03 ; elapsed = 00:00:00.02 . Memory (MB): peak = 1420.234 ; gain = 0.000 ; free physical = 1576 ; free virtual = 4051
Finished Constraint Validation : Time (s): cpu = 00:00:16 ; elapsed = 00:00:16 . Memory (MB): peak = 1420.234 ; gain = 488.586 ; free physical = 1524 ; free virtual = 4050
Finished Loading Part and Timing Information : Time (s): cpu = 00:00:16 ; elapsed = 00:00:16 . Memory (MB): peak = 1420.234 ; gain = 488.586 ; free physical = 1524 ; free virtual = 4050
Finished applying 'set_property' XDC Constraints : Time (s): cpu = 00:00:16 ; elapsed = 00:00:16 . Memory (MB): peak = 1420.234 ; gain = 488.586 ; free physical = 1524 ; free virtual = 4050
Finished RTL Optimization Phase 2 : Time (s): cpu = 00:00:17 ; elapsed = 00:00:17 . Memory (MB): peak = 1420.234 ; gain = 488.586 ; free physical = 1523 ; free virtual = 4043
Finished Cross Boundary and Area Optimization : Time (s): cpu = 00:00:18 ; elapsed = 00:00:18 . Memory (MB): peak = 1420.234 ; gain = 488.586 ; free physical = 1506 ; free virtual = 4022
Finished Applying XDC Timing Constraints : Time (s): cpu = 00:00:24 ; elapsed = 00:00:24 . Memory (MB): peak = 1420.234 ; gain = 488.586 ; free physical = 1520 ; free virtual = 3992
Finished Timing Optimization : Time (s): cpu = 00:00:24 ; elapsed = 00:00:24 . Memory (MB): peak = 1420.234 ; gain = 488.586 ; free physical = 1510 ; free virtual = 3981
Finished Technology Mapping : Time (s): cpu = 00:00:24 ; elapsed = 00:00:24 . Memory (MB): peak = 1420.234 ; gain = 488.586 ; free physical = 1498 ; free virtual = 3969
Finished IO Insertion : Time (s): cpu = 00:00:24 ; elapsed = 00:00:25 . Memory (MB): peak = 1420.234 ; gain = 488.586 ; free physical = 1498 ; free virtual = 3970
Finished Renaming Generated Instances : Time (s): cpu = 00:00:24 ; elapsed = 00:00:25 . Memory (MB): peak = 1420.234 ; gain = 488.586 ; free physical = 1499 ; free virtual = 3969
Finished Rebuilding User Hierarchy : Time (s): cpu = 00:00:25 ; elapsed = 00:00:25 . Memory (MB): peak = 1420.234 ; gain = 488.586 ; free physical = 1493 ; free virtual = 3969
Finished Renaming Generated Ports : Time (s): cpu = 00:00:25 ; elapsed = 00:00:25 . Memory (MB): peak = 1420.234 ; gain = 488.586 ; free physical = 1493 ; free virtual = 3969
Finished Handling Custom Attributes : Time (s): cpu = 00:00:25 ; elapsed = 00:00:25 . Memory (MB): peak = 1420.234 ; gain = 488.586 ; free physical = 1493 ; free virtual = 3969
Finished Renaming Generated Nets : Time (s): cpu = 00:00:25 ; elapsed = 00:00:25 . Memory (MB): peak = 1420.234 ; gain = 488.586 ; free physical = 1493 ; free virtual = 3969

Report Cell Usage: 
+------+--------+------+
|      |Cell    |Count |
+------+--------+------+
|1     |CARRY4  |     8|
|2     |LUT1    |    56|
|3     |LUT2    |    72|
|4     |LUT3    |   194|
|5     |LUT4    |     4|
|6     |LUT5    |     3|
|7     |LUT6    |     7|
|8     |MUXCY   |   216|
|9     |SRLC32E |     3|
|10    |XORCY   |   216|
|11    |FDRE    |   955|
+------+--------+------+
Finished Writing Synthesis Report : Time (s): cpu = 00:00:25 ; elapsed = 00:00:25 . Memory (MB): peak = 1420.234 ; gain = 488.586 ; free physical = 1493 ; free virtual = 3969
synth_design: Time (s): cpu = 00:00:24 ; elapsed = 00:00:24 . Memory (MB): peak = 1420.242 ; gain = 421.090 ; free physical = 1486 ; free virtual = 3965
