
*** Running vivado
    with args -log c_addsub_0.vds -m64 -product Vivado -mode batch -messageDb vivado.pb -notrace -source c_addsub_0.tcl

awk: symbol lookup error: awk: undefined symbol: mpfr_z_sub

****** Vivado v2016.4 (64-bit)
  **** SW Build 1756540 on Mon Jan 23 19:11:19 MST 2017
  **** IP Build 1755317 on Mon Jan 23 20:30:07 MST 2017
    ** Copyright 1986-2016 Xilinx, Inc. All Rights Reserved.

source c_addsub_0.tcl -notrace
CRITICAL WARNING: [Board 49-56] Problem parsing board file - /home/pingwin/VIVADO/Vivado/2016.4/data/boards/board_files/arty-s7-50/B.0/board.xml
awk: symbol lookup error: awk: undefined symbol: mpfr_z_sub
Starting RTL Elaboration : Time (s): cpu = 00:00:10 ; elapsed = 00:00:10 . Memory (MB): peak = 1074.738 ; gain = 143.086 ; free physical = 1578 ; free virtual = 3778
INFO: [Synth 8-638] synthesizing module 'c_addsub_0' [/home/pingwin/Dokumenty/Verilog/compound-project/YCbCr/rgb2ycbcr.srcs/sources_1/ip/c_addsub_0_2/synth/c_addsub_0.vhd:69]
INFO: [Synth 8-256] done synthesizing module 'c_addsub_0' (7#1) [/home/pingwin/Dokumenty/Verilog/compound-project/YCbCr/rgb2ycbcr.srcs/sources_1/ip/c_addsub_0_2/synth/c_addsub_0.vhd:69]
Finished RTL Elaboration : Time (s): cpu = 00:00:12 ; elapsed = 00:00:12 . Memory (MB): peak = 1120.207 ; gain = 188.555 ; free physical = 1536 ; free virtual = 3732
Finished RTL Optimization Phase 1 : Time (s): cpu = 00:00:12 ; elapsed = 00:00:13 . Memory (MB): peak = 1120.207 ; gain = 188.555 ; free physical = 1536 ; free virtual = 3732
INFO: [Device 21-403] Loading part xc7z010clg400-1
Constraint Validation Runtime : Time (s): cpu = 00:00:00.02 ; elapsed = 00:00:00.02 . Memory (MB): peak = 1390.566 ; gain = 0.000 ; free physical = 1378 ; free virtual = 3574
Finished Constraint Validation : Time (s): cpu = 00:00:25 ; elapsed = 00:00:26 . Memory (MB): peak = 1390.566 ; gain = 458.914 ; free physical = 1377 ; free virtual = 3573
Finished Loading Part and Timing Information : Time (s): cpu = 00:00:25 ; elapsed = 00:00:26 . Memory (MB): peak = 1390.566 ; gain = 458.914 ; free physical = 1377 ; free virtual = 3573
Finished applying 'set_property' XDC Constraints : Time (s): cpu = 00:00:25 ; elapsed = 00:00:26 . Memory (MB): peak = 1390.566 ; gain = 458.914 ; free physical = 1377 ; free virtual = 3573
Finished RTL Optimization Phase 2 : Time (s): cpu = 00:00:25 ; elapsed = 00:00:26 . Memory (MB): peak = 1390.566 ; gain = 458.914 ; free physical = 1369 ; free virtual = 3566
Finished Cross Boundary and Area Optimization : Time (s): cpu = 00:00:26 ; elapsed = 00:00:26 . Memory (MB): peak = 1390.566 ; gain = 458.914 ; free physical = 1354 ; free virtual = 3550
Finished Applying XDC Timing Constraints : Time (s): cpu = 00:00:38 ; elapsed = 00:00:38 . Memory (MB): peak = 1390.566 ; gain = 458.914 ; free physical = 1310 ; free virtual = 3512
Finished Timing Optimization : Time (s): cpu = 00:00:38 ; elapsed = 00:00:38 . Memory (MB): peak = 1390.566 ; gain = 458.914 ; free physical = 1310 ; free virtual = 3512
Finished Technology Mapping : Time (s): cpu = 00:00:38 ; elapsed = 00:00:39 . Memory (MB): peak = 1390.566 ; gain = 458.914 ; free physical = 1301 ; free virtual = 3503
Finished IO Insertion : Time (s): cpu = 00:00:38 ; elapsed = 00:00:39 . Memory (MB): peak = 1390.566 ; gain = 458.914 ; free physical = 1304 ; free virtual = 3503
Finished Renaming Generated Instances : Time (s): cpu = 00:00:38 ; elapsed = 00:00:39 . Memory (MB): peak = 1390.566 ; gain = 458.914 ; free physical = 1304 ; free virtual = 3503
Finished Rebuilding User Hierarchy : Time (s): cpu = 00:00:38 ; elapsed = 00:00:39 . Memory (MB): peak = 1390.566 ; gain = 458.914 ; free physical = 1304 ; free virtual = 3503
Finished Renaming Generated Ports : Time (s): cpu = 00:00:38 ; elapsed = 00:00:39 . Memory (MB): peak = 1390.566 ; gain = 458.914 ; free physical = 1304 ; free virtual = 3503
Finished Handling Custom Attributes : Time (s): cpu = 00:00:39 ; elapsed = 00:00:39 . Memory (MB): peak = 1390.566 ; gain = 458.914 ; free physical = 1304 ; free virtual = 3503
Finished Renaming Generated Nets : Time (s): cpu = 00:00:39 ; elapsed = 00:00:39 . Memory (MB): peak = 1390.566 ; gain = 458.914 ; free physical = 1304 ; free virtual = 3503

Report Cell Usage: 
+------+------+------+
|      |Cell  |Count |
+------+------+------+
|1     |LUT2  |    11|
|2     |MUXCY |    10|
|3     |XORCY |    11|
|4     |FDRE  |    11|
+------+------+------+
Finished Writing Synthesis Report : Time (s): cpu = 00:00:39 ; elapsed = 00:00:39 . Memory (MB): peak = 1390.566 ; gain = 458.914 ; free physical = 1304 ; free virtual = 3503
synth_design: Time (s): cpu = 00:00:37 ; elapsed = 00:00:37 . Memory (MB): peak = 1396.566 ; gain = 397.410 ; free physical = 1290 ; free virtual = 3489
