Vivado Simulator 2016.4
Copyright 1986-1999, 2001-2016 Xilinx, Inc. All Rights Reserved.
Running: /home/pingwin/VIVADO/Vivado/2016.4/bin/unwrapped/lnx64.o/xelab -wto f044ffeb5c9744e1a3bffd01f25444be --debug typical --relax --mt 8 -L xbip_utils_v3_0_7 -L c_reg_fd_v12_0_3 -L xbip_dsp48_wrapper_v3_0_4 -L xbip_pipe_v3_0_3 -L xbip_dsp48_addsub_v3_0_3 -L xbip_addsub_v3_0_3 -L c_addsub_v12_0_10 -L xil_defaultlib -L xbip_bram18k_v3_0_3 -L mult_gen_v12_0_12 -L unisims_ver -L unimacro_ver -L secureip -L xpm --snapshot tb_system_behav xil_defaultlib.tb_system xil_defaultlib.glbl -log elaborate.log 
Using 8 slave threads.
Starting static elaboration
WARNING: [VRFC 10-1374] size mismatch in mixed language port association, vhdl port ce [/home/pingwin/Dokumenty/Verilog/weird_summator/weird_summator.srcs/sim_1/new/tb_system.v:59]
WARNING: [VRFC 10-1374] size mismatch in mixed language port association, vhdl port a [/home/pingwin/Dokumenty/Verilog/weird_summator/weird_summator.srcs/sim_1/new/tb_system.v:63]
WARNING: [VRFC 10-1374] size mismatch in mixed language port association, vhdl port ce [/home/pingwin/Dokumenty/Verilog/weird_summator/weird_summator.srcs/sim_1/new/tb_system.v:64]
WARNING: [VRFC 10-1374] size mismatch in mixed language port association, vhdl port ce [/home/pingwin/Dokumenty/Verilog/weird_summator/weird_summator.srcs/sim_1/new/tb_system.v:67]
WARNING: [VRFC 10-1374] size mismatch in mixed language port association, vhdl port a [/home/pingwin/Dokumenty/Verilog/weird_summator/weird_summator.srcs/sources_1/new/system.v:46]
WARNING: [VRFC 10-278] actual bit length 32 differs from formal bit length 1 for port ce [/home/pingwin/Dokumenty/Verilog/weird_summator/weird_summator.srcs/sim_1/new/tb_system.v:71]
Completed static elaboration
Starting simulation data flow analysis
WARNING: [XSIM 43-4099] "/home/pingwin/Dokumenty/Verilog/weird_summator/weird_summator.srcs/sources_1/new/delay.v" Line 2. Module delay(WIDTH=11) doesn't have a timescale but at least one module in design has a timescale.
WARNING: [XSIM 43-4099] "/home/pingwin/Dokumenty/Verilog/weird_summator/weird_summator.srcs/sources_1/new/delay.v" Line 2. Module delay(WIDTH=11) doesn't have a timescale but at least one module in design has a timescale.
WARNING: [XSIM 43-4099] "/home/pingwin/Dokumenty/Verilog/weird_summator/weird_summator.srcs/sources_1/new/delay.v" Line 2. Module delay(WIDTH=11) doesn't have a timescale but at least one module in design has a timescale.
WARNING: [XSIM 43-4099] "/home/pingwin/Dokumenty/Verilog/weird_summator/weird_summator.srcs/sources_1/new/delay.v" Line 2. Module delay(WIDTH=11) doesn't have a timescale but at least one module in design has a timescale.
Completed simulation data flow analysis
Time Resolution for simulation is 1ps
Compiling package std.standard
Compiling package std.textio
Compiling package ieee.std_logic_1164
Compiling package ieee.numeric_std
Compiling package c_addsub_v12_0_10.c_addsub_v12_0_10_viv_comp
Compiling package xbip_utils_v3_0_7.xbip_utils_v3_0_7_pkg
Compiling package xbip_pipe_v3_0_3.xbip_pipe_v3_0_3_viv_comp
Compiling package xbip_addsub_v3_0_3.xbip_addsub_v3_0_3_viv_comp
Compiling package c_addsub_v12_0_10.c_addsub_v12_0_10_pkg
Compiling package c_addsub_v12_0_10.c_addsub_v12_0_10_pkg_legacy
Compiling package c_reg_fd_v12_0_3.c_reg_fd_v12_0_3_viv_comp
Compiling package unisim.vcomponents
Compiling package mult_gen_v12_0_12.mult_gen_v12_0_12_viv_comp
Compiling package mult_gen_v12_0_12.mult_gen_v12_0_12_pkg
Compiling package ieee.std_logic_arith
Compiling package ieee.std_logic_signed
Compiling package ieee.std_logic_unsigned
Compiling package ieee.vital_timing
Compiling package ieee.vital_primitives
Compiling package unisim.vpkg
Compiling architecture structural of entity c_reg_fd_v12_0_3.c_reg_fd_v12_0_3_viv [\c_reg_fd_v12_0_3_viv(c_sync_pri...]
Compiling architecture structural of entity c_reg_fd_v12_0_3.c_reg_fd_v12_0_3_viv [\c_reg_fd_v12_0_3_viv(c_width=8,...]
Compiling architecture muxcy_v of entity unisim.MUXCY [muxcy_default]
Compiling architecture xorcy_v of entity unisim.XORCY [xorcy_default]
Compiling architecture rtl of entity c_addsub_v12_0_10.c_addsub_v12_0_10_lut6_legacy [\c_addsub_v12_0_10_lut6_legacy(c...]
Compiling architecture synth of entity c_addsub_v12_0_10.c_addsub_v12_0_10_fabric_legacy [\c_addsub_v12_0_10_fabric_legacy...]
Compiling architecture structural of entity c_reg_fd_v12_0_3.c_reg_fd_v12_0_3_viv [\c_reg_fd_v12_0_3_viv(c_width=9,...]
Compiling architecture rtl of entity c_addsub_v12_0_10.c_addsub_v12_0_10_lut6_legacy [\c_addsub_v12_0_10_lut6_legacy(c...]
Compiling architecture synth of entity c_addsub_v12_0_10.c_addsub_v12_0_10_fabric_legacy [\c_addsub_v12_0_10_fabric_legacy...]
Compiling architecture rtl of entity c_addsub_v12_0_10.c_addsub_v12_0_10_lut6_legacy [\c_addsub_v12_0_10_lut6_legacy(c...]
Compiling architecture synth of entity c_addsub_v12_0_10.c_addsub_v12_0_10_fabric_legacy [\c_addsub_v12_0_10_fabric_legacy...]
Compiling architecture synth of entity c_addsub_v12_0_10.c_addsub_v12_0_10_legacy [\c_addsub_v12_0_10_legacy(c_fami...]
Compiling architecture synth of entity c_addsub_v12_0_10.c_addsub_v12_0_10_viv [\c_addsub_v12_0_10_viv(c_xdevice...]
Compiling architecture xilinx of entity c_addsub_v12_0_10.c_addsub_v12_0_10 [\c_addsub_v12_0_10(c_xdevicefami...]
Compiling architecture sum_left_arch of entity xil_defaultlib.sum_left [sum_left_default]
Compiling module xil_defaultlib.delay(WIDTH=11)
Compiling architecture lut2_v of entity unisim.LUT2 [\LUT2(init="1000")(0,3)\]
Compiling architecture mult_and_v of entity unisim.MULT_AND [mult_and_default]
Compiling architecture xilinx of entity mult_gen_v12_0_12.op_resize [\op_resize(ai_width=17,bi_width=...]
Compiling architecture xilinx of entity mult_gen_v12_0_12.luts [\luts(c_xdevicefamily="kintex7",...]
Compiling architecture xilinx of entity mult_gen_v12_0_12.mult_gen_v12_0_12_viv [\mult_gen_v12_0_12_viv(c_verbosi...]
Compiling architecture xilinx of entity mult_gen_v12_0_12.mult_gen_v12_0_12 [\mult_gen_v12_0_12(c_xdevicefami...]
Compiling architecture mul_left_arch of entity xil_defaultlib.mul_left [mul_left_default]
Compiling architecture structural of entity c_reg_fd_v12_0_3.c_reg_fd_v12_0_3_viv [\c_reg_fd_v12_0_3_viv(c_width=6,...]
Compiling architecture rtl of entity c_addsub_v12_0_10.c_addsub_v12_0_10_lut6_legacy [\c_addsub_v12_0_10_lut6_legacy(c...]
Compiling architecture synth of entity c_addsub_v12_0_10.c_addsub_v12_0_10_fabric_legacy [\c_addsub_v12_0_10_fabric_legacy...]
Compiling architecture structural of entity c_reg_fd_v12_0_3.c_reg_fd_v12_0_3_viv [\c_reg_fd_v12_0_3_viv(c_width=7,...]
Compiling architecture rtl of entity c_addsub_v12_0_10.c_addsub_v12_0_10_lut6_legacy [\c_addsub_v12_0_10_lut6_legacy(c...]
Compiling architecture synth of entity c_addsub_v12_0_10.c_addsub_v12_0_10_fabric_legacy [\c_addsub_v12_0_10_fabric_legacy...]
Compiling architecture rtl of entity c_addsub_v12_0_10.c_addsub_v12_0_10_lut6_legacy [\c_addsub_v12_0_10_lut6_legacy(c...]
Compiling architecture synth of entity c_addsub_v12_0_10.c_addsub_v12_0_10_fabric_legacy [\c_addsub_v12_0_10_fabric_legacy...]
Compiling architecture synth of entity c_addsub_v12_0_10.c_addsub_v12_0_10_legacy [\c_addsub_v12_0_10_legacy(c_fami...]
Compiling architecture synth of entity c_addsub_v12_0_10.c_addsub_v12_0_10_viv [\c_addsub_v12_0_10_viv(c_xdevice...]
Compiling architecture xilinx of entity c_addsub_v12_0_10.c_addsub_v12_0_10 [\c_addsub_v12_0_10(c_xdevicefami...]
Compiling architecture sum_right_1_arch of entity xil_defaultlib.sum_right_1 [sum_right_1_default]
Compiling architecture rtl of entity c_addsub_v12_0_10.c_addsub_v12_0_10_lut6_legacy [\c_addsub_v12_0_10_lut6_legacy(c...]
Compiling architecture synth of entity c_addsub_v12_0_10.c_addsub_v12_0_10_fabric_legacy [\c_addsub_v12_0_10_fabric_legacy...]
Compiling architecture rtl of entity c_addsub_v12_0_10.c_addsub_v12_0_10_lut6_legacy [\c_addsub_v12_0_10_lut6_legacy(c...]
Compiling architecture synth of entity c_addsub_v12_0_10.c_addsub_v12_0_10_fabric_legacy [\c_addsub_v12_0_10_fabric_legacy...]
Compiling architecture synth of entity c_addsub_v12_0_10.c_addsub_v12_0_10_legacy [\c_addsub_v12_0_10_legacy(c_fami...]
Compiling architecture synth of entity c_addsub_v12_0_10.c_addsub_v12_0_10_viv [\c_addsub_v12_0_10_viv(c_xdevice...]
Compiling architecture xilinx of entity c_addsub_v12_0_10.c_addsub_v12_0_10 [\c_addsub_v12_0_10(c_xdevicefami...]
Compiling architecture sum_right_2_arch of entity xil_defaultlib.sum_right_2 [sum_right_2_default]
Compiling architecture xilinx of entity mult_gen_v12_0_12.op_resize [\op_resize(ai_width=13,bi_width=...]
Compiling architecture xilinx of entity mult_gen_v12_0_12.luts [\luts(c_xdevicefamily="kintex7",...]
Compiling architecture xilinx of entity mult_gen_v12_0_12.mult_gen_v12_0_12_viv [\mult_gen_v12_0_12_viv(c_verbosi...]
Compiling architecture xilinx of entity mult_gen_v12_0_12.mult_gen_v12_0_12 [\mult_gen_v12_0_12(c_xdevicefami...]
Compiling architecture mul_right_arch of entity xil_defaultlib.mul_right [mul_right_default]
Compiling architecture structural of entity c_reg_fd_v12_0_3.c_reg_fd_v12_0_3_viv [\c_reg_fd_v12_0_3_viv(c_width=10...]
Compiling architecture rtl of entity c_addsub_v12_0_10.c_addsub_v12_0_10_lut6_legacy [\c_addsub_v12_0_10_lut6_legacy(c...]
Compiling architecture synth of entity c_addsub_v12_0_10.c_addsub_v12_0_10_fabric_legacy [\c_addsub_v12_0_10_fabric_legacy...]
Compiling architecture structural of entity c_reg_fd_v12_0_3.c_reg_fd_v12_0_3_viv [\c_reg_fd_v12_0_3_viv(c_width=11...]
Compiling architecture rtl of entity c_addsub_v12_0_10.c_addsub_v12_0_10_lut6_legacy [\c_addsub_v12_0_10_lut6_legacy(c...]
Compiling architecture synth of entity c_addsub_v12_0_10.c_addsub_v12_0_10_fabric_legacy [\c_addsub_v12_0_10_fabric_legacy...]
Compiling architecture rtl of entity c_addsub_v12_0_10.c_addsub_v12_0_10_lut6_legacy [\c_addsub_v12_0_10_lut6_legacy(c...]
Compiling architecture synth of entity c_addsub_v12_0_10.c_addsub_v12_0_10_fabric_legacy [\c_addsub_v12_0_10_fabric_legacy...]
Compiling architecture rtl of entity c_addsub_v12_0_10.c_addsub_v12_0_10_lut6_legacy [\c_addsub_v12_0_10_lut6_legacy(c...]
Compiling architecture synth of entity c_addsub_v12_0_10.c_addsub_v12_0_10_fabric_legacy [\c_addsub_v12_0_10_fabric_legacy...]
Compiling architecture synth of entity c_addsub_v12_0_10.c_addsub_v12_0_10_legacy [\c_addsub_v12_0_10_legacy(c_fami...]
Compiling architecture synth of entity c_addsub_v12_0_10.c_addsub_v12_0_10_viv [\c_addsub_v12_0_10_viv(c_xdevice...]
Compiling architecture xilinx of entity c_addsub_v12_0_10.c_addsub_v12_0_10 [\c_addsub_v12_0_10(c_xdevicefami...]
Compiling architecture sum_middle_arch of entity xil_defaultlib.sum_middle [sum_middle_default]
Compiling module xil_defaultlib.system
Compiling module xil_defaultlib.tb_system
Compiling module xil_defaultlib.glbl
Built simulation snapshot tb_system_behav
