
*** Running vivado
    with args -log long_short.vds -m64 -product Vivado -mode batch -messageDb vivado.pb -notrace -source long_short.tcl

awk: symbol lookup error: awk: undefined symbol: mpfr_z_sub

****** Vivado v2016.4 (64-bit)
  **** SW Build 1756540 on Mon Jan 23 19:11:19 MST 2017
  **** IP Build 1755317 on Mon Jan 23 20:30:07 MST 2017
    ** Copyright 1986-2016 Xilinx, Inc. All Rights Reserved.

source long_short.tcl -notrace
awk: symbol lookup error: awk: undefined symbol: mpfr_z_sub
Starting RTL Elaboration : Time (s): cpu = 00:00:11 ; elapsed = 00:00:11 . Memory (MB): peak = 1064.734 ; gain = 133.086 ; free physical = 690 ; free virtual = 3652
INFO: [Synth 8-638] synthesizing module 'long_short' [/home/pingwin/Dokumenty/Verilog/rgb2ycbcr/rgb2ycbcr.srcs/sources_1/ip/long_short/synth/long_short.vhd:69]
INFO: [Synth 8-256] done synthesizing module 'long_short' (7#1) [/home/pingwin/Dokumenty/Verilog/rgb2ycbcr/rgb2ycbcr.srcs/sources_1/ip/long_short/synth/long_short.vhd:69]
Finished RTL Elaboration : Time (s): cpu = 00:00:13 ; elapsed = 00:00:13 . Memory (MB): peak = 1110.203 ; gain = 178.555 ; free physical = 644 ; free virtual = 3605
Finished RTL Optimization Phase 1 : Time (s): cpu = 00:00:13 ; elapsed = 00:00:13 . Memory (MB): peak = 1110.203 ; gain = 178.555 ; free physical = 644 ; free virtual = 3605
INFO: [Device 21-403] Loading part xc7k70tfbv676-1
Constraint Validation Runtime : Time (s): cpu = 00:00:00.02 ; elapsed = 00:00:00.02 . Memory (MB): peak = 1386.273 ; gain = 1.000 ; free physical = 487 ; free virtual = 3449
Finished Constraint Validation : Time (s): cpu = 00:00:29 ; elapsed = 00:00:30 . Memory (MB): peak = 1386.273 ; gain = 454.625 ; free physical = 486 ; free virtual = 3448
Finished Loading Part and Timing Information : Time (s): cpu = 00:00:29 ; elapsed = 00:00:30 . Memory (MB): peak = 1386.273 ; gain = 454.625 ; free physical = 486 ; free virtual = 3448
Finished applying 'set_property' XDC Constraints : Time (s): cpu = 00:00:29 ; elapsed = 00:00:30 . Memory (MB): peak = 1386.273 ; gain = 454.625 ; free physical = 486 ; free virtual = 3448
Finished RTL Optimization Phase 2 : Time (s): cpu = 00:00:30 ; elapsed = 00:00:30 . Memory (MB): peak = 1386.273 ; gain = 454.625 ; free physical = 479 ; free virtual = 3441
Finished Cross Boundary and Area Optimization : Time (s): cpu = 00:00:30 ; elapsed = 00:00:30 . Memory (MB): peak = 1386.273 ; gain = 454.625 ; free physical = 463 ; free virtual = 3425
Finished Applying XDC Timing Constraints : Time (s): cpu = 00:00:44 ; elapsed = 00:00:44 . Memory (MB): peak = 1386.273 ; gain = 454.625 ; free physical = 403 ; free virtual = 3358
Finished Timing Optimization : Time (s): cpu = 00:00:44 ; elapsed = 00:00:44 . Memory (MB): peak = 1386.273 ; gain = 454.625 ; free physical = 403 ; free virtual = 3358
Finished Technology Mapping : Time (s): cpu = 00:00:44 ; elapsed = 00:00:44 . Memory (MB): peak = 1386.273 ; gain = 454.625 ; free physical = 394 ; free virtual = 3349
Finished IO Insertion : Time (s): cpu = 00:00:45 ; elapsed = 00:00:45 . Memory (MB): peak = 1386.273 ; gain = 454.625 ; free physical = 394 ; free virtual = 3349
Finished Renaming Generated Instances : Time (s): cpu = 00:00:45 ; elapsed = 00:00:45 . Memory (MB): peak = 1386.273 ; gain = 454.625 ; free physical = 394 ; free virtual = 3349
Finished Rebuilding User Hierarchy : Time (s): cpu = 00:00:45 ; elapsed = 00:00:45 . Memory (MB): peak = 1386.273 ; gain = 454.625 ; free physical = 394 ; free virtual = 3349
Finished Renaming Generated Ports : Time (s): cpu = 00:00:45 ; elapsed = 00:00:45 . Memory (MB): peak = 1386.273 ; gain = 454.625 ; free physical = 394 ; free virtual = 3349
Finished Handling Custom Attributes : Time (s): cpu = 00:00:45 ; elapsed = 00:00:45 . Memory (MB): peak = 1386.273 ; gain = 454.625 ; free physical = 394 ; free virtual = 3349
Finished Renaming Generated Nets : Time (s): cpu = 00:00:45 ; elapsed = 00:00:45 . Memory (MB): peak = 1386.273 ; gain = 454.625 ; free physical = 394 ; free virtual = 3349

Report Cell Usage: 
+------+------+------+
|      |Cell  |Count |
+------+------+------+
|1     |LUT2  |     8|
|2     |MUXCY |    11|
|3     |XORCY |    12|
|4     |FDRE  |    12|
+------+------+------+
Finished Writing Synthesis Report : Time (s): cpu = 00:00:45 ; elapsed = 00:00:45 . Memory (MB): peak = 1386.273 ; gain = 454.625 ; free physical = 394 ; free virtual = 3349
synth_design: Time (s): cpu = 00:00:43 ; elapsed = 00:00:43 . Memory (MB): peak = 1386.281 ; gain = 387.129 ; free physical = 376 ; free virtual = 3331
