
*** Running vivado
    with args -log h_calculation_divider.vds -m64 -product Vivado -mode batch -messageDb vivado.pb -notrace -source h_calculation_divider.tcl

awk: symbol lookup error: awk: undefined symbol: mpfr_z_sub

****** Vivado v2016.4 (64-bit)
  **** SW Build 1756540 on Mon Jan 23 19:11:19 MST 2017
  **** IP Build 1755317 on Mon Jan 23 20:30:07 MST 2017
    ** Copyright 1986-2016 Xilinx, Inc. All Rights Reserved.

source h_calculation_divider.tcl -notrace
CRITICAL WARNING: [Board 49-56] Problem parsing board file - /home/pingwin/VIVADO/Vivado/2016.4/data/boards/board_files/arty-s7-50/B.0/board.xml
awk: symbol lookup error: awk: undefined symbol: mpfr_z_sub
Starting RTL Elaboration : Time (s): cpu = 00:00:05 ; elapsed = 00:00:06 . Memory (MB): peak = 1076.742 ; gain = 145.086 ; free physical = 932 ; free virtual = 3680
INFO: [Synth 8-638] synthesizing module 'h_calculation_divider' [/home/pingwin/Dokumenty/Verilog/compound-project/HSV/HSV.srcs/sources_1/ip/h_calculation_divider/synth/h_calculation_divider.vhd:71]
INFO: [Synth 8-256] done synthesizing module 'h_calculation_divider' (12#1) [/home/pingwin/Dokumenty/Verilog/compound-project/HSV/HSV.srcs/sources_1/ip/h_calculation_divider/synth/h_calculation_divider.vhd:71]
Finished RTL Elaboration : Time (s): cpu = 00:00:08 ; elapsed = 00:00:08 . Memory (MB): peak = 1157.211 ; gain = 225.555 ; free physical = 842 ; free virtual = 3599
Finished RTL Optimization Phase 1 : Time (s): cpu = 00:00:08 ; elapsed = 00:00:08 . Memory (MB): peak = 1157.211 ; gain = 225.555 ; free physical = 842 ; free virtual = 3599
INFO: [Device 21-403] Loading part xc7z010clg400-1
Constraint Validation Runtime : Time (s): cpu = 00:00:00.04 ; elapsed = 00:00:00.03 . Memory (MB): peak = 1421.242 ; gain = 0.000 ; free physical = 685 ; free virtual = 3435
Finished Constraint Validation : Time (s): cpu = 00:00:16 ; elapsed = 00:00:16 . Memory (MB): peak = 1421.242 ; gain = 489.586 ; free physical = 694 ; free virtual = 3444
Finished Loading Part and Timing Information : Time (s): cpu = 00:00:16 ; elapsed = 00:00:16 . Memory (MB): peak = 1421.242 ; gain = 489.586 ; free physical = 694 ; free virtual = 3443
Finished applying 'set_property' XDC Constraints : Time (s): cpu = 00:00:16 ; elapsed = 00:00:16 . Memory (MB): peak = 1421.242 ; gain = 489.586 ; free physical = 692 ; free virtual = 3441
Finished RTL Optimization Phase 2 : Time (s): cpu = 00:00:16 ; elapsed = 00:00:16 . Memory (MB): peak = 1421.242 ; gain = 489.586 ; free physical = 649 ; free virtual = 3399
Finished Cross Boundary and Area Optimization : Time (s): cpu = 00:00:17 ; elapsed = 00:00:18 . Memory (MB): peak = 1421.242 ; gain = 489.586 ; free physical = 579 ; free virtual = 3327
Finished Applying XDC Timing Constraints : Time (s): cpu = 00:00:24 ; elapsed = 00:00:24 . Memory (MB): peak = 1421.242 ; gain = 489.586 ; free physical = 655 ; free virtual = 3404
Finished Timing Optimization : Time (s): cpu = 00:00:24 ; elapsed = 00:00:25 . Memory (MB): peak = 1421.242 ; gain = 489.586 ; free physical = 644 ; free virtual = 3393
Finished Technology Mapping : Time (s): cpu = 00:00:25 ; elapsed = 00:00:25 . Memory (MB): peak = 1421.242 ; gain = 489.586 ; free physical = 627 ; free virtual = 3377
Finished IO Insertion : Time (s): cpu = 00:00:25 ; elapsed = 00:00:26 . Memory (MB): peak = 1421.242 ; gain = 489.586 ; free physical = 619 ; free virtual = 3377
Finished Renaming Generated Instances : Time (s): cpu = 00:00:25 ; elapsed = 00:00:26 . Memory (MB): peak = 1421.242 ; gain = 489.586 ; free physical = 619 ; free virtual = 3377
Finished Rebuilding User Hierarchy : Time (s): cpu = 00:00:26 ; elapsed = 00:00:26 . Memory (MB): peak = 1421.242 ; gain = 489.586 ; free physical = 618 ; free virtual = 3377
Finished Renaming Generated Ports : Time (s): cpu = 00:00:26 ; elapsed = 00:00:26 . Memory (MB): peak = 1421.242 ; gain = 489.586 ; free physical = 619 ; free virtual = 3377
Finished Handling Custom Attributes : Time (s): cpu = 00:00:26 ; elapsed = 00:00:26 . Memory (MB): peak = 1421.242 ; gain = 489.586 ; free physical = 619 ; free virtual = 3377
Finished Renaming Generated Nets : Time (s): cpu = 00:00:26 ; elapsed = 00:00:26 . Memory (MB): peak = 1421.242 ; gain = 489.586 ; free physical = 618 ; free virtual = 3377

Report Cell Usage: 
+------+--------+------+
|      |Cell    |Count |
+------+--------+------+
|1     |CARRY4  |    12|
|2     |LUT1    |    65|
|3     |LUT2    |    86|
|4     |LUT3    |   376|
|5     |LUT4    |     1|
|6     |LUT5    |     2|
|7     |LUT6    |     5|
|8     |MUXCY   |   408|
|9     |SRLC32E |     3|
|10    |XORCY   |   408|
|11    |FDRE    |  1355|
+------+--------+------+
Finished Writing Synthesis Report : Time (s): cpu = 00:00:26 ; elapsed = 00:00:26 . Memory (MB): peak = 1421.242 ; gain = 489.586 ; free physical = 619 ; free virtual = 3377
synth_design: Time (s): cpu = 00:00:26 ; elapsed = 00:00:26 . Memory (MB): peak = 1421.250 ; gain = 422.090 ; free physical = 619 ; free virtual = 3374
