
*** Running vivado
    with args -log h_calculation_divider.vds -m64 -product Vivado -mode batch -messageDb vivado.pb -notrace -source h_calculation_divider.tcl

awk: symbol lookup error: awk: undefined symbol: mpfr_z_sub

****** Vivado v2016.4 (64-bit)
  **** SW Build 1756540 on Mon Jan 23 19:11:19 MST 2017
  **** IP Build 1755317 on Mon Jan 23 20:30:07 MST 2017
    ** Copyright 1986-2016 Xilinx, Inc. All Rights Reserved.

source h_calculation_divider.tcl -notrace
CRITICAL WARNING: [Board 49-56] Problem parsing board file - /home/pingwin/VIVADO/Vivado/2016.4/data/boards/board_files/arty-s7-50/B.0/board.xml
awk: symbol lookup error: awk: undefined symbol: mpfr_z_sub
Starting RTL Elaboration : Time (s): cpu = 00:00:05 ; elapsed = 00:00:06 . Memory (MB): peak = 1076.738 ; gain = 145.086 ; free physical = 623 ; free virtual = 2829
INFO: [Synth 8-638] synthesizing module 'h_calculation_divider' [/home/pingwin/Dokumenty/Verilog/compound-project/HSV/HSV.srcs/sources_1/ip/h_calculation_divider/synth/h_calculation_divider.vhd:71]
INFO: [Synth 8-256] done synthesizing module 'h_calculation_divider' (12#1) [/home/pingwin/Dokumenty/Verilog/compound-project/HSV/HSV.srcs/sources_1/ip/h_calculation_divider/synth/h_calculation_divider.vhd:71]
Finished RTL Elaboration : Time (s): cpu = 00:00:08 ; elapsed = 00:00:08 . Memory (MB): peak = 1156.207 ; gain = 224.555 ; free physical = 540 ; free virtual = 2748
Finished RTL Optimization Phase 1 : Time (s): cpu = 00:00:08 ; elapsed = 00:00:08 . Memory (MB): peak = 1156.207 ; gain = 224.555 ; free physical = 540 ; free virtual = 2748
INFO: [Device 21-403] Loading part xc7z010clg400-1
Constraint Validation Runtime : Time (s): cpu = 00:00:00.02 ; elapsed = 00:00:00.01 . Memory (MB): peak = 1417.223 ; gain = 1.000 ; free physical = 408 ; free virtual = 2618
Finished Constraint Validation : Time (s): cpu = 00:00:15 ; elapsed = 00:00:15 . Memory (MB): peak = 1417.223 ; gain = 485.570 ; free physical = 408 ; free virtual = 2617
Finished Loading Part and Timing Information : Time (s): cpu = 00:00:15 ; elapsed = 00:00:15 . Memory (MB): peak = 1417.223 ; gain = 485.570 ; free physical = 408 ; free virtual = 2616
Finished applying 'set_property' XDC Constraints : Time (s): cpu = 00:00:15 ; elapsed = 00:00:15 . Memory (MB): peak = 1417.223 ; gain = 485.570 ; free physical = 408 ; free virtual = 2616
Finished RTL Optimization Phase 2 : Time (s): cpu = 00:00:15 ; elapsed = 00:00:15 . Memory (MB): peak = 1417.223 ; gain = 485.570 ; free physical = 402 ; free virtual = 2610
Finished Cross Boundary and Area Optimization : Time (s): cpu = 00:00:15 ; elapsed = 00:00:16 . Memory (MB): peak = 1417.223 ; gain = 485.570 ; free physical = 378 ; free virtual = 2586
Finished Applying XDC Timing Constraints : Time (s): cpu = 00:00:21 ; elapsed = 00:00:22 . Memory (MB): peak = 1417.223 ; gain = 485.570 ; free physical = 349 ; free virtual = 2558
Finished Timing Optimization : Time (s): cpu = 00:00:21 ; elapsed = 00:00:22 . Memory (MB): peak = 1417.223 ; gain = 485.570 ; free physical = 338 ; free virtual = 2547
Finished Technology Mapping : Time (s): cpu = 00:00:21 ; elapsed = 00:00:22 . Memory (MB): peak = 1417.223 ; gain = 485.570 ; free physical = 329 ; free virtual = 2538
Finished IO Insertion : Time (s): cpu = 00:00:22 ; elapsed = 00:00:22 . Memory (MB): peak = 1417.223 ; gain = 485.570 ; free physical = 330 ; free virtual = 2538
Finished Renaming Generated Instances : Time (s): cpu = 00:00:22 ; elapsed = 00:00:22 . Memory (MB): peak = 1417.223 ; gain = 485.570 ; free physical = 330 ; free virtual = 2538
Finished Rebuilding User Hierarchy : Time (s): cpu = 00:00:22 ; elapsed = 00:00:22 . Memory (MB): peak = 1417.223 ; gain = 485.570 ; free physical = 330 ; free virtual = 2538
Finished Renaming Generated Ports : Time (s): cpu = 00:00:22 ; elapsed = 00:00:22 . Memory (MB): peak = 1417.223 ; gain = 485.570 ; free physical = 330 ; free virtual = 2538
Finished Handling Custom Attributes : Time (s): cpu = 00:00:22 ; elapsed = 00:00:22 . Memory (MB): peak = 1417.223 ; gain = 485.570 ; free physical = 330 ; free virtual = 2538
Finished Renaming Generated Nets : Time (s): cpu = 00:00:22 ; elapsed = 00:00:22 . Memory (MB): peak = 1417.223 ; gain = 485.570 ; free physical = 330 ; free virtual = 2538

Report Cell Usage: 
+------+-------+------+
|      |Cell   |Count |
+------+-------+------+
|1     |LUT1   |    25|
|2     |LUT2   |    30|
|3     |LUT3   |    87|
|4     |LUT4   |     8|
|5     |LUT5   |    10|
|6     |LUT6   |    13|
|7     |MUXCY  |   100|
|8     |SRL16E |     3|
|9     |XORCY  |   100|
|10    |FDRE   |   343|
+------+-------+------+
Finished Writing Synthesis Report : Time (s): cpu = 00:00:22 ; elapsed = 00:00:22 . Memory (MB): peak = 1417.223 ; gain = 485.570 ; free physical = 330 ; free virtual = 2538
synth_design: Time (s): cpu = 00:00:21 ; elapsed = 00:00:21 . Memory (MB): peak = 1417.230 ; gain = 418.074 ; free physical = 324 ; free virtual = 2532
