
*** Running vivado
    with args -log hdmi_vga_xlconstant_1_1.vds -m64 -product Vivado -mode batch -messageDb vivado.pb -notrace -source hdmi_vga_xlconstant_1_1.tcl

awk: symbol lookup error: awk: undefined symbol: mpfr_z_sub

****** Vivado v2016.4 (64-bit)
  **** SW Build 1756540 on Mon Jan 23 19:11:19 MST 2017
  **** IP Build 1755317 on Mon Jan 23 20:30:07 MST 2017
    ** Copyright 1986-2016 Xilinx, Inc. All Rights Reserved.

source hdmi_vga_xlconstant_1_1.tcl -notrace
CRITICAL WARNING: [Board 49-56] Problem parsing board file - /home/pingwin/VIVADO/Vivado/2016.4/data/boards/board_files/arty-s7-50/B.0/board.xml
awk: symbol lookup error: awk: undefined symbol: mpfr_z_sub
Starting RTL Elaboration : Time (s): cpu = 00:00:09 ; elapsed = 00:00:09 . Memory (MB): peak = 1074.742 ; gain = 143.086 ; free physical = 2186 ; free virtual = 4459
INFO: [Synth 8-638] synthesizing module 'hdmi_vga_xlconstant_1_1' [/home/pingwin/Dokumenty/Verilog/compound-project/tor-wizyjny/tor-wizyjny.srcs/sources_1/bd/hdmi_vga/ip/hdmi_vga_xlconstant_1_1/sim/hdmi_vga_xlconstant_1_1.v:56]
INFO: [Synth 8-638] synthesizing module 'xlconstant' [/home/pingwin/Dokumenty/Verilog/compound-project/tor-wizyjny/tor-wizyjny.srcs/sources_1/bd/hdmi_vga/ipshared/e147/xlconstant.v:23]
INFO: [Synth 8-256] done synthesizing module 'xlconstant' (1#1) [/home/pingwin/Dokumenty/Verilog/compound-project/tor-wizyjny/tor-wizyjny.srcs/sources_1/bd/hdmi_vga/ipshared/e147/xlconstant.v:23]
INFO: [Synth 8-256] done synthesizing module 'hdmi_vga_xlconstant_1_1' (2#1) [/home/pingwin/Dokumenty/Verilog/compound-project/tor-wizyjny/tor-wizyjny.srcs/sources_1/bd/hdmi_vga/ip/hdmi_vga_xlconstant_1_1/sim/hdmi_vga_xlconstant_1_1.v:56]
Finished RTL Elaboration : Time (s): cpu = 00:00:10 ; elapsed = 00:00:10 . Memory (MB): peak = 1115.211 ; gain = 183.555 ; free physical = 2144 ; free virtual = 4417
Finished RTL Optimization Phase 1 : Time (s): cpu = 00:00:10 ; elapsed = 00:00:10 . Memory (MB): peak = 1115.211 ; gain = 183.555 ; free physical = 2144 ; free virtual = 4417
INFO: [Device 21-403] Loading part xc7z010clg400-1
Constraint Validation Runtime : Time (s): cpu = 00:00:00.02 ; elapsed = 00:00:00.02 . Memory (MB): peak = 1310.578 ; gain = 0.000 ; free physical = 1991 ; free virtual = 4264
Finished Constraint Validation : Time (s): cpu = 00:00:23 ; elapsed = 00:00:23 . Memory (MB): peak = 1310.578 ; gain = 378.922 ; free physical = 1987 ; free virtual = 4261
Finished Loading Part and Timing Information : Time (s): cpu = 00:00:23 ; elapsed = 00:00:23 . Memory (MB): peak = 1310.578 ; gain = 378.922 ; free physical = 1987 ; free virtual = 4261
Finished applying 'set_property' XDC Constraints : Time (s): cpu = 00:00:23 ; elapsed = 00:00:23 . Memory (MB): peak = 1310.578 ; gain = 378.922 ; free physical = 1987 ; free virtual = 4261
Finished RTL Optimization Phase 2 : Time (s): cpu = 00:00:23 ; elapsed = 00:00:23 . Memory (MB): peak = 1310.578 ; gain = 378.922 ; free physical = 1987 ; free virtual = 4261
Finished Cross Boundary and Area Optimization : Time (s): cpu = 00:00:23 ; elapsed = 00:00:24 . Memory (MB): peak = 1310.578 ; gain = 378.922 ; free physical = 1987 ; free virtual = 4261
Finished Applying XDC Timing Constraints : Time (s): cpu = 00:00:35 ; elapsed = 00:00:35 . Memory (MB): peak = 1353.578 ; gain = 421.922 ; free physical = 1934 ; free virtual = 4208
Finished Timing Optimization : Time (s): cpu = 00:00:35 ; elapsed = 00:00:35 . Memory (MB): peak = 1353.578 ; gain = 421.922 ; free physical = 1934 ; free virtual = 4208
Finished Technology Mapping : Time (s): cpu = 00:00:35 ; elapsed = 00:00:35 . Memory (MB): peak = 1362.594 ; gain = 430.938 ; free physical = 1926 ; free virtual = 4200
Finished IO Insertion : Time (s): cpu = 00:00:35 ; elapsed = 00:00:36 . Memory (MB): peak = 1362.594 ; gain = 430.938 ; free physical = 1926 ; free virtual = 4200
Finished Renaming Generated Instances : Time (s): cpu = 00:00:35 ; elapsed = 00:00:36 . Memory (MB): peak = 1362.594 ; gain = 430.938 ; free physical = 1926 ; free virtual = 4200
Finished Rebuilding User Hierarchy : Time (s): cpu = 00:00:35 ; elapsed = 00:00:36 . Memory (MB): peak = 1362.594 ; gain = 430.938 ; free physical = 1926 ; free virtual = 4200
Finished Renaming Generated Ports : Time (s): cpu = 00:00:35 ; elapsed = 00:00:36 . Memory (MB): peak = 1362.594 ; gain = 430.938 ; free physical = 1926 ; free virtual = 4200
Finished Handling Custom Attributes : Time (s): cpu = 00:00:35 ; elapsed = 00:00:36 . Memory (MB): peak = 1362.594 ; gain = 430.938 ; free physical = 1926 ; free virtual = 4200
Finished Renaming Generated Nets : Time (s): cpu = 00:00:35 ; elapsed = 00:00:36 . Memory (MB): peak = 1362.594 ; gain = 430.938 ; free physical = 1926 ; free virtual = 4200

Report Cell Usage: 
+-+-----+------+
| |Cell |Count |
+-+-----+------+
+-+-----+------+
Finished Writing Synthesis Report : Time (s): cpu = 00:00:35 ; elapsed = 00:00:36 . Memory (MB): peak = 1362.594 ; gain = 430.938 ; free physical = 1926 ; free virtual = 4200
synth_design: Time (s): cpu = 00:00:33 ; elapsed = 00:00:33 . Memory (MB): peak = 1376.594 ; gain = 377.434 ; free physical = 1918 ; free virtual = 4192
