Copyright 1986-2016 Xilinx, Inc. All Rights Reserved.
-----------------------------------------------------------------------------------------
| Tool Version : Vivado v.2016.4 (lin64) Build 1756540 Mon Jan 23 19:11:19 MST 2017
| Date         : Wed Jun 14 20:12:54 2017
| Host         : mothership running 64-bit Ubuntu 16.10
| Command      : report_control_sets -verbose -file cudo_wrapper_control_sets_placed.rpt
| Design       : cudo_wrapper
| Device       : xc7z010
-----------------------------------------------------------------------------------------

Control Set Information

Table of Contents
-----------------
1. Summary
2. Flip-Flop Distribution
3. Detailed Control Set Information

1. Summary
----------

+----------------------------------------------------------+-------+
|                          Status                          | Count |
+----------------------------------------------------------+-------+
| Number of unique control sets                            |    70 |
| Unused register locations in slices containing registers |   244 |
+----------------------------------------------------------+-------+


2. Flip-Flop Distribution
-------------------------

+--------------+-----------------------+------------------------+-----------------+--------------+
| Clock Enable | Synchronous Set/Reset | Asynchronous Set/Reset | Total Registers | Total Slices |
+--------------+-----------------------+------------------------+-----------------+--------------+
| No           | No                    | No                     |            1600 |          452 |
| No           | No                    | Yes                    |              28 |           18 |
| No           | Yes                   | No                     |             193 |           63 |
| Yes          | No                    | No                     |             370 |          113 |
| Yes          | No                    | Yes                    |               0 |            0 |
| Yes          | Yes                   | No                     |             245 |           64 |
+--------------+-----------------------+------------------------+-----------------+--------------+


3. Detailed Control Set Information
-----------------------------------

+------------------------------------------------------+------------------------------------------------------------------------------------------------------------+------------------------------------------------------------------------------------+------------------+----------------+
|                     Clock Signal                     |                                                Enable Signal                                               |                                  Set/Reset Signal                                  | Slice Load Count | Bel Load Count |
+------------------------------------------------------+------------------------------------------------------------------------------------------------------------+------------------------------------------------------------------------------------+------------------+----------------+
|  cudo_i/clk_wiz_0/inst/clk_out1                      |                                                                                                            | cudo_i/dvi2rgb_0/U0/TMDS_ClockingX/RdyLostReset/SyncAsyncx/oSyncStages[1]          |                1 |              1 |
|  cudo_i/clk_wiz_0/inst/clk_out1                      |                                                                                                            | cudo_i/dvi2rgb_0/U0/TMDS_ClockingX/RdyLostReset/aRst_int                           |                1 |              2 |
|  cudo_i/clk_wiz_0/inst/clk_out1                      |                                                                                                            | cudo_i/dvi2rgb_0/U0/TMDS_ClockingX/LockLostReset/SyncAsyncx/oSyncStages[1]         |                1 |              2 |
|  cudo_i/dvi2rgb_0/U0/TMDS_ClockingX/PixelClk_int     |                                                                                                            | cudo_i/dvi2rgb_0/U0/TMDS_ClockingX/in0                                             |                1 |              2 |
|  cudo_i/clk_wiz_0/inst/clk_out1                      | cudo_i/dvi2rgb_0/U0/GenerateDDC.DDC_EEPROM/I2C_SlaveController/GlitchF_SCL/Filter.cntPeriods[3]_i_2__0_n_0 | cudo_i/dvi2rgb_0/U0/GenerateDDC.DDC_EEPROM/I2C_SlaveController/SyncSCL/SS[0]       |                1 |              4 |
|  cudo_i/clk_wiz_0/inst/clk_out1                      | cudo_i/dvi2rgb_0/U0/GenerateDDC.DDC_EEPROM/I2C_SlaveController/GlitchF_SDA/Filter.cntPeriods[3]_i_2_n_0    | cudo_i/dvi2rgb_0/U0/GenerateDDC.DDC_EEPROM/I2C_SlaveController/SyncSDA/SS[0]       |                1 |              4 |
|  cudo_i/dvi2rgb_0/U0/TMDS_ClockingX/PixelClk_int     | cudo_i/dvi2rgb_0/U0/DataDecoders[2].DecoderX/ChannelBondX/pRdEn                                            | cudo_i/dvi2rgb_0/U0/DataDecoders[1].DecoderX/PhaseAlignX/pMeRdy_int_reg            |                2 |              5 |
|  cudo_i/dvi2rgb_0/U0/TMDS_ClockingX/PixelClk_int     | cudo_i/dvi2rgb_0/U0/DataDecoders[1].DecoderX/ChannelBondX/pRdEn                                            | cudo_i/dvi2rgb_0/U0/DataDecoders[1].DecoderX/PhaseAlignX/pMeRdy_int_reg            |                1 |              5 |
|  cudo_i/dvi2rgb_0/U0/TMDS_ClockingX/PixelClk_int     | cudo_i/dvi2rgb_0/U0/DataDecoders[1].DecoderX/PhaseAlignX/pCenterTap[5]_i_1__0_n_0                          |                                                                                    |                1 |              5 |
|  cudo_i/dvi2rgb_0/U0/GenerateBUFG.ResyncToBUFG_X/CLK | cudo_i/vb_0/inst/avg/ce_delay_3/CE                                                                         |                                                                                    |                2 |              5 |
|  cudo_i/dvi2rgb_0/U0/TMDS_ClockingX/PixelClk_int     | cudo_i/dvi2rgb_0/U0/DataDecoders[0].DecoderX/PhaseAlignX/pCenterTap[5]_i_1__1_n_0                          |                                                                                    |                1 |              5 |
|  cudo_i/dvi2rgb_0/U0/GenerateBUFG.ResyncToBUFG_X/CLK | cudo_i/vb_0/inst/centr/core_add/div_x/inst/i[4]_i_2_n_0                                                    | cudo_i/vb_0/inst/centr/core_add/div_x/inst/i[4]_i_1_n_0                            |                2 |              5 |
|  cudo_i/dvi2rgb_0/U0/GenerateBUFG.ResyncToBUFG_X/CLK | cudo_i/vb_0/inst/centr/core_add/div_y/inst/i[4]_i_2_n_0                                                    | cudo_i/vb_0/inst/centr/core_add/div_y/inst/i[4]_i_1_n_0                            |                2 |              5 |
|  cudo_i/dvi2rgb_0/U0/TMDS_ClockingX/PixelClk_int     | cudo_i/dvi2rgb_0/U0/DataDecoders[2].DecoderX/PhaseAlignX/pCenterTap[5]_i_1_n_0                             |                                                                                    |                2 |              5 |
|  cudo_i/clk_wiz_0/inst/clk_out1                      | cudo_i/dvi2rgb_0/U0/TMDS_ClockingX/rDlyRstCnt[4]_i_1_n_0                                                   | cudo_i/dvi2rgb_0/U0/TMDS_ClockingX/LockLostReset/SyncAsyncx/oSyncStages[1]         |                1 |              5 |
|  cudo_i/dvi2rgb_0/U0/GenerateBUFG.ResyncToBUFG_X/CLK |                                                                                                            | cudo_i/vb_0/inst/med/mdl5/del_2/SR[0]                                              |                1 |              5 |
|  cudo_i/dvi2rgb_0/U0/TMDS_ClockingX/PixelClk_int     | cudo_i/dvi2rgb_0/U0/DataDecoders[0].DecoderX/ChannelBondX/pRdEn                                            | cudo_i/dvi2rgb_0/U0/DataDecoders[1].DecoderX/PhaseAlignX/pMeRdy_int_reg            |                2 |              5 |
|  cudo_i/dvi2rgb_0/U0/GenerateBUFG.ResyncToBUFG_X/CLK | cudo_i/vb_0/inst/sob/sob/ce_del/CE                                                                         |                                                                                    |                2 |              6 |
|  cudo_i/dvi2rgb_0/U0/GenerateBUFG.ResyncToBUFG_X/CLK | cudo_i/vb_0/inst/centr/core_add/div_y/inst/lat_cnt[7]_i_2_n_0                                              | cudo_i/vb_0/inst/centr/core_add/div_y/inst/lat_cnt[7]_i_1_n_0                      |                2 |              7 |
|  cudo_i/dvi2rgb_0/U0/TMDS_ClockingX/PixelClk_int     |                                                                                                            | cudo_i/dvi2rgb_0/U0/DataDecoders[1].DecoderX/PhaseAlignX/pCtlTknRst                |                2 |              7 |
|  cudo_i/dvi2rgb_0/U0/GenerateBUFG.ResyncToBUFG_X/CLK | cudo_i/vb_0/inst/centr/core_add/div_x/inst/lat_cnt[7]_i_2_n_0                                              | cudo_i/vb_0/inst/centr/core_add/div_x/inst/lat_cnt[7]_i_1_n_0                      |                3 |              7 |
|  cudo_i/dvi2rgb_0/U0/TMDS_ClockingX/PixelClk_int     |                                                                                                            | cudo_i/dvi2rgb_0/U0/DataDecoders[2].DecoderX/PhaseAlignX/pCtlTknRst                |                2 |              7 |
|  cudo_i/dvi2rgb_0/U0/TMDS_ClockingX/PixelClk_int     |                                                                                                            | cudo_i/dvi2rgb_0/U0/DataDecoders[0].DecoderX/PhaseAlignX/pCtlTknRst                |                1 |              7 |
|  cudo_i/dvi2rgb_0/U0/TMDS_ClockingX/PixelClk_int     |                                                                                                            | cudo_i/dvi2rgb_0/U0/DataDecoders[1].DecoderX/ChannelBondX/pDataIn_reg[7][0]        |                2 |              8 |
|  cudo_i/dvi2rgb_0/U0/TMDS_ClockingX/PixelClk_int     |                                                                                                            | cudo_i/dvi2rgb_0/U0/DataDecoders[0].DecoderX/ChannelBondX/pDataIn_reg[7][0]        |                2 |              8 |
|  cudo_i/clk_wiz_0/inst/clk_out1                      | cudo_i/dvi2rgb_0/U0/GenerateDDC.DDC_EEPROM/I2C_SlaveController/dataByte[7]_i_1_n_0                         |                                                                                    |                4 |              8 |
|  cudo_i/clk_wiz_0/inst/clk_out1                      |                                                                                                            | cudo_i/dvi2rgb_0/U0/LockLostReset/SyncAsyncx/oSyncStages[1]                        |                6 |              9 |
|  cudo_i/dvi2rgb_0/U0/GenerateBUFG.ResyncToBUFG_X/CLK |                                                                                                            | cudo_i/vb_0/inst/eros/bramka/bramka/position0_inferred__0/i__carry_n_0             |                3 |             11 |
|  cudo_i/dvi2rgb_0/U0/GenerateBUFG.ResyncToBUFG_X/CLK |                                                                                                            | cudo_i/vb_0/inst/dilat/bramka/bramka/position0_inferred__0/i__carry_n_0            |                3 |             11 |
|  cudo_i/dvi2rgb_0/U0/GenerateBUFG.ResyncToBUFG_X/CLK |                                                                                                            | cudo_i/vb_0/inst/avg/tsbd/bramka/position0_inferred__0/i__carry_n_0                |                5 |             11 |
|  cudo_i/dvi2rgb_0/U0/GenerateBUFG.ResyncToBUFG_X/CLK | cudo_i/vb_0/inst/centr/reg_max_y                                                                           | cudo_i/vb_0/inst/rgb2ycbcr/inst/m18/inst/out[0]                                    |                3 |             11 |
|  cudo_i/dvi2rgb_0/U0/GenerateBUFG.ResyncToBUFG_X/CLK |                                                                                                            | cudo_i/vb_0/inst/med/bramka/bramka/position0_inferred__0/i__carry_n_0              |                3 |             11 |
|  cudo_i/dvi2rgb_0/U0/GenerateBUFG.ResyncToBUFG_X/CLK |                                                                                                            | cudo_i/vb_0/inst/openn/bramka/bramka/position0_inferred__0/i__carry_n_0            |                3 |             11 |
|  cudo_i/dvi2rgb_0/U0/GenerateBUFG.ResyncToBUFG_X/CLK |                                                                                                            | cudo_i/vb_0/inst/sob/sbd/bramka/position0_inferred__0/i__carry_n_0                 |                3 |             11 |
|  cudo_i/dvi2rgb_0/U0/GenerateBUFG.ResyncToBUFG_X/CLK | cudo_i/vb_0/inst/centr/core_add/div_x/inst/result_reg                                                      |                                                                                    |                6 |             11 |
|  cudo_i/dvi2rgb_0/U0/GenerateBUFG.ResyncToBUFG_X/CLK | cudo_i/vb_0/inst/centr/core_add/div_y/inst/result_reg                                                      |                                                                                    |                2 |             11 |
|  cudo_i/dvi2rgb_0/U0/GenerateBUFG.ResyncToBUFG_X/CLK | cudo_i/vb_0/inst/centr/reg_min_x                                                                           | cudo_i/vb_0/inst/rgb2ycbcr/inst/m18/inst/out[0]                                    |                2 |             11 |
|  cudo_i/dvi2rgb_0/U0/GenerateBUFG.ResyncToBUFG_X/CLK | cudo_i/vb_0/inst/ds/sel                                                                                    | cudo_i/vb_0/inst/rgb2ycbcr/inst/m18/inst/out[0]                                    |                3 |             11 |
|  cudo_i/dvi2rgb_0/U0/GenerateBUFG.ResyncToBUFG_X/CLK | cudo_i/vb_0/inst/centr/reg_max_x                                                                           | cudo_i/vb_0/inst/rgb2ycbcr/inst/m18/inst/out[0]                                    |                3 |             11 |
|  cudo_i/dvi2rgb_0/U0/TMDS_ClockingX/PixelClk_int     | cudo_i/dvi2rgb_0/U0/DataDecoders[0].DecoderX/PhaseAlignX/pStateNxt__4                                      | cudo_i/dvi2rgb_0/U0/DataDecoders[0].DecoderX/pAlignRst_reg_n_0                     |                2 |             11 |
|  cudo_i/dvi2rgb_0/U0/TMDS_ClockingX/PixelClk_int     | cudo_i/dvi2rgb_0/U0/DataDecoders[2].DecoderX/PhaseAlignX/pStateNxt__4                                      | cudo_i/dvi2rgb_0/U0/DataDecoders[2].DecoderX/pAlignRst                             |                3 |             11 |
|  cudo_i/dvi2rgb_0/U0/TMDS_ClockingX/PixelClk_int     | cudo_i/dvi2rgb_0/U0/DataDecoders[1].DecoderX/PhaseAlignX/pStateNxt__4                                      | cudo_i/dvi2rgb_0/U0/DataDecoders[1].DecoderX/pAlignRst_reg_n_0                     |                2 |             11 |
|  cudo_i/dvi2rgb_0/U0/TMDS_ClockingX/PixelClk_int     |                                                                                                            | cudo_i/dvi2rgb_0/U0/DataDecoders[2].DecoderX/ChannelBondX/SR[0]                    |                4 |             11 |
|  cudo_i/dvi2rgb_0/U0/GenerateBUFG.ResyncToBUFG_X/CLK | cudo_i/vb_0/inst/centr/reg_min_y                                                                           | cudo_i/vb_0/inst/rgb2ycbcr/inst/m18/inst/out[0]                                    |                2 |             11 |
|  cudo_i/dvi2rgb_0/U0/GenerateBUFG.ResyncToBUFG_X/CLK |                                                                                                            | cudo_i/vb_0/inst/closee/bramka/bramka/position0_inferred__0/i__carry_n_0           |                3 |             11 |
|  cudo_i/dvi2rgb_0/U0/GenerateBUFG.ResyncToBUFG_X/CLK | cudo_i/vb_0/inst/centr/y_pos[10]_i_1_n_0                                                                   | cudo_i/vb_0/inst/rgb2ycbcr/inst/m18/inst/out[0]                                    |                3 |             11 |
|  cudo_i/dvi2rgb_0/U0/TMDS_ClockingX/PixelClk_int     |                                                                                                            | cudo_i/dvi2rgb_0/U0/LockLostReset/SyncAsyncx/oSyncStages[1]                        |                8 |             12 |
|  cudo_i/dvi2rgb_0/U0/GenerateBUFG.ResyncToBUFG_X/CLK | cudo_i/vb_0/inst/avg/ce_delay_2/CE                                                                         |                                                                                    |                3 |             12 |
|  cudo_i/dvi2rgb_0/U0/GenerateBUFG.ResyncToBUFG_X/CLK |                                                                                                            | cudo_i/vb_0/inst/avg/fbd1/bramka/position0_carry__0_n_3                            |                4 |             13 |
|  cudo_i/dvi2rgb_0/U0/GenerateBUFG.ResyncToBUFG_X/CLK |                                                                                                            | cudo_i/vb_0/inst/avg/fbd2/bramka/position0_carry__0_n_3                            |                4 |             13 |
|  cudo_i/clk_wiz_0/inst/clk_out1                      | cudo_i/dvi2rgb_0/U0/GenerateDDC.DDC_EEPROM/I2C_SlaveController/E[0]                                        |                                                                                    |                3 |             14 |
|  cudo_i/dvi2rgb_0/U0/GenerateBUFG.ResyncToBUFG_X/CLK |                                                                                                            | cudo_i/vb_0/inst/closee/sync_delay/de_out                                          |               13 |             16 |
|  cudo_i/dvi2rgb_0/U0/GenerateBUFG.ResyncToBUFG_X/CLK | cudo_i/vb_0/inst/sob/sob/sob1/ce_2_del/i_no_async_controls.output_reg[12]                                  |                                                                                    |                8 |             18 |
|  cudo_i/dvi2rgb_0/U0/TMDS_ClockingX/PixelClk_int     |                                                                                                            | cudo_i/dvi2rgb_0/U0/DataDecoders[1].DecoderX/PhaseAlignX/pMeRdy_int_reg            |                5 |             21 |
|  cudo_i/dvi2rgb_0/U0/GenerateBUFG.ResyncToBUFG_X/CLK | cudo_i/vb_0/inst/avg/ce_delay_1/CE                                                                         |                                                                                    |                6 |             22 |
|  cudo_i/dvi2rgb_0/U0/GenerateBUFG.ResyncToBUFG_X/CLK | cudo_i/vb_0/inst/rgb2ycbcr/inst/m18/inst/out[2]                                                            | cudo_i/vb_0/inst/rgb2ycbcr/inst/m18/inst/out[0]                                    |                6 |             22 |
|  cudo_i/clk_wiz_0/inst/clk_out1                      | cudo_i/dvi2rgb_0/U0/DataDecoders[1].DecoderX/rTimeoutCnt[0]_i_1__0_n_0                                     | cudo_i/dvi2rgb_0/U0/DataDecoders[1].DecoderX/SyncBaseRst/SyncAsyncx/oSyncStages[1] |                6 |             24 |
|  cudo_i/clk_wiz_0/inst/clk_out1                      | cudo_i/dvi2rgb_0/U0/DataDecoders[2].DecoderX/rTimeoutCnt[0]_i_1_n_0                                        | cudo_i/dvi2rgb_0/U0/DataDecoders[2].DecoderX/SyncBaseRst/SyncAsyncx/oSyncStages[1] |                6 |             24 |
|  cudo_i/clk_wiz_0/inst/clk_out1                      | cudo_i/dvi2rgb_0/U0/DataDecoders[0].DecoderX/rTimeoutCnt[0]_i_1__1_n_0                                     | cudo_i/dvi2rgb_0/U0/DataDecoders[0].DecoderX/SyncBaseRst/SyncAsyncx/oSyncStages[1] |                6 |             24 |
|  cudo_i/clk_wiz_0/inst/clk_out1                      |                                                                                                            |                                                                                    |               17 |             40 |
|  cudo_i/dvi2rgb_0/U0/GenerateBUFG.ResyncToBUFG_X/CLK | cudo_i/vb_0/inst/avg/ce__0                                                                                 |                                                                                    |               12 |             40 |
|  cudo_i/dvi2rgb_0/U0/GenerateBUFG.ResyncToBUFG_X/CLK | cudo_i/vb_0/inst/sob/sob/sob1/ce_1_del/CE                                                                  |                                                                                    |               16 |             44 |
|  cudo_i/vb_0/inst/rgb2ycbcr/inst/m18/inst/out[0]     |                                                                                                            |                                                                                    |               19 |             44 |
|  cudo_i/dvi2rgb_0/U0/TMDS_ClockingX/PixelClk_int     | cudo_i/dvi2rgb_0/U0/DataDecoders[0].DecoderX/PhaseAlignX/pAllVld                                           |                                                                                    |                6 |             48 |
|  cudo_i/dvi2rgb_0/U0/GenerateBUFG.ResyncToBUFG_X/CLK | cudo_i/vb_0/inst/centr/core_add/div_y/inst/divisor_reg                                                     |                                                                                    |               11 |             52 |
|  cudo_i/dvi2rgb_0/U0/GenerateBUFG.ResyncToBUFG_X/CLK | cudo_i/vb_0/inst/centr/core_add/div_x/inst/divisor_reg                                                     |                                                                                    |               16 |             52 |
|  cudo_i/dvi2rgb_0/U0/GenerateBUFG.ResyncToBUFG_X/CLK | cudo_i/vb_0/inst/sob/d22/CE                                                                                |                                                                                    |               18 |             60 |
|  cudo_i/vb_0/inst/centr/core_add/CLK                 |                                                                                                            |                                                                                    |               19 |             66 |
|  cudo_i/dvi2rgb_0/U0/TMDS_ClockingX/PixelClk_int     |                                                                                                            |                                                                                    |               45 |            161 |
|  cudo_i/dvi2rgb_0/U0/GenerateBUFG.ResyncToBUFG_X/CLK |                                                                                                            |                                                                                    |              393 |           1458 |
+------------------------------------------------------+------------------------------------------------------------------------------------------------------------+------------------------------------------------------------------------------------+------------------+----------------+


+--------+-----------------------+
| Fanout | Number of ControlSets |
+--------+-----------------------+
| 1      |                     1 |
| 2      |                     3 |
| 4      |                     2 |
| 5      |                    11 |
| 6      |                     1 |
| 7      |                     5 |
| 8      |                     3 |
| 9      |                     1 |
| 11     |                    19 |
| 12     |                     2 |
| 13     |                     2 |
| 14     |                     1 |
| 16+    |                    19 |
+--------+-----------------------+


