
*** Running vivado
    with args -log y_sum.vds -m64 -product Vivado -mode batch -messageDb vivado.pb -notrace -source y_sum.tcl

awk: symbol lookup error: awk: undefined symbol: mpfr_z_sub

****** Vivado v2016.4 (64-bit)
  **** SW Build 1756540 on Mon Jan 23 19:11:19 MST 2017
  **** IP Build 1755317 on Mon Jan 23 20:30:07 MST 2017
    ** Copyright 1986-2016 Xilinx, Inc. All Rights Reserved.

source y_sum.tcl -notrace
awk: symbol lookup error: awk: undefined symbol: mpfr_z_sub
Starting RTL Elaboration : Time (s): cpu = 00:00:11 ; elapsed = 00:00:11 . Memory (MB): peak = 1064.742 ; gain = 133.086 ; free physical = 541 ; free virtual = 3082
INFO: [Synth 8-638] synthesizing module 'y_sum' [/home/pingwin/Dokumenty/Verilog/rgb2ycbcr/rgb2ycbcr.srcs/sources_1/ip/y_sum/synth/y_sum.vhd:69]
INFO: [Synth 8-256] done synthesizing module 'y_sum' (7#1) [/home/pingwin/Dokumenty/Verilog/rgb2ycbcr/rgb2ycbcr.srcs/sources_1/ip/y_sum/synth/y_sum.vhd:69]
Finished RTL Elaboration : Time (s): cpu = 00:00:13 ; elapsed = 00:00:14 . Memory (MB): peak = 1110.211 ; gain = 178.555 ; free physical = 494 ; free virtual = 3036
Finished RTL Optimization Phase 1 : Time (s): cpu = 00:00:14 ; elapsed = 00:00:14 . Memory (MB): peak = 1110.211 ; gain = 178.555 ; free physical = 494 ; free virtual = 3036
INFO: [Device 21-403] Loading part xc7k70tfbv676-1
Constraint Validation Runtime : Time (s): cpu = 00:00:00.02 ; elapsed = 00:00:00.02 . Memory (MB): peak = 1386.289 ; gain = 0.000 ; free physical = 336 ; free virtual = 2878
Finished Constraint Validation : Time (s): cpu = 00:00:30 ; elapsed = 00:00:30 . Memory (MB): peak = 1386.289 ; gain = 454.633 ; free physical = 335 ; free virtual = 2878
Finished Loading Part and Timing Information : Time (s): cpu = 00:00:30 ; elapsed = 00:00:30 . Memory (MB): peak = 1386.289 ; gain = 454.633 ; free physical = 335 ; free virtual = 2878
Finished applying 'set_property' XDC Constraints : Time (s): cpu = 00:00:30 ; elapsed = 00:00:30 . Memory (MB): peak = 1386.289 ; gain = 454.633 ; free physical = 335 ; free virtual = 2878
Finished RTL Optimization Phase 2 : Time (s): cpu = 00:00:30 ; elapsed = 00:00:31 . Memory (MB): peak = 1386.289 ; gain = 454.633 ; free physical = 335 ; free virtual = 2878
Finished Cross Boundary and Area Optimization : Time (s): cpu = 00:00:30 ; elapsed = 00:00:31 . Memory (MB): peak = 1386.289 ; gain = 454.633 ; free physical = 328 ; free virtual = 2870
Finished Applying XDC Timing Constraints : Time (s): cpu = 00:00:44 ; elapsed = 00:00:44 . Memory (MB): peak = 1386.289 ; gain = 454.633 ; free physical = 279 ; free virtual = 2822
Finished Timing Optimization : Time (s): cpu = 00:00:44 ; elapsed = 00:00:44 . Memory (MB): peak = 1386.289 ; gain = 454.633 ; free physical = 279 ; free virtual = 2822
Finished Technology Mapping : Time (s): cpu = 00:00:44 ; elapsed = 00:00:44 . Memory (MB): peak = 1386.289 ; gain = 454.633 ; free physical = 271 ; free virtual = 2813
Finished IO Insertion : Time (s): cpu = 00:00:44 ; elapsed = 00:00:45 . Memory (MB): peak = 1386.289 ; gain = 454.633 ; free physical = 271 ; free virtual = 2813
Finished Renaming Generated Instances : Time (s): cpu = 00:00:44 ; elapsed = 00:00:45 . Memory (MB): peak = 1386.289 ; gain = 454.633 ; free physical = 271 ; free virtual = 2813
Finished Rebuilding User Hierarchy : Time (s): cpu = 00:00:44 ; elapsed = 00:00:45 . Memory (MB): peak = 1386.289 ; gain = 454.633 ; free physical = 271 ; free virtual = 2813
Finished Renaming Generated Ports : Time (s): cpu = 00:00:44 ; elapsed = 00:00:45 . Memory (MB): peak = 1386.289 ; gain = 454.633 ; free physical = 271 ; free virtual = 2813
Finished Handling Custom Attributes : Time (s): cpu = 00:00:44 ; elapsed = 00:00:45 . Memory (MB): peak = 1386.289 ; gain = 454.633 ; free physical = 271 ; free virtual = 2813
Finished Renaming Generated Nets : Time (s): cpu = 00:00:44 ; elapsed = 00:00:45 . Memory (MB): peak = 1386.289 ; gain = 454.633 ; free physical = 271 ; free virtual = 2813

Report Cell Usage: 
+------+------+------+
|      |Cell  |Count |
+------+------+------+
|1     |LUT2  |    18|
|2     |MUXCY |    25|
|3     |XORCY |    27|
|4     |FDRE  |    37|
+------+------+------+
Finished Writing Synthesis Report : Time (s): cpu = 00:00:44 ; elapsed = 00:00:45 . Memory (MB): peak = 1386.289 ; gain = 454.633 ; free physical = 271 ; free virtual = 2813
synth_design: Time (s): cpu = 00:00:43 ; elapsed = 00:00:43 . Memory (MB): peak = 1386.297 ; gain = 387.137 ; free physical = 252 ; free virtual = 2794
