
*** Running vivado
    with args -log s_calculation_divider.vds -m64 -product Vivado -mode batch -messageDb vivado.pb -notrace -source s_calculation_divider.tcl

awk: symbol lookup error: awk: undefined symbol: mpfr_z_sub

****** Vivado v2016.4 (64-bit)
  **** SW Build 1756540 on Mon Jan 23 19:11:19 MST 2017
  **** IP Build 1755317 on Mon Jan 23 20:30:07 MST 2017
    ** Copyright 1986-2016 Xilinx, Inc. All Rights Reserved.

source s_calculation_divider.tcl -notrace
CRITICAL WARNING: [Board 49-56] Problem parsing board file - /home/pingwin/VIVADO/Vivado/2016.4/data/boards/board_files/arty-s7-50/B.0/board.xml
awk: symbol lookup error: awk: undefined symbol: mpfr_z_sub
Starting RTL Elaboration : Time (s): cpu = 00:00:05 ; elapsed = 00:00:05 . Memory (MB): peak = 1076.734 ; gain = 145.086 ; free physical = 468 ; free virtual = 3394
INFO: [Synth 8-638] synthesizing module 's_calculation_divider' [/home/pingwin/Dokumenty/Verilog/compound-project/HSV/HSV.srcs/sources_1/ip/s_calculation_divider_1/synth/s_calculation_divider.vhd:71]
INFO: [Synth 8-256] done synthesizing module 's_calculation_divider' (10#1) [/home/pingwin/Dokumenty/Verilog/compound-project/HSV/HSV.srcs/sources_1/ip/s_calculation_divider_1/synth/s_calculation_divider.vhd:71]
Finished RTL Elaboration : Time (s): cpu = 00:00:07 ; elapsed = 00:00:08 . Memory (MB): peak = 1156.203 ; gain = 224.555 ; free physical = 359 ; free virtual = 3313
Finished RTL Optimization Phase 1 : Time (s): cpu = 00:00:07 ; elapsed = 00:00:08 . Memory (MB): peak = 1156.203 ; gain = 224.555 ; free physical = 359 ; free virtual = 3313
INFO: [Device 21-403] Loading part xc7z010clg400-1
Constraint Validation Runtime : Time (s): cpu = 00:00:00.02 ; elapsed = 00:00:00.01 . Memory (MB): peak = 1416.219 ; gain = 0.000 ; free physical = 170 ; free virtual = 3183
Finished Constraint Validation : Time (s): cpu = 00:00:14 ; elapsed = 00:00:15 . Memory (MB): peak = 1416.219 ; gain = 484.570 ; free physical = 152 ; free virtual = 3179
Finished Loading Part and Timing Information : Time (s): cpu = 00:00:14 ; elapsed = 00:00:15 . Memory (MB): peak = 1416.219 ; gain = 484.570 ; free physical = 152 ; free virtual = 3179
Finished applying 'set_property' XDC Constraints : Time (s): cpu = 00:00:14 ; elapsed = 00:00:15 . Memory (MB): peak = 1416.219 ; gain = 484.570 ; free physical = 152 ; free virtual = 3179
Finished RTL Optimization Phase 2 : Time (s): cpu = 00:00:15 ; elapsed = 00:00:15 . Memory (MB): peak = 1416.219 ; gain = 484.570 ; free physical = 140 ; free virtual = 3172
Finished Cross Boundary and Area Optimization : Time (s): cpu = 00:00:15 ; elapsed = 00:00:16 . Memory (MB): peak = 1416.219 ; gain = 484.570 ; free physical = 146 ; free virtual = 3157
Finished Applying XDC Timing Constraints : Time (s): cpu = 00:00:21 ; elapsed = 00:00:21 . Memory (MB): peak = 1416.219 ; gain = 484.570 ; free physical = 137 ; free virtual = 3141
Finished Timing Optimization : Time (s): cpu = 00:00:21 ; elapsed = 00:00:21 . Memory (MB): peak = 1416.219 ; gain = 484.570 ; free physical = 128 ; free virtual = 3132
Finished Technology Mapping : Time (s): cpu = 00:00:21 ; elapsed = 00:00:22 . Memory (MB): peak = 1416.219 ; gain = 484.570 ; free physical = 126 ; free virtual = 3113
Finished IO Insertion : Time (s): cpu = 00:00:22 ; elapsed = 00:00:22 . Memory (MB): peak = 1416.219 ; gain = 484.570 ; free physical = 126 ; free virtual = 3113
Finished Renaming Generated Instances : Time (s): cpu = 00:00:22 ; elapsed = 00:00:22 . Memory (MB): peak = 1416.219 ; gain = 484.570 ; free physical = 126 ; free virtual = 3113
Finished Rebuilding User Hierarchy : Time (s): cpu = 00:00:22 ; elapsed = 00:00:22 . Memory (MB): peak = 1416.219 ; gain = 484.570 ; free physical = 126 ; free virtual = 3113
Finished Renaming Generated Ports : Time (s): cpu = 00:00:22 ; elapsed = 00:00:22 . Memory (MB): peak = 1416.219 ; gain = 484.570 ; free physical = 126 ; free virtual = 3113
Finished Handling Custom Attributes : Time (s): cpu = 00:00:22 ; elapsed = 00:00:22 . Memory (MB): peak = 1416.219 ; gain = 484.570 ; free physical = 126 ; free virtual = 3113
Finished Renaming Generated Nets : Time (s): cpu = 00:00:22 ; elapsed = 00:00:22 . Memory (MB): peak = 1416.219 ; gain = 484.570 ; free physical = 126 ; free virtual = 3113

Report Cell Usage: 
+------+-------+------+
|      |Cell   |Count |
+------+-------+------+
|1     |LUT1   |    38|
|2     |LUT2   |    41|
|3     |LUT3   |   112|
|4     |MUXCY  |   144|
|5     |SRL16E |     1|
|6     |XORCY  |   144|
|7     |FDRE   |   486|
+------+-------+------+
Finished Writing Synthesis Report : Time (s): cpu = 00:00:22 ; elapsed = 00:00:22 . Memory (MB): peak = 1416.219 ; gain = 484.570 ; free physical = 126 ; free virtual = 3113
synth_design: Time (s): cpu = 00:00:21 ; elapsed = 00:00:21 . Memory (MB): peak = 1416.227 ; gain = 417.074 ; free physical = 126 ; free virtual = 3107
