Vivado Simulator 2016.4
Copyright 1986-1999, 2001-2016 Xilinx, Inc. All Rights Reserved.
Running: /home/pingwin/VIVADO/Vivado/2016.4/bin/unwrapped/lnx64.o/xelab -wto 8a12894db22243909e8b45597b74ce0e --debug typical --relax --mt 8 -L xbip_utils_v3_0_7 -L xbip_pipe_v3_0_3 -L xbip_bram18k_v3_0_3 -L mult_gen_v12_0_12 -L xil_defaultlib -L c_reg_fd_v12_0_3 -L xbip_dsp48_wrapper_v3_0_4 -L xbip_dsp48_addsub_v3_0_3 -L xbip_addsub_v3_0_3 -L c_addsub_v12_0_10 -L unisims_ver -L unimacro_ver -L secureip -L xpm --snapshot tb_hdmi_behav xil_defaultlib.tb_hdmi xil_defaultlib.glbl -log elaborate.log 
Using 8 slave threads.
Starting static elaboration
WARNING: [VRFC 10-1374] size mismatch in mixed language port association, vhdl port ce [/home/pingwin/Dokumenty/Verilog/compound-project/vb/vb.srcs/sources_1/ip/rgb2ycbcr_0/src/cb_row.v:58]
WARNING: [VRFC 10-1374] size mismatch in mixed language port association, vhdl port b [/home/pingwin/Dokumenty/Verilog/compound-project/vb/vb.srcs/sources_1/ip/rgb2ycbcr_0/src/cb_row.v:59]
WARNING: [VRFC 10-1374] size mismatch in mixed language port association, vhdl port ce [/home/pingwin/Dokumenty/Verilog/compound-project/vb/vb.srcs/sources_1/ip/rgb2ycbcr_0/src/cb_row.v:60]
WARNING: [VRFC 10-1374] size mismatch in mixed language port association, vhdl port ce [/home/pingwin/Dokumenty/Verilog/compound-project/vb/vb.srcs/sources_1/ip/rgb2ycbcr_0/src/cb_row.v:58]
WARNING: [VRFC 10-1374] size mismatch in mixed language port association, vhdl port b [/home/pingwin/Dokumenty/Verilog/compound-project/vb/vb.srcs/sources_1/ip/rgb2ycbcr_0/src/cb_row.v:59]
WARNING: [VRFC 10-1374] size mismatch in mixed language port association, vhdl port ce [/home/pingwin/Dokumenty/Verilog/compound-project/vb/vb.srcs/sources_1/ip/rgb2ycbcr_0/src/cb_row.v:60]
WARNING: [VRFC 10-1374] size mismatch in mixed language port association, vhdl port ce [/home/pingwin/Dokumenty/Verilog/compound-project/vb/vb.srcs/sources_1/ip/rgb2ycbcr_0/src/cb_row.v:58]
WARNING: [VRFC 10-1374] size mismatch in mixed language port association, vhdl port b [/home/pingwin/Dokumenty/Verilog/compound-project/vb/vb.srcs/sources_1/ip/rgb2ycbcr_0/src/cb_row.v:59]
WARNING: [VRFC 10-1374] size mismatch in mixed language port association, vhdl port ce [/home/pingwin/Dokumenty/Verilog/compound-project/vb/vb.srcs/sources_1/ip/rgb2ycbcr_0/src/cb_row.v:60]
WARNING: [VRFC 10-278] actual bit length 32 differs from formal bit length 3 for port select [/home/pingwin/Dokumenty/Verilog/compound-project/vb/vb.srcs/tb_src/tb_hdmi.v:65]
WARNING: [VRFC 10-278] actual bit length 9 differs from formal bit length 8 for port out [/home/pingwin/Dokumenty/Verilog/compound-project/vb/vb.srcs/sources_1/ip/rgb2ycbcr_0/src/cb_row.v:56]
Completed static elaboration
Starting simulation data flow analysis
Completed simulation data flow analysis
Time Resolution for simulation is 1ps
Compiling package std.standard
Compiling package std.textio
Compiling package ieee.std_logic_1164
Compiling package ieee.numeric_std
Compiling package mult_gen_v12_0_12.mult_gen_v12_0_12_viv_comp
Compiling package xbip_utils_v3_0_7.xbip_utils_v3_0_7_pkg
Compiling package mult_gen_v12_0_12.mult_gen_v12_0_12_pkg
Compiling package ieee.std_logic_arith
Compiling package ieee.std_logic_signed
Compiling package unisim.vcomponents
Compiling package mult_gen_v12_0_12.dsp_pkg
Compiling package c_addsub_v12_0_10.c_addsub_v12_0_10_viv_comp
Compiling package xbip_pipe_v3_0_3.xbip_pipe_v3_0_3_viv_comp
Compiling package xbip_addsub_v3_0_3.xbip_addsub_v3_0_3_viv_comp
Compiling package c_addsub_v12_0_10.c_addsub_v12_0_10_pkg
Compiling package c_addsub_v12_0_10.c_addsub_v12_0_10_pkg_legacy
Compiling package c_reg_fd_v12_0_3.c_reg_fd_v12_0_3_viv_comp
Compiling package ieee.vital_timing
Compiling package ieee.vital_primitives
Compiling package unisim.vpkg
Compiling package ieee.std_logic_unsigned
Compiling module xil_defaultlib.hdmi_in
Compiling module xil_defaultlib.delay(WIDTH=3,DELAY=5)
Compiling module xil_defaultlib.delay_5_3
Compiling architecture xilinx of entity mult_gen_v12_0_12.delay_line [\delay_line(c_xdevicefamily="zyn...]
Compiling architecture xilinx of entity mult_gen_v12_0_12.op_resize [\op_resize(ai_width=8,bi_width=1...]
Compiling architecture xilinx of entity mult_gen_v12_0_12.dsp [\dsp(c_xdevicefamily="zynq",c_a_...]
Compiling architecture xilinx of entity mult_gen_v12_0_12.mult_gen_v12_0_12_viv [\mult_gen_v12_0_12_viv(c_verbosi...]
Compiling architecture xilinx of entity mult_gen_v12_0_12.mult_gen_v12_0_12 [\mult_gen_v12_0_12(c_xdevicefami...]
Compiling architecture mul_8u_11s_arch of entity xil_defaultlib.mul_8u_11s [mul_8u_11s_default]
Compiling module xil_defaultlib.delay(WIDTH=8,DELAY=3)
Compiling module xil_defaultlib.delay_3_8
Compiling architecture structural of entity c_reg_fd_v12_0_3.c_reg_fd_v12_0_3_viv [\c_reg_fd_v12_0_3_viv(c_width=11...]
Compiling architecture muxcy_v of entity unisim.MUXCY [muxcy_default]
Compiling architecture xorcy_v of entity unisim.XORCY [xorcy_default]
Compiling architecture rtl of entity c_addsub_v12_0_10.c_addsub_v12_0_10_lut6_legacy [\c_addsub_v12_0_10_lut6_legacy(c...]
Compiling architecture synth of entity c_addsub_v12_0_10.c_addsub_v12_0_10_fabric_legacy [\c_addsub_v12_0_10_fabric_legacy...]
Compiling architecture synth of entity c_addsub_v12_0_10.c_addsub_v12_0_10_legacy [\c_addsub_v12_0_10_legacy(c_fami...]
Compiling architecture synth of entity c_addsub_v12_0_10.c_addsub_v12_0_10_viv [\c_addsub_v12_0_10_viv(c_xdevice...]
Compiling architecture xilinx of entity c_addsub_v12_0_10.c_addsub_v12_0_10 [\c_addsub_v12_0_10(c_xdevicefami...]
Compiling architecture sum_10s_10s_arch of entity xil_defaultlib.sum_10s_10s [sum_10s_10s_default]
Compiling architecture synth of entity c_addsub_v12_0_10.c_addsub_v12_0_10_legacy [\c_addsub_v12_0_10_legacy(c_fami...]
Compiling architecture synth of entity c_addsub_v12_0_10.c_addsub_v12_0_10_viv [\c_addsub_v12_0_10_viv(c_xdevice...]
Compiling architecture xilinx of entity c_addsub_v12_0_10.c_addsub_v12_0_10 [\c_addsub_v12_0_10(c_xdevicefami...]
Compiling architecture sum_11s_11s_arch of entity xil_defaultlib.sum_11s_11s [sum_11s_11s_default]
Compiling module xil_defaultlib.matrix_row
Compiling module xil_defaultlib.rgb2ycbcr
Compiling module xil_defaultlib.rgb2ycbcr_0
Compiling module xil_defaultlib.binarisation(Cr_low=8'b10100000)
Compiling module xil_defaultlib.binarisation_0
Compiling architecture xilinx of entity mult_gen_v12_0_12.delay_line [\delay_line(c_xdevicefamily="zyn...]
Compiling architecture xilinx of entity mult_gen_v12_0_12.delay_line [\delay_line(c_xdevicefamily="zyn...]
Compiling architecture xilinx of entity mult_gen_v12_0_12.delay_line [\delay_line(c_xdevicefamily="zyn...]
Compiling architecture xilinx of entity mult_gen_v12_0_12.delay_line [\delay_line(c_xdevicefamily="zyn...]
Compiling architecture dsp48e1_v of entity unisim.DSP48E1 [\DSP48E1(alumodereg=0,carryinreg...]
Compiling architecture xilinx of entity mult_gen_v12_0_12.delay_line [\delay_line(c_xdevicefamily="zyn...]
Compiling architecture dsp48e1_v of entity unisim.DSP48E1 [\DSP48E1(a_input="CASCADE",bcasc...]
Compiling architecture xilinx of entity mult_gen_v12_0_12.op_resize [\op_resize(ai_width=32,bi_width=...]
Compiling architecture xilinx of entity mult_gen_v12_0_12.dsp [\dsp(c_xdevicefamily="zynq",c_a_...]
Compiling architecture xilinx of entity mult_gen_v12_0_12.mult_gen_v12_0_12_viv [\mult_gen_v12_0_12_viv(c_verbosi...]
Compiling architecture xilinx of entity mult_gen_v12_0_12.mult_gen_v12_0_12 [\mult_gen_v12_0_12(c_xdevicefami...]
Compiling architecture mult_32_20_lm_arch of entity xil_defaultlib.mult_32_20_lm [mult_32_20_lm_default]
Compiling module xil_defaultlib.divider_32_20
Compiling module xil_defaultlib.divider_32_20_0
Compiling module xil_defaultlib.core_adder
Compiling module xil_defaultlib.center_seeker(IMG_H=64,IMG_W=64)
Compiling module xil_defaultlib.delay(WIDTH=3,DELAY=7)
Compiling module xil_defaultlib.delay(WIDTH=11,DELAY=7)
Compiling module xil_defaultlib.delay(WIDTH=24,DELAY=7)
Compiling architecture structural of entity c_reg_fd_v12_0_3.c_reg_fd_v12_0_3_viv [\c_reg_fd_v12_0_3_viv(c_width=12...]
Compiling architecture rtl of entity c_addsub_v12_0_10.c_addsub_v12_0_10_lut6_legacy [\c_addsub_v12_0_10_lut6_legacy(c...]
Compiling architecture synth of entity c_addsub_v12_0_10.c_addsub_v12_0_10_fabric_legacy [\c_addsub_v12_0_10_fabric_legacy...]
Compiling architecture synth of entity c_addsub_v12_0_10.c_addsub_v12_0_10_legacy [\c_addsub_v12_0_10_legacy(c_fami...]
Compiling architecture synth of entity c_addsub_v12_0_10.c_addsub_v12_0_10_viv [\c_addsub_v12_0_10_viv(c_xdevice...]
Compiling architecture xilinx of entity c_addsub_v12_0_10.c_addsub_v12_0_10 [\c_addsub_v12_0_10(c_xdevicefami...]
Compiling architecture sub_11u_11u_arch of entity xil_defaultlib.sub_11u_11u [sub_11u_11u_default]
Compiling architecture lut2_v of entity unisim.LUT2 [\LUT2(init="1000")(0,3)\]
Compiling architecture mult_and_v of entity unisim.MULT_AND [mult_and_default]
Compiling architecture xilinx of entity mult_gen_v12_0_12.op_resize [\op_resize(ai_width=12,bi_width=...]
Compiling architecture xilinx of entity mult_gen_v12_0_12.luts [\luts(c_xdevicefamily="zynq",c_a...]
Compiling architecture xilinx of entity mult_gen_v12_0_12.mult_gen_v12_0_12_viv [\mult_gen_v12_0_12_viv(c_verbosi...]
Compiling architecture xilinx of entity mult_gen_v12_0_12.mult_gen_v12_0_12 [\mult_gen_v12_0_12(c_xdevicefami...]
Compiling architecture mul_12s_12s_arch of entity xil_defaultlib.mul_12s_12s [mul_12s_12s_default]
Compiling architecture structural of entity c_reg_fd_v12_0_3.c_reg_fd_v12_0_3_viv [\c_reg_fd_v12_0_3_viv(c_sync_pri...]
Compiling architecture rtl of entity c_addsub_v12_0_10.c_addsub_v12_0_10_lut6_legacy [\c_addsub_v12_0_10_lut6_legacy(c...]
Compiling architecture synth of entity c_addsub_v12_0_10.c_addsub_v12_0_10_fabric_legacy [\c_addsub_v12_0_10_fabric_legacy...]
Compiling architecture rtl of entity c_addsub_v12_0_10.c_addsub_v12_0_10_lut6_legacy [\c_addsub_v12_0_10_lut6_legacy(c...]
Compiling architecture synth of entity c_addsub_v12_0_10.c_addsub_v12_0_10_fabric_legacy [\c_addsub_v12_0_10_fabric_legacy...]
Compiling architecture rtl of entity c_addsub_v12_0_10.c_addsub_v12_0_10_lut6_legacy [\c_addsub_v12_0_10_lut6_legacy(c...]
Compiling architecture synth of entity c_addsub_v12_0_10.c_addsub_v12_0_10_fabric_legacy [\c_addsub_v12_0_10_fabric_legacy...]
Compiling architecture synth of entity c_addsub_v12_0_10.c_addsub_v12_0_10_legacy [\c_addsub_v12_0_10_legacy(c_fami...]
Compiling architecture synth of entity c_addsub_v12_0_10.c_addsub_v12_0_10_viv [\c_addsub_v12_0_10_viv(c_xdevice...]
Compiling architecture xilinx of entity c_addsub_v12_0_10.c_addsub_v12_0_10 [\c_addsub_v12_0_10(c_xdevicefami...]
Compiling architecture sum_24u_24u_arch of entity xil_defaultlib.sum_24u_24u [sum_24u_24u_default]
Compiling module xil_defaultlib.draw_shape(IMG_W=64,IMG_H=64)
Compiling module xil_defaultlib.mux
Compiling module xil_defaultlib.multiplexer
Compiling module xil_defaultlib.vb
Compiling module xil_defaultlib.hdmi_out
Compiling module xil_defaultlib.tb_hdmi
Compiling module xil_defaultlib.glbl
Built simulation snapshot tb_hdmi_behav
