
*** Running vivado
    with args -log two_signed.vds -m64 -product Vivado -mode batch -messageDb vivado.pb -notrace -source two_signed.tcl

awk: symbol lookup error: awk: undefined symbol: mpfr_z_sub

****** Vivado v2016.4 (64-bit)
  **** SW Build 1756540 on Mon Jan 23 19:11:19 MST 2017
  **** IP Build 1755317 on Mon Jan 23 20:30:07 MST 2017
    ** Copyright 1986-2016 Xilinx, Inc. All Rights Reserved.

source two_signed.tcl -notrace
CRITICAL WARNING: [Board 49-56] Problem parsing board file - /home/pingwin/VIVADO/Vivado/2016.4/data/boards/board_files/arty-s7-50/B.0/board.xml
awk: symbol lookup error: awk: undefined symbol: mpfr_z_sub
Starting RTL Elaboration : Time (s): cpu = 00:00:06 ; elapsed = 00:00:06 . Memory (MB): peak = 1074.738 ; gain = 143.086 ; free physical = 833 ; free virtual = 3330
INFO: [Synth 8-638] synthesizing module 'two_signed' [/home/pingwin/Dokumenty/Verilog/compound-project/YCbCr/rgb2ycbcr.srcs/sources_1/ip/two_signed/synth/two_signed.vhd:69]
INFO: [Synth 8-256] done synthesizing module 'two_signed' (7#1) [/home/pingwin/Dokumenty/Verilog/compound-project/YCbCr/rgb2ycbcr.srcs/sources_1/ip/two_signed/synth/two_signed.vhd:69]
Finished RTL Elaboration : Time (s): cpu = 00:00:07 ; elapsed = 00:00:07 . Memory (MB): peak = 1120.207 ; gain = 188.555 ; free physical = 787 ; free virtual = 3284
Finished RTL Optimization Phase 1 : Time (s): cpu = 00:00:07 ; elapsed = 00:00:07 . Memory (MB): peak = 1120.207 ; gain = 188.555 ; free physical = 787 ; free virtual = 3285
INFO: [Device 21-403] Loading part xc7z010clg400-1
Constraint Validation Runtime : Time (s): cpu = 00:00:00.01 ; elapsed = 00:00:00.02 . Memory (MB): peak = 1403.566 ; gain = 0.000 ; free physical = 621 ; free virtual = 3119
Finished Constraint Validation : Time (s): cpu = 00:00:14 ; elapsed = 00:00:14 . Memory (MB): peak = 1403.566 ; gain = 471.914 ; free physical = 578 ; free virtual = 3121
Finished Loading Part and Timing Information : Time (s): cpu = 00:00:14 ; elapsed = 00:00:14 . Memory (MB): peak = 1403.566 ; gain = 471.914 ; free physical = 578 ; free virtual = 3121
Finished applying 'set_property' XDC Constraints : Time (s): cpu = 00:00:14 ; elapsed = 00:00:14 . Memory (MB): peak = 1403.566 ; gain = 471.914 ; free physical = 579 ; free virtual = 3121
Finished RTL Optimization Phase 2 : Time (s): cpu = 00:00:14 ; elapsed = 00:00:15 . Memory (MB): peak = 1403.566 ; gain = 471.914 ; free physical = 571 ; free virtual = 3113
Finished Cross Boundary and Area Optimization : Time (s): cpu = 00:00:14 ; elapsed = 00:00:15 . Memory (MB): peak = 1403.566 ; gain = 471.914 ; free physical = 555 ; free virtual = 3097
Finished Applying XDC Timing Constraints : Time (s): cpu = 00:00:21 ; elapsed = 00:00:21 . Memory (MB): peak = 1403.566 ; gain = 471.914 ; free physical = 605 ; free virtual = 3102
Finished Timing Optimization : Time (s): cpu = 00:00:21 ; elapsed = 00:00:21 . Memory (MB): peak = 1403.566 ; gain = 471.914 ; free physical = 604 ; free virtual = 3101
Finished Technology Mapping : Time (s): cpu = 00:00:21 ; elapsed = 00:00:21 . Memory (MB): peak = 1403.566 ; gain = 471.914 ; free physical = 595 ; free virtual = 3092
Finished IO Insertion : Time (s): cpu = 00:00:21 ; elapsed = 00:00:22 . Memory (MB): peak = 1403.566 ; gain = 471.914 ; free physical = 595 ; free virtual = 3092
Finished Renaming Generated Instances : Time (s): cpu = 00:00:21 ; elapsed = 00:00:22 . Memory (MB): peak = 1403.566 ; gain = 471.914 ; free physical = 595 ; free virtual = 3092
Finished Rebuilding User Hierarchy : Time (s): cpu = 00:00:21 ; elapsed = 00:00:22 . Memory (MB): peak = 1403.566 ; gain = 471.914 ; free physical = 595 ; free virtual = 3092
Finished Renaming Generated Ports : Time (s): cpu = 00:00:21 ; elapsed = 00:00:22 . Memory (MB): peak = 1403.566 ; gain = 471.914 ; free physical = 595 ; free virtual = 3092
Finished Handling Custom Attributes : Time (s): cpu = 00:00:21 ; elapsed = 00:00:22 . Memory (MB): peak = 1403.566 ; gain = 471.914 ; free physical = 594 ; free virtual = 3091
Finished Renaming Generated Nets : Time (s): cpu = 00:00:21 ; elapsed = 00:00:22 . Memory (MB): peak = 1403.566 ; gain = 471.914 ; free physical = 594 ; free virtual = 3091

Report Cell Usage: 
+------+------+------+
|      |Cell  |Count |
+------+------+------+
|1     |LUT2  |    19|
|2     |MUXCY |    27|
|3     |XORCY |    29|
|4     |FDRE  |    39|
+------+------+------+
Finished Writing Synthesis Report : Time (s): cpu = 00:00:21 ; elapsed = 00:00:22 . Memory (MB): peak = 1403.566 ; gain = 471.914 ; free physical = 594 ; free virtual = 3091
synth_design: Time (s): cpu = 00:00:20 ; elapsed = 00:00:20 . Memory (MB): peak = 1403.574 ; gain = 404.418 ; free physical = 583 ; free virtual = 3080
