
*** Running vivado
    with args -log sum_24u_24u.vds -m64 -product Vivado -mode batch -messageDb vivado.pb -notrace -source sum_24u_24u.tcl

awk: symbol lookup error: awk: undefined symbol: mpfr_z_sub

****** Vivado v2016.4 (64-bit)
  **** SW Build 1756540 on Mon Jan 23 19:11:19 MST 2017
  **** IP Build 1755317 on Mon Jan 23 20:30:07 MST 2017
    ** Copyright 1986-2016 Xilinx, Inc. All Rights Reserved.

source sum_24u_24u.tcl -notrace
CRITICAL WARNING: [Board 49-56] Problem parsing board file - /home/pingwin/VIVADO/Vivado/2016.4/data/boards/board_files/arty-s7-50/B.0/board.xml
awk: symbol lookup error: awk: undefined symbol: mpfr_z_sub
Starting RTL Elaboration : Time (s): cpu = 00:00:10 ; elapsed = 00:00:10 . Memory (MB): peak = 1074.742 ; gain = 143.086 ; free physical = 656 ; free virtual = 3244
INFO: [Synth 8-638] synthesizing module 'sum_24u_24u' [/home/pingwin/Dokumenty/Verilog/compound-project/vb/vb.srcs/sources_1/ip/sum_24u_24u/synth/sum_24u_24u.vhd:69]
INFO: [Synth 8-256] done synthesizing module 'sum_24u_24u' (7#1) [/home/pingwin/Dokumenty/Verilog/compound-project/vb/vb.srcs/sources_1/ip/sum_24u_24u/synth/sum_24u_24u.vhd:69]
Finished RTL Elaboration : Time (s): cpu = 00:00:12 ; elapsed = 00:00:12 . Memory (MB): peak = 1120.211 ; gain = 188.555 ; free physical = 601 ; free virtual = 3196
Finished RTL Optimization Phase 1 : Time (s): cpu = 00:00:12 ; elapsed = 00:00:13 . Memory (MB): peak = 1120.211 ; gain = 188.555 ; free physical = 601 ; free virtual = 3196
INFO: [Device 21-403] Loading part xc7z010clg400-1
Constraint Validation Runtime : Time (s): cpu = 00:00:00.02 ; elapsed = 00:00:00.02 . Memory (MB): peak = 1403.562 ; gain = 0.000 ; free physical = 461 ; free virtual = 3045
Finished Constraint Validation : Time (s): cpu = 00:00:26 ; elapsed = 00:00:27 . Memory (MB): peak = 1403.562 ; gain = 471.906 ; free physical = 466 ; free virtual = 3044
Finished Loading Part and Timing Information : Time (s): cpu = 00:00:26 ; elapsed = 00:00:27 . Memory (MB): peak = 1403.562 ; gain = 471.906 ; free physical = 466 ; free virtual = 3045
Finished applying 'set_property' XDC Constraints : Time (s): cpu = 00:00:26 ; elapsed = 00:00:27 . Memory (MB): peak = 1403.562 ; gain = 471.906 ; free physical = 466 ; free virtual = 3045
Finished RTL Optimization Phase 2 : Time (s): cpu = 00:00:26 ; elapsed = 00:00:27 . Memory (MB): peak = 1403.562 ; gain = 471.906 ; free physical = 462 ; free virtual = 3036
Finished Cross Boundary and Area Optimization : Time (s): cpu = 00:00:27 ; elapsed = 00:00:27 . Memory (MB): peak = 1403.562 ; gain = 471.906 ; free physical = 446 ; free virtual = 3021
Finished Applying XDC Timing Constraints : Time (s): cpu = 00:00:39 ; elapsed = 00:00:40 . Memory (MB): peak = 1403.562 ; gain = 471.906 ; free physical = 408 ; free virtual = 2980
Finished Timing Optimization : Time (s): cpu = 00:00:40 ; elapsed = 00:00:40 . Memory (MB): peak = 1403.562 ; gain = 471.906 ; free physical = 408 ; free virtual = 2980
Finished Technology Mapping : Time (s): cpu = 00:00:40 ; elapsed = 00:00:40 . Memory (MB): peak = 1403.562 ; gain = 471.906 ; free physical = 399 ; free virtual = 2971
Finished IO Insertion : Time (s): cpu = 00:00:40 ; elapsed = 00:00:41 . Memory (MB): peak = 1403.562 ; gain = 471.906 ; free physical = 396 ; free virtual = 2972
Finished Renaming Generated Instances : Time (s): cpu = 00:00:40 ; elapsed = 00:00:41 . Memory (MB): peak = 1403.562 ; gain = 471.906 ; free physical = 396 ; free virtual = 2972
Finished Rebuilding User Hierarchy : Time (s): cpu = 00:00:40 ; elapsed = 00:00:41 . Memory (MB): peak = 1403.562 ; gain = 471.906 ; free physical = 396 ; free virtual = 2971
Finished Renaming Generated Ports : Time (s): cpu = 00:00:40 ; elapsed = 00:00:41 . Memory (MB): peak = 1403.562 ; gain = 471.906 ; free physical = 396 ; free virtual = 2972
Finished Handling Custom Attributes : Time (s): cpu = 00:00:40 ; elapsed = 00:00:41 . Memory (MB): peak = 1403.562 ; gain = 471.906 ; free physical = 395 ; free virtual = 2971
Finished Renaming Generated Nets : Time (s): cpu = 00:00:40 ; elapsed = 00:00:41 . Memory (MB): peak = 1403.562 ; gain = 471.906 ; free physical = 395 ; free virtual = 2971

Report Cell Usage: 
+------+------+------+
|      |Cell  |Count |
+------+------+------+
|1     |LUT2  |    24|
|2     |MUXCY |    34|
|3     |XORCY |    36|
|4     |FDRE  |    49|
+------+------+------+
Finished Writing Synthesis Report : Time (s): cpu = 00:00:40 ; elapsed = 00:00:41 . Memory (MB): peak = 1403.562 ; gain = 471.906 ; free physical = 395 ; free virtual = 2971
synth_design: Time (s): cpu = 00:00:39 ; elapsed = 00:00:39 . Memory (MB): peak = 1403.570 ; gain = 404.410 ; free physical = 383 ; free virtual = 2957
