
*** Running vivado
    with args -log Z_sum.vds -m64 -product Vivado -mode batch -messageDb vivado.pb -notrace -source Z_sum.tcl

awk: symbol lookup error: awk: undefined symbol: mpfr_z_sub

****** Vivado v2016.4 (64-bit)
  **** SW Build 1756540 on Mon Jan 23 19:11:19 MST 2017
  **** IP Build 1755317 on Mon Jan 23 20:30:07 MST 2017
    ** Copyright 1986-2016 Xilinx, Inc. All Rights Reserved.

source Z_sum.tcl -notrace
awk: symbol lookup error: awk: undefined symbol: mpfr_z_sub
Starting RTL Elaboration : Time (s): cpu = 00:00:11 ; elapsed = 00:00:12 . Memory (MB): peak = 1064.738 ; gain = 133.086 ; free physical = 551 ; free virtual = 3815
INFO: [Synth 8-638] synthesizing module 'Z_sum' [/home/pingwin/Dokumenty/Verilog/matrix_mult/matrix_mult.srcs/sources_1/ip/Z_sum_1/synth/Z_sum.vhd:69]
INFO: [Synth 8-256] done synthesizing module 'Z_sum' (7#1) [/home/pingwin/Dokumenty/Verilog/matrix_mult/matrix_mult.srcs/sources_1/ip/Z_sum_1/synth/Z_sum.vhd:69]
Finished RTL Elaboration : Time (s): cpu = 00:00:14 ; elapsed = 00:00:14 . Memory (MB): peak = 1110.207 ; gain = 178.555 ; free physical = 478 ; free virtual = 3768
Finished RTL Optimization Phase 1 : Time (s): cpu = 00:00:14 ; elapsed = 00:00:14 . Memory (MB): peak = 1110.207 ; gain = 178.555 ; free physical = 478 ; free virtual = 3768
INFO: [Device 21-403] Loading part xc7k70tfbv676-1
Constraint Validation Runtime : Time (s): cpu = 00:00:00.02 ; elapsed = 00:00:00.02 . Memory (MB): peak = 1398.277 ; gain = 0.000 ; free physical = 335 ; free virtual = 3608
Finished Constraint Validation : Time (s): cpu = 00:00:30 ; elapsed = 00:00:31 . Memory (MB): peak = 1398.277 ; gain = 466.625 ; free physical = 332 ; free virtual = 3607
Finished Loading Part and Timing Information : Time (s): cpu = 00:00:30 ; elapsed = 00:00:31 . Memory (MB): peak = 1398.277 ; gain = 466.625 ; free physical = 332 ; free virtual = 3607
Finished applying 'set_property' XDC Constraints : Time (s): cpu = 00:00:30 ; elapsed = 00:00:31 . Memory (MB): peak = 1398.277 ; gain = 466.625 ; free physical = 332 ; free virtual = 3607
Finished RTL Optimization Phase 2 : Time (s): cpu = 00:00:31 ; elapsed = 00:00:31 . Memory (MB): peak = 1398.277 ; gain = 466.625 ; free physical = 324 ; free virtual = 3599
Finished Cross Boundary and Area Optimization : Time (s): cpu = 00:00:31 ; elapsed = 00:00:32 . Memory (MB): peak = 1398.277 ; gain = 466.625 ; free physical = 308 ; free virtual = 3583
Finished Applying XDC Timing Constraints : Time (s): cpu = 00:00:44 ; elapsed = 00:00:45 . Memory (MB): peak = 1398.277 ; gain = 466.625 ; free physical = 276 ; free virtual = 3551
Finished Timing Optimization : Time (s): cpu = 00:00:44 ; elapsed = 00:00:45 . Memory (MB): peak = 1398.277 ; gain = 466.625 ; free physical = 276 ; free virtual = 3551
Finished Technology Mapping : Time (s): cpu = 00:00:44 ; elapsed = 00:00:45 . Memory (MB): peak = 1398.277 ; gain = 466.625 ; free physical = 267 ; free virtual = 3542
Finished IO Insertion : Time (s): cpu = 00:00:45 ; elapsed = 00:00:46 . Memory (MB): peak = 1398.277 ; gain = 466.625 ; free physical = 267 ; free virtual = 3542
Finished Renaming Generated Instances : Time (s): cpu = 00:00:45 ; elapsed = 00:00:46 . Memory (MB): peak = 1398.277 ; gain = 466.625 ; free physical = 267 ; free virtual = 3542
Finished Rebuilding User Hierarchy : Time (s): cpu = 00:00:45 ; elapsed = 00:00:46 . Memory (MB): peak = 1398.277 ; gain = 466.625 ; free physical = 267 ; free virtual = 3542
Finished Renaming Generated Ports : Time (s): cpu = 00:00:45 ; elapsed = 00:00:46 . Memory (MB): peak = 1398.277 ; gain = 466.625 ; free physical = 267 ; free virtual = 3542
Finished Handling Custom Attributes : Time (s): cpu = 00:00:45 ; elapsed = 00:00:46 . Memory (MB): peak = 1398.277 ; gain = 466.625 ; free physical = 267 ; free virtual = 3541
Finished Renaming Generated Nets : Time (s): cpu = 00:00:45 ; elapsed = 00:00:46 . Memory (MB): peak = 1398.277 ; gain = 466.625 ; free physical = 267 ; free virtual = 3541

Report Cell Usage: 
+------+------+------+
|      |Cell  |Count |
+------+------+------+
|1     |LUT2  |    22|
|2     |MUXCY |    31|
|3     |XORCY |    33|
|4     |FDRE  |    45|
+------+------+------+
Finished Writing Synthesis Report : Time (s): cpu = 00:00:45 ; elapsed = 00:00:46 . Memory (MB): peak = 1398.277 ; gain = 466.625 ; free physical = 266 ; free virtual = 3541
synth_design: Time (s): cpu = 00:00:43 ; elapsed = 00:00:43 . Memory (MB): peak = 1398.285 ; gain = 399.129 ; free physical = 249 ; free virtual = 3524
