
*** Running vivado
    with args -log sum_10s_10s.vds -m64 -product Vivado -mode batch -messageDb vivado.pb -notrace -source sum_10s_10s.tcl

awk: symbol lookup error: awk: undefined symbol: mpfr_z_sub

****** Vivado v2016.4 (64-bit)
  **** SW Build 1756540 on Mon Jan 23 19:11:19 MST 2017
  **** IP Build 1755317 on Mon Jan 23 20:30:07 MST 2017
    ** Copyright 1986-2016 Xilinx, Inc. All Rights Reserved.

source sum_10s_10s.tcl -notrace
CRITICAL WARNING: [Board 49-56] Problem parsing board file - /home/pingwin/VIVADO/Vivado/2016.4/data/boards/board_files/arty-s7-50/B.0/board.xml
awk: symbol lookup error: awk: undefined symbol: mpfr_z_sub
Starting RTL Elaboration : Time (s): cpu = 00:00:09 ; elapsed = 00:00:09 . Memory (MB): peak = 1074.738 ; gain = 143.086 ; free physical = 942 ; free virtual = 2999
INFO: [Synth 8-638] synthesizing module 'sum_10s_10s' [/home/pingwin/Dokumenty/Verilog/compound-project/YCbCr/rgb2ycbcr.srcs/sources_1/ip/sum_10s_10s/synth/sum_10s_10s.vhd:69]
INFO: [Synth 8-256] done synthesizing module 'sum_10s_10s' (7#1) [/home/pingwin/Dokumenty/Verilog/compound-project/YCbCr/rgb2ycbcr.srcs/sources_1/ip/sum_10s_10s/synth/sum_10s_10s.vhd:69]
Finished RTL Elaboration : Time (s): cpu = 00:00:11 ; elapsed = 00:00:11 . Memory (MB): peak = 1120.207 ; gain = 188.555 ; free physical = 919 ; free virtual = 2976
Finished RTL Optimization Phase 1 : Time (s): cpu = 00:00:11 ; elapsed = 00:00:11 . Memory (MB): peak = 1120.207 ; gain = 188.555 ; free physical = 919 ; free virtual = 2976
INFO: [Device 21-403] Loading part xc7z010clg400-1
Constraint Validation Runtime : Time (s): cpu = 00:00:00.02 ; elapsed = 00:00:00.01 . Memory (MB): peak = 1384.590 ; gain = 0.000 ; free physical = 761 ; free virtual = 2818
Finished Constraint Validation : Time (s): cpu = 00:00:25 ; elapsed = 00:00:25 . Memory (MB): peak = 1384.590 ; gain = 452.938 ; free physical = 758 ; free virtual = 2816
Finished Loading Part and Timing Information : Time (s): cpu = 00:00:25 ; elapsed = 00:00:25 . Memory (MB): peak = 1384.590 ; gain = 452.938 ; free physical = 758 ; free virtual = 2816
Finished applying 'set_property' XDC Constraints : Time (s): cpu = 00:00:25 ; elapsed = 00:00:25 . Memory (MB): peak = 1384.590 ; gain = 452.938 ; free physical = 758 ; free virtual = 2816
Finished RTL Optimization Phase 2 : Time (s): cpu = 00:00:25 ; elapsed = 00:00:26 . Memory (MB): peak = 1384.590 ; gain = 452.938 ; free physical = 751 ; free virtual = 2809
Finished Cross Boundary and Area Optimization : Time (s): cpu = 00:00:25 ; elapsed = 00:00:26 . Memory (MB): peak = 1384.590 ; gain = 452.938 ; free physical = 735 ; free virtual = 2793
Finished Applying XDC Timing Constraints : Time (s): cpu = 00:00:37 ; elapsed = 00:00:37 . Memory (MB): peak = 1384.590 ; gain = 452.938 ; free physical = 654 ; free virtual = 2712
Finished Timing Optimization : Time (s): cpu = 00:00:37 ; elapsed = 00:00:37 . Memory (MB): peak = 1384.590 ; gain = 452.938 ; free physical = 654 ; free virtual = 2712
Finished Technology Mapping : Time (s): cpu = 00:00:37 ; elapsed = 00:00:37 . Memory (MB): peak = 1384.590 ; gain = 452.938 ; free physical = 645 ; free virtual = 2703
Finished IO Insertion : Time (s): cpu = 00:00:37 ; elapsed = 00:00:38 . Memory (MB): peak = 1384.590 ; gain = 452.938 ; free physical = 645 ; free virtual = 2703
Finished Renaming Generated Instances : Time (s): cpu = 00:00:37 ; elapsed = 00:00:38 . Memory (MB): peak = 1384.590 ; gain = 452.938 ; free physical = 645 ; free virtual = 2703
Finished Rebuilding User Hierarchy : Time (s): cpu = 00:00:37 ; elapsed = 00:00:38 . Memory (MB): peak = 1384.590 ; gain = 452.938 ; free physical = 645 ; free virtual = 2703
Finished Renaming Generated Ports : Time (s): cpu = 00:00:37 ; elapsed = 00:00:38 . Memory (MB): peak = 1384.590 ; gain = 452.938 ; free physical = 645 ; free virtual = 2703
Finished Handling Custom Attributes : Time (s): cpu = 00:00:37 ; elapsed = 00:00:38 . Memory (MB): peak = 1384.590 ; gain = 452.938 ; free physical = 645 ; free virtual = 2702
Finished Renaming Generated Nets : Time (s): cpu = 00:00:37 ; elapsed = 00:00:38 . Memory (MB): peak = 1384.590 ; gain = 452.938 ; free physical = 645 ; free virtual = 2702

Report Cell Usage: 
+------+------+------+
|      |Cell  |Count |
+------+------+------+
|1     |LUT2  |    10|
|2     |MUXCY |     9|
|3     |XORCY |    10|
|4     |FDRE  |    10|
+------+------+------+
Finished Writing Synthesis Report : Time (s): cpu = 00:00:37 ; elapsed = 00:00:38 . Memory (MB): peak = 1384.590 ; gain = 452.938 ; free physical = 645 ; free virtual = 2702
synth_design: Time (s): cpu = 00:00:36 ; elapsed = 00:00:36 . Memory (MB): peak = 1396.590 ; gain = 397.434 ; free physical = 609 ; free virtual = 2667
