
*** Running vivado
    with args -log signed_mul.vds -m64 -product Vivado -mode batch -messageDb vivado.pb -notrace -source signed_mul.tcl

awk: symbol lookup error: awk: undefined symbol: mpfr_z_sub

****** Vivado v2016.4 (64-bit)
  **** SW Build 1756540 on Mon Jan 23 19:11:19 MST 2017
  **** IP Build 1755317 on Mon Jan 23 20:30:07 MST 2017
    ** Copyright 1986-2016 Xilinx, Inc. All Rights Reserved.

source signed_mul.tcl -notrace
CRITICAL WARNING: [Board 49-56] Problem parsing board file - /home/pingwin/VIVADO/Vivado/2016.4/data/boards/board_files/arty-s7-50/B.0/board.xml
awk: symbol lookup error: awk: undefined symbol: mpfr_z_sub
Starting RTL Elaboration : Time (s): cpu = 00:00:05 ; elapsed = 00:00:05 . Memory (MB): peak = 1073.734 ; gain = 142.086 ; free physical = 911 ; free virtual = 3422
INFO: [Synth 8-638] synthesizing module 'signed_mul' [/home/pingwin/Dokumenty/Verilog/compound-project/YCbCr/rgb2ycbcr.srcs/sources_1/ip/signed_mul/synth/signed_mul.vhd:68]
INFO: [Synth 8-256] done synthesizing module 'signed_mul' (6#1) [/home/pingwin/Dokumenty/Verilog/compound-project/YCbCr/rgb2ycbcr.srcs/sources_1/ip/signed_mul/synth/signed_mul.vhd:68]
Finished RTL Elaboration : Time (s): cpu = 00:00:07 ; elapsed = 00:00:07 . Memory (MB): peak = 1126.203 ; gain = 194.555 ; free physical = 859 ; free virtual = 3370
Finished RTL Optimization Phase 1 : Time (s): cpu = 00:00:07 ; elapsed = 00:00:07 . Memory (MB): peak = 1126.203 ; gain = 194.555 ; free physical = 859 ; free virtual = 3369
INFO: [Device 21-403] Loading part xc7z010clg400-1
Constraint Validation Runtime : Time (s): cpu = 00:00:00.01 ; elapsed = 00:00:00 . Memory (MB): peak = 1411.555 ; gain = 0.000 ; free physical = 734 ; free virtual = 3213
Finished Constraint Validation : Time (s): cpu = 00:00:14 ; elapsed = 00:00:14 . Memory (MB): peak = 1411.555 ; gain = 479.906 ; free physical = 735 ; free virtual = 3214
Finished Loading Part and Timing Information : Time (s): cpu = 00:00:14 ; elapsed = 00:00:14 . Memory (MB): peak = 1411.555 ; gain = 479.906 ; free physical = 735 ; free virtual = 3214
Finished applying 'set_property' XDC Constraints : Time (s): cpu = 00:00:14 ; elapsed = 00:00:14 . Memory (MB): peak = 1411.555 ; gain = 479.906 ; free physical = 735 ; free virtual = 3214
Finished RTL Optimization Phase 2 : Time (s): cpu = 00:00:14 ; elapsed = 00:00:14 . Memory (MB): peak = 1411.555 ; gain = 479.906 ; free physical = 727 ; free virtual = 3206
Finished Cross Boundary and Area Optimization : Time (s): cpu = 00:00:15 ; elapsed = 00:00:15 . Memory (MB): peak = 1411.555 ; gain = 479.906 ; free physical = 719 ; free virtual = 3198
Finished Applying XDC Timing Constraints : Time (s): cpu = 00:00:24 ; elapsed = 00:00:24 . Memory (MB): peak = 1411.555 ; gain = 479.906 ; free physical = 625 ; free virtual = 3127
Finished Timing Optimization : Time (s): cpu = 00:00:24 ; elapsed = 00:00:24 . Memory (MB): peak = 1411.555 ; gain = 479.906 ; free physical = 625 ; free virtual = 3127
Finished Technology Mapping : Time (s): cpu = 00:00:24 ; elapsed = 00:00:24 . Memory (MB): peak = 1419.562 ; gain = 487.914 ; free physical = 608 ; free virtual = 3111
Finished IO Insertion : Time (s): cpu = 00:00:24 ; elapsed = 00:00:25 . Memory (MB): peak = 1419.562 ; gain = 487.914 ; free physical = 615 ; free virtual = 3110
Finished Renaming Generated Instances : Time (s): cpu = 00:00:24 ; elapsed = 00:00:25 . Memory (MB): peak = 1419.562 ; gain = 487.914 ; free physical = 615 ; free virtual = 3110
Finished Rebuilding User Hierarchy : Time (s): cpu = 00:00:24 ; elapsed = 00:00:25 . Memory (MB): peak = 1419.562 ; gain = 487.914 ; free physical = 615 ; free virtual = 3110
Finished Renaming Generated Ports : Time (s): cpu = 00:00:24 ; elapsed = 00:00:25 . Memory (MB): peak = 1419.562 ; gain = 487.914 ; free physical = 615 ; free virtual = 3110
Finished Handling Custom Attributes : Time (s): cpu = 00:00:24 ; elapsed = 00:00:25 . Memory (MB): peak = 1419.562 ; gain = 487.914 ; free physical = 615 ; free virtual = 3110
Finished Renaming Generated Nets : Time (s): cpu = 00:00:24 ; elapsed = 00:00:25 . Memory (MB): peak = 1419.562 ; gain = 487.914 ; free physical = 615 ; free virtual = 3110

Report Cell Usage: 
+------+--------+------+
|      |Cell    |Count |
+------+--------+------+
|1     |DSP48E1 |     1|
+------+--------+------+
Finished Writing Synthesis Report : Time (s): cpu = 00:00:24 ; elapsed = 00:00:25 . Memory (MB): peak = 1419.562 ; gain = 487.914 ; free physical = 615 ; free virtual = 3110
synth_design: Time (s): cpu = 00:00:23 ; elapsed = 00:00:24 . Memory (MB): peak = 1419.570 ; gain = 420.418 ; free physical = 620 ; free virtual = 3115
