awk: symbol lookup error: awk: undefined symbol: mpfr_z_sub
INFO: [VRFC 10-2263] Analyzing Verilog file "/home/pingwin/Dokumenty/Verilog/compound-project/HSV/HSV.srcs/sources_1/new/switcher.v" into library xil_defaultlib
INFO: [VRFC 10-311] analyzing module switcher
INFO: [VRFC 10-2263] Analyzing Verilog file "/home/pingwin/Dokumenty/Verilog/compound-project/HSV/HSV.srcs/sources_1/new/selector.v" into library xil_defaultlib
INFO: [VRFC 10-311] analyzing module selector
INFO: [VRFC 10-2263] Analyzing Verilog file "/home/pingwin/Dokumenty/Verilog/compound-project/HSV/HSV.srcs/sources_1/new/hsv_delay.v" into library xil_defaultlib
INFO: [VRFC 10-311] analyzing module hsv_delay
INFO: [VRFC 10-2263] Analyzing Verilog file "/home/pingwin/Dokumenty/Verilog/compound-project/HSV/HSV.srcs/sources_1/new/s_calculation.v" into library xil_defaultlib
INFO: [VRFC 10-311] analyzing module s_calculation
INFO: [VRFC 10-2263] Analyzing Verilog file "/home/pingwin/Dokumenty/Verilog/compound-project/HSV/HSV.srcs/sources_1/new/minimum.v" into library xil_defaultlib
INFO: [VRFC 10-311] analyzing module minimum
INFO: [VRFC 10-2263] Analyzing Verilog file "/home/pingwin/Dokumenty/Verilog/compound-project/HSV/HSV.srcs/sources_1/new/maximum.v" into library xil_defaultlib
INFO: [VRFC 10-311] analyzing module maximum
INFO: [VRFC 10-2263] Analyzing Verilog file "/home/pingwin/Dokumenty/Verilog/compound-project/HSV/HSV.srcs/sources_1/new/h_calculation.v" into library xil_defaultlib
INFO: [VRFC 10-311] analyzing module h_calculation
INFO: [VRFC 10-2263] Analyzing Verilog file "/home/pingwin/Dokumenty/Verilog/compound-project/HSV/HSV.srcs/sources_1/new/rgb2hsv.v" into library xil_defaultlib
INFO: [VRFC 10-311] analyzing module rgb2hsv
INFO: [VRFC 10-2263] Analyzing Verilog file "/home/pingwin/Dokumenty/Verilog/compound-project/HSV/HSV.srcs/sim_1/new/rgb2hsv_tb.v" into library xil_defaultlib
INFO: [VRFC 10-311] analyzing module rgb2hsv_tb
INFO: [VRFC 10-2263] Analyzing Verilog file "/home/pingwin/Dokumenty/Verilog/compound-project/HSV/HSV.sim/sim_1/behav/glbl.v" into library xil_defaultlib
INFO: [VRFC 10-311] analyzing module glbl
awk: symbol lookup error: awk: undefined symbol: mpfr_z_sub
INFO: [VRFC 10-163] Analyzing VHDL file "/home/pingwin/Dokumenty/Verilog/compound-project/HSV/HSV.srcs/sources_1/ip/s_calculation_divider/sim/s_calculation_divider.vhd" into library xil_defaultlib
INFO: [VRFC 10-307] analyzing entity s_calculation_divider
INFO: [VRFC 10-163] Analyzing VHDL file "/home/pingwin/Dokumenty/Verilog/compound-project/HSV/HSV.srcs/sources_1/ip/sub_8u_8u_signed/sim/sub_8u_8u_signed.vhd" into library xil_defaultlib
INFO: [VRFC 10-307] analyzing entity sub_8u_8u_signed
INFO: [VRFC 10-163] Analyzing VHDL file "/home/pingwin/Dokumenty/Verilog/compound-project/HSV/HSV.srcs/sources_1/ip/sub_8u_8u_pos/sim/sub_8u_8u_pos.vhd" into library xil_defaultlib
INFO: [VRFC 10-307] analyzing entity sub_8u_8u_pos
INFO: [VRFC 10-163] Analyzing VHDL file "/home/pingwin/Dokumenty/Verilog/compound-project/HSV/HSV.srcs/sources_1/ip/mul_8u_16u/sim/mul_8u_16u.vhd" into library xil_defaultlib
INFO: [VRFC 10-307] analyzing entity mul_8u_16u
INFO: [VRFC 10-163] Analyzing VHDL file "/home/pingwin/Dokumenty/Verilog/compound-project/HSV/HSV.srcs/sources_1/ip/mul_10s_7u/sim/mul_10s_7u.vhd" into library xil_defaultlib
INFO: [VRFC 10-307] analyzing entity mul_10s_7u
INFO: [VRFC 10-163] Analyzing VHDL file "/home/pingwin/Dokumenty/Verilog/compound-project/HSV/HSV.srcs/sources_1/ip/h_calculation_divider/sim/h_calculation_divider.vhd" into library xil_defaultlib
INFO: [VRFC 10-307] analyzing entity h_calculation_divider
INFO: [VRFC 10-163] Analyzing VHDL file "/home/pingwin/Dokumenty/Verilog/compound-project/HSV/HSV.srcs/sources_1/ip/add_9s_8u/sim/add_9s_8u.vhd" into library xil_defaultlib
INFO: [VRFC 10-307] analyzing entity add_9s_8u
