Vivado Simulator 2016.4
Copyright 1986-1999, 2001-2016 Xilinx, Inc. All Rights Reserved.
Running: /home/pingwin/VIVADO/Vivado/2016.4/bin/unwrapped/lnx64.o/xelab -wto 490dff3fab864763a3295c2929d92ab9 --debug typical --relax --mt 8 -L xbip_utils_v3_0_7 -L axi_utils_v2_0_3 -L xbip_pipe_v3_0_3 -L xbip_dsp48_wrapper_v3_0_4 -L xbip_dsp48_addsub_v3_0_3 -L xbip_bram18k_v3_0_3 -L mult_gen_v12_0_12 -L floating_point_v7_0_13 -L xbip_dsp48_mult_v3_0_3 -L xbip_dsp48_multadd_v3_0_3 -L div_gen_v5_1_11 -L xil_defaultlib -L c_reg_fd_v12_0_3 -L xbip_addsub_v3_0_3 -L c_addsub_v12_0_10 -L unisims_ver -L unimacro_ver -L secureip -L xpm --snapshot rgb2hsv_tb_behav xil_defaultlib.rgb2hsv_tb xil_defaultlib.glbl -log elaborate.log 
Using 8 slave threads.
Starting static elaboration
WARNING: [VRFC 10-1374] size mismatch in mixed language port association, vhdl port ce [/home/pingwin/Dokumenty/Verilog/compound-project/HSV/HSV.srcs/sources_1/new/s_calculation.v:13]
WARNING: [VRFC 10-1374] size mismatch in mixed language port association, vhdl port s_axis_dividend_tvalid [/home/pingwin/Dokumenty/Verilog/compound-project/HSV/HSV.srcs/sources_1/new/s_calculation.v:16]
WARNING: [VRFC 10-1374] size mismatch in mixed language port association, vhdl port ce [/home/pingwin/Dokumenty/Verilog/compound-project/HSV/HSV.srcs/sources_1/new/h_calculation.v:25]
WARNING: [VRFC 10-1374] size mismatch in mixed language port association, vhdl port ce [/home/pingwin/Dokumenty/Verilog/compound-project/HSV/HSV.srcs/sources_1/new/h_calculation.v:27]
WARNING: [VRFC 10-1374] size mismatch in mixed language port association, vhdl port s_axis_divisor_tdata [/home/pingwin/Dokumenty/Verilog/compound-project/HSV/HSV.srcs/sources_1/new/h_calculation.v:29]
WARNING: [VRFC 10-1374] size mismatch in mixed language port association, vhdl port ce [/home/pingwin/Dokumenty/Verilog/compound-project/HSV/HSV.srcs/sources_1/new/h_calculation.v:44]
WARNING: [VRFC 10-1374] size mismatch in mixed language port association, vhdl port ce [/home/pingwin/Dokumenty/Verilog/compound-project/HSV/HSV.srcs/sim_1/new/rgb2hsv_tb.v:64]
WARNING: [VRFC 10-1374] size mismatch in mixed language port association, vhdl port ce [/home/pingwin/Dokumenty/Verilog/compound-project/HSV/HSV.srcs/sim_1/new/rgb2hsv_tb.v:66]
WARNING: [VRFC 10-1374] size mismatch in mixed language port association, vhdl port s_axis_divisor_tdata [/home/pingwin/Dokumenty/Verilog/compound-project/HSV/HSV.srcs/sim_1/new/rgb2hsv_tb.v:71]
WARNING: [VRFC 10-1374] size mismatch in mixed language port association, vhdl port ce [/home/pingwin/Dokumenty/Verilog/compound-project/HSV/HSV.srcs/sim_1/new/rgb2hsv_tb.v:87]
Completed static elaboration
Starting simulation data flow analysis
Completed simulation data flow analysis
Time Resolution for simulation is 1ps
Compiling package std.standard
Compiling package std.textio
Compiling package ieee.std_logic_1164
Compiling package ieee.numeric_std
Compiling package c_addsub_v12_0_10.c_addsub_v12_0_10_viv_comp
Compiling package xbip_utils_v3_0_7.xbip_utils_v3_0_7_pkg
Compiling package xbip_pipe_v3_0_3.xbip_pipe_v3_0_3_viv_comp
Compiling package xbip_addsub_v3_0_3.xbip_addsub_v3_0_3_viv_comp
Compiling package c_addsub_v12_0_10.c_addsub_v12_0_10_pkg
Compiling package c_addsub_v12_0_10.c_addsub_v12_0_10_pkg_legacy
Compiling package c_reg_fd_v12_0_3.c_reg_fd_v12_0_3_viv_comp
Compiling package unisim.vcomponents
Compiling package div_gen_v5_1_11.div_gen_v5_1_11_viv_comp
Compiling package axi_utils_v2_0_3.axi_utils_v2_0_3_pkg
Compiling package ieee.math_real
Compiling package axi_utils_v2_0_3.global_util_pkg
Compiling package axi_utils_v2_0_3.axi_utils_comps
Compiling package ieee.std_logic_arith
Compiling package ieee.std_logic_unsigned
Compiling package xbip_bram18k_v3_0_3.xbip_bram18k_v3_0_3_pkg
Compiling package div_gen_v5_1_11.div_gen_pkg
Compiling package ieee.std_logic_signed
Compiling package div_gen_v5_1_11.pkg_addsub
Compiling package mult_gen_v12_0_12.mult_gen_v12_0_12_viv_comp
Compiling package mult_gen_v12_0_12.mult_gen_v12_0_12_pkg
Compiling package ieee.vital_timing
Compiling package ieee.vital_primitives
Compiling package unisim.vpkg
Compiling module xil_defaultlib.hsv_delay(WIDTH=3,DELAY=37)
Compiling module xil_defaultlib.maximum
Compiling module xil_defaultlib.minimum
Compiling architecture structural of entity c_reg_fd_v12_0_3.c_reg_fd_v12_0_3_viv [\c_reg_fd_v12_0_3_viv(c_width=8,...]
Compiling architecture muxcy_v of entity unisim.MUXCY [muxcy_default]
Compiling architecture xorcy_v of entity unisim.XORCY [xorcy_default]
Compiling architecture rtl of entity c_addsub_v12_0_10.c_addsub_v12_0_10_lut6_legacy [\c_addsub_v12_0_10_lut6_legacy(c...]
Compiling architecture synth of entity c_addsub_v12_0_10.c_addsub_v12_0_10_fabric_legacy [\c_addsub_v12_0_10_fabric_legacy...]
Compiling architecture synth of entity c_addsub_v12_0_10.c_addsub_v12_0_10_legacy [\c_addsub_v12_0_10_legacy(c_fami...]
Compiling architecture synth of entity c_addsub_v12_0_10.c_addsub_v12_0_10_viv [\c_addsub_v12_0_10_viv(c_xdevice...]
Compiling architecture xilinx of entity c_addsub_v12_0_10.c_addsub_v12_0_10 [\c_addsub_v12_0_10(c_xdevicefami...]
Compiling architecture sub_8u_8u_pos_arch of entity xil_defaultlib.sub_8u_8u_pos [sub_8u_8u_pos_default]
Compiling architecture synth of entity xbip_pipe_v3_0_3.xbip_pipe_v3_0_3_viv [\xbip_pipe_v3_0_3_viv(c_latency=...]
Compiling architecture synth of entity xbip_pipe_v3_0_3.xbip_pipe_v3_0_3_viv [\xbip_pipe_v3_0_3_viv(c_latency=...]
Compiling architecture synth of entity xbip_pipe_v3_0_3.xbip_pipe_v3_0_3_viv [\xbip_pipe_v3_0_3_viv(c_latency=...]
Compiling architecture synth of entity xbip_pipe_v3_0_3.xbip_pipe_v3_0_3_viv [\xbip_pipe_v3_0_3_viv(c_latency=...]
Compiling architecture rtl of entity div_gen_v5_1_11.c_addsub_lut6 [\c_addsub_lut6(c_width=9,c_add_m...]
Compiling architecture synth of entity div_gen_v5_1_11.c_addsub_viv [\c_addsub_viv(c_a_width=9,c_b_wi...]
Compiling architecture virtex of entity div_gen_v5_1_11.addsubreg_v [\addsubreg_v(c_bus_width=9,c_ain...]
Compiling architecture synth of entity xbip_pipe_v3_0_3.xbip_pipe_v3_0_3_viv [\xbip_pipe_v3_0_3_viv(c_latency=...]
Compiling architecture synth of entity xbip_pipe_v3_0_3.xbip_pipe_v3_0_3_viv [\xbip_pipe_v3_0_3_viv(c_latency=...]
Compiling architecture synth of entity xbip_pipe_v3_0_3.xbip_pipe_v3_0_3_viv [\xbip_pipe_v3_0_3_viv(c_latency=...]
Compiling architecture synth of entity xbip_pipe_v3_0_3.xbip_pipe_v3_0_3_viv [\xbip_pipe_v3_0_3_viv(c_latency=...]
Compiling architecture synth of entity xbip_pipe_v3_0_3.xbip_pipe_v3_0_3_viv [\xbip_pipe_v3_0_3_viv(c_latency=...]
Compiling architecture synth of entity xbip_pipe_v3_0_3.xbip_pipe_v3_0_3_viv [\xbip_pipe_v3_0_3_viv(c_latency=...]
Compiling architecture synth of entity xbip_pipe_v3_0_3.xbip_pipe_v3_0_3_viv [\xbip_pipe_v3_0_3_viv(c_latency=...]
Compiling architecture synth of entity xbip_pipe_v3_0_3.xbip_pipe_v3_0_3_viv [\xbip_pipe_v3_0_3_viv(c_latency=...]
Compiling architecture synth of entity xbip_pipe_v3_0_3.xbip_pipe_v3_0_3_viv [\xbip_pipe_v3_0_3_viv(c_latency=...]
Compiling architecture synth of entity xbip_pipe_v3_0_3.xbip_pipe_v3_0_3_viv [\xbip_pipe_v3_0_3_viv(c_latency=...]
Compiling architecture synth of entity xbip_pipe_v3_0_3.xbip_pipe_v3_0_3_viv [\xbip_pipe_v3_0_3_viv(c_latency=...]
Compiling architecture synth of entity xbip_pipe_v3_0_3.xbip_pipe_v3_0_3_viv [\xbip_pipe_v3_0_3_viv(c_latency=...]
Compiling architecture synth of entity xbip_pipe_v3_0_3.xbip_pipe_v3_0_3_viv [\xbip_pipe_v3_0_3_viv(c_latency=...]
Compiling architecture synth of entity xbip_pipe_v3_0_3.xbip_pipe_v3_0_3_viv [\xbip_pipe_v3_0_3_viv(c_latency=...]
Compiling architecture synth of entity xbip_pipe_v3_0_3.xbip_pipe_v3_0_3_viv [\xbip_pipe_v3_0_3_viv(c_latency=...]
Compiling architecture synth of entity xbip_pipe_v3_0_3.xbip_pipe_v3_0_3_viv [\xbip_pipe_v3_0_3_viv(c_latency=...]
Compiling architecture synth of entity xbip_pipe_v3_0_3.xbip_pipe_v3_0_3_viv [\xbip_pipe_v3_0_3_viv(c_latency=...]
Compiling architecture synth of entity xbip_pipe_v3_0_3.xbip_pipe_v3_0_3_viv [\xbip_pipe_v3_0_3_viv(c_latency=...]
Compiling architecture synth of entity xbip_pipe_v3_0_3.xbip_pipe_v3_0_3_viv [\xbip_pipe_v3_0_3_viv(c_latency=...]
Compiling architecture synth of entity xbip_pipe_v3_0_3.xbip_pipe_v3_0_3_viv [\xbip_pipe_v3_0_3_viv(c_latency=...]
Compiling architecture synth of entity xbip_pipe_v3_0_3.xbip_pipe_v3_0_3_viv [\xbip_pipe_v3_0_3_viv(c_latency=...]
Compiling architecture virtex of entity div_gen_v5_1_11.dividervdc_v [\dividervdc_v(bus_num=8,bus_div=...]
Compiling architecture synth of entity div_gen_v5_1_11.bip_sdivider_synth [\bip_sdivider_synth(c_xdevicefam...]
Compiling architecture synth of entity div_gen_v5_1_11.div_gen_synth [\div_gen_synth(c_xdevicefamily="...]
Compiling architecture synth of entity xbip_pipe_v3_0_3.xbip_pipe_v3_0_3_viv [\xbip_pipe_v3_0_3_viv(c_latency=...]
Compiling architecture synth of entity div_gen_v5_1_11.div_gen_v5_1_11_viv [\div_gen_v5_1_11_viv(c_xdevicefa...]
Compiling architecture xilinx of entity div_gen_v5_1_11.div_gen_v5_1_11 [\div_gen_v5_1_11(c_xdevicefamily...]
Compiling architecture s_calculation_divider_arch of entity xil_defaultlib.s_calculation_divider [s_calculation_divider_default]
Compiling module xil_defaultlib.hsv_delay(WIDTH=8,DELAY=17)
Compiling architecture lut2_v of entity unisim.LUT2 [\LUT2(init="1000")(0,3)\]
Compiling architecture mult_and_v of entity unisim.MULT_AND [mult_and_default]
Compiling architecture xilinx of entity mult_gen_v12_0_12.op_resize [\op_resize(ai_width=8,ai_type=1,...]
Compiling architecture xilinx of entity mult_gen_v12_0_12.luts [\luts(c_xdevicefamily="zynq",c_a...]
Compiling architecture xilinx of entity mult_gen_v12_0_12.mult_gen_v12_0_12_viv [\mult_gen_v12_0_12_viv(c_verbosi...]
Compiling architecture xilinx of entity mult_gen_v12_0_12.mult_gen_v12_0_12 [\mult_gen_v12_0_12(c_xdevicefami...]
Compiling architecture mul_8u_16u_arch of entity xil_defaultlib.mul_8u_16u [mul_8u_16u_default]
Compiling module xil_defaultlib.s_calculation
Compiling module xil_defaultlib.hsv_delay(WIDTH=8,DELAY=36)
Compiling module xil_defaultlib.hsv_delay(WIDTH=8,DELAY=15)
Compiling module xil_defaultlib.hsv_delay(WIDTH=24,DELAY=1)
Compiling module xil_defaultlib.selector
Compiling module xil_defaultlib.switcher
Compiling architecture structural of entity c_reg_fd_v12_0_3.c_reg_fd_v12_0_3_viv [\c_reg_fd_v12_0_3_viv(c_width=9,...]
Compiling architecture rtl of entity c_addsub_v12_0_10.c_addsub_v12_0_10_lut6_legacy [\c_addsub_v12_0_10_lut6_legacy(c...]
Compiling architecture synth of entity c_addsub_v12_0_10.c_addsub_v12_0_10_fabric_legacy [\c_addsub_v12_0_10_fabric_legacy...]
Compiling architecture synth of entity c_addsub_v12_0_10.c_addsub_v12_0_10_legacy [\c_addsub_v12_0_10_legacy(c_fami...]
Compiling architecture synth of entity c_addsub_v12_0_10.c_addsub_v12_0_10_viv [\c_addsub_v12_0_10_viv(c_xdevice...]
Compiling architecture xilinx of entity c_addsub_v12_0_10.c_addsub_v12_0_10 [\c_addsub_v12_0_10(c_xdevicefami...]
Compiling architecture sub_8u_8u_signed_arch of entity xil_defaultlib.sub_8u_8u_signed [sub_8u_8u_signed_default]
Compiling architecture synth of entity div_gen_v5_1_11.c_twos_comp_viv [\c_twos_comp_viv(c_width=16,c_ai...]
Compiling architecture virtex of entity div_gen_v5_1_11.cmp2s_v [\cmp2s_v(c_bus_width=16,c_regist...]
Compiling architecture synth of entity div_gen_v5_1_11.c_twos_comp_viv [\c_twos_comp_viv(c_width=16,c_ai...]
Compiling architecture virtex of entity div_gen_v5_1_11.cmp2s_v [\cmp2s_v(c_bus_width=16,c_ainit_...]
Compiling architecture synth of entity xbip_pipe_v3_0_3.xbip_pipe_v3_0_3_viv [\xbip_pipe_v3_0_3_viv(c_latency=...]
Compiling architecture synth of entity xbip_pipe_v3_0_3.xbip_pipe_v3_0_3_viv [\xbip_pipe_v3_0_3_viv(c_latency=...]
Compiling architecture synth of entity xbip_pipe_v3_0_3.xbip_pipe_v3_0_3_viv [\xbip_pipe_v3_0_3_viv(c_latency=...]
Compiling architecture rtl of entity div_gen_v5_1_11.c_addsub_lut6 [\c_addsub_lut6(c_width=17,c_add_...]
Compiling architecture synth of entity div_gen_v5_1_11.c_addsub_viv [\c_addsub_viv(c_a_width=17,c_b_w...]
Compiling architecture virtex of entity div_gen_v5_1_11.addsubreg_v [\addsubreg_v(c_bus_width=17,c_ai...]
Compiling architecture synth of entity xbip_pipe_v3_0_3.xbip_pipe_v3_0_3_viv [\xbip_pipe_v3_0_3_viv(c_latency=...]
Compiling architecture synth of entity xbip_pipe_v3_0_3.xbip_pipe_v3_0_3_viv [\xbip_pipe_v3_0_3_viv(c_latency=...]
Compiling architecture synth of entity xbip_pipe_v3_0_3.xbip_pipe_v3_0_3_viv [\xbip_pipe_v3_0_3_viv(c_latency=...]
Compiling architecture synth of entity xbip_pipe_v3_0_3.xbip_pipe_v3_0_3_viv [\xbip_pipe_v3_0_3_viv(c_latency=...]
Compiling architecture synth of entity xbip_pipe_v3_0_3.xbip_pipe_v3_0_3_viv [\xbip_pipe_v3_0_3_viv(c_latency=...]
Compiling architecture synth of entity xbip_pipe_v3_0_3.xbip_pipe_v3_0_3_viv [\xbip_pipe_v3_0_3_viv(c_latency=...]
Compiling architecture synth of entity xbip_pipe_v3_0_3.xbip_pipe_v3_0_3_viv [\xbip_pipe_v3_0_3_viv(c_latency=...]
Compiling architecture synth of entity xbip_pipe_v3_0_3.xbip_pipe_v3_0_3_viv [\xbip_pipe_v3_0_3_viv(c_latency=...]
Compiling architecture synth of entity xbip_pipe_v3_0_3.xbip_pipe_v3_0_3_viv [\xbip_pipe_v3_0_3_viv(c_latency=...]
Compiling architecture synth of entity xbip_pipe_v3_0_3.xbip_pipe_v3_0_3_viv [\xbip_pipe_v3_0_3_viv(c_latency=...]
Compiling architecture synth of entity xbip_pipe_v3_0_3.xbip_pipe_v3_0_3_viv [\xbip_pipe_v3_0_3_viv(c_latency=...]
Compiling architecture synth of entity xbip_pipe_v3_0_3.xbip_pipe_v3_0_3_viv [\xbip_pipe_v3_0_3_viv(c_latency=...]
Compiling architecture synth of entity xbip_pipe_v3_0_3.xbip_pipe_v3_0_3_viv [\xbip_pipe_v3_0_3_viv(c_latency=...]
Compiling architecture synth of entity xbip_pipe_v3_0_3.xbip_pipe_v3_0_3_viv [\xbip_pipe_v3_0_3_viv(c_latency=...]
Compiling architecture synth of entity xbip_pipe_v3_0_3.xbip_pipe_v3_0_3_viv [\xbip_pipe_v3_0_3_viv(c_latency=...]
Compiling architecture virtex of entity div_gen_v5_1_11.dividervdc_v [\dividervdc_v(bus_num=16,bus_div...]
Compiling architecture synth of entity div_gen_v5_1_11.c_twos_comp_viv [\c_twos_comp_viv(c_width=8,c_ain...]
Compiling architecture virtex of entity div_gen_v5_1_11.cmp2s_v [\cmp2s_v(c_registered=1)(1,0,1,0...]
Compiling architecture synth of entity div_gen_v5_1_11.c_twos_comp_viv [\c_twos_comp_viv(c_width=17,c_ai...]
Compiling architecture virtex of entity div_gen_v5_1_11.cmp2s_v [\cmp2s_v(c_bus_width=17,c_regist...]
Compiling architecture synth of entity div_gen_v5_1_11.bip_sdivider_synth [\bip_sdivider_synth(c_xdevicefam...]
Compiling architecture synth of entity div_gen_v5_1_11.div_gen_synth [\div_gen_synth(c_xdevicefamily="...]
Compiling architecture synth of entity xbip_pipe_v3_0_3.xbip_pipe_v3_0_3_viv [\xbip_pipe_v3_0_3_viv(c_latency=...]
Compiling architecture synth of entity div_gen_v5_1_11.div_gen_v5_1_11_viv [\div_gen_v5_1_11_viv(c_xdevicefa...]
Compiling architecture xilinx of entity div_gen_v5_1_11.div_gen_v5_1_11 [\div_gen_v5_1_11(c_xdevicefamily...]
Compiling architecture h_calculation_divider_arch of entity xil_defaultlib.h_calculation_divider [h_calculation_divider_default]
Compiling architecture xilinx of entity mult_gen_v12_0_12.op_resize [\op_resize(ai_width=10,bi_width=...]
Compiling architecture xilinx of entity mult_gen_v12_0_12.luts [\luts(c_xdevicefamily="zynq",c_a...]
Compiling architecture xilinx of entity mult_gen_v12_0_12.mult_gen_v12_0_12_viv [\mult_gen_v12_0_12_viv(c_verbosi...]
Compiling architecture xilinx of entity mult_gen_v12_0_12.mult_gen_v12_0_12 [\mult_gen_v12_0_12(c_xdevicefami...]
Compiling architecture mul_10s_7u_arch of entity xil_defaultlib.mul_10s_7u [mul_10s_7u_default]
Compiling module xil_defaultlib.hsv_delay(WIDTH=8,DELAY=33)
Compiling module xil_defaultlib.hsv_delay(WIDTH=1,DELAY=34)
Compiling architecture rtl of entity c_addsub_v12_0_10.c_addsub_v12_0_10_lut6_legacy [\c_addsub_v12_0_10_lut6_legacy(c...]
Compiling architecture synth of entity c_addsub_v12_0_10.c_addsub_v12_0_10_fabric_legacy [\c_addsub_v12_0_10_fabric_legacy...]
Compiling architecture synth of entity c_addsub_v12_0_10.c_addsub_v12_0_10_legacy [\c_addsub_v12_0_10_legacy(c_fami...]
Compiling architecture synth of entity c_addsub_v12_0_10.c_addsub_v12_0_10_viv [\c_addsub_v12_0_10_viv(c_xdevice...]
Compiling architecture xilinx of entity c_addsub_v12_0_10.c_addsub_v12_0_10 [\c_addsub_v12_0_10(c_xdevicefami...]
Compiling architecture add_9s_8u_arch of entity xil_defaultlib.add_9s_8u [add_9s_8u_default]
Compiling module xil_defaultlib.h_calculation
Compiling module xil_defaultlib.rgb2hsv
Compiling module xil_defaultlib.rgb2hsv_tb
Compiling module xil_defaultlib.glbl
Built simulation snapshot rgb2hsv_tb_behav
