
*** Running vivado
    with args -log add_32u_11u.vds -m64 -product Vivado -mode batch -messageDb vivado.pb -notrace -source add_32u_11u.tcl

awk: symbol lookup error: awk: undefined symbol: mpfr_z_sub

****** Vivado v2016.4 (64-bit)
  **** SW Build 1756540 on Mon Jan 23 19:11:19 MST 2017
  **** IP Build 1755317 on Mon Jan 23 20:30:07 MST 2017
    ** Copyright 1986-2016 Xilinx, Inc. All Rights Reserved.

source add_32u_11u.tcl -notrace
CRITICAL WARNING: [Board 49-56] Problem parsing board file - /home/pingwin/VIVADO/Vivado/2016.4/data/boards/board_files/arty-s7-50/B.0/board.xml
awk: symbol lookup error: awk: undefined symbol: mpfr_z_sub
Starting RTL Elaboration : Time (s): cpu = 00:00:05 ; elapsed = 00:00:05 . Memory (MB): peak = 1076.734 ; gain = 145.086 ; free physical = 1678 ; free virtual = 4870
INFO: [Synth 8-638] synthesizing module 'add_32u_11u' [/home/pingwin/Dokumenty/Verilog/compound-project/vb/vb.srcs/sources_1/ip/add_32u_11u/synth/add_32u_11u.vhd:69]
INFO: [Synth 8-256] done synthesizing module 'add_32u_11u' (7#1) [/home/pingwin/Dokumenty/Verilog/compound-project/vb/vb.srcs/sources_1/ip/add_32u_11u/synth/add_32u_11u.vhd:69]
Finished RTL Elaboration : Time (s): cpu = 00:00:06 ; elapsed = 00:00:06 . Memory (MB): peak = 1122.203 ; gain = 190.555 ; free physical = 1630 ; free virtual = 4824
Finished RTL Optimization Phase 1 : Time (s): cpu = 00:00:06 ; elapsed = 00:00:06 . Memory (MB): peak = 1122.203 ; gain = 190.555 ; free physical = 1630 ; free virtual = 4824
INFO: [Device 21-403] Loading part xc7z010clg400-1
Constraint Validation Runtime : Time (s): cpu = 00:00:00.01 ; elapsed = 00:00:00.01 . Memory (MB): peak = 1386.555 ; gain = 0.000 ; free physical = 1425 ; free virtual = 4666
Finished Constraint Validation : Time (s): cpu = 00:00:13 ; elapsed = 00:00:14 . Memory (MB): peak = 1386.555 ; gain = 454.906 ; free physical = 1424 ; free virtual = 4666
Finished Loading Part and Timing Information : Time (s): cpu = 00:00:13 ; elapsed = 00:00:14 . Memory (MB): peak = 1386.555 ; gain = 454.906 ; free physical = 1424 ; free virtual = 4666
Finished applying 'set_property' XDC Constraints : Time (s): cpu = 00:00:13 ; elapsed = 00:00:14 . Memory (MB): peak = 1386.555 ; gain = 454.906 ; free physical = 1424 ; free virtual = 4666
Finished RTL Optimization Phase 2 : Time (s): cpu = 00:00:13 ; elapsed = 00:00:14 . Memory (MB): peak = 1386.555 ; gain = 454.906 ; free physical = 1416 ; free virtual = 4658
Finished Cross Boundary and Area Optimization : Time (s): cpu = 00:00:13 ; elapsed = 00:00:14 . Memory (MB): peak = 1386.555 ; gain = 454.906 ; free physical = 1399 ; free virtual = 4642
Finished Applying XDC Timing Constraints : Time (s): cpu = 00:00:20 ; elapsed = 00:00:20 . Memory (MB): peak = 1386.555 ; gain = 454.906 ; free physical = 1356 ; free virtual = 4607
Finished Timing Optimization : Time (s): cpu = 00:00:20 ; elapsed = 00:00:20 . Memory (MB): peak = 1386.555 ; gain = 454.906 ; free physical = 1356 ; free virtual = 4606
Finished Technology Mapping : Time (s): cpu = 00:00:20 ; elapsed = 00:00:20 . Memory (MB): peak = 1386.555 ; gain = 454.906 ; free physical = 1346 ; free virtual = 4597
Finished IO Insertion : Time (s): cpu = 00:00:20 ; elapsed = 00:00:20 . Memory (MB): peak = 1386.555 ; gain = 454.906 ; free physical = 1345 ; free virtual = 4597
Finished Renaming Generated Instances : Time (s): cpu = 00:00:20 ; elapsed = 00:00:20 . Memory (MB): peak = 1386.555 ; gain = 454.906 ; free physical = 1345 ; free virtual = 4597
Finished Rebuilding User Hierarchy : Time (s): cpu = 00:00:20 ; elapsed = 00:00:20 . Memory (MB): peak = 1386.555 ; gain = 454.906 ; free physical = 1345 ; free virtual = 4597
Finished Renaming Generated Ports : Time (s): cpu = 00:00:20 ; elapsed = 00:00:20 . Memory (MB): peak = 1386.555 ; gain = 454.906 ; free physical = 1345 ; free virtual = 4597
Finished Handling Custom Attributes : Time (s): cpu = 00:00:20 ; elapsed = 00:00:21 . Memory (MB): peak = 1386.555 ; gain = 454.906 ; free physical = 1344 ; free virtual = 4597
Finished Renaming Generated Nets : Time (s): cpu = 00:00:20 ; elapsed = 00:00:21 . Memory (MB): peak = 1386.555 ; gain = 454.906 ; free physical = 1344 ; free virtual = 4597

Report Cell Usage: 
+------+------+------+
|      |Cell  |Count |
+------+------+------+
|1     |LUT2  |    11|
|2     |MUXCY |    31|
|3     |XORCY |    32|
|4     |FDRE  |    32|
+------+------+------+
Finished Writing Synthesis Report : Time (s): cpu = 00:00:20 ; elapsed = 00:00:21 . Memory (MB): peak = 1386.555 ; gain = 454.906 ; free physical = 1344 ; free virtual = 4597
synth_design: Time (s): cpu = 00:00:19 ; elapsed = 00:00:20 . Memory (MB): peak = 1397.555 ; gain = 398.402 ; free physical = 1328 ; free virtual = 4582
