
*** Running vivado
    with args -log signed_mul.vds -m64 -product Vivado -mode batch -messageDb vivado.pb -notrace -source signed_mul.tcl

awk: symbol lookup error: awk: undefined symbol: mpfr_z_sub

****** Vivado v2016.4 (64-bit)
  **** SW Build 1756540 on Mon Jan 23 19:11:19 MST 2017
  **** IP Build 1755317 on Mon Jan 23 20:30:07 MST 2017
    ** Copyright 1986-2016 Xilinx, Inc. All Rights Reserved.

source signed_mul.tcl -notrace
awk: symbol lookup error: awk: undefined symbol: mpfr_z_sub
Starting RTL Elaboration : Time (s): cpu = 00:00:11 ; elapsed = 00:00:12 . Memory (MB): peak = 1063.738 ; gain = 132.086 ; free physical = 406 ; free virtual = 3338
INFO: [Synth 8-638] synthesizing module 'signed_mul' [/home/pingwin/Dokumenty/Verilog/rgb2ycbcr/rgb2ycbcr.srcs/sources_1/ip/signed_mul/synth/signed_mul.vhd:68]
INFO: [Synth 8-256] done synthesizing module 'signed_mul' (6#1) [/home/pingwin/Dokumenty/Verilog/rgb2ycbcr/rgb2ycbcr.srcs/sources_1/ip/signed_mul/synth/signed_mul.vhd:68]
Finished RTL Elaboration : Time (s): cpu = 00:00:14 ; elapsed = 00:00:14 . Memory (MB): peak = 1114.207 ; gain = 182.555 ; free physical = 354 ; free virtual = 3287
Finished RTL Optimization Phase 1 : Time (s): cpu = 00:00:14 ; elapsed = 00:00:14 . Memory (MB): peak = 1114.207 ; gain = 182.555 ; free physical = 354 ; free virtual = 3287
INFO: [Device 21-403] Loading part xc7k70tfbv676-1
Constraint Validation Runtime : Time (s): cpu = 00:00:00.02 ; elapsed = 00:00:00.02 . Memory (MB): peak = 1400.363 ; gain = 0.000 ; free physical = 141 ; free virtual = 3073
Finished Constraint Validation : Time (s): cpu = 00:00:30 ; elapsed = 00:00:30 . Memory (MB): peak = 1400.363 ; gain = 468.711 ; free physical = 652 ; free virtual = 3587
Finished Loading Part and Timing Information : Time (s): cpu = 00:00:30 ; elapsed = 00:00:30 . Memory (MB): peak = 1400.363 ; gain = 468.711 ; free physical = 652 ; free virtual = 3587
Finished applying 'set_property' XDC Constraints : Time (s): cpu = 00:00:30 ; elapsed = 00:00:30 . Memory (MB): peak = 1400.363 ; gain = 468.711 ; free physical = 652 ; free virtual = 3587
Finished RTL Optimization Phase 2 : Time (s): cpu = 00:00:30 ; elapsed = 00:00:30 . Memory (MB): peak = 1400.363 ; gain = 468.711 ; free physical = 652 ; free virtual = 3587
Finished Cross Boundary and Area Optimization : Time (s): cpu = 00:00:31 ; elapsed = 00:00:31 . Memory (MB): peak = 1400.363 ; gain = 468.711 ; free physical = 645 ; free virtual = 3579
Finished Applying XDC Timing Constraints : Time (s): cpu = 00:00:52 ; elapsed = 00:00:53 . Memory (MB): peak = 1400.363 ; gain = 468.711 ; free physical = 534 ; free virtual = 3470
Finished Timing Optimization : Time (s): cpu = 00:00:52 ; elapsed = 00:00:53 . Memory (MB): peak = 1400.363 ; gain = 468.711 ; free physical = 533 ; free virtual = 3469
Finished Technology Mapping : Time (s): cpu = 00:00:52 ; elapsed = 00:00:53 . Memory (MB): peak = 1400.363 ; gain = 468.711 ; free physical = 525 ; free virtual = 3461
Finished IO Insertion : Time (s): cpu = 00:00:53 ; elapsed = 00:00:54 . Memory (MB): peak = 1400.363 ; gain = 468.711 ; free physical = 526 ; free virtual = 3460
Finished Renaming Generated Instances : Time (s): cpu = 00:00:53 ; elapsed = 00:00:54 . Memory (MB): peak = 1400.363 ; gain = 468.711 ; free physical = 526 ; free virtual = 3460
Finished Rebuilding User Hierarchy : Time (s): cpu = 00:00:53 ; elapsed = 00:00:54 . Memory (MB): peak = 1400.363 ; gain = 468.711 ; free physical = 526 ; free virtual = 3460
Finished Renaming Generated Ports : Time (s): cpu = 00:00:53 ; elapsed = 00:00:54 . Memory (MB): peak = 1400.363 ; gain = 468.711 ; free physical = 526 ; free virtual = 3460
Finished Handling Custom Attributes : Time (s): cpu = 00:00:53 ; elapsed = 00:00:54 . Memory (MB): peak = 1400.363 ; gain = 468.711 ; free physical = 526 ; free virtual = 3460
Finished Renaming Generated Nets : Time (s): cpu = 00:00:53 ; elapsed = 00:00:54 . Memory (MB): peak = 1400.363 ; gain = 468.711 ; free physical = 526 ; free virtual = 3460

Report Cell Usage: 
+------+--------+------+
|      |Cell    |Count |
+------+--------+------+
|1     |DSP48E1 |     1|
+------+--------+------+
Finished Writing Synthesis Report : Time (s): cpu = 00:00:53 ; elapsed = 00:00:54 . Memory (MB): peak = 1400.363 ; gain = 468.711 ; free physical = 526 ; free virtual = 3460
synth_design: Time (s): cpu = 00:00:53 ; elapsed = 00:00:53 . Memory (MB): peak = 1400.371 ; gain = 401.215 ; free physical = 515 ; free virtual = 3462
