Copyright 1986-2016 Xilinx, Inc. All Rights Reserved.
------------------------------------------------------------------------------------
| Tool Version : Vivado v.2016.4 (lin64) Build 1756540 Mon Jan 23 19:11:19 MST 2017
| Date         : Wed Jun 14 20:08:44 2017
| Host         : mothership running 64-bit Ubuntu 16.10
| Command      : upgrade_ip
| Device       : xc7z010clg400-1
------------------------------------------------------------------------------------

Upgrade Log for IP 'cudo_vb_0_0'

1. Summary
----------

SUCCESS in the update of cudo_vb_0_0 (user.org:user:vb:1.0 (Rev. 2)) to current project options.






Copyright 1986-2016 Xilinx, Inc. All Rights Reserved.
------------------------------------------------------------------------------------
| Tool Version : Vivado v.2016.4 (lin64) Build 1756540 Mon Jan 23 19:11:19 MST 2017
| Date         : Wed Jun 14 18:20:35 2017
| Host         : mothership running 64-bit Ubuntu 16.10
| Command      : upgrade_ip
| Device       : xc7z010clg400-1
------------------------------------------------------------------------------------

Upgrade Log for IP 'cudo_vb_0_0'

1. Summary
----------

SUCCESS in the update of cudo_vb_0_0 (user.org:user:vb:1.0 (Rev. 2)) to current project options.






Copyright 1986-2016 Xilinx, Inc. All Rights Reserved.
------------------------------------------------------------------------------------
| Tool Version : Vivado v.2016.4 (lin64) Build 1756540 Mon Jan 23 19:11:19 MST 2017
| Date         : Wed Jun 14 18:03:50 2017
| Host         : mothership running 64-bit Ubuntu 16.10
| Command      : upgrade_ip
| Device       : xc7z010clg400-1
------------------------------------------------------------------------------------

Upgrade Log for IP 'cudo_vb_0_0'

1. Summary
----------

SUCCESS in the update of cudo_vb_0_0 (user.org:user:vb:1.0 (Rev. 2)) to current project options.






Copyright 1986-2016 Xilinx, Inc. All Rights Reserved.
------------------------------------------------------------------------------------
| Tool Version : Vivado v.2016.4 (lin64) Build 1756540 Mon Jan 23 19:11:19 MST 2017
| Date         : Wed Jun 14 17:53:25 2017
| Host         : mothership running 64-bit Ubuntu 16.10
| Command      : upgrade_ip
| Device       : xc7z010clg400-1
------------------------------------------------------------------------------------

Upgrade Log for IP 'cudo_vb_0_0'

1. Summary
----------

SUCCESS in the update of cudo_vb_0_0 (user.org:user:vb:1.0 (Rev. 2)) to current project options.






Copyright 1986-2016 Xilinx, Inc. All Rights Reserved.
------------------------------------------------------------------------------------
| Tool Version : Vivado v.2016.4 (lin64) Build 1756540 Mon Jan 23 19:11:19 MST 2017
| Date         : Wed Jun 14 17:33:54 2017
| Host         : mothership running 64-bit Ubuntu 16.10
| Command      : upgrade_ip
| Device       : xc7z010clg400-1
------------------------------------------------------------------------------------

Upgrade Log for IP 'cudo_vb_0_0'

1. Summary
----------

SUCCESS in the update of cudo_vb_0_0 (user.org:user:vb:1.0 (Rev. 2)) to current project options.






Copyright 1986-2016 Xilinx, Inc. All Rights Reserved.
------------------------------------------------------------------------------------
| Tool Version : Vivado v.2016.4 (lin64) Build 1756540 Mon Jan 23 19:11:19 MST 2017
| Date         : Wed Jun 14 17:19:48 2017
| Host         : mothership running 64-bit Ubuntu 16.10
| Command      : upgrade_ip
| Device       : xc7z010clg400-1
------------------------------------------------------------------------------------

Upgrade Log for IP 'cudo_vb_0_0'

1. Summary
----------

SUCCESS in the update of cudo_vb_0_0 (user.org:user:vb:1.0 (Rev. 2)) to current project options.






Copyright 1986-2016 Xilinx, Inc. All Rights Reserved.
------------------------------------------------------------------------------------
| Tool Version : Vivado v.2016.4 (lin64) Build 1756540 Mon Jan 23 19:11:19 MST 2017
| Date         : Wed Jun 14 17:02:44 2017
| Host         : mothership running 64-bit Ubuntu 16.10
| Command      : upgrade_ip
| Device       : xc7z010clg400-1
------------------------------------------------------------------------------------

Upgrade Log for IP 'cudo_vb_0_0'

1. Summary
----------

SUCCESS in the update of cudo_vb_0_0 (user.org:user:vb:1.0 (Rev. 2)) to current project options.






Copyright 1986-2016 Xilinx, Inc. All Rights Reserved.
------------------------------------------------------------------------------------
| Tool Version : Vivado v.2016.4 (lin64) Build 1756540 Mon Jan 23 19:11:19 MST 2017
| Date         : Wed Jun 14 16:43:41 2017
| Host         : mothership running 64-bit Ubuntu 16.10
| Command      : upgrade_ip
| Device       : xc7z010clg400-1
------------------------------------------------------------------------------------

Upgrade Log for IP 'cudo_vb_0_0'

1. Summary
----------

SUCCESS in the update of cudo_vb_0_0 (user.org:user:vb:1.0 (Rev. 2)) to current project options.






Copyright 1986-2016 Xilinx, Inc. All Rights Reserved.
------------------------------------------------------------------------------------
| Tool Version : Vivado v.2016.4 (lin64) Build 1756540 Mon Jan 23 19:11:19 MST 2017
| Date         : Wed Jun 14 16:10:00 2017
| Host         : mothership running 64-bit Ubuntu 16.10
| Command      : upgrade_ip
| Device       : xc7z010clg400-1
------------------------------------------------------------------------------------

Upgrade Log for IP 'cudo_vb_0_0'

1. Summary
----------

SUCCESS in the update of cudo_vb_0_0 (user.org:user:vb:1.0 (Rev. 2)) to current project options.






Copyright 1986-2016 Xilinx, Inc. All Rights Reserved.
------------------------------------------------------------------------------------
| Tool Version : Vivado v.2016.4 (lin64) Build 1756540 Mon Jan 23 19:11:19 MST 2017
| Date         : Wed Jun 14 15:58:40 2017
| Host         : mothership running 64-bit Ubuntu 16.10
| Command      : upgrade_ip
| Device       : xc7z010clg400-1
------------------------------------------------------------------------------------

Upgrade Log for IP 'cudo_vb_0_0'

1. Summary
----------

SUCCESS in the update of cudo_vb_0_0 (user.org:user:vb:1.0 (Rev. 2)) to current project options.






Copyright 1986-2016 Xilinx, Inc. All Rights Reserved.
------------------------------------------------------------------------------------
| Tool Version : Vivado v.2016.4 (lin64) Build 1756540 Mon Jan 23 19:11:19 MST 2017
| Date         : Wed Jun 14 15:37:48 2017
| Host         : mothership running 64-bit Ubuntu 16.10
| Command      : upgrade_ip
| Device       : xc7z010clg400-1
------------------------------------------------------------------------------------

Upgrade Log for IP 'cudo_vb_0_0'

1. Summary
----------

SUCCESS in the update of cudo_vb_0_0 (user.org:user:vb:1.0 (Rev. 2)) to current project options.






Copyright 1986-2016 Xilinx, Inc. All Rights Reserved.
------------------------------------------------------------------------------------
| Tool Version : Vivado v.2016.4 (lin64) Build 1756540 Mon Jan 23 19:11:19 MST 2017
| Date         : Wed Jun 14 15:29:25 2017
| Host         : mothership running 64-bit Ubuntu 16.10
| Command      : upgrade_ip
| Device       : xc7z010clg400-1
------------------------------------------------------------------------------------

Upgrade Log for IP 'cudo_vb_0_0'

1. Summary
----------

SUCCESS in the update of cudo_vb_0_0 (user.org:user:vb:1.0 (Rev. 2)) to current project options.






Copyright 1986-2016 Xilinx, Inc. All Rights Reserved.
------------------------------------------------------------------------------------
| Tool Version : Vivado v.2016.4 (lin64) Build 1756540 Mon Jan 23 19:11:19 MST 2017
| Date         : Wed Jun 14 15:21:14 2017
| Host         : mothership running 64-bit Ubuntu 16.10
| Command      : upgrade_ip
| Device       : xc7z010clg400-1
------------------------------------------------------------------------------------

Upgrade Log for IP 'cudo_vb_0_0'

1. Summary
----------

SUCCESS in the update of cudo_vb_0_0 (user.org:user:vb:1.0 (Rev. 2)) to current project options.






Copyright 1986-2016 Xilinx, Inc. All Rights Reserved.
------------------------------------------------------------------------------------
| Tool Version : Vivado v.2016.4 (lin64) Build 1756540 Mon Jan 23 19:11:19 MST 2017
| Date         : Wed Jun 14 15:06:27 2017
| Host         : mothership running 64-bit Ubuntu 16.10
| Command      : upgrade_ip
| Device       : xc7z010clg400-1
------------------------------------------------------------------------------------

Upgrade Log for IP 'cudo_vb_0_0'

1. Summary
----------

SUCCESS in the update of cudo_vb_0_0 (user.org:user:vb:1.0 (Rev. 2)) to current project options.






Copyright 1986-2016 Xilinx, Inc. All Rights Reserved.
------------------------------------------------------------------------------------
| Tool Version : Vivado v.2016.4 (lin64) Build 1756540 Mon Jan 23 19:11:19 MST 2017
| Date         : Wed Jun 14 14:52:25 2017
| Host         : mothership running 64-bit Ubuntu 16.10
| Command      : upgrade_ip
| Device       : xc7z010clg400-1
------------------------------------------------------------------------------------

Upgrade Log for IP 'cudo_vb_0_0'

1. Summary
----------

SUCCESS in the upgrade of cudo_vb_0_0 (user.org:user:vb:1.0) from (Rev. 1) to (Rev. 2)






Copyright 1986-2016 Xilinx, Inc. All Rights Reserved.
------------------------------------------------------------------------------------
| Tool Version : Vivado v.2016.4 (lin64) Build 1756540 Mon Jan 23 19:11:19 MST 2017
| Date         : Wed Jun 14 14:41:54 2017
| Host         : mothership running 64-bit Ubuntu 16.10
| Command      : upgrade_ip
| Device       : xc7z010clg400-1
------------------------------------------------------------------------------------

Upgrade Log for IP 'cudo_vb_0_0'

1. Summary
----------

SUCCESS in the upgrade of cudo_vb_0_0 (user.org:user:vb:1.0) from (Rev. 2) to (Rev. 1)






Copyright 1986-2016 Xilinx, Inc. All Rights Reserved.
------------------------------------------------------------------------------------
| Tool Version : Vivado v.2016.4 (lin64) Build 1756540 Mon Jan 23 19:11:19 MST 2017
| Date         : Wed Jun 14 14:07:24 2017
| Host         : mothership running 64-bit Ubuntu 16.10
| Command      : upgrade_ip
| Device       : xc7z010clg400-1
------------------------------------------------------------------------------------

Upgrade Log for IP 'cudo_vb_0_0'

1. Summary
----------

SUCCESS in the update of cudo_vb_0_0 (user.org:user:vb:1.0 (Rev. 2)) to current project options.






Copyright 1986-2016 Xilinx, Inc. All Rights Reserved.
------------------------------------------------------------------------------------
| Tool Version : Vivado v.2016.4 (lin64) Build 1756540 Mon Jan 23 19:11:19 MST 2017
| Date         : Wed Jun 14 13:23:37 2017
| Host         : mothership running 64-bit Ubuntu 16.10
| Command      : upgrade_ip
| Device       : xc7z010clg400-1
------------------------------------------------------------------------------------

Upgrade Log for IP 'cudo_vb_0_0'

1. Summary
----------

SUCCESS in the update of cudo_vb_0_0 (user.org:user:vb:1.0 (Rev. 2)) to current project options.






Copyright 1986-2016 Xilinx, Inc. All Rights Reserved.
------------------------------------------------------------------------------------
| Tool Version : Vivado v.2016.4 (lin64) Build 1756540 Mon Jan 23 19:11:19 MST 2017
| Date         : Wed Jun 14 12:04:17 2017
| Host         : mothership running 64-bit Ubuntu 16.10
| Command      : upgrade_ip
| Device       : xc7z010clg400-1
------------------------------------------------------------------------------------

Upgrade Log for IP 'cudo_vb_0_0'

1. Summary
----------

SUCCESS in the update of cudo_vb_0_0 (user.org:user:vb:1.0 (Rev. 2)) to current project options.






Copyright 1986-2016 Xilinx, Inc. All Rights Reserved.
------------------------------------------------------------------------------------
| Tool Version : Vivado v.2016.4 (lin64) Build 1756540 Mon Jan 23 19:11:19 MST 2017
| Date         : Wed Jun 14 11:55:57 2017
| Host         : mothership running 64-bit Ubuntu 16.10
| Command      : upgrade_ip
| Device       : xc7z010clg400-1
------------------------------------------------------------------------------------

Upgrade Log for IP 'cudo_vb_0_0'

1. Summary
----------

SUCCESS in the update of cudo_vb_0_0 (user.org:user:vb:1.0 (Rev. 2)) to current project options.






Copyright 1986-2016 Xilinx, Inc. All Rights Reserved.
------------------------------------------------------------------------------------
| Tool Version : Vivado v.2016.4 (lin64) Build 1756540 Mon Jan 23 19:11:19 MST 2017
| Date         : Wed Jun 14 11:45:37 2017
| Host         : mothership running 64-bit Ubuntu 16.10
| Command      : upgrade_ip
| Device       : xc7z010clg400-1
------------------------------------------------------------------------------------

Upgrade Log for IP 'cudo_vb_0_0'

1. Summary
----------

SUCCESS in the update of cudo_vb_0_0 (user.org:user:vb:1.0 (Rev. 2)) to current project options.






Copyright 1986-2016 Xilinx, Inc. All Rights Reserved.
------------------------------------------------------------------------------------
| Tool Version : Vivado v.2016.4 (lin64) Build 1756540 Mon Jan 23 19:11:19 MST 2017
| Date         : Wed Jun 14 11:38:04 2017
| Host         : mothership running 64-bit Ubuntu 16.10
| Command      : upgrade_ip
| Device       : xc7z010clg400-1
------------------------------------------------------------------------------------

Upgrade Log for IP 'cudo_vb_0_0'

1. Summary
----------

SUCCESS in the update of cudo_vb_0_0 (user.org:user:vb:1.0 (Rev. 2)) to current project options.






Copyright 1986-2016 Xilinx, Inc. All Rights Reserved.
------------------------------------------------------------------------------------
| Tool Version : Vivado v.2016.4 (lin64) Build 1756540 Mon Jan 23 19:11:19 MST 2017
| Date         : Wed Jun 14 11:19:57 2017
| Host         : mothership running 64-bit Ubuntu 16.10
| Command      : upgrade_ip
| Device       : xc7z010clg400-1
------------------------------------------------------------------------------------

Upgrade Log for IP 'cudo_vb_0_0'

1. Summary
----------

SUCCESS in the update of cudo_vb_0_0 (user.org:user:vb:1.0 (Rev. 2)) to current project options.






Copyright 1986-2016 Xilinx, Inc. All Rights Reserved.
------------------------------------------------------------------------------------
| Tool Version : Vivado v.2016.4 (lin64) Build 1756540 Mon Jan 23 19:11:19 MST 2017
| Date         : Wed Jun 14 11:10:34 2017
| Host         : mothership running 64-bit Ubuntu 16.10
| Command      : upgrade_ip
| Device       : xc7z010clg400-1
------------------------------------------------------------------------------------

Upgrade Log for IP 'cudo_vb_0_0'

1. Summary
----------

SUCCESS in the update of cudo_vb_0_0 (user.org:user:vb:1.0 (Rev. 2)) to current project options.






Copyright 1986-2016 Xilinx, Inc. All Rights Reserved.
------------------------------------------------------------------------------------
| Tool Version : Vivado v.2016.4 (lin64) Build 1756540 Mon Jan 23 19:11:19 MST 2017
| Date         : Wed Jun 14 10:55:40 2017
| Host         : mothership running 64-bit Ubuntu 16.10
| Command      : upgrade_ip
| Device       : xc7z010clg400-1
------------------------------------------------------------------------------------

Upgrade Log for IP 'cudo_vb_0_0'

1. Summary
----------

SUCCESS in the update of cudo_vb_0_0 (user.org:user:vb:1.0 (Rev. 2)) to current project options.






Copyright 1986-2016 Xilinx, Inc. All Rights Reserved.
------------------------------------------------------------------------------------
| Tool Version : Vivado v.2016.4 (lin64) Build 1756540 Mon Jan 23 19:11:19 MST 2017
| Date         : Wed Jun 14 10:47:31 2017
| Host         : mothership running 64-bit Ubuntu 16.10
| Command      : upgrade_ip
| Device       : xc7z010clg400-1
------------------------------------------------------------------------------------

Upgrade Log for IP 'cudo_vb_0_0'

1. Summary
----------

SUCCESS in the update of cudo_vb_0_0 (user.org:user:vb:1.0 (Rev. 2)) to current project options.






Copyright 1986-2016 Xilinx, Inc. All Rights Reserved.
------------------------------------------------------------------------------------
| Tool Version : Vivado v.2016.4 (lin64) Build 1756540 Mon Jan 23 19:11:19 MST 2017
| Date         : Wed Jun 14 10:37:14 2017
| Host         : mothership running 64-bit Ubuntu 16.10
| Command      : upgrade_ip
| Device       : xc7z010clg400-1
------------------------------------------------------------------------------------

Upgrade Log for IP 'cudo_vb_0_0'

1. Summary
----------

SUCCESS in the update of cudo_vb_0_0 (user.org:user:vb:1.0 (Rev. 2)) to current project options.

