
*** Running vivado
    with args -log summ_9u_9u.vds -m64 -product Vivado -mode batch -messageDb vivado.pb -notrace -source summ_9u_9u.tcl

awk: symbol lookup error: awk: undefined symbol: mpfr_z_sub

****** Vivado v2016.4 (64-bit)
  **** SW Build 1756540 on Mon Jan 23 19:11:19 MST 2017
  **** IP Build 1755317 on Mon Jan 23 20:30:07 MST 2017
    ** Copyright 1986-2016 Xilinx, Inc. All Rights Reserved.

source summ_9u_9u.tcl -notrace
CRITICAL WARNING: [Board 49-56] Problem parsing board file - /home/pingwin/VIVADO/Vivado/2016.4/data/boards/board_files/arty-s7-50/B.0/board.xml
awk: symbol lookup error: awk: undefined symbol: mpfr_z_sub
Starting RTL Elaboration : Time (s): cpu = 00:00:11 ; elapsed = 00:00:11 . Memory (MB): peak = 1076.742 ; gain = 145.086 ; free physical = 134 ; free virtual = 3654
INFO: [Synth 8-638] synthesizing module 'summ_9u_9u' [/home/pingwin/Dokumenty/Verilog/compound-project/vb/vb.srcs/sources_1/ip/summ_9u_9u/synth/summ_9u_9u.vhd:69]
INFO: [Synth 8-256] done synthesizing module 'summ_9u_9u' (7#1) [/home/pingwin/Dokumenty/Verilog/compound-project/vb/vb.srcs/sources_1/ip/summ_9u_9u/synth/summ_9u_9u.vhd:69]
Finished RTL Elaboration : Time (s): cpu = 00:00:13 ; elapsed = 00:00:13 . Memory (MB): peak = 1122.211 ; gain = 190.555 ; free physical = 138 ; free virtual = 3605
Finished RTL Optimization Phase 1 : Time (s): cpu = 00:00:13 ; elapsed = 00:00:13 . Memory (MB): peak = 1122.211 ; gain = 190.555 ; free physical = 138 ; free virtual = 3605
INFO: [Device 21-403] Loading part xc7z010clg400-1
Constraint Validation Runtime : Time (s): cpu = 00:00:00.02 ; elapsed = 00:00:00.01 . Memory (MB): peak = 1385.570 ; gain = 0.000 ; free physical = 158 ; free virtual = 3388
Finished Constraint Validation : Time (s): cpu = 00:00:27 ; elapsed = 00:00:28 . Memory (MB): peak = 1385.570 ; gain = 453.914 ; free physical = 682 ; free virtual = 3914
Finished Loading Part and Timing Information : Time (s): cpu = 00:00:27 ; elapsed = 00:00:28 . Memory (MB): peak = 1385.570 ; gain = 453.914 ; free physical = 682 ; free virtual = 3914
Finished applying 'set_property' XDC Constraints : Time (s): cpu = 00:00:27 ; elapsed = 00:00:28 . Memory (MB): peak = 1385.570 ; gain = 453.914 ; free physical = 682 ; free virtual = 3914
Finished RTL Optimization Phase 2 : Time (s): cpu = 00:00:27 ; elapsed = 00:00:28 . Memory (MB): peak = 1385.570 ; gain = 453.914 ; free physical = 669 ; free virtual = 3903
Finished Cross Boundary and Area Optimization : Time (s): cpu = 00:00:27 ; elapsed = 00:00:28 . Memory (MB): peak = 1385.570 ; gain = 453.914 ; free physical = 652 ; free virtual = 3885
Finished Applying XDC Timing Constraints : Time (s): cpu = 00:00:39 ; elapsed = 00:00:40 . Memory (MB): peak = 1385.570 ; gain = 453.914 ; free physical = 611 ; free virtual = 3844
Finished Timing Optimization : Time (s): cpu = 00:00:39 ; elapsed = 00:00:40 . Memory (MB): peak = 1385.570 ; gain = 453.914 ; free physical = 611 ; free virtual = 3844
Finished Technology Mapping : Time (s): cpu = 00:00:39 ; elapsed = 00:00:40 . Memory (MB): peak = 1385.570 ; gain = 453.914 ; free physical = 602 ; free virtual = 3835
Finished IO Insertion : Time (s): cpu = 00:00:39 ; elapsed = 00:00:40 . Memory (MB): peak = 1385.570 ; gain = 453.914 ; free physical = 601 ; free virtual = 3834
Finished Renaming Generated Instances : Time (s): cpu = 00:00:39 ; elapsed = 00:00:40 . Memory (MB): peak = 1385.570 ; gain = 453.914 ; free physical = 601 ; free virtual = 3834
Finished Rebuilding User Hierarchy : Time (s): cpu = 00:00:39 ; elapsed = 00:00:40 . Memory (MB): peak = 1385.570 ; gain = 453.914 ; free physical = 601 ; free virtual = 3834
Finished Renaming Generated Ports : Time (s): cpu = 00:00:39 ; elapsed = 00:00:40 . Memory (MB): peak = 1385.570 ; gain = 453.914 ; free physical = 601 ; free virtual = 3834
Finished Handling Custom Attributes : Time (s): cpu = 00:00:39 ; elapsed = 00:00:40 . Memory (MB): peak = 1385.570 ; gain = 453.914 ; free physical = 600 ; free virtual = 3834
Finished Renaming Generated Nets : Time (s): cpu = 00:00:39 ; elapsed = 00:00:40 . Memory (MB): peak = 1385.570 ; gain = 453.914 ; free physical = 600 ; free virtual = 3834

Report Cell Usage: 
+------+------+------+
|      |Cell  |Count |
+------+------+------+
|1     |LUT2  |     9|
|2     |MUXCY |     9|
|3     |XORCY |    10|
|4     |FDRE  |    10|
+------+------+------+
Finished Writing Synthesis Report : Time (s): cpu = 00:00:39 ; elapsed = 00:00:40 . Memory (MB): peak = 1385.570 ; gain = 453.914 ; free physical = 600 ; free virtual = 3834
synth_design: Time (s): cpu = 00:00:37 ; elapsed = 00:00:38 . Memory (MB): peak = 1397.570 ; gain = 398.410 ; free physical = 588 ; free virtual = 3821
