
*** Running vivado
    with args -log add_9s_8u.vds -m64 -product Vivado -mode batch -messageDb vivado.pb -notrace -source add_9s_8u.tcl

awk: symbol lookup error: awk: undefined symbol: mpfr_z_sub

****** Vivado v2016.4 (64-bit)
  **** SW Build 1756540 on Mon Jan 23 19:11:19 MST 2017
  **** IP Build 1755317 on Mon Jan 23 20:30:07 MST 2017
    ** Copyright 1986-2016 Xilinx, Inc. All Rights Reserved.

source add_9s_8u.tcl -notrace
CRITICAL WARNING: [Board 49-56] Problem parsing board file - /home/pingwin/VIVADO/Vivado/2016.4/data/boards/board_files/arty-s7-50/B.0/board.xml
awk: symbol lookup error: awk: undefined symbol: mpfr_z_sub
Starting RTL Elaboration : Time (s): cpu = 00:00:05 ; elapsed = 00:00:05 . Memory (MB): peak = 1074.742 ; gain = 143.086 ; free physical = 1297 ; free virtual = 3908
INFO: [Synth 8-638] synthesizing module 'add_9s_8u' [/home/pingwin/Dokumenty/Verilog/compound-project/HSV/HSV.srcs/sources_1/ip/add_9s_8u/synth/add_9s_8u.vhd:69]
INFO: [Synth 8-256] done synthesizing module 'add_9s_8u' (7#1) [/home/pingwin/Dokumenty/Verilog/compound-project/HSV/HSV.srcs/sources_1/ip/add_9s_8u/synth/add_9s_8u.vhd:69]
Finished RTL Elaboration : Time (s): cpu = 00:00:06 ; elapsed = 00:00:06 . Memory (MB): peak = 1120.211 ; gain = 188.555 ; free physical = 1250 ; free virtual = 3861
Finished RTL Optimization Phase 1 : Time (s): cpu = 00:00:06 ; elapsed = 00:00:06 . Memory (MB): peak = 1120.211 ; gain = 188.555 ; free physical = 1250 ; free virtual = 3861
INFO: [Device 21-403] Loading part xc7z010clg400-1
Constraint Validation Runtime : Time (s): cpu = 00:00:00.01 ; elapsed = 00:00:00.01 . Memory (MB): peak = 1379.570 ; gain = 0.000 ; free physical = 1091 ; free virtual = 3701
Finished Constraint Validation : Time (s): cpu = 00:00:12 ; elapsed = 00:00:13 . Memory (MB): peak = 1379.570 ; gain = 447.914 ; free physical = 1091 ; free virtual = 3701
Finished Loading Part and Timing Information : Time (s): cpu = 00:00:12 ; elapsed = 00:00:13 . Memory (MB): peak = 1379.570 ; gain = 447.914 ; free physical = 1091 ; free virtual = 3701
Finished applying 'set_property' XDC Constraints : Time (s): cpu = 00:00:12 ; elapsed = 00:00:13 . Memory (MB): peak = 1379.570 ; gain = 447.914 ; free physical = 1091 ; free virtual = 3701
Finished RTL Optimization Phase 2 : Time (s): cpu = 00:00:13 ; elapsed = 00:00:13 . Memory (MB): peak = 1379.570 ; gain = 447.914 ; free physical = 1083 ; free virtual = 3694
Finished Cross Boundary and Area Optimization : Time (s): cpu = 00:00:13 ; elapsed = 00:00:13 . Memory (MB): peak = 1379.570 ; gain = 447.914 ; free physical = 1066 ; free virtual = 3677
Finished Applying XDC Timing Constraints : Time (s): cpu = 00:00:18 ; elapsed = 00:00:19 . Memory (MB): peak = 1379.570 ; gain = 447.914 ; free physical = 1033 ; free virtual = 3640
Finished Timing Optimization : Time (s): cpu = 00:00:18 ; elapsed = 00:00:19 . Memory (MB): peak = 1379.570 ; gain = 447.914 ; free physical = 1033 ; free virtual = 3640
Finished Technology Mapping : Time (s): cpu = 00:00:18 ; elapsed = 00:00:19 . Memory (MB): peak = 1381.586 ; gain = 449.930 ; free physical = 1024 ; free virtual = 3631
Finished IO Insertion : Time (s): cpu = 00:00:19 ; elapsed = 00:00:19 . Memory (MB): peak = 1381.586 ; gain = 449.930 ; free physical = 1024 ; free virtual = 3631
Finished Renaming Generated Instances : Time (s): cpu = 00:00:19 ; elapsed = 00:00:19 . Memory (MB): peak = 1381.586 ; gain = 449.930 ; free physical = 1024 ; free virtual = 3631
Finished Rebuilding User Hierarchy : Time (s): cpu = 00:00:19 ; elapsed = 00:00:19 . Memory (MB): peak = 1381.586 ; gain = 449.930 ; free physical = 1024 ; free virtual = 3631
Finished Renaming Generated Ports : Time (s): cpu = 00:00:19 ; elapsed = 00:00:19 . Memory (MB): peak = 1381.586 ; gain = 449.930 ; free physical = 1024 ; free virtual = 3631
Finished Handling Custom Attributes : Time (s): cpu = 00:00:19 ; elapsed = 00:00:19 . Memory (MB): peak = 1381.586 ; gain = 449.930 ; free physical = 1024 ; free virtual = 3631
Finished Renaming Generated Nets : Time (s): cpu = 00:00:19 ; elapsed = 00:00:19 . Memory (MB): peak = 1381.586 ; gain = 449.930 ; free physical = 1024 ; free virtual = 3631

Report Cell Usage: 
+------+------+------+
|      |Cell  |Count |
+------+------+------+
|1     |LUT2  |     9|
|2     |MUXCY |     8|
|3     |XORCY |     9|
|4     |FDRE  |     9|
+------+------+------+
Finished Writing Synthesis Report : Time (s): cpu = 00:00:19 ; elapsed = 00:00:19 . Memory (MB): peak = 1381.586 ; gain = 449.930 ; free physical = 1023 ; free virtual = 3630
synth_design: Time (s): cpu = 00:00:18 ; elapsed = 00:00:18 . Memory (MB): peak = 1396.586 ; gain = 397.426 ; free physical = 1010 ; free virtual = 3618
