
*** Running vivado
    with args -log cr_sum.vds -m64 -product Vivado -mode batch -messageDb vivado.pb -notrace -source cr_sum.tcl

awk: symbol lookup error: awk: undefined symbol: mpfr_z_sub

****** Vivado v2016.4 (64-bit)
  **** SW Build 1756540 on Mon Jan 23 19:11:19 MST 2017
  **** IP Build 1755317 on Mon Jan 23 20:30:07 MST 2017
    ** Copyright 1986-2016 Xilinx, Inc. All Rights Reserved.

source cr_sum.tcl -notrace
awk: symbol lookup error: awk: undefined symbol: mpfr_z_sub
Starting RTL Elaboration : Time (s): cpu = 00:00:12 ; elapsed = 00:00:12 . Memory (MB): peak = 1064.742 ; gain = 133.086 ; free physical = 123 ; free virtual = 2602
INFO: [Synth 8-638] synthesizing module 'cr_sum' [/home/pingwin/Dokumenty/Verilog/rgb2ycbcr/rgb2ycbcr.srcs/sources_1/ip/cr_sum/synth/cr_sum.vhd:69]
INFO: [Synth 8-256] done synthesizing module 'cr_sum' (7#1) [/home/pingwin/Dokumenty/Verilog/rgb2ycbcr/rgb2ycbcr.srcs/sources_1/ip/cr_sum/synth/cr_sum.vhd:69]
Finished RTL Elaboration : Time (s): cpu = 00:00:14 ; elapsed = 00:00:15 . Memory (MB): peak = 1110.211 ; gain = 178.555 ; free physical = 129 ; free virtual = 2522
Finished RTL Optimization Phase 1 : Time (s): cpu = 00:00:14 ; elapsed = 00:00:15 . Memory (MB): peak = 1110.211 ; gain = 178.555 ; free physical = 127 ; free virtual = 2520
INFO: [Device 21-403] Loading part xc7k70tfbv676-1
Constraint Validation Runtime : Time (s): cpu = 00:00:00.02 ; elapsed = 00:00:00.03 . Memory (MB): peak = 1392.266 ; gain = 0.000 ; free physical = 124 ; free virtual = 2327
Finished Constraint Validation : Time (s): cpu = 00:00:31 ; elapsed = 00:00:32 . Memory (MB): peak = 1392.266 ; gain = 460.609 ; free physical = 693 ; free virtual = 2874
Finished Loading Part and Timing Information : Time (s): cpu = 00:00:31 ; elapsed = 00:00:32 . Memory (MB): peak = 1392.266 ; gain = 460.609 ; free physical = 693 ; free virtual = 2874
Finished applying 'set_property' XDC Constraints : Time (s): cpu = 00:00:31 ; elapsed = 00:00:32 . Memory (MB): peak = 1392.266 ; gain = 460.609 ; free physical = 693 ; free virtual = 2874
Finished RTL Optimization Phase 2 : Time (s): cpu = 00:00:32 ; elapsed = 00:00:32 . Memory (MB): peak = 1392.266 ; gain = 460.609 ; free physical = 686 ; free virtual = 2866
Finished Cross Boundary and Area Optimization : Time (s): cpu = 00:00:32 ; elapsed = 00:00:33 . Memory (MB): peak = 1392.266 ; gain = 460.609 ; free physical = 670 ; free virtual = 2850
Finished Applying XDC Timing Constraints : Time (s): cpu = 00:00:45 ; elapsed = 00:00:46 . Memory (MB): peak = 1392.266 ; gain = 460.609 ; free physical = 638 ; free virtual = 2819
Finished Timing Optimization : Time (s): cpu = 00:00:45 ; elapsed = 00:00:46 . Memory (MB): peak = 1392.266 ; gain = 460.609 ; free physical = 638 ; free virtual = 2819
Finished Technology Mapping : Time (s): cpu = 00:00:45 ; elapsed = 00:00:46 . Memory (MB): peak = 1392.266 ; gain = 460.609 ; free physical = 630 ; free virtual = 2810
Finished IO Insertion : Time (s): cpu = 00:00:46 ; elapsed = 00:00:47 . Memory (MB): peak = 1392.266 ; gain = 460.609 ; free physical = 630 ; free virtual = 2810
Finished Renaming Generated Instances : Time (s): cpu = 00:00:46 ; elapsed = 00:00:47 . Memory (MB): peak = 1392.266 ; gain = 460.609 ; free physical = 630 ; free virtual = 2810
Finished Rebuilding User Hierarchy : Time (s): cpu = 00:00:46 ; elapsed = 00:00:47 . Memory (MB): peak = 1392.266 ; gain = 460.609 ; free physical = 630 ; free virtual = 2810
Finished Renaming Generated Ports : Time (s): cpu = 00:00:46 ; elapsed = 00:00:47 . Memory (MB): peak = 1392.266 ; gain = 460.609 ; free physical = 630 ; free virtual = 2810
Finished Handling Custom Attributes : Time (s): cpu = 00:00:46 ; elapsed = 00:00:47 . Memory (MB): peak = 1392.266 ; gain = 460.609 ; free physical = 630 ; free virtual = 2810
Finished Renaming Generated Nets : Time (s): cpu = 00:00:46 ; elapsed = 00:00:47 . Memory (MB): peak = 1392.266 ; gain = 460.609 ; free physical = 630 ; free virtual = 2810

Report Cell Usage: 
+------+------+------+
|      |Cell  |Count |
+------+------+------+
|1     |LUT2  |    18|
|2     |MUXCY |    27|
|3     |XORCY |    29|
|4     |FDRE  |    39|
+------+------+------+
Finished Writing Synthesis Report : Time (s): cpu = 00:00:46 ; elapsed = 00:00:47 . Memory (MB): peak = 1392.266 ; gain = 460.609 ; free physical = 630 ; free virtual = 2810
synth_design: Time (s): cpu = 00:00:44 ; elapsed = 00:00:45 . Memory (MB): peak = 1392.273 ; gain = 393.113 ; free physical = 611 ; free virtual = 2792
