
*** Running vivado
    with args -log signed_mul.vds -m64 -product Vivado -mode batch -messageDb vivado.pb -notrace -source signed_mul.tcl

awk: symbol lookup error: awk: undefined symbol: mpfr_z_sub

****** Vivado v2016.4 (64-bit)
  **** SW Build 1756540 on Mon Jan 23 19:11:19 MST 2017
  **** IP Build 1755317 on Mon Jan 23 20:30:07 MST 2017
    ** Copyright 1986-2016 Xilinx, Inc. All Rights Reserved.

source signed_mul.tcl -notrace
awk: symbol lookup error: awk: undefined symbol: mpfr_z_sub
Starting RTL Elaboration : Time (s): cpu = 00:00:12 ; elapsed = 00:00:12 . Memory (MB): peak = 1063.742 ; gain = 132.086 ; free physical = 518 ; free virtual = 3424
INFO: [Synth 8-638] synthesizing module 'signed_mul' [/home/pingwin/Dokumenty/Verilog/rgb2ycbcr/rgb2ycbcr.srcs/sources_1/ip/signed_mul/synth/signed_mul.vhd:68]
INFO: [Synth 8-256] done synthesizing module 'signed_mul' (6#1) [/home/pingwin/Dokumenty/Verilog/rgb2ycbcr/rgb2ycbcr.srcs/sources_1/ip/signed_mul/synth/signed_mul.vhd:68]
Finished RTL Elaboration : Time (s): cpu = 00:00:14 ; elapsed = 00:00:15 . Memory (MB): peak = 1114.211 ; gain = 182.555 ; free physical = 464 ; free virtual = 3373
Finished RTL Optimization Phase 1 : Time (s): cpu = 00:00:15 ; elapsed = 00:00:15 . Memory (MB): peak = 1114.211 ; gain = 182.555 ; free physical = 464 ; free virtual = 3373
INFO: [Device 21-403] Loading part xc7k70tfbv676-1
Constraint Validation Runtime : Time (s): cpu = 00:00:00.02 ; elapsed = 00:00:00.02 . Memory (MB): peak = 1400.359 ; gain = 0.000 ; free physical = 309 ; free virtual = 3219
Finished Constraint Validation : Time (s): cpu = 00:00:30 ; elapsed = 00:00:31 . Memory (MB): peak = 1400.359 ; gain = 468.703 ; free physical = 274 ; free virtual = 3218
Finished Loading Part and Timing Information : Time (s): cpu = 00:00:30 ; elapsed = 00:00:31 . Memory (MB): peak = 1400.359 ; gain = 468.703 ; free physical = 258 ; free virtual = 3218
Finished applying 'set_property' XDC Constraints : Time (s): cpu = 00:00:30 ; elapsed = 00:00:31 . Memory (MB): peak = 1400.359 ; gain = 468.703 ; free physical = 249 ; free virtual = 3218
Finished RTL Optimization Phase 2 : Time (s): cpu = 00:00:30 ; elapsed = 00:00:31 . Memory (MB): peak = 1400.359 ; gain = 468.703 ; free physical = 240 ; free virtual = 3210
Finished Cross Boundary and Area Optimization : Time (s): cpu = 00:00:31 ; elapsed = 00:00:32 . Memory (MB): peak = 1400.359 ; gain = 468.703 ; free physical = 229 ; free virtual = 3202
Finished Applying XDC Timing Constraints : Time (s): cpu = 00:00:50 ; elapsed = 00:00:51 . Memory (MB): peak = 1400.359 ; gain = 468.703 ; free physical = 202 ; free virtual = 3132
Finished Timing Optimization : Time (s): cpu = 00:00:50 ; elapsed = 00:00:51 . Memory (MB): peak = 1400.359 ; gain = 468.703 ; free physical = 202 ; free virtual = 3131
Finished Technology Mapping : Time (s): cpu = 00:00:50 ; elapsed = 00:00:51 . Memory (MB): peak = 1400.359 ; gain = 468.703 ; free physical = 193 ; free virtual = 3123
Finished IO Insertion : Time (s): cpu = 00:00:51 ; elapsed = 00:00:51 . Memory (MB): peak = 1400.359 ; gain = 468.703 ; free physical = 177 ; free virtual = 3123
Finished Renaming Generated Instances : Time (s): cpu = 00:00:51 ; elapsed = 00:00:51 . Memory (MB): peak = 1400.359 ; gain = 468.703 ; free physical = 177 ; free virtual = 3123
Finished Rebuilding User Hierarchy : Time (s): cpu = 00:00:51 ; elapsed = 00:00:51 . Memory (MB): peak = 1400.359 ; gain = 468.703 ; free physical = 177 ; free virtual = 3123
Finished Renaming Generated Ports : Time (s): cpu = 00:00:51 ; elapsed = 00:00:51 . Memory (MB): peak = 1400.359 ; gain = 468.703 ; free physical = 177 ; free virtual = 3123
Finished Handling Custom Attributes : Time (s): cpu = 00:00:51 ; elapsed = 00:00:52 . Memory (MB): peak = 1400.359 ; gain = 468.703 ; free physical = 177 ; free virtual = 3123
Finished Renaming Generated Nets : Time (s): cpu = 00:00:51 ; elapsed = 00:00:52 . Memory (MB): peak = 1400.359 ; gain = 468.703 ; free physical = 177 ; free virtual = 3123

Report Cell Usage: 
+------+--------+------+
|      |Cell    |Count |
+------+--------+------+
|1     |DSP48E1 |     1|
+------+--------+------+
Finished Writing Synthesis Report : Time (s): cpu = 00:00:51 ; elapsed = 00:00:52 . Memory (MB): peak = 1400.359 ; gain = 468.703 ; free physical = 177 ; free virtual = 3123
synth_design: Time (s): cpu = 00:00:49 ; elapsed = 00:00:49 . Memory (MB): peak = 1400.367 ; gain = 401.207 ; free physical = 161 ; free virtual = 3127
