
*** Running vivado
    with args -log summ_10s_10s.vds -m64 -product Vivado -mode batch -messageDb vivado.pb -notrace -source summ_10s_10s.tcl

awk: symbol lookup error: awk: undefined symbol: mpfr_z_sub

****** Vivado v2016.4 (64-bit)
  **** SW Build 1756540 on Mon Jan 23 19:11:19 MST 2017
  **** IP Build 1755317 on Mon Jan 23 20:30:07 MST 2017
    ** Copyright 1986-2016 Xilinx, Inc. All Rights Reserved.

source summ_10s_10s.tcl -notrace
CRITICAL WARNING: [Board 49-56] Problem parsing board file - /home/pingwin/VIVADO/Vivado/2016.4/data/boards/board_files/arty-s7-50/B.0/board.xml
awk: symbol lookup error: awk: undefined symbol: mpfr_z_sub
Starting RTL Elaboration : Time (s): cpu = 00:00:09 ; elapsed = 00:00:10 . Memory (MB): peak = 1076.734 ; gain = 145.086 ; free physical = 752 ; free virtual = 4036
INFO: [Synth 8-638] synthesizing module 'summ_10s_10s' [/home/pingwin/Dokumenty/Verilog/compound-project/vb/vb.srcs/sources_1/ip/summ_10s_10s/synth/summ_10s_10s.vhd:69]
INFO: [Synth 8-256] done synthesizing module 'summ_10s_10s' (7#1) [/home/pingwin/Dokumenty/Verilog/compound-project/vb/vb.srcs/sources_1/ip/summ_10s_10s/synth/summ_10s_10s.vhd:69]
Finished RTL Elaboration : Time (s): cpu = 00:00:11 ; elapsed = 00:00:11 . Memory (MB): peak = 1122.203 ; gain = 190.555 ; free physical = 703 ; free virtual = 3988
Finished RTL Optimization Phase 1 : Time (s): cpu = 00:00:11 ; elapsed = 00:00:12 . Memory (MB): peak = 1122.203 ; gain = 190.555 ; free physical = 703 ; free virtual = 3987
INFO: [Device 21-403] Loading part xc7z010clg400-1
Constraint Validation Runtime : Time (s): cpu = 00:00:00.01 ; elapsed = 00:00:00.02 . Memory (MB): peak = 1391.562 ; gain = 0.000 ; free physical = 548 ; free virtual = 3833
Finished Constraint Validation : Time (s): cpu = 00:00:25 ; elapsed = 00:00:25 . Memory (MB): peak = 1391.562 ; gain = 459.914 ; free physical = 529 ; free virtual = 3828
Finished Loading Part and Timing Information : Time (s): cpu = 00:00:25 ; elapsed = 00:00:25 . Memory (MB): peak = 1391.562 ; gain = 459.914 ; free physical = 529 ; free virtual = 3828
Finished applying 'set_property' XDC Constraints : Time (s): cpu = 00:00:25 ; elapsed = 00:00:25 . Memory (MB): peak = 1391.562 ; gain = 459.914 ; free physical = 529 ; free virtual = 3828
Finished RTL Optimization Phase 2 : Time (s): cpu = 00:00:25 ; elapsed = 00:00:25 . Memory (MB): peak = 1391.562 ; gain = 459.914 ; free physical = 521 ; free virtual = 3820
Finished Cross Boundary and Area Optimization : Time (s): cpu = 00:00:25 ; elapsed = 00:00:26 . Memory (MB): peak = 1391.562 ; gain = 459.914 ; free physical = 505 ; free virtual = 3804
Finished Applying XDC Timing Constraints : Time (s): cpu = 00:00:36 ; elapsed = 00:00:37 . Memory (MB): peak = 1391.562 ; gain = 459.914 ; free physical = 467 ; free virtual = 3766
Finished Timing Optimization : Time (s): cpu = 00:00:36 ; elapsed = 00:00:37 . Memory (MB): peak = 1391.562 ; gain = 459.914 ; free physical = 467 ; free virtual = 3766
Finished Technology Mapping : Time (s): cpu = 00:00:36 ; elapsed = 00:00:37 . Memory (MB): peak = 1391.562 ; gain = 459.914 ; free physical = 458 ; free virtual = 3757
Finished IO Insertion : Time (s): cpu = 00:00:37 ; elapsed = 00:00:37 . Memory (MB): peak = 1391.562 ; gain = 459.914 ; free physical = 458 ; free virtual = 3757
Finished Renaming Generated Instances : Time (s): cpu = 00:00:37 ; elapsed = 00:00:37 . Memory (MB): peak = 1391.562 ; gain = 459.914 ; free physical = 458 ; free virtual = 3757
Finished Rebuilding User Hierarchy : Time (s): cpu = 00:00:37 ; elapsed = 00:00:37 . Memory (MB): peak = 1391.562 ; gain = 459.914 ; free physical = 458 ; free virtual = 3757
Finished Renaming Generated Ports : Time (s): cpu = 00:00:37 ; elapsed = 00:00:37 . Memory (MB): peak = 1391.562 ; gain = 459.914 ; free physical = 458 ; free virtual = 3757
Finished Handling Custom Attributes : Time (s): cpu = 00:00:37 ; elapsed = 00:00:38 . Memory (MB): peak = 1391.562 ; gain = 459.914 ; free physical = 458 ; free virtual = 3756
Finished Renaming Generated Nets : Time (s): cpu = 00:00:37 ; elapsed = 00:00:38 . Memory (MB): peak = 1391.562 ; gain = 459.914 ; free physical = 458 ; free virtual = 3756

Report Cell Usage: 
+------+------+------+
|      |Cell  |Count |
+------+------+------+
|1     |LUT2  |    12|
|2     |MUXCY |    10|
|3     |XORCY |    11|
|4     |FDRE  |    11|
+------+------+------+
Finished Writing Synthesis Report : Time (s): cpu = 00:00:37 ; elapsed = 00:00:38 . Memory (MB): peak = 1391.562 ; gain = 459.914 ; free physical = 458 ; free virtual = 3756
synth_design: Time (s): cpu = 00:00:35 ; elapsed = 00:00:35 . Memory (MB): peak = 1397.562 ; gain = 398.410 ; free physical = 451 ; free virtual = 3749
