
*** Running vivado
    with args -log long_short.vds -m64 -product Vivado -mode batch -messageDb vivado.pb -notrace -source long_short.tcl

awk: symbol lookup error: awk: undefined symbol: mpfr_z_sub

****** Vivado v2016.4 (64-bit)
  **** SW Build 1756540 on Mon Jan 23 19:11:19 MST 2017
  **** IP Build 1755317 on Mon Jan 23 20:30:07 MST 2017
    ** Copyright 1986-2016 Xilinx, Inc. All Rights Reserved.

source long_short.tcl -notrace
awk: symbol lookup error: awk: undefined symbol: mpfr_z_sub
Starting RTL Elaboration : Time (s): cpu = 00:00:13 ; elapsed = 00:00:13 . Memory (MB): peak = 1064.734 ; gain = 133.086 ; free physical = 174 ; free virtual = 3129
INFO: [Synth 8-638] synthesizing module 'long_short' [/home/pingwin/Dokumenty/Verilog/rgb2ycbcr/rgb2ycbcr.srcs/sources_1/ip/long_short/synth/long_short.vhd:69]
INFO: [Synth 8-256] done synthesizing module 'long_short' (7#1) [/home/pingwin/Dokumenty/Verilog/rgb2ycbcr/rgb2ycbcr.srcs/sources_1/ip/long_short/synth/long_short.vhd:69]
Finished RTL Elaboration : Time (s): cpu = 00:00:15 ; elapsed = 00:00:15 . Memory (MB): peak = 1110.203 ; gain = 178.555 ; free physical = 177 ; free virtual = 3082
Finished RTL Optimization Phase 1 : Time (s): cpu = 00:00:15 ; elapsed = 00:00:16 . Memory (MB): peak = 1110.203 ; gain = 178.555 ; free physical = 164 ; free virtual = 3068
INFO: [Device 21-403] Loading part xc7k70tfbv676-1
Constraint Validation Runtime : Time (s): cpu = 00:00:00.02 ; elapsed = 00:00:00.02 . Memory (MB): peak = 1392.266 ; gain = 0.000 ; free physical = 541 ; free virtual = 3447
Finished Constraint Validation : Time (s): cpu = 00:00:31 ; elapsed = 00:00:32 . Memory (MB): peak = 1392.266 ; gain = 460.617 ; free physical = 540 ; free virtual = 3446
Finished Loading Part and Timing Information : Time (s): cpu = 00:00:31 ; elapsed = 00:00:32 . Memory (MB): peak = 1392.266 ; gain = 460.617 ; free physical = 540 ; free virtual = 3446
Finished applying 'set_property' XDC Constraints : Time (s): cpu = 00:00:31 ; elapsed = 00:00:32 . Memory (MB): peak = 1392.266 ; gain = 460.617 ; free physical = 540 ; free virtual = 3446
Finished RTL Optimization Phase 2 : Time (s): cpu = 00:00:31 ; elapsed = 00:00:32 . Memory (MB): peak = 1392.266 ; gain = 460.617 ; free physical = 540 ; free virtual = 3446
Finished Cross Boundary and Area Optimization : Time (s): cpu = 00:00:32 ; elapsed = 00:00:32 . Memory (MB): peak = 1392.266 ; gain = 460.617 ; free physical = 524 ; free virtual = 3430
Finished Applying XDC Timing Constraints : Time (s): cpu = 00:00:45 ; elapsed = 00:00:45 . Memory (MB): peak = 1392.266 ; gain = 460.617 ; free physical = 485 ; free virtual = 3390
Finished Timing Optimization : Time (s): cpu = 00:00:45 ; elapsed = 00:00:45 . Memory (MB): peak = 1392.266 ; gain = 460.617 ; free physical = 485 ; free virtual = 3390
Finished Technology Mapping : Time (s): cpu = 00:00:45 ; elapsed = 00:00:45 . Memory (MB): peak = 1392.266 ; gain = 460.617 ; free physical = 476 ; free virtual = 3382
Finished IO Insertion : Time (s): cpu = 00:00:45 ; elapsed = 00:00:46 . Memory (MB): peak = 1392.266 ; gain = 460.617 ; free physical = 476 ; free virtual = 3382
Finished Renaming Generated Instances : Time (s): cpu = 00:00:45 ; elapsed = 00:00:46 . Memory (MB): peak = 1392.266 ; gain = 460.617 ; free physical = 476 ; free virtual = 3382
Finished Rebuilding User Hierarchy : Time (s): cpu = 00:00:45 ; elapsed = 00:00:46 . Memory (MB): peak = 1392.266 ; gain = 460.617 ; free physical = 476 ; free virtual = 3382
Finished Renaming Generated Ports : Time (s): cpu = 00:00:45 ; elapsed = 00:00:46 . Memory (MB): peak = 1392.266 ; gain = 460.617 ; free physical = 476 ; free virtual = 3382
Finished Handling Custom Attributes : Time (s): cpu = 00:00:46 ; elapsed = 00:00:46 . Memory (MB): peak = 1392.266 ; gain = 460.617 ; free physical = 476 ; free virtual = 3381
Finished Renaming Generated Nets : Time (s): cpu = 00:00:46 ; elapsed = 00:00:46 . Memory (MB): peak = 1392.266 ; gain = 460.617 ; free physical = 476 ; free virtual = 3381

Report Cell Usage: 
+------+------+------+
|      |Cell  |Count |
+------+------+------+
|1     |LUT2  |     8|
|2     |MUXCY |    16|
|3     |XORCY |    18|
|4     |FDRE  |    25|
+------+------+------+
Finished Writing Synthesis Report : Time (s): cpu = 00:00:46 ; elapsed = 00:00:46 . Memory (MB): peak = 1392.266 ; gain = 460.617 ; free physical = 476 ; free virtual = 3381
synth_design: Time (s): cpu = 00:00:44 ; elapsed = 00:00:44 . Memory (MB): peak = 1392.273 ; gain = 393.121 ; free physical = 459 ; free virtual = 3364
