Copyright 1986-2016 Xilinx, Inc. All Rights Reserved.
----------------------------------------------------------------------------------------------
| Tool Version : Vivado v.2016.4 (lin64) Build 1756540 Mon Jan 23 19:11:19 MST 2017
| Date         : Mon Jun 12 04:45:23 2017
| Host         : mothership running 64-bit unknown
| Command      : report_clock_utilization -file hdmi_vga_wrapper_clock_utilization_routed.rpt
| Design       : hdmi_vga_wrapper
| Device       : 7z010-clg400
| Speed File   : -1  PRODUCTION 1.11 2014-09-11
----------------------------------------------------------------------------------------------

Clock Utilization Report

Table of Contents
-----------------
1. Clock Primitive Utilization
2. Global Clock Resources
3. Global Clock Source Details
4. Local Clock Details
5. Clock Regions: Key Resource Utilization
6. Clock Regions : Global Clock Summary
7. Cell Type Counts per Global Clock: Region X1Y0
8. Cell Type Counts per Global Clock: Region X0Y1
9. Cell Type Counts per Global Clock: Region X1Y1
10. Load Cell Placement Summary for Global Clock g0
11. Load Cell Placement Summary for Global Clock g1
12. Load Cell Placement Summary for Global Clock g2
13. Load Cell Placement Summary for Global Clock g3

1. Clock Primitive Utilization
------------------------------

+----------+------+-----------+-----+--------------+--------+
| Type     | Used | Available | LOC | Clock Region | Pblock |
+----------+------+-----------+-----+--------------+--------+
| BUFGCTRL |    3 |        32 |   0 |            0 |      0 |
| BUFH     |    0 |        48 |   0 |            0 |      0 |
| BUFIO    |    1 |         8 |   0 |            0 |      0 |
| BUFMR    |    0 |         4 |   0 |            0 |      0 |
| BUFR     |    1 |         8 |   0 |            0 |      0 |
| MMCM     |    2 |         2 |   0 |            0 |      0 |
| PLL      |    0 |         2 |   0 |            0 |      0 |
+----------+------+-----------+-----+--------------+--------+


2. Global Clock Resources
-------------------------

+-----------+-----------+-----------------+------------+----------------+--------------+------+-------------------+-------------------+-------------+-----------------+--------------+--------------+----------------------------------------------------------------+-------------------------------------------------------------+
| Global Id | Source Id | Driver Type/Pin | Constraint | Site           | Clock Region | Root | Clock Delay Group | Load Clock Region | Clock Loads | Non-Clock Loads | Clock Period | Clock        | Driver Pin                                                     | Net                                                         |
+-----------+-----------+-----------------+------------+----------------+--------------+------+-------------------+-------------------+-------------+-----------------+--------------+--------------+----------------------------------------------------------------+-------------------------------------------------------------+
| g0        | src0      | BUFG/O          | None       | BUFGCTRL_X0Y16 | n/a          |      |                   |                 2 |        1305 |               0 |        9.259 | PixelClk_int | hdmi_vga_i/dvi2rgb_0/U0/GenerateBUFG.ResyncToBUFG_X/InstBUFG/O | hdmi_vga_i/dvi2rgb_0/U0/GenerateBUFG.ResyncToBUFG_X/CLK     |
| g1        | src1      | BUFR/O          | None       | BUFR_X0Y5      | X1Y1         |      |                   |                 2 |         322 |               1 |        9.259 | PixelClk_int | hdmi_vga_i/dvi2rgb_0/U0/TMDS_ClockingX/PixelClkBuffer/O        | hdmi_vga_i/dvi2rgb_0/U0/TMDS_ClockingX/PixelClk_int         |
| g2        | src2      | BUFG/O          | None       | BUFGCTRL_X0Y0  | n/a          |      |                   |                 1 |         162 |               0 |        5.000 | Multiple     | hdmi_vga_i/clk_wiz_0/inst/clkout1_buf/O                        | hdmi_vga_i/clk_wiz_0/inst/clk_out1                          |
| g3        | src2      | BUFG/O          | None       | BUFGCTRL_X0Y1  | n/a          |      |                   |                 1 |           1 |               0 |        8.000 | Multiple     | hdmi_vga_i/clk_wiz_0/inst/clkf_buf/O                           | hdmi_vga_i/clk_wiz_0/inst/clkfbout_buf_hdmi_vga_clk_wiz_0_0 |
+-----------+-----------+-----------------+------------+----------------+--------------+------+-------------------+-------------------+-------------+-----------------+--------------+--------------+----------------------------------------------------------------+-------------------------------------------------------------+
* Clock Loads column represents the clock pin loads (pin count)
** Non-Clock Loads column represents the non-clock pin loads (pin count)


3. Global Clock Source Details
------------------------------

+-----------+-----------+---------------------+------------+-----------------+--------------+-------------+-----------------+---------------------+---------------------+-----------------------------------------------------------------+------------------------------------------------------------+
| Source Id | Global Id | Driver Type/Pin     | Constraint | Site            | Clock Region | Clock Loads | Non-Clock Loads | Source Clock Period | Source Clock        | Driver Pin                                                      | Net                                                        |
+-----------+-----------+---------------------+------------+-----------------+--------------+-------------+-----------------+---------------------+---------------------+-----------------------------------------------------------------+------------------------------------------------------------+
| src0      | g0        | BUFR/O              | None       | BUFR_X0Y5       | X1Y1         |         365 |               0 |               9.259 | PixelClk_int        | hdmi_vga_i/dvi2rgb_0/U0/TMDS_ClockingX/PixelClkBuffer/O         | hdmi_vga_i/dvi2rgb_0/U0/TMDS_ClockingX/PixelClk_int        |
| src1      | g1,       | MMCME2_ADV/CLKOUT0  | None       | MMCME2_ADV_X0Y1 | X1Y1         |           2 |               0 |               1.852 | CLK_OUT_5x_hdmi_clk | hdmi_vga_i/dvi2rgb_0/U0/TMDS_ClockingX/DVI_ClkGenerator/CLKOUT0 | hdmi_vga_i/dvi2rgb_0/U0/TMDS_ClockingX/CLK_OUT_5x_hdmi_clk |
| src2      | g2        | MMCME2_ADV/CLKOUT0  | None       | MMCME2_ADV_X0Y0 | X1Y0         |           1 |               0 |               5.000 | Multiple            | hdmi_vga_i/clk_wiz_0/inst/mmcm_adv_inst/CLKOUT0                 | hdmi_vga_i/clk_wiz_0/inst/clk_out1_hdmi_vga_clk_wiz_0_0    |
| src2      | g3        | MMCME2_ADV/CLKFBOUT | None       | MMCME2_ADV_X0Y0 | X1Y0         |           1 |               0 |               8.000 | Multiple            | hdmi_vga_i/clk_wiz_0/inst/mmcm_adv_inst/CLKFBOUT                | hdmi_vga_i/clk_wiz_0/inst/clkfbout_hdmi_vga_clk_wiz_0_0    |
+-----------+-----------+---------------------+------------+-----------------+--------------+-------------+-----------------+---------------------+---------------------+-----------------------------------------------------------------+------------------------------------------------------------+
* Clock Loads column represents the clock pin loads (pin count)
** Non-Clock Loads column represents the non-clock pin loads (pin count)


4. Local Clock Details
----------------------

+----------+-----------------+------------+------------------+--------------+-------------+-----------------+--------------+-------+---------------------------------------------------------------------+-----------------------------------------------------+
| Local Id | Driver Type/Pin | Constraint | Site/BEL         | Clock Region | Clock Loads | Non-Clock Loads | Clock Period | Clock | Driver Pin                                                          | Net                                                 |
+----------+-----------------+------------+------------------+--------------+-------------+-----------------+--------------+-------+---------------------------------------------------------------------+-----------------------------------------------------+
| 0        | FDRE/Q          | None       | SLICE_X42Y77/AFF | X1Y1         |          44 |             181 |              |       | hdmi_vga_i/vb_0/inst/rgb2ycbcr/inst/m18/inst/delay_line_reg[4][0]/Q | hdmi_vga_i/vb_0/inst/rgb2ycbcr/inst/m18/inst/out[0] |
+----------+-----------------+------------+------------------+--------------+-------------+-----------------+--------------+-------+---------------------------------------------------------------------+-----------------------------------------------------+
* Local Clocks in this context represents only clocks driven by non-global buffers
** Clock Loads column represents the clock pin loads (pin count)
*** Non-Clock Loads column represents the non-clock pin loads (pin count)


5. Clock Regions: Key Resource Utilization
------------------------------------------

+-------------------+--------------+--------------+--------------+--------------+--------------+--------------+--------------+--------------+--------------+--------------+--------------+--------------+--------------+--------------+--------------+
|                   | Global Clock |     BUFRs    |    BUFMRs    |    BUFIOs    |     MMCM     |      PLL     |      GT      |      PCI     |    ILOGIC    |    OLOGIC    |      FF      |     LUTM     |    RAMB18    |    RAMB36    |    DSP48E2   |
+-------------------+------+-------+------+-------+------+-------+------+-------+------+-------+------+-------+------+-------+------+-------+------+-------+------+-------+------+-------+------+-------+------+-------+------+-------+------+-------+
| Clock Region Name | Used | Avail | Used | Avail | Used | Avail | Used | Avail | Used | Avail | Used | Avail | Used | Avail | Used | Avail | Used | Avail | Used | Avail | Used | Avail | Used | Avail | Used | Avail | Used | Avail | Used | Avail |
+-------------------+------+-------+------+-------+------+-------+------+-------+------+-------+------+-------+------+-------+------+-------+------+-------+------+-------+------+-------+------+-------+------+-------+------+-------+------+-------+
| X0Y0              |    0 |    12 |    0 |     0 |    0 |     0 |    0 |     0 |    0 |     0 |    0 |     0 |    0 |     0 |    0 |     0 |    0 |     0 |    0 |     0 |    0 |  1100 |    0 |   400 |    0 |    20 |    0 |    10 |    0 |    20 |
| X1Y0              |    1 |    12 |    0 |     4 |    0 |     2 |    0 |     4 |    1 |     1 |    0 |     1 |    0 |     0 |    0 |     0 |    0 |    50 |    0 |    50 |    0 |  1100 |    0 |   350 |    0 |    40 |    0 |    20 |    0 |    20 |
| X0Y1              |    1 |    12 |    0 |     0 |    0 |     0 |    0 |     0 |    0 |     0 |    0 |     0 |    0 |     0 |    0 |     0 |    0 |     0 |    0 |     0 |   77 |  1100 |   55 |   400 |    0 |    20 |    0 |    10 |    3 |    20 |
| X1Y1              |    4 |    12 |    1 |     4 |    0 |     2 |    1 |     4 |    0 |     1 |    0 |     1 |    0 |     0 |    0 |     0 |    6 |    50 |    0 |    50 | 1589 |  1100 |  696 |   350 |    0 |    40 |    0 |    20 |   10 |    20 |
+-------------------+------+-------+------+-------+------+-------+------+-------+------+-------+------+-------+------+-------+------+-------+------+-------+------+-------+------+-------+------+-------+------+-------+------+-------+------+-------+
* Global Clock column represents track count; while other columns represents cell counts


6. Clock Regions : Global Clock Summary
---------------------------------------

+----+----+----+
|    | X0 | X1 |
+----+----+----+
| Y1 |  1 |  4 |
| Y0 |  0 |  1 |
+----+----+----+


7. Cell Type Counts per Global Clock: Region X1Y0
-------------------------------------------------

+-----------+-------+-----------------+------------+-------------+-----------------+----+--------+------+-----+----+------+-----+---------+-------------------------------------------------------------+
| Global Id | Track | Driver Type/Pin | Constraint | Clock Loads | Non-Clock Loads | FF | LUTRAM | RAMB | DSP | GT | MMCM | PLL | Hard IP | Net                                                         |
+-----------+-------+-----------------+------------+-------------+-----------------+----+--------+------+-----+----+------+-----+---------+-------------------------------------------------------------+
| g3        | n/a   | BUFG/O          | None       |           1 |               0 |  0 |      0 |    0 |   0 |  0 |    1 |   0 |       0 | hdmi_vga_i/clk_wiz_0/inst/clkfbout_buf_hdmi_vga_clk_wiz_0_0 |
+-----------+-------+-----------------+------------+-------------+-----------------+----+--------+------+-----+----+------+-----+---------+-------------------------------------------------------------+
* Clock Loads column represents the clock pin loads (pin count)
** Non-Clock Loads column represents the non-clock pin loads (pin count)
*** Columns FF, LUTRAM, RAMB through 'Hard IP' represents load cell counts


8. Cell Type Counts per Global Clock: Region X0Y1
-------------------------------------------------

+-----------+-------+-----------------+------------+-------------+-----------------+----+--------+------+-----+----+------+-----+---------+---------------------------------------------------------+
| Global Id | Track | Driver Type/Pin | Constraint | Clock Loads | Non-Clock Loads | FF | LUTRAM | RAMB | DSP | GT | MMCM | PLL | Hard IP | Net                                                     |
+-----------+-------+-----------------+------------+-------------+-----------------+----+--------+------+-----+----+------+-----+---------+---------------------------------------------------------+
| g0        | n/a   | BUFG/O          | None       |          81 |               0 | 62 |     16 |    0 |   3 |  0 |    0 |   0 |       0 | hdmi_vga_i/dvi2rgb_0/U0/GenerateBUFG.ResyncToBUFG_X/CLK |
+-----------+-------+-----------------+------------+-------------+-----------------+----+--------+------+-----+----+------+-----+---------+---------------------------------------------------------+
* Clock Loads column represents the clock pin loads (pin count)
** Non-Clock Loads column represents the non-clock pin loads (pin count)
*** Columns FF, LUTRAM, RAMB through 'Hard IP' represents load cell counts


9. Cell Type Counts per Global Clock: Region X1Y1
-------------------------------------------------

+-----------+-------+-----------------+------------+-------------+-----------------+------+--------+------+-----+----+------+-----+---------+---------------------------------------------------------+
| Global Id | Track | Driver Type/Pin | Constraint | Clock Loads | Non-Clock Loads | FF   | LUTRAM | RAMB | DSP | GT | MMCM | PLL | Hard IP | Net                                                     |
+-----------+-------+-----------------+------------+-------------+-----------------+------+--------+------+-----+----+------+-----+---------+---------------------------------------------------------+
| g0        | n/a   | BUFG/O          | None       |        1224 |               0 | 1092 |    122 |    0 |  10 |  0 |    0 |   0 |       0 | hdmi_vga_i/dvi2rgb_0/U0/GenerateBUFG.ResyncToBUFG_X/CLK |
| g1        | n/a   | BUFR/O          | None       |         316 |               0 |  307 |      0 |    0 |   0 |  0 |    0 |   0 |       0 | hdmi_vga_i/dvi2rgb_0/U0/TMDS_ClockingX/PixelClk_int     |
| g2        | n/a   | BUFG/O          | None       |         162 |               0 |  161 |      0 |    0 |   0 |  0 |    0 |   0 |       0 | hdmi_vga_i/clk_wiz_0/inst/clk_out1                      |
+-----------+-------+-----------------+------------+-------------+-----------------+------+--------+------+-----+----+------+-----+---------+---------------------------------------------------------+
* Clock Loads column represents the clock pin loads (pin count)
** Non-Clock Loads column represents the non-clock pin loads (pin count)
*** Columns FF, LUTRAM, RAMB through 'Hard IP' represents load cell counts


10. Load Cell Placement Summary for Global Clock g0
---------------------------------------------------

+-----------+-----------------+-------------------+--------------+-------------+---------------+----------+-------------+----------+----------------+----------+---------------------------------------------------------+
| Global Id | Driver Type/Pin | Driver Region (D) | Clock        | Period (ns) | Waveform (ns) | Root (R) | Slice Loads | IO Loads | Clocking Loads | GT Loads | Net                                                     |
+-----------+-----------------+-------------------+--------------+-------------+---------------+----------+-------------+----------+----------------+----------+---------------------------------------------------------+
| g0        | BUFG/O          | n/a               | PixelClk_int |       9.259 | {0.000 3.704} |          |        1305 |        0 |              0 |        0 | hdmi_vga_i/dvi2rgb_0/U0/GenerateBUFG.ResyncToBUFG_X/CLK |
+-----------+-----------------+-------------------+--------------+-------------+---------------+----------+-------------+----------+----------------+----------+---------------------------------------------------------+
* Slice Loads column represents load cell count of all cell types other than IO, GT and clock resources
** IO Loads column represents load cell count of IO types
*** Clocking Loads column represents load cell count that are clock resources (global clock buffer, MMCM, PLL, etc)
**** GT Loads column represents load cell count of GT types


+----+-----+-------+
|    | X0  | X1    |
+----+-----+-------+
| Y1 |  81 |  1224 |
| Y0 |   0 |     0 |
+----+-----+-------+


11. Load Cell Placement Summary for Global Clock g1
---------------------------------------------------

+-----------+-----------------+-------------------+--------------+-------------+---------------+----------+-------------+----------+----------------+----------+-----------------------------------------------------+
| Global Id | Driver Type/Pin | Driver Region (D) | Clock        | Period (ns) | Waveform (ns) | Root (R) | Slice Loads | IO Loads | Clocking Loads | GT Loads | Net                                                 |
+-----------+-----------------+-------------------+--------------+-------------+---------------+----------+-------------+----------+----------------+----------+-----------------------------------------------------+
| g1        | BUFR/O          | X1Y1              | PixelClk_int |       9.259 | {0.000 3.704} |          |         310 |        6 |              1 |        0 | hdmi_vga_i/dvi2rgb_0/U0/TMDS_ClockingX/PixelClk_int |
+-----------+-----------------+-------------------+--------------+-------------+---------------+----------+-------------+----------+----------------+----------+-----------------------------------------------------+
* Slice Loads column represents load cell count of all cell types other than IO, GT and clock resources
** IO Loads column represents load cell count of IO types
*** Clocking Loads column represents load cell count that are clock resources (global clock buffer, MMCM, PLL, etc)
**** GT Loads column represents load cell count of GT types


+----+----+----------+
|    | X0 | X1       |
+----+----+----------+
| Y1 |  0 |  (D) 316 |
| Y0 |  0 |        0 |
+----+----+----------+


12. Load Cell Placement Summary for Global Clock g2
---------------------------------------------------

+-----------+-----------------+-------------------+----------+-------------+---------------+----------+-------------+----------+----------------+----------+------------------------------------+
| Global Id | Driver Type/Pin | Driver Region (D) | Clock    | Period (ns) | Waveform (ns) | Root (R) | Slice Loads | IO Loads | Clocking Loads | GT Loads | Net                                |
+-----------+-----------------+-------------------+----------+-------------+---------------+----------+-------------+----------+----------------+----------+------------------------------------+
| g2        | BUFG/O          | n/a               | Multiple |       5.000 | {0.000 2.500} |          |         162 |        0 |              0 |        0 | hdmi_vga_i/clk_wiz_0/inst/clk_out1 |
+-----------+-----------------+-------------------+----------+-------------+---------------+----------+-------------+----------+----------------+----------+------------------------------------+
* Slice Loads column represents load cell count of all cell types other than IO, GT and clock resources
** IO Loads column represents load cell count of IO types
*** Clocking Loads column represents load cell count that are clock resources (global clock buffer, MMCM, PLL, etc)
**** GT Loads column represents load cell count of GT types


+----+----+------+
|    | X0 | X1   |
+----+----+------+
| Y1 |  0 |  162 |
| Y0 |  0 |    0 |
+----+----+------+


13. Load Cell Placement Summary for Global Clock g3
---------------------------------------------------

+-----------+-----------------+-------------------+----------+-------------+---------------+----------+-------------+----------+----------------+----------+-------------------------------------------------------------+
| Global Id | Driver Type/Pin | Driver Region (D) | Clock    | Period (ns) | Waveform (ns) | Root (R) | Slice Loads | IO Loads | Clocking Loads | GT Loads | Net                                                         |
+-----------+-----------------+-------------------+----------+-------------+---------------+----------+-------------+----------+----------------+----------+-------------------------------------------------------------+
| g3        | BUFG/O          | n/a               | Multiple |       8.000 | {0.000 4.000} |          |           0 |        0 |              1 |        0 | hdmi_vga_i/clk_wiz_0/inst/clkfbout_buf_hdmi_vga_clk_wiz_0_0 |
+-----------+-----------------+-------------------+----------+-------------+---------------+----------+-------------+----------+----------------+----------+-------------------------------------------------------------+
* Slice Loads column represents load cell count of all cell types other than IO, GT and clock resources
** IO Loads column represents load cell count of IO types
*** Clocking Loads column represents load cell count that are clock resources (global clock buffer, MMCM, PLL, etc)
**** GT Loads column represents load cell count of GT types


+----+----+----+
|    | X0 | X1 |
+----+----+----+
| Y1 |  0 |  0 |
| Y0 |  0 |  1 |
+----+----+----+



# Location of BUFG Primitives 
set_property LOC BUFGCTRL_X0Y16 [get_cells hdmi_vga_i/dvi2rgb_0/U0/GenerateBUFG.ResyncToBUFG_X/InstBUFG]
set_property LOC BUFGCTRL_X0Y1 [get_cells hdmi_vga_i/clk_wiz_0/inst/clkf_buf]
set_property LOC BUFGCTRL_X0Y0 [get_cells hdmi_vga_i/clk_wiz_0/inst/clkout1_buf]

# Location of BUFIO Primitives 
set_property LOC BUFIO_X0Y5 [get_cells hdmi_vga_i/dvi2rgb_0/U0/TMDS_ClockingX/SerialClkBuffer]

# Location of BUFR Primitives 
set_property LOC BUFR_X0Y5 [get_cells hdmi_vga_i/dvi2rgb_0/U0/TMDS_ClockingX/PixelClkBuffer]

# Location of IO Primitives which is load of clock spine

# Location of clock ports
set_property LOC IOB_X0Y73 [get_ports hdmi_in_clk_n]
set_property LOC IOB_X0Y74 [get_ports hdmi_in_clk_p]
set_property LOC IOB_X0Y78 [get_ports sys_clock]

# Clock net "hdmi_vga_i/dvi2rgb_0/U0/TMDS_ClockingX/PixelClk_int" driven by instance "hdmi_vga_i/dvi2rgb_0/U0/TMDS_ClockingX/PixelClkBuffer" located at site "BUFR_X0Y5"
#startgroup
create_pblock {CLKAG_hdmi_vga_i/dvi2rgb_0/U0/TMDS_ClockingX/PixelClk_int}
add_cells_to_pblock [get_pblocks  {CLKAG_hdmi_vga_i/dvi2rgb_0/U0/TMDS_ClockingX/PixelClk_int}] [get_cells -filter { PRIMITIVE_GROUP != I/O && IS_PRIMITIVE==1 && PRIMITIVE_LEVEL !=INTERNAL && NAME!=hdmi_vga_i/dvi2rgb_0/U0/GenerateBUFG.ResyncToBUFG_X/InstBUFG} -of_object [get_pins -filter {DIRECTION==IN} -of_objects [get_nets -hierarchical -filter {PARENT=="hdmi_vga_i/dvi2rgb_0/U0/TMDS_ClockingX/PixelClk_int"}]]]
resize_pblock [get_pblocks {CLKAG_hdmi_vga_i/dvi2rgb_0/U0/TMDS_ClockingX/PixelClk_int}] -add {CLOCKREGION_X1Y1:CLOCKREGION_X1Y1}
#endgroup

# Clock net "hdmi_vga_i/dvi2rgb_0/U0/GenerateBUFG.ResyncToBUFG_X/CLK" driven by instance "hdmi_vga_i/dvi2rgb_0/U0/GenerateBUFG.ResyncToBUFG_X/InstBUFG" located at site "BUFGCTRL_X0Y16"
#startgroup
create_pblock {CLKAG_hdmi_vga_i/dvi2rgb_0/U0/GenerateBUFG.ResyncToBUFG_X/CLK}
add_cells_to_pblock [get_pblocks  {CLKAG_hdmi_vga_i/dvi2rgb_0/U0/GenerateBUFG.ResyncToBUFG_X/CLK}] [get_cells -filter { PRIMITIVE_GROUP != I/O && IS_PRIMITIVE==1 && PRIMITIVE_LEVEL !=INTERNAL } -of_object [get_pins -filter {DIRECTION==IN} -of_objects [get_nets -hierarchical -filter {PARENT=="hdmi_vga_i/dvi2rgb_0/U0/GenerateBUFG.ResyncToBUFG_X/CLK"}]]]
resize_pblock [get_pblocks {CLKAG_hdmi_vga_i/dvi2rgb_0/U0/GenerateBUFG.ResyncToBUFG_X/CLK}] -add {CLOCKREGION_X0Y1:CLOCKREGION_X0Y1 CLOCKREGION_X1Y1:CLOCKREGION_X1Y1}
#endgroup

# Clock net "hdmi_vga_i/clk_wiz_0/inst/clk_out1" driven by instance "hdmi_vga_i/clk_wiz_0/inst/clkout1_buf" located at site "BUFGCTRL_X0Y0"
#startgroup
create_pblock {CLKAG_hdmi_vga_i/clk_wiz_0/inst/clk_out1}
add_cells_to_pblock [get_pblocks  {CLKAG_hdmi_vga_i/clk_wiz_0/inst/clk_out1}] [get_cells -filter { PRIMITIVE_GROUP != I/O && IS_PRIMITIVE==1 && PRIMITIVE_LEVEL !=INTERNAL } -of_object [get_pins -filter {DIRECTION==IN} -of_objects [get_nets -hierarchical -filter {PARENT=="hdmi_vga_i/clk_wiz_0/inst/clk_out1"}]]]
resize_pblock [get_pblocks {CLKAG_hdmi_vga_i/clk_wiz_0/inst/clk_out1}] -add {CLOCKREGION_X1Y1:CLOCKREGION_X1Y1}
#endgroup
