
*** Running vivado
    with args -log hdmi_vga_xlconstant_0_0.vds -m64 -product Vivado -mode batch -messageDb vivado.pb -notrace -source hdmi_vga_xlconstant_0_0.tcl

awk: symbol lookup error: awk: undefined symbol: mpfr_z_sub

****** Vivado v2016.4 (64-bit)
  **** SW Build 1756540 on Mon Jan 23 19:11:19 MST 2017
  **** IP Build 1755317 on Mon Jan 23 20:30:07 MST 2017
    ** Copyright 1986-2016 Xilinx, Inc. All Rights Reserved.

source hdmi_vga_xlconstant_0_0.tcl -notrace
CRITICAL WARNING: [Board 49-56] Problem parsing board file - /home/pingwin/VIVADO/Vivado/2016.4/data/boards/board_files/arty-s7-50/B.0/board.xml
awk: symbol lookup error: awk: undefined symbol: mpfr_z_sub
Starting RTL Elaboration : Time (s): cpu = 00:00:09 ; elapsed = 00:00:11 . Memory (MB): peak = 1073.734 ; gain = 142.086 ; free physical = 392 ; free virtual = 2914
INFO: [Synth 8-638] synthesizing module 'hdmi_vga_xlconstant_0_0' [/home/pingwin/Dokumenty/Verilog/compound-project/tor-wizyjny/tor-wizyjny.srcs/sources_1/bd/hdmi_vga/ip/hdmi_vga_xlconstant_0_0/sim/hdmi_vga_xlconstant_0_0.v:56]
INFO: [Synth 8-638] synthesizing module 'xlconstant' [/home/pingwin/Dokumenty/Verilog/compound-project/tor-wizyjny/tor-wizyjny.srcs/sources_1/bd/hdmi_vga/ipshared/e147/xlconstant.v:23]
INFO: [Synth 8-256] done synthesizing module 'xlconstant' (1#1) [/home/pingwin/Dokumenty/Verilog/compound-project/tor-wizyjny/tor-wizyjny.srcs/sources_1/bd/hdmi_vga/ipshared/e147/xlconstant.v:23]
INFO: [Synth 8-256] done synthesizing module 'hdmi_vga_xlconstant_0_0' (2#1) [/home/pingwin/Dokumenty/Verilog/compound-project/tor-wizyjny/tor-wizyjny.srcs/sources_1/bd/hdmi_vga/ip/hdmi_vga_xlconstant_0_0/sim/hdmi_vga_xlconstant_0_0.v:56]
Finished RTL Elaboration : Time (s): cpu = 00:00:09 ; elapsed = 00:00:12 . Memory (MB): peak = 1114.203 ; gain = 182.555 ; free physical = 315 ; free virtual = 2838
Finished RTL Optimization Phase 1 : Time (s): cpu = 00:00:10 ; elapsed = 00:00:12 . Memory (MB): peak = 1114.203 ; gain = 182.555 ; free physical = 315 ; free virtual = 2837
INFO: [Device 21-403] Loading part xc7z010clg400-1
Constraint Validation Runtime : Time (s): cpu = 00:00:00 ; elapsed = 00:00:00.01 . Memory (MB): peak = 1309.578 ; gain = 1.000 ; free physical = 129 ; free virtual = 2347
Finished Constraint Validation : Time (s): cpu = 00:00:21 ; elapsed = 00:00:25 . Memory (MB): peak = 1309.578 ; gain = 377.930 ; free physical = 135 ; free virtual = 2311
Finished Loading Part and Timing Information : Time (s): cpu = 00:00:21 ; elapsed = 00:00:25 . Memory (MB): peak = 1309.578 ; gain = 377.930 ; free physical = 135 ; free virtual = 2311
Finished applying 'set_property' XDC Constraints : Time (s): cpu = 00:00:21 ; elapsed = 00:00:25 . Memory (MB): peak = 1309.578 ; gain = 377.930 ; free physical = 135 ; free virtual = 2311
Finished RTL Optimization Phase 2 : Time (s): cpu = 00:00:21 ; elapsed = 00:00:25 . Memory (MB): peak = 1309.578 ; gain = 377.930 ; free physical = 135 ; free virtual = 2311
Finished Cross Boundary and Area Optimization : Time (s): cpu = 00:00:22 ; elapsed = 00:00:26 . Memory (MB): peak = 1309.578 ; gain = 377.930 ; free physical = 135 ; free virtual = 2311
Finished Applying XDC Timing Constraints : Time (s): cpu = 00:00:42 ; elapsed = 00:00:51 . Memory (MB): peak = 1353.578 ; gain = 421.930 ; free physical = 134 ; free virtual = 2220
Finished Timing Optimization : Time (s): cpu = 00:00:42 ; elapsed = 00:00:51 . Memory (MB): peak = 1353.578 ; gain = 421.930 ; free physical = 140 ; free virtual = 2220
Finished Technology Mapping : Time (s): cpu = 00:00:42 ; elapsed = 00:00:51 . Memory (MB): peak = 1362.594 ; gain = 430.945 ; free physical = 131 ; free virtual = 2211
Finished IO Insertion : Time (s): cpu = 00:00:43 ; elapsed = 00:00:51 . Memory (MB): peak = 1362.594 ; gain = 430.945 ; free physical = 128 ; free virtual = 2209
Finished Renaming Generated Instances : Time (s): cpu = 00:00:43 ; elapsed = 00:00:51 . Memory (MB): peak = 1362.594 ; gain = 430.945 ; free physical = 128 ; free virtual = 2208
Finished Rebuilding User Hierarchy : Time (s): cpu = 00:00:43 ; elapsed = 00:00:51 . Memory (MB): peak = 1362.594 ; gain = 430.945 ; free physical = 127 ; free virtual = 2208
Finished Renaming Generated Ports : Time (s): cpu = 00:00:43 ; elapsed = 00:00:51 . Memory (MB): peak = 1362.594 ; gain = 430.945 ; free physical = 127 ; free virtual = 2208
Finished Handling Custom Attributes : Time (s): cpu = 00:00:43 ; elapsed = 00:00:51 . Memory (MB): peak = 1362.594 ; gain = 430.945 ; free physical = 137 ; free virtual = 2198
Finished Renaming Generated Nets : Time (s): cpu = 00:00:43 ; elapsed = 00:00:51 . Memory (MB): peak = 1362.594 ; gain = 430.945 ; free physical = 137 ; free virtual = 2198

Report Cell Usage: 
+-+-----+------+
| |Cell |Count |
+-+-----+------+
+-+-----+------+
Finished Writing Synthesis Report : Time (s): cpu = 00:00:43 ; elapsed = 00:00:51 . Memory (MB): peak = 1362.594 ; gain = 430.945 ; free physical = 137 ; free virtual = 2198
synth_design: Time (s): cpu = 00:00:41 ; elapsed = 00:00:49 . Memory (MB): peak = 1375.594 ; gain = 376.441 ; free physical = 133 ; free virtual = 2141
