INFO: [VRFC 10-2263] Analyzing Verilog file "/home/pingwin/Dokumenty/Verilog/compound-project/kolorowy_kwiatek/kolorowy_kwiatek.ip_user_files/bd/cudo/ip/cudo_clk_wiz_0_0/cudo_clk_wiz_0_0_clk_wiz.v" into library xil_defaultlib
INFO: [VRFC 10-311] analyzing module cudo_clk_wiz_0_0_clk_wiz
INFO: [VRFC 10-2263] Analyzing Verilog file "/home/pingwin/Dokumenty/Verilog/compound-project/kolorowy_kwiatek/kolorowy_kwiatek.ip_user_files/bd/cudo/ip/cudo_clk_wiz_0_0/cudo_clk_wiz_0_0.v" into library xil_defaultlib
INFO: [VRFC 10-311] analyzing module cudo_clk_wiz_0_0
INFO: [VRFC 10-2263] Analyzing Verilog file "/home/pingwin/Dokumenty/Verilog/compound-project/kolorowy_kwiatek/kolorowy_kwiatek.ip_user_files/bd/cudo/ipshared/e147/xlconstant.v" into library xil_defaultlib
INFO: [VRFC 10-311] analyzing module xlconstant
INFO: [VRFC 10-2263] Analyzing Verilog file "/home/pingwin/Dokumenty/Verilog/compound-project/kolorowy_kwiatek/kolorowy_kwiatek.ip_user_files/bd/cudo/ip/cudo_xlconstant_0_0/sim/cudo_xlconstant_0_0.v" into library xil_defaultlib
INFO: [VRFC 10-311] analyzing module cudo_xlconstant_0_0
INFO: [VRFC 10-2263] Analyzing Verilog file "/home/pingwin/Dokumenty/Verilog/compound-project/kolorowy_kwiatek/kolorowy_kwiatek.ip_user_files/bd/cudo/ip/cudo_vb_0_0/src/binarisation_0/src/binarisation.v" into library xil_defaultlib
INFO: [VRFC 10-311] analyzing module binarisation
INFO: [VRFC 10-2263] Analyzing Verilog file "/home/pingwin/Dokumenty/Verilog/compound-project/kolorowy_kwiatek/kolorowy_kwiatek.ip_user_files/bd/cudo/ip/cudo_vb_0_0/src/binarisation_0/sim/binarisation_0.v" into library xil_defaultlib
INFO: [VRFC 10-311] analyzing module binarisation_0
INFO: [VRFC 10-2263] Analyzing Verilog file "/home/pingwin/Dokumenty/Verilog/compound-project/kolorowy_kwiatek/kolorowy_kwiatek.ip_user_files/bd/cudo/ip/cudo_vb_0_0/src/rgb2ycbcr_0/src/delay_5_3/src/delay.v" into library xil_defaultlib
INFO: [VRFC 10-311] analyzing module delay
INFO: [VRFC 10-2263] Analyzing Verilog file "/home/pingwin/Dokumenty/Verilog/compound-project/kolorowy_kwiatek/kolorowy_kwiatek.ip_user_files/bd/cudo/ip/cudo_vb_0_0/src/rgb2ycbcr_0/src/delay_5_3/sim/delay_5_3.v" into library xil_defaultlib
INFO: [VRFC 10-311] analyzing module delay_5_3
INFO: [VRFC 10-2263] Analyzing Verilog file "/home/pingwin/Dokumenty/Verilog/compound-project/kolorowy_kwiatek/kolorowy_kwiatek.ip_user_files/bd/cudo/ip/cudo_vb_0_0/src/rgb2ycbcr_0/src/delay_3_8/sim/delay_3_8.v" into library xil_defaultlib
INFO: [VRFC 10-311] analyzing module delay_3_8
INFO: [VRFC 10-2263] Analyzing Verilog file "/home/pingwin/Dokumenty/Verilog/compound-project/kolorowy_kwiatek/kolorowy_kwiatek.ip_user_files/bd/cudo/ip/cudo_vb_0_0/src/rgb2ycbcr_0/src/cb_row.v" into library xil_defaultlib
INFO: [VRFC 10-311] analyzing module matrix_row
INFO: [VRFC 10-2263] Analyzing Verilog file "/home/pingwin/Dokumenty/Verilog/compound-project/kolorowy_kwiatek/kolorowy_kwiatek.ip_user_files/bd/cudo/ip/cudo_vb_0_0/src/rgb2ycbcr_0/src/rgb2ycbcr.v" into library xil_defaultlib
INFO: [VRFC 10-311] analyzing module rgb2ycbcr
INFO: [VRFC 10-2263] Analyzing Verilog file "/home/pingwin/Dokumenty/Verilog/compound-project/kolorowy_kwiatek/kolorowy_kwiatek.ip_user_files/bd/cudo/ip/cudo_vb_0_0/src/rgb2ycbcr_0/sim/rgb2ycbcr_0.v" into library xil_defaultlib
INFO: [VRFC 10-311] analyzing module rgb2ycbcr_0
INFO: [VRFC 10-2263] Analyzing Verilog file "/home/pingwin/Dokumenty/Verilog/compound-project/kolorowy_kwiatek/kolorowy_kwiatek.ip_user_files/bd/cudo/ip/cudo_vb_0_0/src/divider_32_20_0/src/divider_32_20.v" into library xil_defaultlib
INFO: [VRFC 10-311] analyzing module divider_32_20
INFO: [VRFC 10-2263] Analyzing Verilog file "/home/pingwin/Dokumenty/Verilog/compound-project/kolorowy_kwiatek/kolorowy_kwiatek.ip_user_files/bd/cudo/ip/cudo_vb_0_0/src/divider_32_20_0/sim/divider_32_20_0.v" into library xil_defaultlib
INFO: [VRFC 10-311] analyzing module divider_32_20_0
INFO: [VRFC 10-2263] Analyzing Verilog file "/home/pingwin/Dokumenty/Verilog/compound-project/kolorowy_kwiatek/kolorowy_kwiatek.ip_user_files/bd/cudo/ip/cudo_vb_0_0/src/delayLineBRAM/sim/delayLineBRAM.v" into library xil_defaultlib
INFO: [VRFC 10-311] analyzing module delayLineBRAM
INFO: [VRFC 10-2263] Analyzing Verilog file "/home/pingwin/Dokumenty/Verilog/compound-project/kolorowy_kwiatek/kolorowy_kwiatek.ip_user_files/bd/cudo/ipshared/3066/src/sobell_1.v" into library xil_defaultlib
INFO: [VRFC 10-311] analyzing module sobell_1
INFO: [VRFC 10-2263] Analyzing Verilog file "/home/pingwin/Dokumenty/Verilog/compound-project/kolorowy_kwiatek/kolorowy_kwiatek.ip_user_files/bd/cudo/ipshared/3066/src/sobell_2.v" into library xil_defaultlib
INFO: [VRFC 10-311] analyzing module sobell_2
INFO: [VRFC 10-2263] Analyzing Verilog file "/home/pingwin/Dokumenty/Verilog/compound-project/kolorowy_kwiatek/kolorowy_kwiatek.ip_user_files/bd/cudo/ipshared/3066/src/delayLinieBRAM_WP.v" into library xil_defaultlib
INFO: [VRFC 10-311] analyzing module delayLinieBRAM_WP
INFO: [VRFC 10-2263] Analyzing Verilog file "/home/pingwin/Dokumenty/Verilog/compound-project/kolorowy_kwiatek/kolorowy_kwiatek.ip_user_files/bd/cudo/ipshared/3066/src/two_signal_bram_full_delay.v" into library xil_defaultlib
INFO: [VRFC 10-311] analyzing module two_signal_bram_delay
INFO: [VRFC 10-2263] Analyzing Verilog file "/home/pingwin/Dokumenty/Verilog/compound-project/kolorowy_kwiatek/kolorowy_kwiatek.ip_user_files/bd/cudo/ipshared/3066/src/sobell_bram_delay.v" into library xil_defaultlib
INFO: [VRFC 10-311] analyzing module sobell_bram_delay
INFO: [VRFC 10-2263] Analyzing Verilog file "/home/pingwin/Dokumenty/Verilog/compound-project/kolorowy_kwiatek/kolorowy_kwiatek.ip_user_files/bd/cudo/ipshared/3066/src/median_delay_line.v" into library xil_defaultlib
INFO: [VRFC 10-311] analyzing module median_delay_line
INFO: [VRFC 10-2263] Analyzing Verilog file "/home/pingwin/Dokumenty/Verilog/compound-project/kolorowy_kwiatek/kolorowy_kwiatek.ip_user_files/bd/cudo/ipshared/3066/src/median_bram_delay.v" into library xil_defaultlib
INFO: [VRFC 10-311] analyzing module median_bram_delay
INFO: [VRFC 10-2263] Analyzing Verilog file "/home/pingwin/Dokumenty/Verilog/compound-project/kolorowy_kwiatek/kolorowy_kwiatek.ip_user_files/bd/cudo/ipshared/3066/src/full_bram_delay.v" into library xil_defaultlib
INFO: [VRFC 10-311] analyzing module full_bram_delay
INFO: [VRFC 10-2263] Analyzing Verilog file "/home/pingwin/Dokumenty/Verilog/compound-project/kolorowy_kwiatek/kolorowy_kwiatek.ip_user_files/bd/cudo/ipshared/3066/src/erosion_delay_line.v" into library xil_defaultlib
INFO: [VRFC 10-311] analyzing module erosion_delay_line
INFO: [VRFC 10-2263] Analyzing Verilog file "/home/pingwin/Dokumenty/Verilog/compound-project/kolorowy_kwiatek/kolorowy_kwiatek.ip_user_files/bd/cudo/ipshared/3066/src/dilatation_delay_line.v" into library xil_defaultlib
INFO: [VRFC 10-311] analyzing module dilatation_delay_line
INFO: [VRFC 10-2263] Analyzing Verilog file "/home/pingwin/Dokumenty/Verilog/compound-project/kolorowy_kwiatek/kolorowy_kwiatek.ip_user_files/bd/cudo/ipshared/3066/src/combined_sobell.v" into library xil_defaultlib
INFO: [VRFC 10-311] analyzing module combined_sobell
INFO: [VRFC 10-2263] Analyzing Verilog file "/home/pingwin/Dokumenty/Verilog/compound-project/kolorowy_kwiatek/kolorowy_kwiatek.ip_user_files/bd/cudo/ipshared/3066/src/core_adder.v" into library xil_defaultlib
INFO: [VRFC 10-311] analyzing module core_adder
INFO: [VRFC 10-2263] Analyzing Verilog file "/home/pingwin/Dokumenty/Verilog/compound-project/kolorowy_kwiatek/kolorowy_kwiatek.ip_user_files/bd/cudo/ipshared/3066/src/sobell.v" into library xil_defaultlib
INFO: [VRFC 10-311] analyzing module sobell
INFO: [VRFC 10-2263] Analyzing Verilog file "/home/pingwin/Dokumenty/Verilog/compound-project/kolorowy_kwiatek/kolorowy_kwiatek.ip_user_files/bd/cudo/ipshared/3066/src/mux.v" into library xil_defaultlib
INFO: [VRFC 10-311] analyzing module mux
INFO: [VRFC 10-2263] Analyzing Verilog file "/home/pingwin/Dokumenty/Verilog/compound-project/kolorowy_kwiatek/kolorowy_kwiatek.ip_user_files/bd/cudo/ipshared/3066/src/median_5_5.v" into library xil_defaultlib
INFO: [VRFC 10-311] analyzing module median_5_5
INFO: [VRFC 10-2263] Analyzing Verilog file "/home/pingwin/Dokumenty/Verilog/compound-project/kolorowy_kwiatek/kolorowy_kwiatek.ip_user_files/bd/cudo/ipshared/3066/src/erosion.v" into library xil_defaultlib
INFO: [VRFC 10-311] analyzing module erosion
INFO: [VRFC 10-2263] Analyzing Verilog file "/home/pingwin/Dokumenty/Verilog/compound-project/kolorowy_kwiatek/kolorowy_kwiatek.ip_user_files/bd/cudo/ipshared/3066/src/draw_shape.v" into library xil_defaultlib
INFO: [VRFC 10-311] analyzing module draw_shape
INFO: [VRFC 10-2263] Analyzing Verilog file "/home/pingwin/Dokumenty/Verilog/compound-project/kolorowy_kwiatek/kolorowy_kwiatek.ip_user_files/bd/cudo/ipshared/3066/src/dilatation.v" into library xil_defaultlib
INFO: [VRFC 10-311] analyzing module dilatation
INFO: [VRFC 10-2263] Analyzing Verilog file "/home/pingwin/Dokumenty/Verilog/compound-project/kolorowy_kwiatek/kolorowy_kwiatek.ip_user_files/bd/cudo/ipshared/3066/src/average.v" into library xil_defaultlib
INFO: [VRFC 10-311] analyzing module average
INFO: [VRFC 10-2263] Analyzing Verilog file "/home/pingwin/Dokumenty/Verilog/compound-project/kolorowy_kwiatek/kolorowy_kwiatek.ip_user_files/bd/cudo/ipshared/3066/src/center_seeker.v" into library xil_defaultlib
INFO: [VRFC 10-311] analyzing module center_seeker
INFO: [VRFC 10-2263] Analyzing Verilog file "/home/pingwin/Dokumenty/Verilog/compound-project/kolorowy_kwiatek/kolorowy_kwiatek.ip_user_files/bd/cudo/ipshared/3066/src/vb.v" into library xil_defaultlib
INFO: [VRFC 10-311] analyzing module vb
INFO: [VRFC 10-2263] Analyzing Verilog file "/home/pingwin/Dokumenty/Verilog/compound-project/kolorowy_kwiatek/kolorowy_kwiatek.ip_user_files/bd/cudo/ip/cudo_vb_0_0/sim/cudo_vb_0_0.v" into library xil_defaultlib
INFO: [VRFC 10-311] analyzing module cudo_vb_0_0
INFO: [VRFC 10-2263] Analyzing Verilog file "/home/pingwin/Dokumenty/Verilog/compound-project/kolorowy_kwiatek/kolorowy_kwiatek.ip_user_files/bd/cudo/hdl/cudo.v" into library xil_defaultlib
INFO: [VRFC 10-311] analyzing module cudo
INFO: [VRFC 10-2263] Analyzing Verilog file "/home/pingwin/Dokumenty/Verilog/compound-project/kolorowy_kwiatek/kolorowy_kwiatek.srcs/sources_1/bd/cudo/hdl/cudo_wrapper.v" into library xil_defaultlib
INFO: [VRFC 10-311] analyzing module cudo_wrapper
INFO: [VRFC 10-2263] Analyzing Verilog file "/home/pingwin/Dokumenty/Verilog/compound-project/kolorowy_kwiatek/kolorowy_kwiatek.sim/sim_1/behav/glbl.v" into library xil_defaultlib
INFO: [VRFC 10-311] analyzing module glbl
