
*** Running vivado
    with args -log summ_9u_9u.vds -m64 -product Vivado -mode batch -messageDb vivado.pb -notrace -source summ_9u_9u.tcl

awk: symbol lookup error: awk: undefined symbol: mpfr_z_sub

****** Vivado v2016.4 (64-bit)
  **** SW Build 1756540 on Mon Jan 23 19:11:19 MST 2017
  **** IP Build 1755317 on Mon Jan 23 20:30:07 MST 2017
    ** Copyright 1986-2016 Xilinx, Inc. All Rights Reserved.

source summ_9u_9u.tcl -notrace
CRITICAL WARNING: [Board 49-56] Problem parsing board file - /home/pingwin/VIVADO/Vivado/2016.4/data/boards/board_files/arty-s7-50/B.0/board.xml
awk: symbol lookup error: awk: undefined symbol: mpfr_z_sub
Starting RTL Elaboration : Time (s): cpu = 00:00:10 ; elapsed = 00:00:10 . Memory (MB): peak = 1076.738 ; gain = 145.086 ; free physical = 437 ; free virtual = 4178
INFO: [Synth 8-638] synthesizing module 'summ_9u_9u' [/home/pingwin/Dokumenty/Verilog/compound-project/vb/vb.srcs/sources_1/ip/summ_9u_9u/synth/summ_9u_9u.vhd:69]
INFO: [Synth 8-256] done synthesizing module 'summ_9u_9u' (7#1) [/home/pingwin/Dokumenty/Verilog/compound-project/vb/vb.srcs/sources_1/ip/summ_9u_9u/synth/summ_9u_9u.vhd:69]
Finished RTL Elaboration : Time (s): cpu = 00:00:12 ; elapsed = 00:00:12 . Memory (MB): peak = 1122.207 ; gain = 190.555 ; free physical = 391 ; free virtual = 4132
Finished RTL Optimization Phase 1 : Time (s): cpu = 00:00:12 ; elapsed = 00:00:12 . Memory (MB): peak = 1122.207 ; gain = 190.555 ; free physical = 391 ; free virtual = 4132
INFO: [Device 21-403] Loading part xc7z010clg400-1
Constraint Validation Runtime : Time (s): cpu = 00:00:00.01 ; elapsed = 00:00:00.01 . Memory (MB): peak = 1379.559 ; gain = 0.000 ; free physical = 232 ; free virtual = 3973
Finished Constraint Validation : Time (s): cpu = 00:00:25 ; elapsed = 00:00:26 . Memory (MB): peak = 1379.559 ; gain = 447.906 ; free physical = 227 ; free virtual = 3970
Finished Loading Part and Timing Information : Time (s): cpu = 00:00:25 ; elapsed = 00:00:26 . Memory (MB): peak = 1379.559 ; gain = 447.906 ; free physical = 227 ; free virtual = 3970
Finished applying 'set_property' XDC Constraints : Time (s): cpu = 00:00:25 ; elapsed = 00:00:26 . Memory (MB): peak = 1379.559 ; gain = 447.906 ; free physical = 227 ; free virtual = 3970
Finished RTL Optimization Phase 2 : Time (s): cpu = 00:00:25 ; elapsed = 00:00:26 . Memory (MB): peak = 1379.559 ; gain = 447.906 ; free physical = 219 ; free virtual = 3962
Finished Cross Boundary and Area Optimization : Time (s): cpu = 00:00:26 ; elapsed = 00:00:26 . Memory (MB): peak = 1379.559 ; gain = 447.906 ; free physical = 203 ; free virtual = 3946
Finished Applying XDC Timing Constraints : Time (s): cpu = 00:00:37 ; elapsed = 00:00:38 . Memory (MB): peak = 1379.559 ; gain = 447.906 ; free physical = 147 ; free virtual = 3892
Finished Timing Optimization : Time (s): cpu = 00:00:37 ; elapsed = 00:00:38 . Memory (MB): peak = 1379.559 ; gain = 447.906 ; free physical = 147 ; free virtual = 3892
Finished Technology Mapping : Time (s): cpu = 00:00:37 ; elapsed = 00:00:38 . Memory (MB): peak = 1387.566 ; gain = 455.914 ; free physical = 138 ; free virtual = 3883
Finished IO Insertion : Time (s): cpu = 00:00:38 ; elapsed = 00:00:38 . Memory (MB): peak = 1387.566 ; gain = 455.914 ; free physical = 138 ; free virtual = 3883
Finished Renaming Generated Instances : Time (s): cpu = 00:00:38 ; elapsed = 00:00:38 . Memory (MB): peak = 1387.566 ; gain = 455.914 ; free physical = 138 ; free virtual = 3883
Finished Rebuilding User Hierarchy : Time (s): cpu = 00:00:38 ; elapsed = 00:00:38 . Memory (MB): peak = 1387.566 ; gain = 455.914 ; free physical = 138 ; free virtual = 3883
Finished Renaming Generated Ports : Time (s): cpu = 00:00:38 ; elapsed = 00:00:38 . Memory (MB): peak = 1387.566 ; gain = 455.914 ; free physical = 138 ; free virtual = 3883
Finished Handling Custom Attributes : Time (s): cpu = 00:00:38 ; elapsed = 00:00:38 . Memory (MB): peak = 1387.566 ; gain = 455.914 ; free physical = 137 ; free virtual = 3882
Finished Renaming Generated Nets : Time (s): cpu = 00:00:38 ; elapsed = 00:00:38 . Memory (MB): peak = 1387.566 ; gain = 455.914 ; free physical = 137 ; free virtual = 3882

Report Cell Usage: 
+------+------+------+
|      |Cell  |Count |
+------+------+------+
|1     |LUT2  |     9|
|2     |MUXCY |     8|
|3     |XORCY |     9|
|4     |FDRE  |     9|
+------+------+------+
Finished Writing Synthesis Report : Time (s): cpu = 00:00:38 ; elapsed = 00:00:38 . Memory (MB): peak = 1387.566 ; gain = 455.914 ; free physical = 137 ; free virtual = 3882
synth_design: Time (s): cpu = 00:00:36 ; elapsed = 00:00:36 . Memory (MB): peak = 1397.566 ; gain = 398.410 ; free physical = 123 ; free virtual = 3869
