
*** Running vivado
    with args -log hdmi_vga_vb_0_0.vds -m64 -product Vivado -mode batch -messageDb vivado.pb -notrace -source hdmi_vga_vb_0_0.tcl

awk: symbol lookup error: awk: undefined symbol: mpfr_z_sub

****** Vivado v2016.4 (64-bit)
  **** SW Build 1756540 on Mon Jan 23 19:11:19 MST 2017
  **** IP Build 1755317 on Mon Jan 23 20:30:07 MST 2017
    ** Copyright 1986-2016 Xilinx, Inc. All Rights Reserved.

source hdmi_vga_vb_0_0.tcl -notrace
WARNING: [Board 49-69] Validation failed for board file /home/pingwin/VIVADO/Vivado/2016.4/data/boards/board_files/arty-s7-50/B.0/board.xml:
 Pin Map file does not provide LOC constraints for shield_dp0_dp9_tri_i_0COMP : digilentinc.com:arty-s7-50:part0:1.0

CRITICAL WARNING: [Board 49-56] Problem parsing board file - /home/pingwin/VIVADO/Vivado/2016.4/data/boards/board_files/arty-s7-50/B.0/board.xml
Command: synth_design -top hdmi_vga_vb_0_0 -part xc7z010clg400-1 -mode out_of_context
Starting synth_design
Attempting to get a license for feature 'Synthesis' and/or device 'xc7z010'
INFO: [Common 17-349] Got license for feature 'Synthesis' and/or device 'xc7z010'
INFO: Launching helper process for spawning children vivado processes
INFO: Helper process launched with PID 5685 
awk: symbol lookup error: awk: undefined symbol: mpfr_z_sub
---------------------------------------------------------------------------------
Starting RTL Elaboration : Time (s): cpu = 00:00:08 ; elapsed = 00:00:08 . Memory (MB): peak = 1077.738 ; gain = 146.086 ; free physical = 261 ; free virtual = 2461
---------------------------------------------------------------------------------
INFO: [Synth 8-638] synthesizing module 'hdmi_vga_vb_0_0' [/home/pingwin/Dokumenty/Verilog/compound-project/tor-wizyjny/tor-wizyjny.srcs/sources_1/bd/hdmi_vga/ip/hdmi_vga_vb_0_0/synth/hdmi_vga_vb_0_0.v:56]
INFO: [Synth 8-638] synthesizing module 'vb' [/home/pingwin/Dokumenty/Verilog/compound-project/tor-wizyjny/tor-wizyjny.srcs/sources_1/bd/hdmi_vga/ipshared/4da4/src/vb.v:23]
INFO: [Synth 8-638] synthesizing module 'rgb2ycbcr_0' [/home/pingwin/Dokumenty/Verilog/compound-project/tor-wizyjny/tor-wizyjny.srcs/sources_1/bd/hdmi_vga/ip/hdmi_vga_vb_0_0/src/rgb2ycbcr_0/synth/rgb2ycbcr_0.v:56]
INFO: [Synth 8-638] synthesizing module 'rgb2ycbcr' [/home/pingwin/Dokumenty/Verilog/compound-project/tor-wizyjny/tor-wizyjny.srcs/sources_1/bd/hdmi_vga/ip/hdmi_vga_vb_0_0/src/rgb2ycbcr_0/src/rgb2ycbcr.v:23]
INFO: [Synth 8-638] synthesizing module 'delay_5_3' [/home/pingwin/Dokumenty/Verilog/compound-project/tor-wizyjny/tor-wizyjny.srcs/sources_1/bd/hdmi_vga/ip/hdmi_vga_vb_0_0/src/rgb2ycbcr_0/src/delay_5_3/synth/delay_5_3.v:56]
INFO: [Synth 8-638] synthesizing module 'delay' [/home/pingwin/Dokumenty/Verilog/compound-project/tor-wizyjny/tor-wizyjny.srcs/sources_1/bd/hdmi_vga/ip/hdmi_vga_vb_0_0/src/rgb2ycbcr_0/src/delay_5_3/src/delay.v:23]
INFO: [Synth 8-256] done synthesizing module 'delay' (1#1) [/home/pingwin/Dokumenty/Verilog/compound-project/tor-wizyjny/tor-wizyjny.srcs/sources_1/bd/hdmi_vga/ip/hdmi_vga_vb_0_0/src/rgb2ycbcr_0/src/delay_5_3/src/delay.v:23]
INFO: [Synth 8-256] done synthesizing module 'delay_5_3' (2#1) [/home/pingwin/Dokumenty/Verilog/compound-project/tor-wizyjny/tor-wizyjny.srcs/sources_1/bd/hdmi_vga/ip/hdmi_vga_vb_0_0/src/rgb2ycbcr_0/src/delay_5_3/synth/delay_5_3.v:56]
INFO: [Synth 8-638] synthesizing module 'matrix_row' [/home/pingwin/Dokumenty/Verilog/compound-project/tor-wizyjny/tor-wizyjny.srcs/sources_1/bd/hdmi_vga/ip/hdmi_vga_vb_0_0/src/rgb2ycbcr_0/src/cb_row.v:23]
INFO: [Synth 8-638] synthesizing module 'mul_8u_11s' [/home/pingwin/Dokumenty/Verilog/compound-project/tor-wizyjny/tor-wizyjny.srcs/sources_1/bd/hdmi_vga/ip/hdmi_vga_vb_0_0/src/rgb2ycbcr_0/src/mul_8u_11s/synth/mul_8u_11s.vhd:68]
WARNING: [Synth 8-5640] Port 'zero_detect' is missing in component declaration [/home/pingwin/Dokumenty/Verilog/compound-project/tor-wizyjny/tor-wizyjny.srcs/sources_1/bd/hdmi_vga/ip/hdmi_vga_vb_0_0/src/rgb2ycbcr_0/src/mul_8u_11s/synth/mul_8u_11s.vhd:71]
WARNING: [Synth 8-5640] Port 'pcasc' is missing in component declaration [/home/pingwin/Dokumenty/Verilog/compound-project/tor-wizyjny/tor-wizyjny.srcs/sources_1/bd/hdmi_vga/ip/hdmi_vga_vb_0_0/src/rgb2ycbcr_0/src/mul_8u_11s/synth/mul_8u_11s.vhd:71]
INFO: [Synth 8-3491] module 'mult_gen_v12_0_12' declared at '/home/pingwin/Dokumenty/Verilog/compound-project/tor-wizyjny/tor-wizyjny.srcs/sources_1/bd/hdmi_vga/ip/hdmi_vga_vb_0_0/src/rgb2ycbcr_0/src/mul_8u_11s/hdl/mult_gen_v12_0_vh_rfs.vhd:21013' bound to instance 'U0' of component 'mult_gen_v12_0_12' [/home/pingwin/Dokumenty/Verilog/compound-project/tor-wizyjny/tor-wizyjny.srcs/sources_1/bd/hdmi_vga/ip/hdmi_vga_vb_0_0/src/rgb2ycbcr_0/src/mul_8u_11s/synth/mul_8u_11s.vhd:115]
INFO: [Synth 8-256] done synthesizing module 'mul_8u_11s' (8#1) [/home/pingwin/Dokumenty/Verilog/compound-project/tor-wizyjny/tor-wizyjny.srcs/sources_1/bd/hdmi_vga/ip/hdmi_vga_vb_0_0/src/rgb2ycbcr_0/src/mul_8u_11s/synth/mul_8u_11s.vhd:68]
INFO: [Synth 8-638] synthesizing module 'delay_3_8' [/home/pingwin/Dokumenty/Verilog/compound-project/tor-wizyjny/tor-wizyjny.srcs/sources_1/bd/hdmi_vga/ip/hdmi_vga_vb_0_0/src/rgb2ycbcr_0/src/delay_3_8/synth/delay_3_8.v:56]
INFO: [Synth 8-638] synthesizing module 'delay__parameterized0' [/home/pingwin/Dokumenty/Verilog/compound-project/tor-wizyjny/tor-wizyjny.srcs/sources_1/bd/hdmi_vga/ip/hdmi_vga_vb_0_0/src/rgb2ycbcr_0/src/delay_5_3/src/delay.v:23]
INFO: [Synth 8-256] done synthesizing module 'delay__parameterized0' (8#1) [/home/pingwin/Dokumenty/Verilog/compound-project/tor-wizyjny/tor-wizyjny.srcs/sources_1/bd/hdmi_vga/ip/hdmi_vga_vb_0_0/src/rgb2ycbcr_0/src/delay_5_3/src/delay.v:23]
INFO: [Synth 8-256] done synthesizing module 'delay_3_8' (9#1) [/home/pingwin/Dokumenty/Verilog/compound-project/tor-wizyjny/tor-wizyjny.srcs/sources_1/bd/hdmi_vga/ip/hdmi_vga_vb_0_0/src/rgb2ycbcr_0/src/delay_3_8/synth/delay_3_8.v:56]
WARNING: [Synth 8-689] width (9) of port connection 'out' does not match port width (8) of module 'delay_3_8' [/home/pingwin/Dokumenty/Verilog/compound-project/tor-wizyjny/tor-wizyjny.srcs/sources_1/bd/hdmi_vga/ip/hdmi_vga_vb_0_0/src/rgb2ycbcr_0/src/cb_row.v:56]
INFO: [Synth 8-638] synthesizing module 'sum_10s_10s' [/home/pingwin/Dokumenty/Verilog/compound-project/tor-wizyjny/tor-wizyjny.srcs/sources_1/bd/hdmi_vga/ip/hdmi_vga_vb_0_0/src/rgb2ycbcr_0/src/sum_10s_10s/synth/sum_10s_10s.vhd:69]
INFO: [Synth 8-3491] module 'c_addsub_v12_0_10' declared at '/home/pingwin/Dokumenty/Verilog/compound-project/tor-wizyjny/tor-wizyjny.srcs/sources_1/bd/hdmi_vga/ip/hdmi_vga_vb_0_0/src/rgb2ycbcr_0/src/sum_11s_11s/hdl/c_addsub_v12_0_vh_rfs.vhd:7026' bound to instance 'U0' of component 'c_addsub_v12_0_10' [/home/pingwin/Dokumenty/Verilog/compound-project/tor-wizyjny/tor-wizyjny.srcs/sources_1/bd/hdmi_vga/ip/hdmi_vga_vb_0_0/src/rgb2ycbcr_0/src/sum_10s_10s/synth/sum_10s_10s.vhd:130]
INFO: [Synth 8-256] done synthesizing module 'sum_10s_10s' (16#1) [/home/pingwin/Dokumenty/Verilog/compound-project/tor-wizyjny/tor-wizyjny.srcs/sources_1/bd/hdmi_vga/ip/hdmi_vga_vb_0_0/src/rgb2ycbcr_0/src/sum_10s_10s/synth/sum_10s_10s.vhd:69]
WARNING: [Synth 8-689] width (11) of port connection 'B' does not match port width (10) of module 'sum_10s_10s' [/home/pingwin/Dokumenty/Verilog/compound-project/tor-wizyjny/tor-wizyjny.srcs/sources_1/bd/hdmi_vga/ip/hdmi_vga_vb_0_0/src/rgb2ycbcr_0/src/cb_row.v:59]
INFO: [Synth 8-638] synthesizing module 'sum_11s_11s' [/home/pingwin/Dokumenty/Verilog/compound-project/tor-wizyjny/tor-wizyjny.srcs/sources_1/bd/hdmi_vga/ip/hdmi_vga_vb_0_0/src/rgb2ycbcr_0/src/sum_11s_11s/synth/sum_11s_11s.vhd:69]
INFO: [Synth 8-3491] module 'c_addsub_v12_0_10' declared at '/home/pingwin/Dokumenty/Verilog/compound-project/tor-wizyjny/tor-wizyjny.srcs/sources_1/bd/hdmi_vga/ip/hdmi_vga_vb_0_0/src/rgb2ycbcr_0/src/sum_11s_11s/hdl/c_addsub_v12_0_vh_rfs.vhd:7026' bound to instance 'U0' of component 'c_addsub_v12_0_10' [/home/pingwin/Dokumenty/Verilog/compound-project/tor-wizyjny/tor-wizyjny.srcs/sources_1/bd/hdmi_vga/ip/hdmi_vga_vb_0_0/src/rgb2ycbcr_0/src/sum_11s_11s/synth/sum_11s_11s.vhd:130]
INFO: [Synth 8-256] done synthesizing module 'sum_11s_11s' (17#1) [/home/pingwin/Dokumenty/Verilog/compound-project/tor-wizyjny/tor-wizyjny.srcs/sources_1/bd/hdmi_vga/ip/hdmi_vga_vb_0_0/src/rgb2ycbcr_0/src/sum_11s_11s/synth/sum_11s_11s.vhd:69]
INFO: [Synth 8-256] done synthesizing module 'matrix_row' (18#1) [/home/pingwin/Dokumenty/Verilog/compound-project/tor-wizyjny/tor-wizyjny.srcs/sources_1/bd/hdmi_vga/ip/hdmi_vga_vb_0_0/src/rgb2ycbcr_0/src/cb_row.v:23]
INFO: [Synth 8-256] done synthesizing module 'rgb2ycbcr' (19#1) [/home/pingwin/Dokumenty/Verilog/compound-project/tor-wizyjny/tor-wizyjny.srcs/sources_1/bd/hdmi_vga/ip/hdmi_vga_vb_0_0/src/rgb2ycbcr_0/src/rgb2ycbcr.v:23]
INFO: [Synth 8-256] done synthesizing module 'rgb2ycbcr_0' (20#1) [/home/pingwin/Dokumenty/Verilog/compound-project/tor-wizyjny/tor-wizyjny.srcs/sources_1/bd/hdmi_vga/ip/hdmi_vga_vb_0_0/src/rgb2ycbcr_0/synth/rgb2ycbcr_0.v:56]
INFO: [Synth 8-638] synthesizing module 'binarisation_0' [/home/pingwin/Dokumenty/Verilog/compound-project/tor-wizyjny/tor-wizyjny.srcs/sources_1/bd/hdmi_vga/ip/hdmi_vga_vb_0_0/src/binarisation_0/synth/binarisation_0.v:56]
INFO: [Synth 8-638] synthesizing module 'binarisation' [/home/pingwin/Dokumenty/Verilog/compound-project/tor-wizyjny/tor-wizyjny.srcs/sources_1/bd/hdmi_vga/ip/hdmi_vga_vb_0_0/src/binarisation_0/src/binarisation.v:23]
INFO: [Synth 8-256] done synthesizing module 'binarisation' (21#1) [/home/pingwin/Dokumenty/Verilog/compound-project/tor-wizyjny/tor-wizyjny.srcs/sources_1/bd/hdmi_vga/ip/hdmi_vga_vb_0_0/src/binarisation_0/src/binarisation.v:23]
INFO: [Synth 8-256] done synthesizing module 'binarisation_0' (22#1) [/home/pingwin/Dokumenty/Verilog/compound-project/tor-wizyjny/tor-wizyjny.srcs/sources_1/bd/hdmi_vga/ip/hdmi_vga_vb_0_0/src/binarisation_0/synth/binarisation_0.v:56]
INFO: [Synth 8-638] synthesizing module 'center_seeker' [/home/pingwin/Dokumenty/Verilog/compound-project/tor-wizyjny/tor-wizyjny.srcs/sources_1/bd/hdmi_vga/ipshared/4da4/src/center_seeker.v:3]
INFO: [Synth 8-638] synthesizing module 'core_adder' [/home/pingwin/Dokumenty/Verilog/compound-project/tor-wizyjny/tor-wizyjny.srcs/sources_1/bd/hdmi_vga/ipshared/4da4/src/core_adder.v:3]
INFO: [Synth 8-638] synthesizing module 'divider_32_20_0' [/home/pingwin/Dokumenty/Verilog/compound-project/tor-wizyjny/tor-wizyjny.srcs/sources_1/bd/hdmi_vga/ip/hdmi_vga_vb_0_0/src/divider_32_20_0/synth/divider_32_20_0.v:56]
INFO: [Synth 8-638] synthesizing module 'divider_32_20' [/home/pingwin/Dokumenty/Verilog/compound-project/tor-wizyjny/tor-wizyjny.srcs/sources_1/bd/hdmi_vga/ip/hdmi_vga_vb_0_0/src/divider_32_20_0/src/divider_32_20.v:8]
INFO: [Synth 8-638] synthesizing module 'mult_32_20_lm' [/home/pingwin/Dokumenty/Verilog/compound-project/tor-wizyjny/tor-wizyjny.srcs/sources_1/bd/hdmi_vga/ip/hdmi_vga_vb_0_0/src/divider_32_20_0/src/mult_32_20_lm/synth/mult_32_20_lm.vhd:68]
WARNING: [Synth 8-5640] Port 'zero_detect' is missing in component declaration [/home/pingwin/Dokumenty/Verilog/compound-project/tor-wizyjny/tor-wizyjny.srcs/sources_1/bd/hdmi_vga/ip/hdmi_vga_vb_0_0/src/divider_32_20_0/src/mult_32_20_lm/synth/mult_32_20_lm.vhd:71]
WARNING: [Synth 8-5640] Port 'pcasc' is missing in component declaration [/home/pingwin/Dokumenty/Verilog/compound-project/tor-wizyjny/tor-wizyjny.srcs/sources_1/bd/hdmi_vga/ip/hdmi_vga_vb_0_0/src/divider_32_20_0/src/mult_32_20_lm/synth/mult_32_20_lm.vhd:71]
INFO: [Synth 8-3491] module 'mult_gen_v12_0_12' declared at '/home/pingwin/Dokumenty/Verilog/compound-project/tor-wizyjny/tor-wizyjny.srcs/sources_1/bd/hdmi_vga/ip/hdmi_vga_vb_0_0/src/rgb2ycbcr_0/src/mul_8u_11s/hdl/mult_gen_v12_0_vh_rfs.vhd:21013' bound to instance 'U0' of component 'mult_gen_v12_0_12' [/home/pingwin/Dokumenty/Verilog/compound-project/tor-wizyjny/tor-wizyjny.srcs/sources_1/bd/hdmi_vga/ip/hdmi_vga_vb_0_0/src/divider_32_20_0/src/mult_32_20_lm/synth/mult_32_20_lm.vhd:115]
INFO: [Synth 8-256] done synthesizing module 'mult_32_20_lm' (23#1) [/home/pingwin/Dokumenty/Verilog/compound-project/tor-wizyjny/tor-wizyjny.srcs/sources_1/bd/hdmi_vga/ip/hdmi_vga_vb_0_0/src/divider_32_20_0/src/mult_32_20_lm/synth/mult_32_20_lm.vhd:68]
INFO: [Synth 8-256] done synthesizing module 'divider_32_20' (24#1) [/home/pingwin/Dokumenty/Verilog/compound-project/tor-wizyjny/tor-wizyjny.srcs/sources_1/bd/hdmi_vga/ip/hdmi_vga_vb_0_0/src/divider_32_20_0/src/divider_32_20.v:8]
INFO: [Synth 8-256] done synthesizing module 'divider_32_20_0' (25#1) [/home/pingwin/Dokumenty/Verilog/compound-project/tor-wizyjny/tor-wizyjny.srcs/sources_1/bd/hdmi_vga/ip/hdmi_vga_vb_0_0/src/divider_32_20_0/synth/divider_32_20_0.v:56]
INFO: [Synth 8-256] done synthesizing module 'core_adder' (26#1) [/home/pingwin/Dokumenty/Verilog/compound-project/tor-wizyjny/tor-wizyjny.srcs/sources_1/bd/hdmi_vga/ipshared/4da4/src/core_adder.v:3]
INFO: [Synth 8-256] done synthesizing module 'center_seeker' (27#1) [/home/pingwin/Dokumenty/Verilog/compound-project/tor-wizyjny/tor-wizyjny.srcs/sources_1/bd/hdmi_vga/ipshared/4da4/src/center_seeker.v:3]
INFO: [Synth 8-638] synthesizing module 'draw_shape' [/home/pingwin/Dokumenty/Verilog/compound-project/tor-wizyjny/tor-wizyjny.srcs/sources_1/bd/hdmi_vga/ipshared/4da4/src/draw_shape.v:3]
INFO: [Synth 8-638] synthesizing module 'delay__parameterized1' [/home/pingwin/Dokumenty/Verilog/compound-project/tor-wizyjny/tor-wizyjny.srcs/sources_1/bd/hdmi_vga/ip/hdmi_vga_vb_0_0/src/rgb2ycbcr_0/src/delay_5_3/src/delay.v:23]
INFO: [Synth 8-256] done synthesizing module 'delay__parameterized1' (27#1) [/home/pingwin/Dokumenty/Verilog/compound-project/tor-wizyjny/tor-wizyjny.srcs/sources_1/bd/hdmi_vga/ip/hdmi_vga_vb_0_0/src/rgb2ycbcr_0/src/delay_5_3/src/delay.v:23]
INFO: [Synth 8-638] synthesizing module 'delay__parameterized2' [/home/pingwin/Dokumenty/Verilog/compound-project/tor-wizyjny/tor-wizyjny.srcs/sources_1/bd/hdmi_vga/ip/hdmi_vga_vb_0_0/src/rgb2ycbcr_0/src/delay_5_3/src/delay.v:23]
INFO: [Synth 8-256] done synthesizing module 'delay__parameterized2' (27#1) [/home/pingwin/Dokumenty/Verilog/compound-project/tor-wizyjny/tor-wizyjny.srcs/sources_1/bd/hdmi_vga/ip/hdmi_vga_vb_0_0/src/rgb2ycbcr_0/src/delay_5_3/src/delay.v:23]
INFO: [Synth 8-638] synthesizing module 'delay__parameterized3' [/home/pingwin/Dokumenty/Verilog/compound-project/tor-wizyjny/tor-wizyjny.srcs/sources_1/bd/hdmi_vga/ip/hdmi_vga_vb_0_0/src/rgb2ycbcr_0/src/delay_5_3/src/delay.v:23]
INFO: [Synth 8-256] done synthesizing module 'delay__parameterized3' (27#1) [/home/pingwin/Dokumenty/Verilog/compound-project/tor-wizyjny/tor-wizyjny.srcs/sources_1/bd/hdmi_vga/ip/hdmi_vga_vb_0_0/src/rgb2ycbcr_0/src/delay_5_3/src/delay.v:23]
INFO: [Synth 8-638] synthesizing module 'delay__parameterized4' [/home/pingwin/Dokumenty/Verilog/compound-project/tor-wizyjny/tor-wizyjny.srcs/sources_1/bd/hdmi_vga/ip/hdmi_vga_vb_0_0/src/rgb2ycbcr_0/src/delay_5_3/src/delay.v:23]
INFO: [Synth 8-256] done synthesizing module 'delay__parameterized4' (27#1) [/home/pingwin/Dokumenty/Verilog/compound-project/tor-wizyjny/tor-wizyjny.srcs/sources_1/bd/hdmi_vga/ip/hdmi_vga_vb_0_0/src/rgb2ycbcr_0/src/delay_5_3/src/delay.v:23]
INFO: [Synth 8-638] synthesizing module 'delay__parameterized5' [/home/pingwin/Dokumenty/Verilog/compound-project/tor-wizyjny/tor-wizyjny.srcs/sources_1/bd/hdmi_vga/ip/hdmi_vga_vb_0_0/src/rgb2ycbcr_0/src/delay_5_3/src/delay.v:23]
INFO: [Synth 8-256] done synthesizing module 'delay__parameterized5' (27#1) [/home/pingwin/Dokumenty/Verilog/compound-project/tor-wizyjny/tor-wizyjny.srcs/sources_1/bd/hdmi_vga/ip/hdmi_vga_vb_0_0/src/rgb2ycbcr_0/src/delay_5_3/src/delay.v:23]
INFO: [Synth 8-638] synthesizing module 'delay__parameterized6' [/home/pingwin/Dokumenty/Verilog/compound-project/tor-wizyjny/tor-wizyjny.srcs/sources_1/bd/hdmi_vga/ip/hdmi_vga_vb_0_0/src/rgb2ycbcr_0/src/delay_5_3/src/delay.v:23]
INFO: [Synth 8-256] done synthesizing module 'delay__parameterized6' (27#1) [/home/pingwin/Dokumenty/Verilog/compound-project/tor-wizyjny/tor-wizyjny.srcs/sources_1/bd/hdmi_vga/ip/hdmi_vga_vb_0_0/src/rgb2ycbcr_0/src/delay_5_3/src/delay.v:23]
INFO: [Synth 8-638] synthesizing module 'delay__parameterized7' [/home/pingwin/Dokumenty/Verilog/compound-project/tor-wizyjny/tor-wizyjny.srcs/sources_1/bd/hdmi_vga/ip/hdmi_vga_vb_0_0/src/rgb2ycbcr_0/src/delay_5_3/src/delay.v:23]
INFO: [Synth 8-256] done synthesizing module 'delay__parameterized7' (27#1) [/home/pingwin/Dokumenty/Verilog/compound-project/tor-wizyjny/tor-wizyjny.srcs/sources_1/bd/hdmi_vga/ip/hdmi_vga_vb_0_0/src/rgb2ycbcr_0/src/delay_5_3/src/delay.v:23]
INFO: [Synth 8-638] synthesizing module 'delay__parameterized8' [/home/pingwin/Dokumenty/Verilog/compound-project/tor-wizyjny/tor-wizyjny.srcs/sources_1/bd/hdmi_vga/ip/hdmi_vga_vb_0_0/src/rgb2ycbcr_0/src/delay_5_3/src/delay.v:23]
INFO: [Synth 8-256] done synthesizing module 'delay__parameterized8' (27#1) [/home/pingwin/Dokumenty/Verilog/compound-project/tor-wizyjny/tor-wizyjny.srcs/sources_1/bd/hdmi_vga/ip/hdmi_vga_vb_0_0/src/rgb2ycbcr_0/src/delay_5_3/src/delay.v:23]
INFO: [Synth 8-638] synthesizing module 'delay__parameterized9' [/home/pingwin/Dokumenty/Verilog/compound-project/tor-wizyjny/tor-wizyjny.srcs/sources_1/bd/hdmi_vga/ip/hdmi_vga_vb_0_0/src/rgb2ycbcr_0/src/delay_5_3/src/delay.v:23]
INFO: [Synth 8-256] done synthesizing module 'delay__parameterized9' (27#1) [/home/pingwin/Dokumenty/Verilog/compound-project/tor-wizyjny/tor-wizyjny.srcs/sources_1/bd/hdmi_vga/ip/hdmi_vga_vb_0_0/src/rgb2ycbcr_0/src/delay_5_3/src/delay.v:23]
INFO: [Synth 8-638] synthesizing module 'delay__parameterized10' [/home/pingwin/Dokumenty/Verilog/compound-project/tor-wizyjny/tor-wizyjny.srcs/sources_1/bd/hdmi_vga/ip/hdmi_vga_vb_0_0/src/rgb2ycbcr_0/src/delay_5_3/src/delay.v:23]
INFO: [Synth 8-256] done synthesizing module 'delay__parameterized10' (27#1) [/home/pingwin/Dokumenty/Verilog/compound-project/tor-wizyjny/tor-wizyjny.srcs/sources_1/bd/hdmi_vga/ip/hdmi_vga_vb_0_0/src/rgb2ycbcr_0/src/delay_5_3/src/delay.v:23]
INFO: [Synth 8-638] synthesizing module 'sub_11u_11u' [/home/pingwin/Dokumenty/Verilog/compound-project/tor-wizyjny/tor-wizyjny.srcs/sources_1/bd/hdmi_vga/ip/hdmi_vga_vb_0_0/src/sub_11u_11u/synth/sub_11u_11u.vhd:69]
INFO: [Synth 8-3491] module 'c_addsub_v12_0_10' declared at '/home/pingwin/Dokumenty/Verilog/compound-project/tor-wizyjny/tor-wizyjny.srcs/sources_1/bd/hdmi_vga/ip/hdmi_vga_vb_0_0/src/rgb2ycbcr_0/src/sum_11s_11s/hdl/c_addsub_v12_0_vh_rfs.vhd:7026' bound to instance 'U0' of component 'c_addsub_v12_0_10' [/home/pingwin/Dokumenty/Verilog/compound-project/tor-wizyjny/tor-wizyjny.srcs/sources_1/bd/hdmi_vga/ip/hdmi_vga_vb_0_0/src/sub_11u_11u/synth/sub_11u_11u.vhd:130]
INFO: [Synth 8-256] done synthesizing module 'sub_11u_11u' (28#1) [/home/pingwin/Dokumenty/Verilog/compound-project/tor-wizyjny/tor-wizyjny.srcs/sources_1/bd/hdmi_vga/ip/hdmi_vga_vb_0_0/src/sub_11u_11u/synth/sub_11u_11u.vhd:69]
INFO: [Synth 8-638] synthesizing module 'mul_12s_12s' [/home/pingwin/Dokumenty/Verilog/compound-project/tor-wizyjny/tor-wizyjny.srcs/sources_1/bd/hdmi_vga/ip/hdmi_vga_vb_0_0/src/mul_12s_12s/synth/mul_12s_12s.vhd:68]
WARNING: [Synth 8-5640] Port 'zero_detect' is missing in component declaration [/home/pingwin/Dokumenty/Verilog/compound-project/tor-wizyjny/tor-wizyjny.srcs/sources_1/bd/hdmi_vga/ip/hdmi_vga_vb_0_0/src/mul_12s_12s/synth/mul_12s_12s.vhd:71]
WARNING: [Synth 8-5640] Port 'pcasc' is missing in component declaration [/home/pingwin/Dokumenty/Verilog/compound-project/tor-wizyjny/tor-wizyjny.srcs/sources_1/bd/hdmi_vga/ip/hdmi_vga_vb_0_0/src/mul_12s_12s/synth/mul_12s_12s.vhd:71]
INFO: [Synth 8-3491] module 'mult_gen_v12_0_12' declared at '/home/pingwin/Dokumenty/Verilog/compound-project/tor-wizyjny/tor-wizyjny.srcs/sources_1/bd/hdmi_vga/ip/hdmi_vga_vb_0_0/src/rgb2ycbcr_0/src/mul_8u_11s/hdl/mult_gen_v12_0_vh_rfs.vhd:21013' bound to instance 'U0' of component 'mult_gen_v12_0_12' [/home/pingwin/Dokumenty/Verilog/compound-project/tor-wizyjny/tor-wizyjny.srcs/sources_1/bd/hdmi_vga/ip/hdmi_vga_vb_0_0/src/mul_12s_12s/synth/mul_12s_12s.vhd:115]
INFO: [Synth 8-256] done synthesizing module 'mul_12s_12s' (30#1) [/home/pingwin/Dokumenty/Verilog/compound-project/tor-wizyjny/tor-wizyjny.srcs/sources_1/bd/hdmi_vga/ip/hdmi_vga_vb_0_0/src/mul_12s_12s/synth/mul_12s_12s.vhd:68]
INFO: [Synth 8-638] synthesizing module 'sum_24u_24u' [/home/pingwin/Dokumenty/Verilog/compound-project/tor-wizyjny/tor-wizyjny.srcs/sources_1/bd/hdmi_vga/ip/hdmi_vga_vb_0_0/src/sum_24u_24u/synth/sum_24u_24u.vhd:69]
INFO: [Synth 8-3491] module 'c_addsub_v12_0_10' declared at '/home/pingwin/Dokumenty/Verilog/compound-project/tor-wizyjny/tor-wizyjny.srcs/sources_1/bd/hdmi_vga/ip/hdmi_vga_vb_0_0/src/rgb2ycbcr_0/src/sum_11s_11s/hdl/c_addsub_v12_0_vh_rfs.vhd:7026' bound to instance 'U0' of component 'c_addsub_v12_0_10' [/home/pingwin/Dokumenty/Verilog/compound-project/tor-wizyjny/tor-wizyjny.srcs/sources_1/bd/hdmi_vga/ip/hdmi_vga_vb_0_0/src/sum_24u_24u/synth/sum_24u_24u.vhd:130]
INFO: [Synth 8-256] done synthesizing module 'sum_24u_24u' (31#1) [/home/pingwin/Dokumenty/Verilog/compound-project/tor-wizyjny/tor-wizyjny.srcs/sources_1/bd/hdmi_vga/ip/hdmi_vga_vb_0_0/src/sum_24u_24u/synth/sum_24u_24u.vhd:69]
INFO: [Synth 8-256] done synthesizing module 'draw_shape' (32#1) [/home/pingwin/Dokumenty/Verilog/compound-project/tor-wizyjny/tor-wizyjny.srcs/sources_1/bd/hdmi_vga/ipshared/4da4/src/draw_shape.v:3]
INFO: [Synth 8-638] synthesizing module 'multiplexer' [/home/pingwin/Dokumenty/Verilog/compound-project/tor-wizyjny/tor-wizyjny.srcs/sources_1/bd/hdmi_vga/ip/hdmi_vga_vb_0_0/src/multiplexer/synth/multiplexer.v:56]
INFO: [Synth 8-638] synthesizing module 'mux' [/home/pingwin/Dokumenty/Verilog/compound-project/tor-wizyjny/tor-wizyjny.srcs/sources_1/bd/hdmi_vga/ip/hdmi_vga_vb_0_0/src/multiplexer/src/mux.v:23]
INFO: [Synth 8-256] done synthesizing module 'mux' (33#1) [/home/pingwin/Dokumenty/Verilog/compound-project/tor-wizyjny/tor-wizyjny.srcs/sources_1/bd/hdmi_vga/ip/hdmi_vga_vb_0_0/src/multiplexer/src/mux.v:23]
INFO: [Synth 8-256] done synthesizing module 'multiplexer' (34#1) [/home/pingwin/Dokumenty/Verilog/compound-project/tor-wizyjny/tor-wizyjny.srcs/sources_1/bd/hdmi_vga/ip/hdmi_vga_vb_0_0/src/multiplexer/synth/multiplexer.v:56]
WARNING: [Synth 8-3848] Net mux_pixel_in[4] in module/entity vb does not have driver. [/home/pingwin/Dokumenty/Verilog/compound-project/tor-wizyjny/tor-wizyjny.srcs/sources_1/bd/hdmi_vga/ipshared/4da4/src/vb.v:96]
WARNING: [Synth 8-3848] Net mux_pixel_in[5] in module/entity vb does not have driver. [/home/pingwin/Dokumenty/Verilog/compound-project/tor-wizyjny/tor-wizyjny.srcs/sources_1/bd/hdmi_vga/ipshared/4da4/src/vb.v:96]
WARNING: [Synth 8-3848] Net mux_pixel_in[6] in module/entity vb does not have driver. [/home/pingwin/Dokumenty/Verilog/compound-project/tor-wizyjny/tor-wizyjny.srcs/sources_1/bd/hdmi_vga/ipshared/4da4/src/vb.v:96]
WARNING: [Synth 8-3848] Net mux_pixel_in[7] in module/entity vb does not have driver. [/home/pingwin/Dokumenty/Verilog/compound-project/tor-wizyjny/tor-wizyjny.srcs/sources_1/bd/hdmi_vga/ipshared/4da4/src/vb.v:96]
INFO: [Synth 8-256] done synthesizing module 'vb' (35#1) [/home/pingwin/Dokumenty/Verilog/compound-project/tor-wizyjny/tor-wizyjny.srcs/sources_1/bd/hdmi_vga/ipshared/4da4/src/vb.v:23]
INFO: [Synth 8-256] done synthesizing module 'hdmi_vga_vb_0_0' (36#1) [/home/pingwin/Dokumenty/Verilog/compound-project/tor-wizyjny/tor-wizyjny.srcs/sources_1/bd/hdmi_vga/ip/hdmi_vga_vb_0_0/synth/hdmi_vga_vb_0_0.v:56]
WARNING: [Synth 8-3331] design mux has unconnected port clk
WARNING: [Synth 8-3331] design c_reg_fd_v12_0_3_viv__parameterized13 has unconnected port AINIT
WARNING: [Synth 8-3331] design c_reg_fd_v12_0_3_viv__parameterized13 has unconnected port ACLR
WARNING: [Synth 8-3331] design c_reg_fd_v12_0_3_viv__parameterized13 has unconnected port ASET
WARNING: [Synth 8-3331] design c_reg_fd_v12_0_3_viv__parameterized13 has unconnected port SINIT
WARNING: [Synth 8-3331] design c_reg_fd_v12_0_3_viv__parameterized13 has unconnected port SCLR
WARNING: [Synth 8-3331] design c_reg_fd_v12_0_3_viv__parameterized13 has unconnected port SSET
WARNING: [Synth 8-3331] design c_reg_fd_v12_0_3_viv__parameterized11 has unconnected port AINIT
WARNING: [Synth 8-3331] design c_reg_fd_v12_0_3_viv__parameterized11 has unconnected port ACLR
WARNING: [Synth 8-3331] design c_reg_fd_v12_0_3_viv__parameterized11 has unconnected port ASET
WARNING: [Synth 8-3331] design c_reg_fd_v12_0_3_viv__parameterized11 has unconnected port SINIT
WARNING: [Synth 8-3331] design c_reg_fd_v12_0_3_viv__parameterized11 has unconnected port SCLR
WARNING: [Synth 8-3331] design c_reg_fd_v12_0_3_viv__parameterized11 has unconnected port SSET
WARNING: [Synth 8-3331] design c_addsub_v12_0_10_lut6_legacy__parameterized7 has unconnected port b[11]
WARNING: [Synth 8-3331] design c_addsub_v12_0_10_lut6_legacy__parameterized7 has unconnected port b[10]
WARNING: [Synth 8-3331] design c_addsub_v12_0_10_lut6_legacy__parameterized7 has unconnected port b[9]
WARNING: [Synth 8-3331] design c_addsub_v12_0_10_lut6_legacy__parameterized7 has unconnected port b[8]
WARNING: [Synth 8-3331] design c_addsub_v12_0_10_lut6_legacy__parameterized7 has unconnected port b[7]
WARNING: [Synth 8-3331] design c_addsub_v12_0_10_lut6_legacy__parameterized7 has unconnected port b[6]
WARNING: [Synth 8-3331] design c_addsub_v12_0_10_lut6_legacy__parameterized7 has unconnected port b[5]
WARNING: [Synth 8-3331] design c_addsub_v12_0_10_lut6_legacy__parameterized7 has unconnected port b[4]
WARNING: [Synth 8-3331] design c_addsub_v12_0_10_lut6_legacy__parameterized7 has unconnected port b[3]
WARNING: [Synth 8-3331] design c_addsub_v12_0_10_lut6_legacy__parameterized7 has unconnected port b[2]
WARNING: [Synth 8-3331] design c_addsub_v12_0_10_lut6_legacy__parameterized7 has unconnected port b[1]
WARNING: [Synth 8-3331] design c_addsub_v12_0_10_lut6_legacy__parameterized7 has unconnected port b[0]
WARNING: [Synth 8-3331] design c_addsub_v12_0_10_lut6_legacy__parameterized7 has unconnected port add
WARNING: [Synth 8-3331] design c_addsub_v12_0_10_lut6_legacy__parameterized7 has unconnected port bypass
WARNING: [Synth 8-3331] design c_addsub_v12_0_10_lut6_legacy__parameterized7 has unconnected port sclr
WARNING: [Synth 8-3331] design c_addsub_v12_0_10_lut6_legacy__parameterized7 has unconnected port sset
WARNING: [Synth 8-3331] design c_addsub_v12_0_10_lut6_legacy__parameterized7 has unconnected port sinit
WARNING: [Synth 8-3331] design c_reg_fd_v12_0_3_viv__parameterized9 has unconnected port AINIT
WARNING: [Synth 8-3331] design c_reg_fd_v12_0_3_viv__parameterized9 has unconnected port ACLR
WARNING: [Synth 8-3331] design c_reg_fd_v12_0_3_viv__parameterized9 has unconnected port ASET
WARNING: [Synth 8-3331] design c_reg_fd_v12_0_3_viv__parameterized9 has unconnected port SINIT
WARNING: [Synth 8-3331] design c_reg_fd_v12_0_3_viv__parameterized9 has unconnected port SCLR
WARNING: [Synth 8-3331] design c_reg_fd_v12_0_3_viv__parameterized9 has unconnected port SSET
WARNING: [Synth 8-3331] design c_reg_fd_v12_0_3_viv__parameterized7 has unconnected port AINIT
WARNING: [Synth 8-3331] design c_reg_fd_v12_0_3_viv__parameterized7 has unconnected port ACLR
WARNING: [Synth 8-3331] design c_reg_fd_v12_0_3_viv__parameterized7 has unconnected port ASET
WARNING: [Synth 8-3331] design c_reg_fd_v12_0_3_viv__parameterized7 has unconnected port SINIT
WARNING: [Synth 8-3331] design c_reg_fd_v12_0_3_viv__parameterized7 has unconnected port SCLR
WARNING: [Synth 8-3331] design c_reg_fd_v12_0_3_viv__parameterized7 has unconnected port SSET
WARNING: [Synth 8-3331] design c_addsub_v12_0_10_lut6_legacy__parameterized5 has unconnected port add
WARNING: [Synth 8-3331] design c_addsub_v12_0_10_lut6_legacy__parameterized5 has unconnected port c_in
WARNING: [Synth 8-3331] design c_addsub_v12_0_10_lut6_legacy__parameterized5 has unconnected port bypass
WARNING: [Synth 8-3331] design c_addsub_v12_0_10_lut6_legacy__parameterized5 has unconnected port sclr
WARNING: [Synth 8-3331] design c_addsub_v12_0_10_lut6_legacy__parameterized5 has unconnected port sset
WARNING: [Synth 8-3331] design c_addsub_v12_0_10_lut6_legacy__parameterized5 has unconnected port sinit
WARNING: [Synth 8-3331] design c_reg_fd_v12_0_3_viv__parameterized3 has unconnected port AINIT
WARNING: [Synth 8-3331] design c_reg_fd_v12_0_3_viv__parameterized3 has unconnected port ACLR
WARNING: [Synth 8-3331] design c_reg_fd_v12_0_3_viv__parameterized3 has unconnected port ASET
WARNING: [Synth 8-3331] design c_reg_fd_v12_0_3_viv__parameterized3 has unconnected port SINIT
WARNING: [Synth 8-3331] design c_reg_fd_v12_0_3_viv__parameterized3 has unconnected port SCLR
WARNING: [Synth 8-3331] design c_reg_fd_v12_0_3_viv__parameterized3 has unconnected port SSET
WARNING: [Synth 8-3331] design c_reg_fd_v12_0_3_viv__parameterized5 has unconnected port AINIT
WARNING: [Synth 8-3331] design c_reg_fd_v12_0_3_viv__parameterized5 has unconnected port ACLR
WARNING: [Synth 8-3331] design c_reg_fd_v12_0_3_viv__parameterized5 has unconnected port ASET
WARNING: [Synth 8-3331] design c_reg_fd_v12_0_3_viv__parameterized5 has unconnected port SINIT
WARNING: [Synth 8-3331] design c_reg_fd_v12_0_3_viv__parameterized5 has unconnected port SCLR
WARNING: [Synth 8-3331] design c_reg_fd_v12_0_3_viv__parameterized5 has unconnected port SSET
WARNING: [Synth 8-3331] design c_addsub_v12_0_10_lut6_legacy__parameterized3 has unconnected port add
WARNING: [Synth 8-3331] design c_addsub_v12_0_10_lut6_legacy__parameterized3 has unconnected port c_in
WARNING: [Synth 8-3331] design c_addsub_v12_0_10_lut6_legacy__parameterized3 has unconnected port bypass
WARNING: [Synth 8-3331] design c_addsub_v12_0_10_lut6_legacy__parameterized3 has unconnected port sclr
WARNING: [Synth 8-3331] design c_addsub_v12_0_10_lut6_legacy__parameterized3 has unconnected port sset
WARNING: [Synth 8-3331] design c_addsub_v12_0_10_lut6_legacy__parameterized3 has unconnected port sinit
WARNING: [Synth 8-3331] design c_addsub_v12_0_10_legacy__parameterized5 has unconnected port add
WARNING: [Synth 8-3331] design c_addsub_v12_0_10_legacy__parameterized5 has unconnected port c_in
WARNING: [Synth 8-3331] design c_addsub_v12_0_10_legacy__parameterized5 has unconnected port b_in
WARNING: [Synth 8-3331] design c_addsub_v12_0_10_legacy__parameterized5 has unconnected port bypass
WARNING: [Synth 8-3331] design c_addsub_v12_0_10_legacy__parameterized5 has unconnected port aclr
WARNING: [Synth 8-3331] design c_addsub_v12_0_10_legacy__parameterized5 has unconnected port aset
WARNING: [Synth 8-3331] design c_addsub_v12_0_10_legacy__parameterized5 has unconnected port ainit
WARNING: [Synth 8-3331] design c_addsub_v12_0_10_legacy__parameterized5 has unconnected port sset
WARNING: [Synth 8-3331] design c_addsub_v12_0_10_legacy__parameterized5 has unconnected port sinit
WARNING: [Synth 8-3331] design c_addsub_v12_0_10_legacy__parameterized5 has unconnected port a_signed
WARNING: [Synth 8-3331] design c_addsub_v12_0_10_legacy__parameterized5 has unconnected port b_signed
WARNING: [Synth 8-3331] design c_addsub_v12_0_10_viv__parameterized5 has unconnected port C_IN
WARNING: [Synth 8-3331] design mult_gen_v12_0_12_viv__parameterized3 has unconnected port CE
WARNING: [Synth 8-3331] design mult_gen_v12_0_12_viv__parameterized3 has unconnected port SCLR
WARNING: [Synth 8-3331] design c_reg_fd_v12_0_3_viv__parameterized1 has unconnected port AINIT
WARNING: [Synth 8-3331] design c_reg_fd_v12_0_3_viv__parameterized1 has unconnected port ACLR
WARNING: [Synth 8-3331] design c_reg_fd_v12_0_3_viv__parameterized1 has unconnected port ASET
WARNING: [Synth 8-3331] design c_reg_fd_v12_0_3_viv__parameterized1 has unconnected port SINIT
WARNING: [Synth 8-3331] design c_reg_fd_v12_0_3_viv__parameterized1 has unconnected port SCLR
WARNING: [Synth 8-3331] design c_reg_fd_v12_0_3_viv__parameterized1 has unconnected port SSET
WARNING: [Synth 8-3331] design c_addsub_v12_0_10_lut6_legacy__parameterized1 has unconnected port add
WARNING: [Synth 8-3331] design c_addsub_v12_0_10_lut6_legacy__parameterized1 has unconnected port c_in
WARNING: [Synth 8-3331] design c_addsub_v12_0_10_lut6_legacy__parameterized1 has unconnected port bypass
WARNING: [Synth 8-3331] design c_addsub_v12_0_10_lut6_legacy__parameterized1 has unconnected port sclr
WARNING: [Synth 8-3331] design c_addsub_v12_0_10_lut6_legacy__parameterized1 has unconnected port sset
WARNING: [Synth 8-3331] design c_addsub_v12_0_10_lut6_legacy__parameterized1 has unconnected port sinit
WARNING: [Synth 8-3331] design c_addsub_v12_0_10_legacy__parameterized3 has unconnected port c_in
WARNING: [Synth 8-3331] design c_addsub_v12_0_10_legacy__parameterized3 has unconnected port b_in
WARNING: [Synth 8-3331] design c_addsub_v12_0_10_legacy__parameterized3 has unconnected port a_signed
WARNING: [Synth 8-3331] design c_addsub_v12_0_10_legacy__parameterized3 has unconnected port b_signed
WARNING: [Synth 8-3331] design c_addsub_v12_0_10_viv__parameterized3 has unconnected port C_IN
WARNING: [Synth 8-3331] design delay_line has unconnected port CLK
WARNING: [Synth 8-3331] design delay_line has unconnected port CE
WARNING: [Synth 8-3331] design delay_line has unconnected port SCLR
INFO: [Common 17-14] Message 'Synth 8-3331' appears 100 times and further instances of the messages will be disabled. Use the Tcl command set_msg_config to change the current settings.
---------------------------------------------------------------------------------
Finished RTL Elaboration : Time (s): cpu = 00:00:13 ; elapsed = 00:00:14 . Memory (MB): peak = 1140.207 ; gain = 208.555 ; free physical = 199 ; free virtual = 2397
---------------------------------------------------------------------------------

Report Check Netlist: 
+------+------------------+-------+---------+-------+------------------+
|      |Item              |Errors |Warnings |Status |Description       |
+------+------------------+-------+---------+-------+------------------+
|1     |multi_driven_nets |      0|        0|Passed |Multi driven nets |
+------+------------------+-------+---------+-------+------------------+
WARNING: [Synth 8-3295] tying undriven pin multi:in[191] to constant 0 [/home/pingwin/Dokumenty/Verilog/compound-project/tor-wizyjny/tor-wizyjny.srcs/sources_1/bd/hdmi_vga/ipshared/4da4/src/vb.v:102]
WARNING: [Synth 8-3295] tying undriven pin multi:in[190] to constant 0 [/home/pingwin/Dokumenty/Verilog/compound-project/tor-wizyjny/tor-wizyjny.srcs/sources_1/bd/hdmi_vga/ipshared/4da4/src/vb.v:102]
WARNING: [Synth 8-3295] tying undriven pin multi:in[189] to constant 0 [/home/pingwin/Dokumenty/Verilog/compound-project/tor-wizyjny/tor-wizyjny.srcs/sources_1/bd/hdmi_vga/ipshared/4da4/src/vb.v:102]
WARNING: [Synth 8-3295] tying undriven pin multi:in[188] to constant 0 [/home/pingwin/Dokumenty/Verilog/compound-project/tor-wizyjny/tor-wizyjny.srcs/sources_1/bd/hdmi_vga/ipshared/4da4/src/vb.v:102]
WARNING: [Synth 8-3295] tying undriven pin multi:in[187] to constant 0 [/home/pingwin/Dokumenty/Verilog/compound-project/tor-wizyjny/tor-wizyjny.srcs/sources_1/bd/hdmi_vga/ipshared/4da4/src/vb.v:102]
WARNING: [Synth 8-3295] tying undriven pin multi:in[186] to constant 0 [/home/pingwin/Dokumenty/Verilog/compound-project/tor-wizyjny/tor-wizyjny.srcs/sources_1/bd/hdmi_vga/ipshared/4da4/src/vb.v:102]
WARNING: [Synth 8-3295] tying undriven pin multi:in[185] to constant 0 [/home/pingwin/Dokumenty/Verilog/compound-project/tor-wizyjny/tor-wizyjny.srcs/sources_1/bd/hdmi_vga/ipshared/4da4/src/vb.v:102]
WARNING: [Synth 8-3295] tying undriven pin multi:in[184] to constant 0 [/home/pingwin/Dokumenty/Verilog/compound-project/tor-wizyjny/tor-wizyjny.srcs/sources_1/bd/hdmi_vga/ipshared/4da4/src/vb.v:102]
WARNING: [Synth 8-3295] tying undriven pin multi:in[183] to constant 0 [/home/pingwin/Dokumenty/Verilog/compound-project/tor-wizyjny/tor-wizyjny.srcs/sources_1/bd/hdmi_vga/ipshared/4da4/src/vb.v:102]
WARNING: [Synth 8-3295] tying undriven pin multi:in[182] to constant 0 [/home/pingwin/Dokumenty/Verilog/compound-project/tor-wizyjny/tor-wizyjny.srcs/sources_1/bd/hdmi_vga/ipshared/4da4/src/vb.v:102]
WARNING: [Synth 8-3295] tying undriven pin multi:in[181] to constant 0 [/home/pingwin/Dokumenty/Verilog/compound-project/tor-wizyjny/tor-wizyjny.srcs/sources_1/bd/hdmi_vga/ipshared/4da4/src/vb.v:102]
WARNING: [Synth 8-3295] tying undriven pin multi:in[180] to constant 0 [/home/pingwin/Dokumenty/Verilog/compound-project/tor-wizyjny/tor-wizyjny.srcs/sources_1/bd/hdmi_vga/ipshared/4da4/src/vb.v:102]
WARNING: [Synth 8-3295] tying undriven pin multi:in[179] to constant 0 [/home/pingwin/Dokumenty/Verilog/compound-project/tor-wizyjny/tor-wizyjny.srcs/sources_1/bd/hdmi_vga/ipshared/4da4/src/vb.v:102]
WARNING: [Synth 8-3295] tying undriven pin multi:in[178] to constant 0 [/home/pingwin/Dokumenty/Verilog/compound-project/tor-wizyjny/tor-wizyjny.srcs/sources_1/bd/hdmi_vga/ipshared/4da4/src/vb.v:102]
WARNING: [Synth 8-3295] tying undriven pin multi:in[177] to constant 0 [/home/pingwin/Dokumenty/Verilog/compound-project/tor-wizyjny/tor-wizyjny.srcs/sources_1/bd/hdmi_vga/ipshared/4da4/src/vb.v:102]
WARNING: [Synth 8-3295] tying undriven pin multi:in[176] to constant 0 [/home/pingwin/Dokumenty/Verilog/compound-project/tor-wizyjny/tor-wizyjny.srcs/sources_1/bd/hdmi_vga/ipshared/4da4/src/vb.v:102]
WARNING: [Synth 8-3295] tying undriven pin multi:in[175] to constant 0 [/home/pingwin/Dokumenty/Verilog/compound-project/tor-wizyjny/tor-wizyjny.srcs/sources_1/bd/hdmi_vga/ipshared/4da4/src/vb.v:102]
WARNING: [Synth 8-3295] tying undriven pin multi:in[174] to constant 0 [/home/pingwin/Dokumenty/Verilog/compound-project/tor-wizyjny/tor-wizyjny.srcs/sources_1/bd/hdmi_vga/ipshared/4da4/src/vb.v:102]
WARNING: [Synth 8-3295] tying undriven pin multi:in[173] to constant 0 [/home/pingwin/Dokumenty/Verilog/compound-project/tor-wizyjny/tor-wizyjny.srcs/sources_1/bd/hdmi_vga/ipshared/4da4/src/vb.v:102]
WARNING: [Synth 8-3295] tying undriven pin multi:in[172] to constant 0 [/home/pingwin/Dokumenty/Verilog/compound-project/tor-wizyjny/tor-wizyjny.srcs/sources_1/bd/hdmi_vga/ipshared/4da4/src/vb.v:102]
WARNING: [Synth 8-3295] tying undriven pin multi:in[171] to constant 0 [/home/pingwin/Dokumenty/Verilog/compound-project/tor-wizyjny/tor-wizyjny.srcs/sources_1/bd/hdmi_vga/ipshared/4da4/src/vb.v:102]
WARNING: [Synth 8-3295] tying undriven pin multi:in[170] to constant 0 [/home/pingwin/Dokumenty/Verilog/compound-project/tor-wizyjny/tor-wizyjny.srcs/sources_1/bd/hdmi_vga/ipshared/4da4/src/vb.v:102]
WARNING: [Synth 8-3295] tying undriven pin multi:in[169] to constant 0 [/home/pingwin/Dokumenty/Verilog/compound-project/tor-wizyjny/tor-wizyjny.srcs/sources_1/bd/hdmi_vga/ipshared/4da4/src/vb.v:102]
WARNING: [Synth 8-3295] tying undriven pin multi:in[168] to constant 0 [/home/pingwin/Dokumenty/Verilog/compound-project/tor-wizyjny/tor-wizyjny.srcs/sources_1/bd/hdmi_vga/ipshared/4da4/src/vb.v:102]
WARNING: [Synth 8-3295] tying undriven pin multi:in[167] to constant 0 [/home/pingwin/Dokumenty/Verilog/compound-project/tor-wizyjny/tor-wizyjny.srcs/sources_1/bd/hdmi_vga/ipshared/4da4/src/vb.v:102]
WARNING: [Synth 8-3295] tying undriven pin multi:in[166] to constant 0 [/home/pingwin/Dokumenty/Verilog/compound-project/tor-wizyjny/tor-wizyjny.srcs/sources_1/bd/hdmi_vga/ipshared/4da4/src/vb.v:102]
WARNING: [Synth 8-3295] tying undriven pin multi:in[165] to constant 0 [/home/pingwin/Dokumenty/Verilog/compound-project/tor-wizyjny/tor-wizyjny.srcs/sources_1/bd/hdmi_vga/ipshared/4da4/src/vb.v:102]
WARNING: [Synth 8-3295] tying undriven pin multi:in[164] to constant 0 [/home/pingwin/Dokumenty/Verilog/compound-project/tor-wizyjny/tor-wizyjny.srcs/sources_1/bd/hdmi_vga/ipshared/4da4/src/vb.v:102]
WARNING: [Synth 8-3295] tying undriven pin multi:in[163] to constant 0 [/home/pingwin/Dokumenty/Verilog/compound-project/tor-wizyjny/tor-wizyjny.srcs/sources_1/bd/hdmi_vga/ipshared/4da4/src/vb.v:102]
WARNING: [Synth 8-3295] tying undriven pin multi:in[162] to constant 0 [/home/pingwin/Dokumenty/Verilog/compound-project/tor-wizyjny/tor-wizyjny.srcs/sources_1/bd/hdmi_vga/ipshared/4da4/src/vb.v:102]
WARNING: [Synth 8-3295] tying undriven pin multi:in[161] to constant 0 [/home/pingwin/Dokumenty/Verilog/compound-project/tor-wizyjny/tor-wizyjny.srcs/sources_1/bd/hdmi_vga/ipshared/4da4/src/vb.v:102]
WARNING: [Synth 8-3295] tying undriven pin multi:in[160] to constant 0 [/home/pingwin/Dokumenty/Verilog/compound-project/tor-wizyjny/tor-wizyjny.srcs/sources_1/bd/hdmi_vga/ipshared/4da4/src/vb.v:102]
WARNING: [Synth 8-3295] tying undriven pin multi:in[159] to constant 0 [/home/pingwin/Dokumenty/Verilog/compound-project/tor-wizyjny/tor-wizyjny.srcs/sources_1/bd/hdmi_vga/ipshared/4da4/src/vb.v:102]
WARNING: [Synth 8-3295] tying undriven pin multi:in[158] to constant 0 [/home/pingwin/Dokumenty/Verilog/compound-project/tor-wizyjny/tor-wizyjny.srcs/sources_1/bd/hdmi_vga/ipshared/4da4/src/vb.v:102]
WARNING: [Synth 8-3295] tying undriven pin multi:in[157] to constant 0 [/home/pingwin/Dokumenty/Verilog/compound-project/tor-wizyjny/tor-wizyjny.srcs/sources_1/bd/hdmi_vga/ipshared/4da4/src/vb.v:102]
WARNING: [Synth 8-3295] tying undriven pin multi:in[156] to constant 0 [/home/pingwin/Dokumenty/Verilog/compound-project/tor-wizyjny/tor-wizyjny.srcs/sources_1/bd/hdmi_vga/ipshared/4da4/src/vb.v:102]
WARNING: [Synth 8-3295] tying undriven pin multi:in[155] to constant 0 [/home/pingwin/Dokumenty/Verilog/compound-project/tor-wizyjny/tor-wizyjny.srcs/sources_1/bd/hdmi_vga/ipshared/4da4/src/vb.v:102]
WARNING: [Synth 8-3295] tying undriven pin multi:in[154] to constant 0 [/home/pingwin/Dokumenty/Verilog/compound-project/tor-wizyjny/tor-wizyjny.srcs/sources_1/bd/hdmi_vga/ipshared/4da4/src/vb.v:102]
WARNING: [Synth 8-3295] tying undriven pin multi:in[153] to constant 0 [/home/pingwin/Dokumenty/Verilog/compound-project/tor-wizyjny/tor-wizyjny.srcs/sources_1/bd/hdmi_vga/ipshared/4da4/src/vb.v:102]
WARNING: [Synth 8-3295] tying undriven pin multi:in[152] to constant 0 [/home/pingwin/Dokumenty/Verilog/compound-project/tor-wizyjny/tor-wizyjny.srcs/sources_1/bd/hdmi_vga/ipshared/4da4/src/vb.v:102]
WARNING: [Synth 8-3295] tying undriven pin multi:in[151] to constant 0 [/home/pingwin/Dokumenty/Verilog/compound-project/tor-wizyjny/tor-wizyjny.srcs/sources_1/bd/hdmi_vga/ipshared/4da4/src/vb.v:102]
WARNING: [Synth 8-3295] tying undriven pin multi:in[150] to constant 0 [/home/pingwin/Dokumenty/Verilog/compound-project/tor-wizyjny/tor-wizyjny.srcs/sources_1/bd/hdmi_vga/ipshared/4da4/src/vb.v:102]
WARNING: [Synth 8-3295] tying undriven pin multi:in[149] to constant 0 [/home/pingwin/Dokumenty/Verilog/compound-project/tor-wizyjny/tor-wizyjny.srcs/sources_1/bd/hdmi_vga/ipshared/4da4/src/vb.v:102]
WARNING: [Synth 8-3295] tying undriven pin multi:in[148] to constant 0 [/home/pingwin/Dokumenty/Verilog/compound-project/tor-wizyjny/tor-wizyjny.srcs/sources_1/bd/hdmi_vga/ipshared/4da4/src/vb.v:102]
WARNING: [Synth 8-3295] tying undriven pin multi:in[147] to constant 0 [/home/pingwin/Dokumenty/Verilog/compound-project/tor-wizyjny/tor-wizyjny.srcs/sources_1/bd/hdmi_vga/ipshared/4da4/src/vb.v:102]
WARNING: [Synth 8-3295] tying undriven pin multi:in[146] to constant 0 [/home/pingwin/Dokumenty/Verilog/compound-project/tor-wizyjny/tor-wizyjny.srcs/sources_1/bd/hdmi_vga/ipshared/4da4/src/vb.v:102]
WARNING: [Synth 8-3295] tying undriven pin multi:in[145] to constant 0 [/home/pingwin/Dokumenty/Verilog/compound-project/tor-wizyjny/tor-wizyjny.srcs/sources_1/bd/hdmi_vga/ipshared/4da4/src/vb.v:102]
WARNING: [Synth 8-3295] tying undriven pin multi:in[144] to constant 0 [/home/pingwin/Dokumenty/Verilog/compound-project/tor-wizyjny/tor-wizyjny.srcs/sources_1/bd/hdmi_vga/ipshared/4da4/src/vb.v:102]
WARNING: [Synth 8-3295] tying undriven pin multi:in[143] to constant 0 [/home/pingwin/Dokumenty/Verilog/compound-project/tor-wizyjny/tor-wizyjny.srcs/sources_1/bd/hdmi_vga/ipshared/4da4/src/vb.v:102]
WARNING: [Synth 8-3295] tying undriven pin multi:in[142] to constant 0 [/home/pingwin/Dokumenty/Verilog/compound-project/tor-wizyjny/tor-wizyjny.srcs/sources_1/bd/hdmi_vga/ipshared/4da4/src/vb.v:102]
WARNING: [Synth 8-3295] tying undriven pin multi:in[141] to constant 0 [/home/pingwin/Dokumenty/Verilog/compound-project/tor-wizyjny/tor-wizyjny.srcs/sources_1/bd/hdmi_vga/ipshared/4da4/src/vb.v:102]
WARNING: [Synth 8-3295] tying undriven pin multi:in[140] to constant 0 [/home/pingwin/Dokumenty/Verilog/compound-project/tor-wizyjny/tor-wizyjny.srcs/sources_1/bd/hdmi_vga/ipshared/4da4/src/vb.v:102]
WARNING: [Synth 8-3295] tying undriven pin multi:in[139] to constant 0 [/home/pingwin/Dokumenty/Verilog/compound-project/tor-wizyjny/tor-wizyjny.srcs/sources_1/bd/hdmi_vga/ipshared/4da4/src/vb.v:102]
WARNING: [Synth 8-3295] tying undriven pin multi:in[138] to constant 0 [/home/pingwin/Dokumenty/Verilog/compound-project/tor-wizyjny/tor-wizyjny.srcs/sources_1/bd/hdmi_vga/ipshared/4da4/src/vb.v:102]
WARNING: [Synth 8-3295] tying undriven pin multi:in[137] to constant 0 [/home/pingwin/Dokumenty/Verilog/compound-project/tor-wizyjny/tor-wizyjny.srcs/sources_1/bd/hdmi_vga/ipshared/4da4/src/vb.v:102]
WARNING: [Synth 8-3295] tying undriven pin multi:in[136] to constant 0 [/home/pingwin/Dokumenty/Verilog/compound-project/tor-wizyjny/tor-wizyjny.srcs/sources_1/bd/hdmi_vga/ipshared/4da4/src/vb.v:102]
WARNING: [Synth 8-3295] tying undriven pin multi:in[135] to constant 0 [/home/pingwin/Dokumenty/Verilog/compound-project/tor-wizyjny/tor-wizyjny.srcs/sources_1/bd/hdmi_vga/ipshared/4da4/src/vb.v:102]
WARNING: [Synth 8-3295] tying undriven pin multi:in[134] to constant 0 [/home/pingwin/Dokumenty/Verilog/compound-project/tor-wizyjny/tor-wizyjny.srcs/sources_1/bd/hdmi_vga/ipshared/4da4/src/vb.v:102]
WARNING: [Synth 8-3295] tying undriven pin multi:in[133] to constant 0 [/home/pingwin/Dokumenty/Verilog/compound-project/tor-wizyjny/tor-wizyjny.srcs/sources_1/bd/hdmi_vga/ipshared/4da4/src/vb.v:102]
WARNING: [Synth 8-3295] tying undriven pin multi:in[132] to constant 0 [/home/pingwin/Dokumenty/Verilog/compound-project/tor-wizyjny/tor-wizyjny.srcs/sources_1/bd/hdmi_vga/ipshared/4da4/src/vb.v:102]
WARNING: [Synth 8-3295] tying undriven pin multi:in[131] to constant 0 [/home/pingwin/Dokumenty/Verilog/compound-project/tor-wizyjny/tor-wizyjny.srcs/sources_1/bd/hdmi_vga/ipshared/4da4/src/vb.v:102]
WARNING: [Synth 8-3295] tying undriven pin multi:in[130] to constant 0 [/home/pingwin/Dokumenty/Verilog/compound-project/tor-wizyjny/tor-wizyjny.srcs/sources_1/bd/hdmi_vga/ipshared/4da4/src/vb.v:102]
WARNING: [Synth 8-3295] tying undriven pin multi:in[129] to constant 0 [/home/pingwin/Dokumenty/Verilog/compound-project/tor-wizyjny/tor-wizyjny.srcs/sources_1/bd/hdmi_vga/ipshared/4da4/src/vb.v:102]
WARNING: [Synth 8-3295] tying undriven pin multi:in[128] to constant 0 [/home/pingwin/Dokumenty/Verilog/compound-project/tor-wizyjny/tor-wizyjny.srcs/sources_1/bd/hdmi_vga/ipshared/4da4/src/vb.v:102]
WARNING: [Synth 8-3295] tying undriven pin multi:in[127] to constant 0 [/home/pingwin/Dokumenty/Verilog/compound-project/tor-wizyjny/tor-wizyjny.srcs/sources_1/bd/hdmi_vga/ipshared/4da4/src/vb.v:102]
WARNING: [Synth 8-3295] tying undriven pin multi:in[126] to constant 0 [/home/pingwin/Dokumenty/Verilog/compound-project/tor-wizyjny/tor-wizyjny.srcs/sources_1/bd/hdmi_vga/ipshared/4da4/src/vb.v:102]
WARNING: [Synth 8-3295] tying undriven pin multi:in[125] to constant 0 [/home/pingwin/Dokumenty/Verilog/compound-project/tor-wizyjny/tor-wizyjny.srcs/sources_1/bd/hdmi_vga/ipshared/4da4/src/vb.v:102]
WARNING: [Synth 8-3295] tying undriven pin multi:in[124] to constant 0 [/home/pingwin/Dokumenty/Verilog/compound-project/tor-wizyjny/tor-wizyjny.srcs/sources_1/bd/hdmi_vga/ipshared/4da4/src/vb.v:102]
WARNING: [Synth 8-3295] tying undriven pin multi:in[123] to constant 0 [/home/pingwin/Dokumenty/Verilog/compound-project/tor-wizyjny/tor-wizyjny.srcs/sources_1/bd/hdmi_vga/ipshared/4da4/src/vb.v:102]
WARNING: [Synth 8-3295] tying undriven pin multi:in[122] to constant 0 [/home/pingwin/Dokumenty/Verilog/compound-project/tor-wizyjny/tor-wizyjny.srcs/sources_1/bd/hdmi_vga/ipshared/4da4/src/vb.v:102]
WARNING: [Synth 8-3295] tying undriven pin multi:in[121] to constant 0 [/home/pingwin/Dokumenty/Verilog/compound-project/tor-wizyjny/tor-wizyjny.srcs/sources_1/bd/hdmi_vga/ipshared/4da4/src/vb.v:102]
WARNING: [Synth 8-3295] tying undriven pin multi:in[120] to constant 0 [/home/pingwin/Dokumenty/Verilog/compound-project/tor-wizyjny/tor-wizyjny.srcs/sources_1/bd/hdmi_vga/ipshared/4da4/src/vb.v:102]
WARNING: [Synth 8-3295] tying undriven pin multi:in[119] to constant 0 [/home/pingwin/Dokumenty/Verilog/compound-project/tor-wizyjny/tor-wizyjny.srcs/sources_1/bd/hdmi_vga/ipshared/4da4/src/vb.v:102]
WARNING: [Synth 8-3295] tying undriven pin multi:in[118] to constant 0 [/home/pingwin/Dokumenty/Verilog/compound-project/tor-wizyjny/tor-wizyjny.srcs/sources_1/bd/hdmi_vga/ipshared/4da4/src/vb.v:102]
WARNING: [Synth 8-3295] tying undriven pin multi:in[117] to constant 0 [/home/pingwin/Dokumenty/Verilog/compound-project/tor-wizyjny/tor-wizyjny.srcs/sources_1/bd/hdmi_vga/ipshared/4da4/src/vb.v:102]
WARNING: [Synth 8-3295] tying undriven pin multi:in[116] to constant 0 [/home/pingwin/Dokumenty/Verilog/compound-project/tor-wizyjny/tor-wizyjny.srcs/sources_1/bd/hdmi_vga/ipshared/4da4/src/vb.v:102]
WARNING: [Synth 8-3295] tying undriven pin multi:in[115] to constant 0 [/home/pingwin/Dokumenty/Verilog/compound-project/tor-wizyjny/tor-wizyjny.srcs/sources_1/bd/hdmi_vga/ipshared/4da4/src/vb.v:102]
WARNING: [Synth 8-3295] tying undriven pin multi:in[114] to constant 0 [/home/pingwin/Dokumenty/Verilog/compound-project/tor-wizyjny/tor-wizyjny.srcs/sources_1/bd/hdmi_vga/ipshared/4da4/src/vb.v:102]
WARNING: [Synth 8-3295] tying undriven pin multi:in[113] to constant 0 [/home/pingwin/Dokumenty/Verilog/compound-project/tor-wizyjny/tor-wizyjny.srcs/sources_1/bd/hdmi_vga/ipshared/4da4/src/vb.v:102]
WARNING: [Synth 8-3295] tying undriven pin multi:in[112] to constant 0 [/home/pingwin/Dokumenty/Verilog/compound-project/tor-wizyjny/tor-wizyjny.srcs/sources_1/bd/hdmi_vga/ipshared/4da4/src/vb.v:102]
WARNING: [Synth 8-3295] tying undriven pin multi:in[111] to constant 0 [/home/pingwin/Dokumenty/Verilog/compound-project/tor-wizyjny/tor-wizyjny.srcs/sources_1/bd/hdmi_vga/ipshared/4da4/src/vb.v:102]
WARNING: [Synth 8-3295] tying undriven pin multi:in[110] to constant 0 [/home/pingwin/Dokumenty/Verilog/compound-project/tor-wizyjny/tor-wizyjny.srcs/sources_1/bd/hdmi_vga/ipshared/4da4/src/vb.v:102]
WARNING: [Synth 8-3295] tying undriven pin multi:in[109] to constant 0 [/home/pingwin/Dokumenty/Verilog/compound-project/tor-wizyjny/tor-wizyjny.srcs/sources_1/bd/hdmi_vga/ipshared/4da4/src/vb.v:102]
WARNING: [Synth 8-3295] tying undriven pin multi:in[108] to constant 0 [/home/pingwin/Dokumenty/Verilog/compound-project/tor-wizyjny/tor-wizyjny.srcs/sources_1/bd/hdmi_vga/ipshared/4da4/src/vb.v:102]
WARNING: [Synth 8-3295] tying undriven pin multi:in[107] to constant 0 [/home/pingwin/Dokumenty/Verilog/compound-project/tor-wizyjny/tor-wizyjny.srcs/sources_1/bd/hdmi_vga/ipshared/4da4/src/vb.v:102]
WARNING: [Synth 8-3295] tying undriven pin multi:in[106] to constant 0 [/home/pingwin/Dokumenty/Verilog/compound-project/tor-wizyjny/tor-wizyjny.srcs/sources_1/bd/hdmi_vga/ipshared/4da4/src/vb.v:102]
WARNING: [Synth 8-3295] tying undriven pin multi:in[105] to constant 0 [/home/pingwin/Dokumenty/Verilog/compound-project/tor-wizyjny/tor-wizyjny.srcs/sources_1/bd/hdmi_vga/ipshared/4da4/src/vb.v:102]
WARNING: [Synth 8-3295] tying undriven pin multi:in[104] to constant 0 [/home/pingwin/Dokumenty/Verilog/compound-project/tor-wizyjny/tor-wizyjny.srcs/sources_1/bd/hdmi_vga/ipshared/4da4/src/vb.v:102]
WARNING: [Synth 8-3295] tying undriven pin multi:in[103] to constant 0 [/home/pingwin/Dokumenty/Verilog/compound-project/tor-wizyjny/tor-wizyjny.srcs/sources_1/bd/hdmi_vga/ipshared/4da4/src/vb.v:102]
WARNING: [Synth 8-3295] tying undriven pin multi:in[102] to constant 0 [/home/pingwin/Dokumenty/Verilog/compound-project/tor-wizyjny/tor-wizyjny.srcs/sources_1/bd/hdmi_vga/ipshared/4da4/src/vb.v:102]
WARNING: [Synth 8-3295] tying undriven pin multi:in[101] to constant 0 [/home/pingwin/Dokumenty/Verilog/compound-project/tor-wizyjny/tor-wizyjny.srcs/sources_1/bd/hdmi_vga/ipshared/4da4/src/vb.v:102]
WARNING: [Synth 8-3295] tying undriven pin multi:in[100] to constant 0 [/home/pingwin/Dokumenty/Verilog/compound-project/tor-wizyjny/tor-wizyjny.srcs/sources_1/bd/hdmi_vga/ipshared/4da4/src/vb.v:102]
WARNING: [Synth 8-3295] tying undriven pin multi:in[99] to constant 0 [/home/pingwin/Dokumenty/Verilog/compound-project/tor-wizyjny/tor-wizyjny.srcs/sources_1/bd/hdmi_vga/ipshared/4da4/src/vb.v:102]
WARNING: [Synth 8-3295] tying undriven pin multi:in[98] to constant 0 [/home/pingwin/Dokumenty/Verilog/compound-project/tor-wizyjny/tor-wizyjny.srcs/sources_1/bd/hdmi_vga/ipshared/4da4/src/vb.v:102]
WARNING: [Synth 8-3295] tying undriven pin multi:in[97] to constant 0 [/home/pingwin/Dokumenty/Verilog/compound-project/tor-wizyjny/tor-wizyjny.srcs/sources_1/bd/hdmi_vga/ipshared/4da4/src/vb.v:102]
WARNING: [Synth 8-3295] tying undriven pin multi:in[96] to constant 0 [/home/pingwin/Dokumenty/Verilog/compound-project/tor-wizyjny/tor-wizyjny.srcs/sources_1/bd/hdmi_vga/ipshared/4da4/src/vb.v:102]
WARNING: [Synth 8-3295] tying undriven pin multi:h_sync_in[7] to constant 0 [/home/pingwin/Dokumenty/Verilog/compound-project/tor-wizyjny/tor-wizyjny.srcs/sources_1/bd/hdmi_vga/ipshared/4da4/src/vb.v:102]
WARNING: [Synth 8-3295] tying undriven pin multi:h_sync_in[6] to constant 0 [/home/pingwin/Dokumenty/Verilog/compound-project/tor-wizyjny/tor-wizyjny.srcs/sources_1/bd/hdmi_vga/ipshared/4da4/src/vb.v:102]
WARNING: [Synth 8-3295] tying undriven pin multi:h_sync_in[5] to constant 0 [/home/pingwin/Dokumenty/Verilog/compound-project/tor-wizyjny/tor-wizyjny.srcs/sources_1/bd/hdmi_vga/ipshared/4da4/src/vb.v:102]
WARNING: [Synth 8-3295] tying undriven pin multi:h_sync_in[4] to constant 0 [/home/pingwin/Dokumenty/Verilog/compound-project/tor-wizyjny/tor-wizyjny.srcs/sources_1/bd/hdmi_vga/ipshared/4da4/src/vb.v:102]
INFO: [Common 17-14] Message 'Synth 8-3295' appears 100 times and further instances of the messages will be disabled. Use the Tcl command set_msg_config to change the current settings.
---------------------------------------------------------------------------------
Finished RTL Optimization Phase 1 : Time (s): cpu = 00:00:14 ; elapsed = 00:00:14 . Memory (MB): peak = 1140.207 ; gain = 208.555 ; free physical = 199 ; free virtual = 2397
---------------------------------------------------------------------------------
INFO: [Netlist 29-17] Analyzing 790 Unisim elements for replacement
INFO: [Netlist 29-28] Unisim Transformation completed in 0 CPU seconds
INFO: [Device 21-403] Loading part xc7z010clg400-1
INFO: [Project 1-570] Preparing netlist for logic optimization

Processing XDC Constraints
Initializing timing engine
Parsing XDC File [/home/pingwin/Dokumenty/Verilog/compound-project/tor-wizyjny/tor-wizyjny.runs/hdmi_vga_vb_0_0_synth_1/dont_touch.xdc]
Finished Parsing XDC File [/home/pingwin/Dokumenty/Verilog/compound-project/tor-wizyjny/tor-wizyjny.runs/hdmi_vga_vb_0_0_synth_1/dont_touch.xdc]
Completed Processing XDC Constraints

INFO: [Project 1-111] Unisim Transformation Summary:
  A total of 156 instances were transformed.
  MULT_AND => LUT2: 156 instances

Constraint Validation Runtime : Time (s): cpu = 00:00:00.08 ; elapsed = 00:00:00.06 . Memory (MB): peak = 1361.566 ; gain = 0.000 ; free physical = 127 ; free virtual = 2250
---------------------------------------------------------------------------------
Finished Constraint Validation : Time (s): cpu = 00:00:23 ; elapsed = 00:00:23 . Memory (MB): peak = 1361.566 ; gain = 429.914 ; free physical = 126 ; free virtual = 2249
---------------------------------------------------------------------------------
---------------------------------------------------------------------------------
Start Loading Part and Timing Information
---------------------------------------------------------------------------------
Loading part: xc7z010clg400-1
---------------------------------------------------------------------------------
Finished Loading Part and Timing Information : Time (s): cpu = 00:00:23 ; elapsed = 00:00:23 . Memory (MB): peak = 1361.566 ; gain = 429.914 ; free physical = 126 ; free virtual = 2249
---------------------------------------------------------------------------------
---------------------------------------------------------------------------------
Start Applying 'set_property' XDC Constraints
---------------------------------------------------------------------------------
Applied set_property DONT_TOUCH = true for inst/binarisation. (constraint file  auto generated constraint, line ).
Applied set_property DONT_TOUCH = true for inst/centr/core_add/div_x. (constraint file  auto generated constraint, line ).
Applied set_property DONT_TOUCH = true for inst/centr/core_add/div_x/inst/instance_name. (constraint file  auto generated constraint, line ).
Applied set_property DONT_TOUCH = true for inst/centr/core_add/div_y. (constraint file  auto generated constraint, line ).
Applied set_property DONT_TOUCH = true for inst/centr/core_add/div_y/inst/instance_name. (constraint file  auto generated constraint, line ).
Applied set_property DONT_TOUCH = true for inst/ds/sum. (constraint file  auto generated constraint, line ).
Applied set_property DONT_TOUCH = true for inst/ds/x_mul. (constraint file  auto generated constraint, line ).
Applied set_property DONT_TOUCH = true for inst/ds/x_sub. (constraint file  auto generated constraint, line ).
Applied set_property DONT_TOUCH = true for inst/ds/y_mul. (constraint file  auto generated constraint, line ).
Applied set_property DONT_TOUCH = true for inst/ds/y_sub. (constraint file  auto generated constraint, line ).
Applied set_property DONT_TOUCH = true for inst/multi. (constraint file  auto generated constraint, line ).
Applied set_property DONT_TOUCH = true for inst/rgb2ycbcr. (constraint file  auto generated constraint, line ).
Applied set_property DONT_TOUCH = true for inst/rgb2ycbcr/inst/cb_row/cb_1_cb_2_sum. (constraint file  auto generated constraint, line ).
Applied set_property DONT_TOUCH = true for inst/rgb2ycbcr/inst/cb_row/cb_3_sum_128. (constraint file  auto generated constraint, line ).
Applied set_property DONT_TOUCH = true for inst/rgb2ycbcr/inst/cb_row/cb_sum. (constraint file  auto generated constraint, line ).
Applied set_property DONT_TOUCH = true for inst/rgb2ycbcr/inst/cb_row/delay. (constraint file  auto generated constraint, line ).
Applied set_property DONT_TOUCH = true for inst/rgb2ycbcr/inst/cb_row/mul1. (constraint file  auto generated constraint, line ).
Applied set_property DONT_TOUCH = true for inst/rgb2ycbcr/inst/cb_row/mul2. (constraint file  auto generated constraint, line ).
Applied set_property DONT_TOUCH = true for inst/rgb2ycbcr/inst/cb_row/mul3. (constraint file  auto generated constraint, line ).
Applied set_property DONT_TOUCH = true for inst/rgb2ycbcr/inst/cr_row/cb_1_cb_2_sum. (constraint file  auto generated constraint, line ).
Applied set_property DONT_TOUCH = true for inst/rgb2ycbcr/inst/cr_row/cb_3_sum_128. (constraint file  auto generated constraint, line ).
Applied set_property DONT_TOUCH = true for inst/rgb2ycbcr/inst/cr_row/cb_sum. (constraint file  auto generated constraint, line ).
Applied set_property DONT_TOUCH = true for inst/rgb2ycbcr/inst/cr_row/delay. (constraint file  auto generated constraint, line ).
Applied set_property DONT_TOUCH = true for inst/rgb2ycbcr/inst/cr_row/mul1. (constraint file  auto generated constraint, line ).
Applied set_property DONT_TOUCH = true for inst/rgb2ycbcr/inst/cr_row/mul2. (constraint file  auto generated constraint, line ).
Applied set_property DONT_TOUCH = true for inst/rgb2ycbcr/inst/cr_row/mul3. (constraint file  auto generated constraint, line ).
Applied set_property DONT_TOUCH = true for inst/rgb2ycbcr/inst/m18. (constraint file  auto generated constraint, line ).
Applied set_property DONT_TOUCH = true for inst/rgb2ycbcr/inst/y_row/cb_1_cb_2_sum. (constraint file  auto generated constraint, line ).
Applied set_property DONT_TOUCH = true for inst/rgb2ycbcr/inst/y_row/cb_3_sum_128. (constraint file  auto generated constraint, line ).
Applied set_property DONT_TOUCH = true for inst/rgb2ycbcr/inst/y_row/cb_sum. (constraint file  auto generated constraint, line ).
Applied set_property DONT_TOUCH = true for inst/rgb2ycbcr/inst/y_row/delay. (constraint file  auto generated constraint, line ).
Applied set_property DONT_TOUCH = true for inst/rgb2ycbcr/inst/y_row/mul1. (constraint file  auto generated constraint, line ).
Applied set_property DONT_TOUCH = true for inst/rgb2ycbcr/inst/y_row/mul2. (constraint file  auto generated constraint, line ).
Applied set_property DONT_TOUCH = true for inst/rgb2ycbcr/inst/y_row/mul3. (constraint file  auto generated constraint, line ).
---------------------------------------------------------------------------------
Finished applying 'set_property' XDC Constraints : Time (s): cpu = 00:00:23 ; elapsed = 00:00:23 . Memory (MB): peak = 1361.566 ; gain = 429.914 ; free physical = 126 ; free virtual = 2249
---------------------------------------------------------------------------------
INFO: [Synth 8-5546] ROM "i" won't be mapped to RAM because it is too sparse
INFO: [Synth 8-5546] ROM "state" won't be mapped to RAM because it is too sparse
INFO: [Synth 8-5546] ROM "i" won't be mapped to RAM because it is too sparse
INFO: [Synth 8-5546] ROM "state" won't be mapped to RAM because it is too sparse
INFO: [Synth 8-5546] ROM "y_pos" won't be mapped to RAM because it is too sparse
INFO: [Synth 8-5546] ROM "y_pos" won't be mapped to RAM because it is too sparse
---------------------------------------------------------------------------------
Finished RTL Optimization Phase 2 : Time (s): cpu = 00:00:24 ; elapsed = 00:00:25 . Memory (MB): peak = 1361.566 ; gain = 429.914 ; free physical = 133 ; free virtual = 2237
---------------------------------------------------------------------------------

Report RTL Partitions: 
+-+--------------+------------+----------+
| |RTL Partition |Replication |Instances |
+-+--------------+------------+----------+
+-+--------------+------------+----------+
---------------------------------------------------------------------------------
Start RTL Component Statistics 
---------------------------------------------------------------------------------
---------------------------------------------------------------------------------
Finished RTL Component Statistics 
---------------------------------------------------------------------------------
---------------------------------------------------------------------------------
Start RTL Hierarchical Component Statistics 
---------------------------------------------------------------------------------
---------------------------------------------------------------------------------
Finished RTL Hierarchical Component Statistics
---------------------------------------------------------------------------------
---------------------------------------------------------------------------------
Start Part Resource Summary
---------------------------------------------------------------------------------
Part Resources:
DSPs: 80 (col length:40)
BRAMs: 120 (col length: RAMB18 40 RAMB36 20)
---------------------------------------------------------------------------------
Finished Part Resource Summary
---------------------------------------------------------------------------------
---------------------------------------------------------------------------------
Start Cross Boundary and Area Optimization
---------------------------------------------------------------------------------
INFO: [Synth 8-5546] ROM "y_pos" won't be mapped to RAM because it is too sparse
INFO: [Synth 8-5546] ROM "inst/i" won't be mapped to RAM because it is too sparse
INFO: [Synth 8-5546] ROM "inst/i" won't be mapped to RAM because it is too sparse
INFO: [Synth 8-5546] ROM "inst/centr/y_pos" won't be mapped to RAM because it is too sparse
INFO: [Synth 8-5546] ROM "inst/ds/y_pos" won't be mapped to RAM because it is too sparse
INFO: [Synth 8-3886] merging instance 'mul_12s_12s:/U0/i_mult/gLUT.gLUT_speed.iLUT/NxM_mult.stage_1_add.stage_1_pipeline.s1_add_out_reg[0][15]' (FDR) to 'mul_12s_12s:/U0/i_mult/gLUT.gLUT_speed.iLUT/NxM_mult.stage_1_add.stage_1_pipeline.s1_add_out_reg[0][16]'
INFO: [Synth 8-3886] merging instance 'mul_12s_12s:/U0/i_mult/gLUT.gLUT_speed.iLUT/NxM_mult.stage_1_add.stage_1_pipeline.s1_add_out_reg[1][15]' (FDR) to 'mul_12s_12s:/U0/i_mult/gLUT.gLUT_speed.iLUT/NxM_mult.stage_1_add.stage_1_pipeline.s1_add_out_reg[1][16]'
INFO: [Synth 8-3886] merging instance 'mul_12s_12s:/U0/i_mult/gLUT.gLUT_speed.iLUT/NxM_mult.stage_1_add.stage_1_pipeline.s1_add_out_reg[2][16]' (FDR) to 'mul_12s_12s:/U0/i_mult/gLUT.gLUT_speed.iLUT/NxM_mult.stage_1_add.stage_1_pipeline.s1_add_out_reg[2][15]'
INFO: [Synth 8-3886] merging instance 'mul_12s_12s:/U0/i_mult/gLUT.gLUT_speed.iLUT/NxM_mult.stage_2_add.stage_2_pipeline.s2_add_out_reg[0][20]' (FDR) to 'mul_12s_12s:/U0/i_mult/gLUT.gLUT_speed.iLUT/NxM_mult.stage_2_add.stage_2_pipeline.s2_add_out_reg[0][21]'
INFO: [Synth 8-3886] merging instance 'mul_12s_12s:/U0/i_mult/gLUT.gLUT_speed.iLUT/NxM_mult.stage_2_add.stage_2_pipeline.s2_add_out_reg[1][16]' (FDR) to 'mul_12s_12s:/U0/i_mult/gLUT.gLUT_speed.iLUT/NxM_mult.stage_2_add.stage_2_pipeline.s2_add_out_reg[1][15]'
INFO: [Synth 8-3332] Sequential element (gLUT.gLUT_speed.iLUT/NxM_mult.stage_3_add.stage_3_pipeline.s3_add_out_reg[0][30]) is unused and will be removed from module mult_gen_v12_0_12_viv__parameterized3.
INFO: [Synth 8-3332] Sequential element (gLUT.gLUT_speed.iLUT/NxM_mult.stage_3_add.stage_3_pipeline.s3_add_out_reg[0][29]) is unused and will be removed from module mult_gen_v12_0_12_viv__parameterized3.
INFO: [Synth 8-3332] Sequential element (gLUT.gLUT_speed.iLUT/NxM_mult.stage_3_add.stage_3_pipeline.s3_add_out_reg[0][28]) is unused and will be removed from module mult_gen_v12_0_12_viv__parameterized3.
INFO: [Synth 8-3332] Sequential element (gLUT.gLUT_speed.iLUT/NxM_mult.stage_3_add.stage_3_pipeline.s3_add_out_reg[0][27]) is unused and will be removed from module mult_gen_v12_0_12_viv__parameterized3.
INFO: [Synth 8-3332] Sequential element (gLUT.gLUT_speed.iLUT/NxM_mult.stage_3_add.stage_3_pipeline.s3_add_out_reg[0][26]) is unused and will be removed from module mult_gen_v12_0_12_viv__parameterized3.
INFO: [Synth 8-3332] Sequential element (gLUT.gLUT_speed.iLUT/NxM_mult.stage_3_add.stage_3_pipeline.s3_add_out_reg[0][25]) is unused and will be removed from module mult_gen_v12_0_12_viv__parameterized3.
INFO: [Synth 8-3332] Sequential element (gLUT.gLUT_speed.iLUT/NxM_mult.stage_3_add.stage_3_pipeline.s3_add_out_reg[0][24]) is unused and will be removed from module mult_gen_v12_0_12_viv__parameterized3.
---------------------------------------------------------------------------------
Finished Cross Boundary and Area Optimization : Time (s): cpu = 00:00:28 ; elapsed = 00:00:28 . Memory (MB): peak = 1369.574 ; gain = 437.922 ; free physical = 136 ; free virtual = 2223
---------------------------------------------------------------------------------

Report RTL Partitions: 
+-+--------------+------------+----------+
| |RTL Partition |Replication |Instances |
+-+--------------+------------+----------+
+-+--------------+------------+----------+
---------------------------------------------------------------------------------
Start Timing Optimization
---------------------------------------------------------------------------------
---------------------------------------------------------------------------------
Start Applying XDC Timing Constraints
---------------------------------------------------------------------------------
---------------------------------------------------------------------------------
Finished Applying XDC Timing Constraints : Time (s): cpu = 00:00:38 ; elapsed = 00:00:39 . Memory (MB): peak = 1433.574 ; gain = 501.922 ; free physical = 121 ; free virtual = 2150
---------------------------------------------------------------------------------
---------------------------------------------------------------------------------
Finished Timing Optimization : Time (s): cpu = 00:00:38 ; elapsed = 00:00:39 . Memory (MB): peak = 1434.574 ; gain = 502.922 ; free physical = 132 ; free virtual = 2150
---------------------------------------------------------------------------------

Report RTL Partitions: 
+-+--------------+------------+----------+
| |RTL Partition |Replication |Instances |
+-+--------------+------------+----------+
+-+--------------+------------+----------+
---------------------------------------------------------------------------------
Start Technology Mapping
---------------------------------------------------------------------------------
---------------------------------------------------------------------------------
Finished Technology Mapping : Time (s): cpu = 00:00:39 ; elapsed = 00:00:40 . Memory (MB): peak = 1456.605 ; gain = 524.953 ; free physical = 121 ; free virtual = 2129
---------------------------------------------------------------------------------

Report RTL Partitions: 
+-+--------------+------------+----------+
| |RTL Partition |Replication |Instances |
+-+--------------+------------+----------+
+-+--------------+------------+----------+
---------------------------------------------------------------------------------
Start IO Insertion
---------------------------------------------------------------------------------
---------------------------------------------------------------------------------
Start Flattening Before IO Insertion
---------------------------------------------------------------------------------
---------------------------------------------------------------------------------
Finished Flattening Before IO Insertion
---------------------------------------------------------------------------------
---------------------------------------------------------------------------------
Start Final Netlist Cleanup
---------------------------------------------------------------------------------
---------------------------------------------------------------------------------
Finished Final Netlist Cleanup
---------------------------------------------------------------------------------
---------------------------------------------------------------------------------
Finished IO Insertion : Time (s): cpu = 00:00:40 ; elapsed = 00:00:40 . Memory (MB): peak = 1456.605 ; gain = 524.953 ; free physical = 121 ; free virtual = 2128
---------------------------------------------------------------------------------

Report Check Netlist: 
+------+------------------+-------+---------+-------+------------------+
|      |Item              |Errors |Warnings |Status |Description       |
+------+------------------+-------+---------+-------+------------------+
|1     |multi_driven_nets |      0|        0|Passed |Multi driven nets |
+------+------------------+-------+---------+-------+------------------+
---------------------------------------------------------------------------------
Start Renaming Generated Instances
---------------------------------------------------------------------------------
---------------------------------------------------------------------------------
Finished Renaming Generated Instances : Time (s): cpu = 00:00:40 ; elapsed = 00:00:40 . Memory (MB): peak = 1456.605 ; gain = 524.953 ; free physical = 120 ; free virtual = 2128
---------------------------------------------------------------------------------

Report RTL Partitions: 
+-+--------------+------------+----------+
| |RTL Partition |Replication |Instances |
+-+--------------+------------+----------+
+-+--------------+------------+----------+
---------------------------------------------------------------------------------
Start Rebuilding User Hierarchy
---------------------------------------------------------------------------------
---------------------------------------------------------------------------------
Finished Rebuilding User Hierarchy : Time (s): cpu = 00:00:40 ; elapsed = 00:00:40 . Memory (MB): peak = 1456.605 ; gain = 524.953 ; free physical = 121 ; free virtual = 2128
---------------------------------------------------------------------------------
---------------------------------------------------------------------------------
Start Renaming Generated Ports
---------------------------------------------------------------------------------
---------------------------------------------------------------------------------
Finished Renaming Generated Ports : Time (s): cpu = 00:00:40 ; elapsed = 00:00:40 . Memory (MB): peak = 1456.605 ; gain = 524.953 ; free physical = 121 ; free virtual = 2128
---------------------------------------------------------------------------------
---------------------------------------------------------------------------------
Start Handling Custom Attributes
---------------------------------------------------------------------------------
---------------------------------------------------------------------------------
Finished Handling Custom Attributes : Time (s): cpu = 00:00:40 ; elapsed = 00:00:41 . Memory (MB): peak = 1456.605 ; gain = 524.953 ; free physical = 120 ; free virtual = 2128
---------------------------------------------------------------------------------
---------------------------------------------------------------------------------
Start Renaming Generated Nets
---------------------------------------------------------------------------------
---------------------------------------------------------------------------------
Finished Renaming Generated Nets : Time (s): cpu = 00:00:40 ; elapsed = 00:00:41 . Memory (MB): peak = 1456.605 ; gain = 524.953 ; free physical = 120 ; free virtual = 2128
---------------------------------------------------------------------------------
---------------------------------------------------------------------------------
Start Writing Synthesis Report
---------------------------------------------------------------------------------

Report BlackBoxes: 
+-+--------------+----------+
| |BlackBox name |Instances |
+-+--------------+----------+
+-+--------------+----------+

Report Cell Usage: 
+------+----------+------+
|      |Cell      |Count |
+------+----------+------+
|1     |CARRY4    |    99|
|2     |DSP48E1   |     9|
|3     |DSP48E1_1 |     2|
|4     |DSP48E1_2 |     2|
|5     |LUT1      |    80|
|6     |LUT2      |   415|
|7     |LUT3      |    55|
|8     |LUT4      |   331|
|9     |LUT5      |    26|
|10    |LUT6      |   186|
|11    |MULT_AND  |   154|
|12    |MUXCY     |   302|
|13    |MUXF7     |    27|
|14    |SRL16E    |   146|
|15    |XORCY     |   327|
|16    |FDRE      |  1249|
|17    |FDSE      |    32|
+------+----------+------+
---------------------------------------------------------------------------------
Finished Writing Synthesis Report : Time (s): cpu = 00:00:40 ; elapsed = 00:00:41 . Memory (MB): peak = 1456.605 ; gain = 524.953 ; free physical = 120 ; free virtual = 2128
---------------------------------------------------------------------------------
Synthesis finished with 0 errors, 0 critical warnings and 40 warnings.
Synthesis Optimization Runtime : Time (s): cpu = 00:00:32 ; elapsed = 00:00:32 . Memory (MB): peak = 1456.605 ; gain = 223.504 ; free physical = 122 ; free virtual = 2130
Synthesis Optimization Complete : Time (s): cpu = 00:00:40 ; elapsed = 00:00:41 . Memory (MB): peak = 1456.613 ; gain = 524.961 ; free physical = 123 ; free virtual = 2131
INFO: [Project 1-571] Translating synthesized netlist
INFO: [Netlist 29-17] Analyzing 895 Unisim elements for replacement
INFO: [Netlist 29-28] Unisim Transformation completed in 0 CPU seconds
INFO: [Project 1-570] Preparing netlist for logic optimization
INFO: [Opt 31-138] Pushed 0 inverter(s) to 0 load pin(s).
INFO: [Project 1-111] Unisim Transformation Summary:
  A total of 258 instances were transformed.
  (MUXCY,XORCY) => CARRY4: 104 instances
  MULT_AND => LUT2: 154 instances

INFO: [Common 17-83] Releasing license: Synthesis
115 Infos, 213 Warnings, 1 Critical Warnings and 0 Errors encountered.
synth_design completed successfully
synth_design: Time (s): cpu = 00:00:39 ; elapsed = 00:00:39 . Memory (MB): peak = 1456.613 ; gain = 457.457 ; free physical = 123 ; free virtual = 2130
INFO: [Common 17-1381] The checkpoint '/home/pingwin/Dokumenty/Verilog/compound-project/tor-wizyjny/tor-wizyjny.runs/hdmi_vga_vb_0_0_synth_1/hdmi_vga_vb_0_0.dcp' has been generated.
INFO: [Coretcl 2-1174] Renamed 180 cell refs.
INFO: [Common 17-1381] The checkpoint '/home/pingwin/Dokumenty/Verilog/compound-project/tor-wizyjny/tor-wizyjny.runs/hdmi_vga_vb_0_0_synth_1/hdmi_vga_vb_0_0.dcp' has been generated.
report_utilization: Time (s): cpu = 00:00:00.12 ; elapsed = 00:00:00.15 . Memory (MB): peak = 1480.617 ; gain = 0.000 ; free physical = 135 ; free virtual = 2131
INFO: [Common 17-206] Exiting Vivado at Mon Jun 12 04:43:43 2017...
