
*** Running vivado
    with args -log long_short.vds -m64 -product Vivado -mode batch -messageDb vivado.pb -notrace -source long_short.tcl

awk: symbol lookup error: awk: undefined symbol: mpfr_z_sub

****** Vivado v2016.4 (64-bit)
  **** SW Build 1756540 on Mon Jan 23 19:11:19 MST 2017
  **** IP Build 1755317 on Mon Jan 23 20:30:07 MST 2017
    ** Copyright 1986-2016 Xilinx, Inc. All Rights Reserved.

source long_short.tcl -notrace
awk: symbol lookup error: awk: undefined symbol: mpfr_z_sub
Starting RTL Elaboration : Time (s): cpu = 00:00:11 ; elapsed = 00:00:11 . Memory (MB): peak = 1064.742 ; gain = 133.086 ; free physical = 688 ; free virtual = 3228
INFO: [Synth 8-638] synthesizing module 'long_short' [/home/pingwin/Dokumenty/Verilog/rgb2ycbcr/rgb2ycbcr.srcs/sources_1/ip/long_short/synth/long_short.vhd:69]
INFO: [Synth 8-256] done synthesizing module 'long_short' (8#1) [/home/pingwin/Dokumenty/Verilog/rgb2ycbcr/rgb2ycbcr.srcs/sources_1/ip/long_short/synth/long_short.vhd:69]
Finished RTL Elaboration : Time (s): cpu = 00:00:14 ; elapsed = 00:00:14 . Memory (MB): peak = 1110.211 ; gain = 178.555 ; free physical = 642 ; free virtual = 3182
Finished RTL Optimization Phase 1 : Time (s): cpu = 00:00:14 ; elapsed = 00:00:14 . Memory (MB): peak = 1110.211 ; gain = 178.555 ; free physical = 642 ; free virtual = 3182
INFO: [Device 21-403] Loading part xc7k70tfbv676-1
Constraint Validation Runtime : Time (s): cpu = 00:00:00.02 ; elapsed = 00:00:00.02 . Memory (MB): peak = 1321.281 ; gain = 0.000 ; free physical = 484 ; free virtual = 3024
Finished Constraint Validation : Time (s): cpu = 00:00:30 ; elapsed = 00:00:30 . Memory (MB): peak = 1321.281 ; gain = 389.625 ; free physical = 442 ; free virtual = 2983
Finished Loading Part and Timing Information : Time (s): cpu = 00:00:30 ; elapsed = 00:00:30 . Memory (MB): peak = 1321.281 ; gain = 389.625 ; free physical = 442 ; free virtual = 2983
Finished applying 'set_property' XDC Constraints : Time (s): cpu = 00:00:30 ; elapsed = 00:00:30 . Memory (MB): peak = 1321.281 ; gain = 389.625 ; free physical = 442 ; free virtual = 2983
Finished RTL Optimization Phase 2 : Time (s): cpu = 00:00:30 ; elapsed = 00:00:31 . Memory (MB): peak = 1321.281 ; gain = 389.625 ; free physical = 434 ; free virtual = 2975
Finished Cross Boundary and Area Optimization : Time (s): cpu = 00:00:30 ; elapsed = 00:00:31 . Memory (MB): peak = 1329.289 ; gain = 397.633 ; free physical = 426 ; free virtual = 2967
Finished Applying XDC Timing Constraints : Time (s): cpu = 00:00:48 ; elapsed = 00:00:49 . Memory (MB): peak = 1375.289 ; gain = 443.633 ; free physical = 407 ; free virtual = 2948
Finished Timing Optimization : Time (s): cpu = 00:00:48 ; elapsed = 00:00:49 . Memory (MB): peak = 1376.289 ; gain = 444.633 ; free physical = 407 ; free virtual = 2947
Finished Technology Mapping : Time (s): cpu = 00:00:48 ; elapsed = 00:00:49 . Memory (MB): peak = 1395.320 ; gain = 463.664 ; free physical = 388 ; free virtual = 2929
Finished IO Insertion : Time (s): cpu = 00:00:49 ; elapsed = 00:00:50 . Memory (MB): peak = 1395.320 ; gain = 463.664 ; free physical = 388 ; free virtual = 2929
Finished Renaming Generated Instances : Time (s): cpu = 00:00:49 ; elapsed = 00:00:50 . Memory (MB): peak = 1395.320 ; gain = 463.664 ; free physical = 388 ; free virtual = 2929
Finished Rebuilding User Hierarchy : Time (s): cpu = 00:00:49 ; elapsed = 00:00:50 . Memory (MB): peak = 1395.320 ; gain = 463.664 ; free physical = 388 ; free virtual = 2929
Finished Renaming Generated Ports : Time (s): cpu = 00:00:49 ; elapsed = 00:00:50 . Memory (MB): peak = 1395.320 ; gain = 463.664 ; free physical = 388 ; free virtual = 2929
Finished Handling Custom Attributes : Time (s): cpu = 00:00:49 ; elapsed = 00:00:50 . Memory (MB): peak = 1395.320 ; gain = 463.664 ; free physical = 388 ; free virtual = 2929
Finished Renaming Generated Nets : Time (s): cpu = 00:00:49 ; elapsed = 00:00:50 . Memory (MB): peak = 1395.320 ; gain = 463.664 ; free physical = 388 ; free virtual = 2929

Report Cell Usage: 
+------+--------+------+
|      |Cell    |Count |
+------+--------+------+
|1     |DSP48E1 |     1|
|2     |LUT3    |     1|
|3     |FDRE    |     1|
+------+--------+------+
Finished Writing Synthesis Report : Time (s): cpu = 00:00:49 ; elapsed = 00:00:50 . Memory (MB): peak = 1395.320 ; gain = 463.664 ; free physical = 388 ; free virtual = 2929
synth_design: Time (s): cpu = 00:00:47 ; elapsed = 00:00:48 . Memory (MB): peak = 1395.328 ; gain = 396.168 ; free physical = 391 ; free virtual = 2931
