
*** Running vivado
    with args -log y_sum.vds -m64 -product Vivado -mode batch -messageDb vivado.pb -notrace -source y_sum.tcl

awk: symbol lookup error: awk: undefined symbol: mpfr_z_sub

****** Vivado v2016.4 (64-bit)
  **** SW Build 1756540 on Mon Jan 23 19:11:19 MST 2017
  **** IP Build 1755317 on Mon Jan 23 20:30:07 MST 2017
    ** Copyright 1986-2016 Xilinx, Inc. All Rights Reserved.

source y_sum.tcl -notrace
awk: symbol lookup error: awk: undefined symbol: mpfr_z_sub
Starting RTL Elaboration : Time (s): cpu = 00:00:13 ; elapsed = 00:00:13 . Memory (MB): peak = 1064.742 ; gain = 133.086 ; free physical = 677 ; free virtual = 3576
INFO: [Synth 8-638] synthesizing module 'y_sum' [/home/pingwin/Dokumenty/Verilog/rgb2ycbcr/rgb2ycbcr.srcs/sources_1/ip/y_sum/synth/y_sum.vhd:69]
INFO: [Synth 8-256] done synthesizing module 'y_sum' (7#1) [/home/pingwin/Dokumenty/Verilog/rgb2ycbcr/rgb2ycbcr.srcs/sources_1/ip/y_sum/synth/y_sum.vhd:69]
Finished RTL Elaboration : Time (s): cpu = 00:00:16 ; elapsed = 00:00:16 . Memory (MB): peak = 1110.211 ; gain = 178.555 ; free physical = 628 ; free virtual = 3527
Finished RTL Optimization Phase 1 : Time (s): cpu = 00:00:16 ; elapsed = 00:00:16 . Memory (MB): peak = 1110.211 ; gain = 178.555 ; free physical = 628 ; free virtual = 3527
INFO: [Device 21-403] Loading part xc7k70tfbv676-1
Constraint Validation Runtime : Time (s): cpu = 00:00:00.02 ; elapsed = 00:00:00.02 . Memory (MB): peak = 1380.273 ; gain = 0.000 ; free physical = 310 ; free virtual = 3218
Finished Constraint Validation : Time (s): cpu = 00:00:33 ; elapsed = 00:00:34 . Memory (MB): peak = 1380.273 ; gain = 448.617 ; free physical = 226 ; free virtual = 3128
Finished Loading Part and Timing Information : Time (s): cpu = 00:00:33 ; elapsed = 00:00:34 . Memory (MB): peak = 1380.273 ; gain = 448.617 ; free physical = 226 ; free virtual = 3128
Finished applying 'set_property' XDC Constraints : Time (s): cpu = 00:00:33 ; elapsed = 00:00:34 . Memory (MB): peak = 1380.273 ; gain = 448.617 ; free physical = 226 ; free virtual = 3128
Finished RTL Optimization Phase 2 : Time (s): cpu = 00:00:34 ; elapsed = 00:00:35 . Memory (MB): peak = 1380.273 ; gain = 448.617 ; free physical = 218 ; free virtual = 3120
Finished Cross Boundary and Area Optimization : Time (s): cpu = 00:00:34 ; elapsed = 00:00:35 . Memory (MB): peak = 1380.273 ; gain = 448.617 ; free physical = 200 ; free virtual = 3102
Finished Applying XDC Timing Constraints : Time (s): cpu = 00:00:51 ; elapsed = 00:00:52 . Memory (MB): peak = 1380.273 ; gain = 448.617 ; free physical = 123 ; free virtual = 2846
Finished Timing Optimization : Time (s): cpu = 00:00:51 ; elapsed = 00:00:52 . Memory (MB): peak = 1380.273 ; gain = 448.617 ; free physical = 123 ; free virtual = 2846
Finished Technology Mapping : Time (s): cpu = 00:00:51 ; elapsed = 00:00:52 . Memory (MB): peak = 1380.273 ; gain = 448.617 ; free physical = 154 ; free virtual = 2838
Finished IO Insertion : Time (s): cpu = 00:00:52 ; elapsed = 00:00:54 . Memory (MB): peak = 1380.273 ; gain = 448.617 ; free physical = 154 ; free virtual = 2838
Finished Renaming Generated Instances : Time (s): cpu = 00:00:52 ; elapsed = 00:00:54 . Memory (MB): peak = 1380.273 ; gain = 448.617 ; free physical = 154 ; free virtual = 2838
Finished Rebuilding User Hierarchy : Time (s): cpu = 00:00:52 ; elapsed = 00:00:54 . Memory (MB): peak = 1380.273 ; gain = 448.617 ; free physical = 154 ; free virtual = 2838
Finished Renaming Generated Ports : Time (s): cpu = 00:00:52 ; elapsed = 00:00:54 . Memory (MB): peak = 1380.273 ; gain = 448.617 ; free physical = 154 ; free virtual = 2838
Finished Handling Custom Attributes : Time (s): cpu = 00:00:52 ; elapsed = 00:00:54 . Memory (MB): peak = 1380.273 ; gain = 448.617 ; free physical = 153 ; free virtual = 2837
Finished Renaming Generated Nets : Time (s): cpu = 00:00:52 ; elapsed = 00:00:54 . Memory (MB): peak = 1380.273 ; gain = 448.617 ; free physical = 153 ; free virtual = 2837

Report Cell Usage: 
+------+------+------+
|      |Cell  |Count |
+------+------+------+
|1     |LUT2  |    15|
|2     |MUXCY |    21|
|3     |XORCY |    23|
|4     |FDRE  |    31|
+------+------+------+
Finished Writing Synthesis Report : Time (s): cpu = 00:00:52 ; elapsed = 00:00:54 . Memory (MB): peak = 1380.273 ; gain = 448.617 ; free physical = 153 ; free virtual = 2837
synth_design: Time (s): cpu = 00:00:50 ; elapsed = 00:00:52 . Memory (MB): peak = 1385.273 ; gain = 386.113 ; free physical = 129 ; free virtual = 2725
