
*** Running vivado
    with args -log mult_gen_0.vds -m64 -product Vivado -mode batch -messageDb vivado.pb -notrace -source mult_gen_0.tcl

awk: symbol lookup error: awk: undefined symbol: mpfr_z_sub

****** Vivado v2016.4 (64-bit)
  **** SW Build 1756540 on Mon Jan 23 19:11:19 MST 2017
  **** IP Build 1755317 on Mon Jan 23 20:30:07 MST 2017
    ** Copyright 1986-2016 Xilinx, Inc. All Rights Reserved.

source mult_gen_0.tcl -notrace
awk: symbol lookup error: awk: undefined symbol: mpfr_z_sub
Starting RTL Elaboration : Time (s): cpu = 00:00:12 ; elapsed = 00:00:12 . Memory (MB): peak = 1063.738 ; gain = 132.086 ; free physical = 876 ; free virtual = 3816
INFO: [Synth 8-638] synthesizing module 'mult_gen_0' [/home/pingwin/Dokumenty/Verilog/rgb2ycbcr/rgb2ycbcr.srcs/sources_1/ip/mult_gen_0/synth/mult_gen_0.vhd:68]
INFO: [Synth 8-256] done synthesizing module 'mult_gen_0' (5#1) [/home/pingwin/Dokumenty/Verilog/rgb2ycbcr/rgb2ycbcr.srcs/sources_1/ip/mult_gen_0/synth/mult_gen_0.vhd:68]
Finished RTL Elaboration : Time (s): cpu = 00:00:15 ; elapsed = 00:00:16 . Memory (MB): peak = 1114.207 ; gain = 182.555 ; free physical = 827 ; free virtual = 3761
Finished RTL Optimization Phase 1 : Time (s): cpu = 00:00:16 ; elapsed = 00:00:16 . Memory (MB): peak = 1114.207 ; gain = 182.555 ; free physical = 804 ; free virtual = 3737
INFO: [Device 21-403] Loading part xc7k70tfbv676-1
Constraint Validation Runtime : Time (s): cpu = 00:00:00.03 ; elapsed = 00:00:00.03 . Memory (MB): peak = 1399.270 ; gain = 0.000 ; free physical = 619 ; free virtual = 3551
Finished Constraint Validation : Time (s): cpu = 00:00:34 ; elapsed = 00:00:35 . Memory (MB): peak = 1399.270 ; gain = 467.617 ; free physical = 479 ; free virtual = 3410
Finished Loading Part and Timing Information : Time (s): cpu = 00:00:34 ; elapsed = 00:00:35 . Memory (MB): peak = 1399.270 ; gain = 467.617 ; free physical = 479 ; free virtual = 3410
Finished applying 'set_property' XDC Constraints : Time (s): cpu = 00:00:34 ; elapsed = 00:00:35 . Memory (MB): peak = 1399.270 ; gain = 467.617 ; free physical = 479 ; free virtual = 3410
Finished RTL Optimization Phase 2 : Time (s): cpu = 00:00:34 ; elapsed = 00:00:36 . Memory (MB): peak = 1399.270 ; gain = 467.617 ; free physical = 467 ; free virtual = 3399
Finished Cross Boundary and Area Optimization : Time (s): cpu = 00:00:35 ; elapsed = 00:00:37 . Memory (MB): peak = 1399.270 ; gain = 467.617 ; free physical = 448 ; free virtual = 3379
Finished Applying XDC Timing Constraints : Time (s): cpu = 00:00:48 ; elapsed = 00:00:50 . Memory (MB): peak = 1399.270 ; gain = 467.617 ; free physical = 256 ; free virtual = 3188
Finished Timing Optimization : Time (s): cpu = 00:00:48 ; elapsed = 00:00:50 . Memory (MB): peak = 1399.270 ; gain = 467.617 ; free physical = 254 ; free virtual = 3187
Finished Technology Mapping : Time (s): cpu = 00:00:48 ; elapsed = 00:00:50 . Memory (MB): peak = 1399.270 ; gain = 467.617 ; free physical = 233 ; free virtual = 3165
Finished IO Insertion : Time (s): cpu = 00:00:49 ; elapsed = 00:00:51 . Memory (MB): peak = 1399.270 ; gain = 467.617 ; free physical = 227 ; free virtual = 3159
Finished Renaming Generated Instances : Time (s): cpu = 00:00:49 ; elapsed = 00:00:51 . Memory (MB): peak = 1399.270 ; gain = 467.617 ; free physical = 227 ; free virtual = 3159
Finished Rebuilding User Hierarchy : Time (s): cpu = 00:00:49 ; elapsed = 00:00:51 . Memory (MB): peak = 1399.270 ; gain = 467.617 ; free physical = 227 ; free virtual = 3159
Finished Renaming Generated Ports : Time (s): cpu = 00:00:49 ; elapsed = 00:00:51 . Memory (MB): peak = 1399.270 ; gain = 467.617 ; free physical = 227 ; free virtual = 3159
Finished Handling Custom Attributes : Time (s): cpu = 00:00:49 ; elapsed = 00:00:51 . Memory (MB): peak = 1399.270 ; gain = 467.617 ; free physical = 227 ; free virtual = 3159
Finished Renaming Generated Nets : Time (s): cpu = 00:00:49 ; elapsed = 00:00:51 . Memory (MB): peak = 1399.270 ; gain = 467.617 ; free physical = 227 ; free virtual = 3159

Report Cell Usage: 
+------+---------+------+
|      |Cell     |Count |
+------+---------+------+
|1     |CARRY4   |    12|
|2     |LUT1     |     8|
|3     |LUT2     |    41|
|4     |LUT4     |    40|
|5     |MULT_AND |    48|
|6     |MUXCY    |    48|
|7     |XORCY    |    52|
|8     |FDRE     |   101|
+------+---------+------+
Finished Writing Synthesis Report : Time (s): cpu = 00:00:49 ; elapsed = 00:00:51 . Memory (MB): peak = 1399.270 ; gain = 467.617 ; free physical = 227 ; free virtual = 3159
synth_design: Time (s): cpu = 00:00:47 ; elapsed = 00:00:49 . Memory (MB): peak = 1399.277 ; gain = 400.121 ; free physical = 141 ; free virtual = 3073
