
*** Running vivado
    with args -log sum_9s_9s.vds -m64 -product Vivado -mode batch -messageDb vivado.pb -notrace -source sum_9s_9s.tcl

awk: symbol lookup error: awk: undefined symbol: mpfr_z_sub

****** Vivado v2016.4 (64-bit)
  **** SW Build 1756540 on Mon Jan 23 19:11:19 MST 2017
  **** IP Build 1755317 on Mon Jan 23 20:30:07 MST 2017
    ** Copyright 1986-2016 Xilinx, Inc. All Rights Reserved.

source sum_9s_9s.tcl -notrace
CRITICAL WARNING: [Board 49-56] Problem parsing board file - /home/pingwin/VIVADO/Vivado/2016.4/data/boards/board_files/arty-s7-50/B.0/board.xml
awk: symbol lookup error: awk: undefined symbol: mpfr_z_sub
Starting RTL Elaboration : Time (s): cpu = 00:00:10 ; elapsed = 00:00:10 . Memory (MB): peak = 1074.734 ; gain = 143.086 ; free physical = 121 ; free virtual = 2698
INFO: [Synth 8-638] synthesizing module 'sum_9s_9s' [/home/pingwin/Dokumenty/Verilog/compound-project/YCbCr/rgb2ycbcr.srcs/sources_1/ip/sum_9s_9s/synth/sum_9s_9s.vhd:69]
INFO: [Synth 8-256] done synthesizing module 'sum_9s_9s' (7#1) [/home/pingwin/Dokumenty/Verilog/compound-project/YCbCr/rgb2ycbcr.srcs/sources_1/ip/sum_9s_9s/synth/sum_9s_9s.vhd:69]
Finished RTL Elaboration : Time (s): cpu = 00:00:12 ; elapsed = 00:00:12 . Memory (MB): peak = 1120.203 ; gain = 188.555 ; free physical = 127 ; free virtual = 2656
Finished RTL Optimization Phase 1 : Time (s): cpu = 00:00:12 ; elapsed = 00:00:12 . Memory (MB): peak = 1120.203 ; gain = 188.555 ; free physical = 127 ; free virtual = 2656
INFO: [Device 21-403] Loading part xc7z010clg400-1
Constraint Validation Runtime : Time (s): cpu = 00:00:00.01 ; elapsed = 00:00:00.02 . Memory (MB): peak = 1384.562 ; gain = 0.000 ; free physical = 125 ; free virtual = 2554
Finished Constraint Validation : Time (s): cpu = 00:00:26 ; elapsed = 00:00:26 . Memory (MB): peak = 1384.562 ; gain = 452.914 ; free physical = 193 ; free virtual = 2560
Finished Loading Part and Timing Information : Time (s): cpu = 00:00:26 ; elapsed = 00:00:26 . Memory (MB): peak = 1384.562 ; gain = 452.914 ; free physical = 193 ; free virtual = 2560
Finished applying 'set_property' XDC Constraints : Time (s): cpu = 00:00:26 ; elapsed = 00:00:26 . Memory (MB): peak = 1384.562 ; gain = 452.914 ; free physical = 193 ; free virtual = 2560
Finished RTL Optimization Phase 2 : Time (s): cpu = 00:00:26 ; elapsed = 00:00:27 . Memory (MB): peak = 1384.562 ; gain = 452.914 ; free physical = 192 ; free virtual = 2553
Finished Cross Boundary and Area Optimization : Time (s): cpu = 00:00:26 ; elapsed = 00:00:27 . Memory (MB): peak = 1384.562 ; gain = 452.914 ; free physical = 176 ; free virtual = 2537
Finished Applying XDC Timing Constraints : Time (s): cpu = 00:00:38 ; elapsed = 00:00:39 . Memory (MB): peak = 1384.562 ; gain = 452.914 ; free physical = 139 ; free virtual = 2499
Finished Timing Optimization : Time (s): cpu = 00:00:38 ; elapsed = 00:00:39 . Memory (MB): peak = 1384.562 ; gain = 452.914 ; free physical = 139 ; free virtual = 2499
Finished Technology Mapping : Time (s): cpu = 00:00:38 ; elapsed = 00:00:39 . Memory (MB): peak = 1384.562 ; gain = 452.914 ; free physical = 130 ; free virtual = 2490
Finished IO Insertion : Time (s): cpu = 00:00:39 ; elapsed = 00:00:39 . Memory (MB): peak = 1384.562 ; gain = 452.914 ; free physical = 130 ; free virtual = 2490
Finished Renaming Generated Instances : Time (s): cpu = 00:00:39 ; elapsed = 00:00:39 . Memory (MB): peak = 1384.562 ; gain = 452.914 ; free physical = 130 ; free virtual = 2490
Finished Rebuilding User Hierarchy : Time (s): cpu = 00:00:39 ; elapsed = 00:00:39 . Memory (MB): peak = 1384.562 ; gain = 452.914 ; free physical = 130 ; free virtual = 2490
Finished Renaming Generated Ports : Time (s): cpu = 00:00:39 ; elapsed = 00:00:39 . Memory (MB): peak = 1384.562 ; gain = 452.914 ; free physical = 130 ; free virtual = 2490
Finished Handling Custom Attributes : Time (s): cpu = 00:00:39 ; elapsed = 00:00:39 . Memory (MB): peak = 1384.562 ; gain = 452.914 ; free physical = 129 ; free virtual = 2490
Finished Renaming Generated Nets : Time (s): cpu = 00:00:39 ; elapsed = 00:00:39 . Memory (MB): peak = 1384.562 ; gain = 452.914 ; free physical = 129 ; free virtual = 2490

Report Cell Usage: 
+------+------+------+
|      |Cell  |Count |
+------+------+------+
|1     |LUT2  |    11|
|2     |MUXCY |     9|
|3     |XORCY |    10|
|4     |FDRE  |    10|
+------+------+------+
Finished Writing Synthesis Report : Time (s): cpu = 00:00:39 ; elapsed = 00:00:39 . Memory (MB): peak = 1384.562 ; gain = 452.914 ; free physical = 129 ; free virtual = 2489
synth_design: Time (s): cpu = 00:00:37 ; elapsed = 00:00:37 . Memory (MB): peak = 1396.562 ; gain = 397.410 ; free physical = 147 ; free virtual = 2480
