
*** Running vivado
    with args -log long_long.vds -m64 -product Vivado -mode batch -messageDb vivado.pb -notrace -source long_long.tcl

awk: symbol lookup error: awk: undefined symbol: mpfr_z_sub

****** Vivado v2016.4 (64-bit)
  **** SW Build 1756540 on Mon Jan 23 19:11:19 MST 2017
  **** IP Build 1755317 on Mon Jan 23 20:30:07 MST 2017
    ** Copyright 1986-2016 Xilinx, Inc. All Rights Reserved.

source long_long.tcl -notrace
CRITICAL WARNING: [Board 49-56] Problem parsing board file - /home/pingwin/VIVADO/Vivado/2016.4/data/boards/board_files/arty-s7-50/B.0/board.xml
awk: symbol lookup error: awk: undefined symbol: mpfr_z_sub
Starting RTL Elaboration : Time (s): cpu = 00:00:05 ; elapsed = 00:00:06 . Memory (MB): peak = 1074.742 ; gain = 143.086 ; free physical = 1047 ; free virtual = 3474
INFO: [Synth 8-638] synthesizing module 'long_long' [/home/pingwin/Dokumenty/Verilog/compound-project/YCbCr/rgb2ycbcr.srcs/sources_1/ip/long_long/synth/long_long.vhd:69]
INFO: [Synth 8-256] done synthesizing module 'long_long' (7#1) [/home/pingwin/Dokumenty/Verilog/compound-project/YCbCr/rgb2ycbcr.srcs/sources_1/ip/long_long/synth/long_long.vhd:69]
Finished RTL Elaboration : Time (s): cpu = 00:00:06 ; elapsed = 00:00:07 . Memory (MB): peak = 1120.211 ; gain = 188.555 ; free physical = 1002 ; free virtual = 3427
Finished RTL Optimization Phase 1 : Time (s): cpu = 00:00:06 ; elapsed = 00:00:07 . Memory (MB): peak = 1120.211 ; gain = 188.555 ; free physical = 1002 ; free virtual = 3427
INFO: [Device 21-403] Loading part xc7z010clg400-1
Constraint Validation Runtime : Time (s): cpu = 00:00:00.02 ; elapsed = 00:00:00.01 . Memory (MB): peak = 1403.555 ; gain = 0.000 ; free physical = 784 ; free virtual = 3227
Finished Constraint Validation : Time (s): cpu = 00:00:14 ; elapsed = 00:00:15 . Memory (MB): peak = 1403.555 ; gain = 471.898 ; free physical = 788 ; free virtual = 3221
Finished Loading Part and Timing Information : Time (s): cpu = 00:00:14 ; elapsed = 00:00:15 . Memory (MB): peak = 1403.555 ; gain = 471.898 ; free physical = 788 ; free virtual = 3221
Finished applying 'set_property' XDC Constraints : Time (s): cpu = 00:00:14 ; elapsed = 00:00:15 . Memory (MB): peak = 1403.555 ; gain = 471.898 ; free physical = 788 ; free virtual = 3221
Finished RTL Optimization Phase 2 : Time (s): cpu = 00:00:15 ; elapsed = 00:00:15 . Memory (MB): peak = 1403.555 ; gain = 471.898 ; free physical = 776 ; free virtual = 3211
Finished Cross Boundary and Area Optimization : Time (s): cpu = 00:00:15 ; elapsed = 00:00:15 . Memory (MB): peak = 1403.555 ; gain = 471.898 ; free physical = 760 ; free virtual = 3195
Finished Applying XDC Timing Constraints : Time (s): cpu = 00:00:21 ; elapsed = 00:00:22 . Memory (MB): peak = 1403.555 ; gain = 471.898 ; free physical = 732 ; free virtual = 3166
Finished Timing Optimization : Time (s): cpu = 00:00:21 ; elapsed = 00:00:22 . Memory (MB): peak = 1403.555 ; gain = 471.898 ; free physical = 732 ; free virtual = 3166
Finished Technology Mapping : Time (s): cpu = 00:00:21 ; elapsed = 00:00:22 . Memory (MB): peak = 1403.555 ; gain = 471.898 ; free physical = 723 ; free virtual = 3157
Finished IO Insertion : Time (s): cpu = 00:00:22 ; elapsed = 00:00:22 . Memory (MB): peak = 1403.555 ; gain = 471.898 ; free physical = 722 ; free virtual = 3156
Finished Renaming Generated Instances : Time (s): cpu = 00:00:22 ; elapsed = 00:00:22 . Memory (MB): peak = 1403.555 ; gain = 471.898 ; free physical = 722 ; free virtual = 3156
Finished Rebuilding User Hierarchy : Time (s): cpu = 00:00:22 ; elapsed = 00:00:22 . Memory (MB): peak = 1403.555 ; gain = 471.898 ; free physical = 722 ; free virtual = 3156
Finished Renaming Generated Ports : Time (s): cpu = 00:00:22 ; elapsed = 00:00:22 . Memory (MB): peak = 1403.555 ; gain = 471.898 ; free physical = 722 ; free virtual = 3156
Finished Handling Custom Attributes : Time (s): cpu = 00:00:22 ; elapsed = 00:00:22 . Memory (MB): peak = 1403.555 ; gain = 471.898 ; free physical = 722 ; free virtual = 3155
Finished Renaming Generated Nets : Time (s): cpu = 00:00:22 ; elapsed = 00:00:22 . Memory (MB): peak = 1403.555 ; gain = 471.898 ; free physical = 722 ; free virtual = 3155

Report Cell Usage: 
+------+------+------+
|      |Cell  |Count |
+------+------+------+
|1     |LUT2  |    19|
|2     |MUXCY |    27|
|3     |XORCY |    29|
|4     |FDRE  |    39|
+------+------+------+
Finished Writing Synthesis Report : Time (s): cpu = 00:00:22 ; elapsed = 00:00:22 . Memory (MB): peak = 1403.555 ; gain = 471.898 ; free physical = 722 ; free virtual = 3155
synth_design: Time (s): cpu = 00:00:21 ; elapsed = 00:00:21 . Memory (MB): peak = 1403.562 ; gain = 404.402 ; free physical = 705 ; free virtual = 3140
