
*** Running vivado
    with args -log summatr_12u_12u.vds -m64 -product Vivado -mode batch -messageDb vivado.pb -notrace -source summatr_12u_12u.tcl

awk: symbol lookup error: awk: undefined symbol: mpfr_z_sub

****** Vivado v2016.4 (64-bit)
  **** SW Build 1756540 on Mon Jan 23 19:11:19 MST 2017
  **** IP Build 1755317 on Mon Jan 23 20:30:07 MST 2017
    ** Copyright 1986-2016 Xilinx, Inc. All Rights Reserved.

source summatr_12u_12u.tcl -notrace
CRITICAL WARNING: [Board 49-56] Problem parsing board file - /home/pingwin/VIVADO/Vivado/2016.4/data/boards/board_files/arty-s7-50/B.0/board.xml
awk: symbol lookup error: awk: undefined symbol: mpfr_z_sub
Starting RTL Elaboration : Time (s): cpu = 00:00:10 ; elapsed = 00:00:10 . Memory (MB): peak = 1076.738 ; gain = 145.086 ; free physical = 780 ; free virtual = 3694
INFO: [Synth 8-638] synthesizing module 'summatr_12u_12u' [/home/pingwin/Dokumenty/Verilog/compound-project/vb/vb.srcs/sources_1/ip/summatr_12u_12u/synth/summatr_12u_12u.vhd:69]
INFO: [Synth 8-256] done synthesizing module 'summatr_12u_12u' (7#1) [/home/pingwin/Dokumenty/Verilog/compound-project/vb/vb.srcs/sources_1/ip/summatr_12u_12u/synth/summatr_12u_12u.vhd:69]
Finished RTL Elaboration : Time (s): cpu = 00:00:11 ; elapsed = 00:00:12 . Memory (MB): peak = 1122.207 ; gain = 190.555 ; free physical = 733 ; free virtual = 3648
Finished RTL Optimization Phase 1 : Time (s): cpu = 00:00:12 ; elapsed = 00:00:12 . Memory (MB): peak = 1122.207 ; gain = 190.555 ; free physical = 732 ; free virtual = 3647
INFO: [Device 21-403] Loading part xc7z010clg400-1
Constraint Validation Runtime : Time (s): cpu = 00:00:00.01 ; elapsed = 00:00:00.02 . Memory (MB): peak = 1397.566 ; gain = 0.000 ; free physical = 575 ; free virtual = 3490
Finished Constraint Validation : Time (s): cpu = 00:00:25 ; elapsed = 00:00:25 . Memory (MB): peak = 1397.566 ; gain = 465.914 ; free physical = 573 ; free virtual = 3489
Finished Loading Part and Timing Information : Time (s): cpu = 00:00:25 ; elapsed = 00:00:25 . Memory (MB): peak = 1397.566 ; gain = 465.914 ; free physical = 573 ; free virtual = 3489
Finished applying 'set_property' XDC Constraints : Time (s): cpu = 00:00:25 ; elapsed = 00:00:25 . Memory (MB): peak = 1397.566 ; gain = 465.914 ; free physical = 573 ; free virtual = 3489
Finished RTL Optimization Phase 2 : Time (s): cpu = 00:00:25 ; elapsed = 00:00:26 . Memory (MB): peak = 1397.566 ; gain = 465.914 ; free physical = 565 ; free virtual = 3481
Finished Cross Boundary and Area Optimization : Time (s): cpu = 00:00:25 ; elapsed = 00:00:26 . Memory (MB): peak = 1397.566 ; gain = 465.914 ; free physical = 549 ; free virtual = 3465
Finished Applying XDC Timing Constraints : Time (s): cpu = 00:00:38 ; elapsed = 00:00:38 . Memory (MB): peak = 1397.566 ; gain = 465.914 ; free physical = 458 ; free virtual = 3374
Finished Timing Optimization : Time (s): cpu = 00:00:38 ; elapsed = 00:00:38 . Memory (MB): peak = 1397.566 ; gain = 465.914 ; free physical = 458 ; free virtual = 3374
Finished Technology Mapping : Time (s): cpu = 00:00:38 ; elapsed = 00:00:38 . Memory (MB): peak = 1397.566 ; gain = 465.914 ; free physical = 449 ; free virtual = 3365
Finished IO Insertion : Time (s): cpu = 00:00:38 ; elapsed = 00:00:39 . Memory (MB): peak = 1397.566 ; gain = 465.914 ; free physical = 449 ; free virtual = 3365
Finished Renaming Generated Instances : Time (s): cpu = 00:00:38 ; elapsed = 00:00:39 . Memory (MB): peak = 1397.566 ; gain = 465.914 ; free physical = 449 ; free virtual = 3365
Finished Rebuilding User Hierarchy : Time (s): cpu = 00:00:38 ; elapsed = 00:00:39 . Memory (MB): peak = 1397.566 ; gain = 465.914 ; free physical = 449 ; free virtual = 3365
Finished Renaming Generated Ports : Time (s): cpu = 00:00:38 ; elapsed = 00:00:39 . Memory (MB): peak = 1397.566 ; gain = 465.914 ; free physical = 449 ; free virtual = 3365
Finished Handling Custom Attributes : Time (s): cpu = 00:00:38 ; elapsed = 00:00:39 . Memory (MB): peak = 1397.566 ; gain = 465.914 ; free physical = 448 ; free virtual = 3364
Finished Renaming Generated Nets : Time (s): cpu = 00:00:38 ; elapsed = 00:00:39 . Memory (MB): peak = 1397.566 ; gain = 465.914 ; free physical = 448 ; free virtual = 3364

Report Cell Usage: 
+------+------+------+
|      |Cell  |Count |
+------+------+------+
|1     |LUT2  |    12|
|2     |MUXCY |    11|
|3     |XORCY |    12|
|4     |FDRE  |    12|
+------+------+------+
Finished Writing Synthesis Report : Time (s): cpu = 00:00:38 ; elapsed = 00:00:39 . Memory (MB): peak = 1397.566 ; gain = 465.914 ; free physical = 448 ; free virtual = 3364
synth_design: Time (s): cpu = 00:00:36 ; elapsed = 00:00:37 . Memory (MB): peak = 1397.574 ; gain = 398.418 ; free physical = 434 ; free virtual = 3350
