
*** Running vivado
    with args -log cb_sum.vds -m64 -product Vivado -mode batch -messageDb vivado.pb -notrace -source cb_sum.tcl

awk: symbol lookup error: awk: undefined symbol: mpfr_z_sub

****** Vivado v2016.4 (64-bit)
  **** SW Build 1756540 on Mon Jan 23 19:11:19 MST 2017
  **** IP Build 1755317 on Mon Jan 23 20:30:07 MST 2017
    ** Copyright 1986-2016 Xilinx, Inc. All Rights Reserved.

source cb_sum.tcl -notrace
awk: symbol lookup error: awk: undefined symbol: mpfr_z_sub
Starting RTL Elaboration : Time (s): cpu = 00:00:11 ; elapsed = 00:00:11 . Memory (MB): peak = 1064.734 ; gain = 133.086 ; free physical = 518 ; free virtual = 3062
INFO: [Synth 8-638] synthesizing module 'cb_sum' [/home/pingwin/Dokumenty/Verilog/rgb2ycbcr/rgb2ycbcr.srcs/sources_1/ip/cb_sum/synth/cb_sum.vhd:69]
INFO: [Synth 8-256] done synthesizing module 'cb_sum' (7#1) [/home/pingwin/Dokumenty/Verilog/rgb2ycbcr/rgb2ycbcr.srcs/sources_1/ip/cb_sum/synth/cb_sum.vhd:69]
Finished RTL Elaboration : Time (s): cpu = 00:00:13 ; elapsed = 00:00:13 . Memory (MB): peak = 1110.203 ; gain = 178.555 ; free physical = 471 ; free virtual = 3015
Finished RTL Optimization Phase 1 : Time (s): cpu = 00:00:13 ; elapsed = 00:00:14 . Memory (MB): peak = 1110.203 ; gain = 178.555 ; free physical = 471 ; free virtual = 3015
INFO: [Device 21-403] Loading part xc7k70tfbv676-1
Constraint Validation Runtime : Time (s): cpu = 00:00:00.02 ; elapsed = 00:00:00.02 . Memory (MB): peak = 1368.281 ; gain = 0.000 ; free physical = 315 ; free virtual = 2858
Finished Constraint Validation : Time (s): cpu = 00:00:29 ; elapsed = 00:00:30 . Memory (MB): peak = 1368.281 ; gain = 436.633 ; free physical = 299 ; free virtual = 2857
Finished Loading Part and Timing Information : Time (s): cpu = 00:00:29 ; elapsed = 00:00:30 . Memory (MB): peak = 1368.281 ; gain = 436.633 ; free physical = 299 ; free virtual = 2857
Finished applying 'set_property' XDC Constraints : Time (s): cpu = 00:00:29 ; elapsed = 00:00:30 . Memory (MB): peak = 1368.281 ; gain = 436.633 ; free physical = 299 ; free virtual = 2857
Finished RTL Optimization Phase 2 : Time (s): cpu = 00:00:29 ; elapsed = 00:00:30 . Memory (MB): peak = 1368.281 ; gain = 436.633 ; free physical = 299 ; free virtual = 2857
Finished Cross Boundary and Area Optimization : Time (s): cpu = 00:00:30 ; elapsed = 00:00:30 . Memory (MB): peak = 1368.281 ; gain = 436.633 ; free physical = 289 ; free virtual = 2841
Finished Applying XDC Timing Constraints : Time (s): cpu = 00:00:43 ; elapsed = 00:00:43 . Memory (MB): peak = 1368.281 ; gain = 436.633 ; free physical = 248 ; free virtual = 2801
Finished Timing Optimization : Time (s): cpu = 00:00:43 ; elapsed = 00:00:43 . Memory (MB): peak = 1368.281 ; gain = 436.633 ; free physical = 248 ; free virtual = 2801
Finished Technology Mapping : Time (s): cpu = 00:00:43 ; elapsed = 00:00:43 . Memory (MB): peak = 1368.281 ; gain = 436.633 ; free physical = 239 ; free virtual = 2792
Finished IO Insertion : Time (s): cpu = 00:00:43 ; elapsed = 00:00:44 . Memory (MB): peak = 1368.281 ; gain = 436.633 ; free physical = 239 ; free virtual = 2792
Finished Renaming Generated Instances : Time (s): cpu = 00:00:43 ; elapsed = 00:00:44 . Memory (MB): peak = 1368.281 ; gain = 436.633 ; free physical = 239 ; free virtual = 2792
Finished Rebuilding User Hierarchy : Time (s): cpu = 00:00:43 ; elapsed = 00:00:44 . Memory (MB): peak = 1368.281 ; gain = 436.633 ; free physical = 239 ; free virtual = 2792
Finished Renaming Generated Ports : Time (s): cpu = 00:00:43 ; elapsed = 00:00:44 . Memory (MB): peak = 1368.281 ; gain = 436.633 ; free physical = 239 ; free virtual = 2792
Finished Handling Custom Attributes : Time (s): cpu = 00:00:44 ; elapsed = 00:00:44 . Memory (MB): peak = 1368.281 ; gain = 436.633 ; free physical = 238 ; free virtual = 2792
Finished Renaming Generated Nets : Time (s): cpu = 00:00:44 ; elapsed = 00:00:44 . Memory (MB): peak = 1368.281 ; gain = 436.633 ; free physical = 238 ; free virtual = 2792

Report Cell Usage: 
+------+------+------+
|      |Cell  |Count |
+------+------+------+
|1     |LUT2  |    18|
|2     |MUXCY |    17|
|3     |XORCY |    18|
|4     |FDRE  |    18|
+------+------+------+
Finished Writing Synthesis Report : Time (s): cpu = 00:00:44 ; elapsed = 00:00:44 . Memory (MB): peak = 1368.281 ; gain = 436.633 ; free physical = 238 ; free virtual = 2792
synth_design: Time (s): cpu = 00:00:42 ; elapsed = 00:00:42 . Memory (MB): peak = 1385.281 ; gain = 386.129 ; free physical = 231 ; free virtual = 2775
