Copyright 1986-2016 Xilinx, Inc. All Rights Reserved.
------------------------------------------------------------------------------------
| Tool Version : Vivado v.2016.4 (lin64) Build 1756540 Mon Jan 23 19:11:19 MST 2017
| Date         : Wed Jun  7 19:37:48 2017
| Host         : mothership running 64-bit Ubuntu 16.10
| Command      : upgrade_ip
| Device       : xc7z010clg400-1
------------------------------------------------------------------------------------

Upgrade Log for IP 'hdmi_vga_vb_0_0'

1. Summary
----------

SUCCESS in the update of hdmi_vga_vb_0_0 (user.org:user:vb:1.0 (Rev. 2)) to current project options.






Copyright 1986-2016 Xilinx, Inc. All Rights Reserved.
------------------------------------------------------------------------------------
| Tool Version : Vivado v.2016.4 (lin64) Build 1756540 Mon Jan 23 19:11:19 MST 2017
| Date         : Wed Jun  7 19:29:56 2017
| Host         : mothership running 64-bit Ubuntu 16.10
| Command      : upgrade_ip
| Device       : xc7z010clg400-1
------------------------------------------------------------------------------------

Upgrade Log for IP 'hdmi_vga_vb_0_0'

1. Summary
----------

SUCCESS in the update of hdmi_vga_vb_0_0 (user.org:user:vb:1.0 (Rev. 2)) to current project options.






Copyright 1986-2016 Xilinx, Inc. All Rights Reserved.
------------------------------------------------------------------------------------
| Tool Version : Vivado v.2016.4 (lin64) Build 1756540 Mon Jan 23 19:11:19 MST 2017
| Date         : Wed Jun  7 19:07:42 2017
| Host         : mothership running 64-bit Ubuntu 16.10
| Command      : upgrade_ip
| Device       : xc7z010clg400-1
------------------------------------------------------------------------------------

Upgrade Log for IP 'hdmi_vga_vb_0_0'

1. Summary
----------

SUCCESS in the update of hdmi_vga_vb_0_0 (user.org:user:vb:1.0 (Rev. 2)) to current project options.






Copyright 1986-2016 Xilinx, Inc. All Rights Reserved.
------------------------------------------------------------------------------------
| Tool Version : Vivado v.2016.4 (lin64) Build 1756540 Mon Jan 23 19:11:19 MST 2017
| Date         : Wed May 31 20:17:41 2017
| Host         : mothership running 64-bit Ubuntu 16.10
| Command      : upgrade_ip
| Device       : xc7z010clg400-1
------------------------------------------------------------------------------------

Upgrade Log for IP 'hdmi_vga_binarisation_0_0'

1. Summary
----------

SUCCESS in the update of hdmi_vga_binarisation_0_0 (user.org:user:binarisation:1.0 (Rev. 2)) to current project options.






Copyright 1986-2016 Xilinx, Inc. All Rights Reserved.
------------------------------------------------------------------------------------
| Tool Version : Vivado v.2016.4 (lin64) Build 1756540 Mon Jan 23 19:11:19 MST 2017
| Date         : Wed May 31 19:28:02 2017
| Host         : mothership running 64-bit Ubuntu 16.10
| Command      : upgrade_ip
| Device       : xc7z010clg400-1
------------------------------------------------------------------------------------

Upgrade Log for IP 'hdmi_vga_mux_0_0'

1. Summary
----------

SUCCESS in the upgrade of hdmi_vga_mux_0_0 (user.org:user:mux:1.0) from (Rev. 2) to (Rev. 3)






Copyright 1986-2016 Xilinx, Inc. All Rights Reserved.
------------------------------------------------------------------------------------
| Tool Version : Vivado v.2016.4 (lin64) Build 1756540 Mon Jan 23 19:11:19 MST 2017
| Date         : Wed May 31 19:22:12 2017
| Host         : mothership running 64-bit Ubuntu 16.10
| Command      : upgrade_ip
| Device       : xc7z010clg400-1
------------------------------------------------------------------------------------

Upgrade Log for IP 'hdmi_vga_mux_0_0'

1. Summary
----------

SUCCESS in the update of hdmi_vga_mux_0_0 (user.org:user:mux:1.0 (Rev. 2)) to current project options.






Copyright 1986-2016 Xilinx, Inc. All Rights Reserved.
------------------------------------------------------------------------------------
| Tool Version : Vivado v.2016.4 (lin64) Build 1756540 Mon Jan 23 19:11:19 MST 2017
| Date         : Wed May 31 19:22:12 2017
| Host         : mothership running 64-bit Ubuntu 16.10
| Command      : upgrade_ip
| Device       : xc7z010clg400-1
------------------------------------------------------------------------------------

Upgrade Log for IP 'hdmi_vga_binarisation_0_0'

1. Summary
----------

SUCCESS in the update of hdmi_vga_binarisation_0_0 (user.org:user:binarisation:1.0 (Rev. 2)) to current project options.






Copyright 1986-2016 Xilinx, Inc. All Rights Reserved.
------------------------------------------------------------------------------------
| Tool Version : Vivado v.2016.4 (lin64) Build 1756540 Mon Jan 23 19:11:19 MST 2017
| Date         : Wed May 31 18:47:56 2017
| Host         : mothership running 64-bit Ubuntu 16.10
| Command      : upgrade_ip
| Device       : xc7z010clg400-1
------------------------------------------------------------------------------------

Upgrade Log for IP 'hdmi_vga_binarisation_0_0'

1. Summary
----------

SUCCESS in the update of hdmi_vga_binarisation_0_0 (user.org:user:binarisation:1.0 (Rev. 2)) to current project options.






Copyright 1986-2016 Xilinx, Inc. All Rights Reserved.
------------------------------------------------------------------------------------
| Tool Version : Vivado v.2016.4 (lin64) Build 1756540 Mon Jan 23 19:11:19 MST 2017
| Date         : Wed May 31 18:26:21 2017
| Host         : mothership running 64-bit Ubuntu 16.10
| Command      : upgrade_ip
| Device       : xc7z010clg400-1
------------------------------------------------------------------------------------

Upgrade Log for IP 'hdmi_vga_binarisation_0_0'

1. Summary
----------

SUCCESS in the update of hdmi_vga_binarisation_0_0 (user.org:user:binarisation:1.0 (Rev. 2)) to current project options.

