
*** Running vivado
    with args -log binarisation.vdi -applog -m64 -product Vivado -messageDb vivado.pb -mode batch -source binarisation.tcl -notrace

awk: symbol lookup error: awk: undefined symbol: mpfr_z_sub

****** Vivado v2016.4 (64-bit)
  **** SW Build 1756540 on Mon Jan 23 19:11:19 MST 2017
  **** IP Build 1755317 on Mon Jan 23 20:30:07 MST 2017
    ** Copyright 1986-2016 Xilinx, Inc. All Rights Reserved.

source binarisation.tcl -notrace
Design is defaulting to srcset: sources_1
Design is defaulting to constrset: constrs_1
INFO: [Project 1-454] Reading design checkpoint '/home/pingwin/Dokumenty/Verilog/binarisation/binarisation.srcs/sources_1/ip/dist_mem_gen_0/dist_mem_gen_0.dcp' for cell 'b'
INFO: [Netlist 29-17] Analyzing 28 Unisim elements for replacement
INFO: [Netlist 29-28] Unisim Transformation completed in 0 CPU seconds
INFO: [Project 1-479] Netlist was created with Vivado 2016.4
INFO: [Device 21-403] Loading part xc7k70tfbv676-1
INFO: [Project 1-570] Preparing netlist for logic optimization
INFO: [Project 1-538] Using original IP XDC constraints instead of the XDC constraints in dcp '/home/pingwin/Dokumenty/Verilog/binarisation/binarisation.srcs/sources_1/ip/dist_mem_gen_0/dist_mem_gen_0.dcp'
INFO: [Project 1-538] Using original IP XDC constraints instead of the XDC constraints in dcp '/home/pingwin/Dokumenty/Verilog/binarisation/binarisation.srcs/sources_1/ip/dist_mem_gen_0/dist_mem_gen_0.dcp'
INFO: [Project 1-538] Using original IP XDC constraints instead of the XDC constraints in dcp '/home/pingwin/Dokumenty/Verilog/binarisation/binarisation.srcs/sources_1/ip/dist_mem_gen_0/dist_mem_gen_0.dcp'
INFO: [Opt 31-138] Pushed 0 inverter(s) to 0 load pin(s).
INFO: [Project 1-111] Unisim Transformation Summary:
No Unisim elements were transformed.

link_design: Time (s): cpu = 00:00:08 ; elapsed = 00:00:08 . Memory (MB): peak = 1205.406 ; gain = 206.246 ; free physical = 1226 ; free virtual = 3504
INFO: [Vivado_Tcl 4-424] Cannot write hardware definition file as there are no IPI block design hardware handoff files present
Command: opt_design
Attempting to get a license for feature 'Implementation' and/or device 'xc7k70t'
INFO: [Common 17-349] Got license for feature 'Implementation' and/or device 'xc7k70t'
Running DRC as a precondition to command opt_design

Starting DRC Task
INFO: [DRC 23-27] Running DRC with 4 threads
INFO: [Project 1-461] DRC finished with 0 Errors
INFO: [Project 1-462] Please refer to the DRC report (report_drc) for more information.

Time (s): cpu = 00:00:02 ; elapsed = 00:00:00.87 . Memory (MB): peak = 1263.422 ; gain = 58.016 ; free physical = 1200 ; free virtual = 3479
INFO: [Timing 38-35] Done setting XDC timing constraints.

Starting Logic Optimization Task
Implement Debug Cores | Checksum: 10be377fd

Phase 1 Retarget
INFO: [Opt 31-138] Pushed 0 inverter(s) to 0 load pin(s).
INFO: [Opt 31-49] Retargeted 0 cell(s).
Phase 1 Retarget | Checksum: 10be377fd

Time (s): cpu = 00:00:00 ; elapsed = 00:00:00.01 . Memory (MB): peak = 1696.906 ; gain = 0.000 ; free physical = 828 ; free virtual = 3123

Phase 2 Constant propagation
INFO: [Opt 31-138] Pushed 0 inverter(s) to 0 load pin(s).
INFO: [Opt 31-10] Eliminated 0 cells.
Phase 2 Constant propagation | Checksum: 10be377fd

Time (s): cpu = 00:00:00.01 ; elapsed = 00:00:00.01 . Memory (MB): peak = 1696.906 ; gain = 0.000 ; free physical = 827 ; free virtual = 3123

Phase 3 Sweep
INFO: [Opt 31-12] Eliminated 9 unconnected nets.
INFO: [Opt 31-11] Eliminated 30 unconnected cells.
Phase 3 Sweep | Checksum: 12a5ea22c

Time (s): cpu = 00:00:00.02 ; elapsed = 00:00:00.03 . Memory (MB): peak = 1696.906 ; gain = 0.000 ; free physical = 827 ; free virtual = 3123

Phase 4 BUFG optimization
INFO: [Opt 31-12] Eliminated 0 unconnected nets.
INFO: [Opt 31-11] Eliminated 0 unconnected cells.
Phase 4 BUFG optimization | Checksum: 12a5ea22c

Time (s): cpu = 00:00:00.02 ; elapsed = 00:00:00.03 . Memory (MB): peak = 1696.906 ; gain = 0.000 ; free physical = 827 ; free virtual = 3123

Starting Connectivity Check Task

Time (s): cpu = 00:00:00 ; elapsed = 00:00:00.01 . Memory (MB): peak = 1696.906 ; gain = 0.000 ; free physical = 827 ; free virtual = 3123
Ending Logic Optimization Task | Checksum: 12a5ea22c

Time (s): cpu = 00:00:00.03 ; elapsed = 00:00:00.04 . Memory (MB): peak = 1696.906 ; gain = 0.000 ; free physical = 827 ; free virtual = 3123

Starting Power Optimization Task
INFO: [Pwropt 34-132] Skipping clock gating for clocks with a period < 2.00 ns.
Ending Power Optimization Task | Checksum: 12a5ea22c

Time (s): cpu = 00:00:00.01 ; elapsed = 00:00:00.01 . Memory (MB): peak = 1696.906 ; gain = 0.000 ; free physical = 827 ; free virtual = 3123
INFO: [Common 17-83] Releasing license: Implementation
27 Infos, 0 Warnings, 0 Critical Warnings and 0 Errors encountered.
opt_design completed successfully
opt_design: Time (s): cpu = 00:00:18 ; elapsed = 00:00:17 . Memory (MB): peak = 1696.906 ; gain = 491.500 ; free physical = 827 ; free virtual = 3123
INFO: [Common 17-1381] The checkpoint '/home/pingwin/Dokumenty/Verilog/binarisation/binarisation.runs/impl_1/binarisation_opt.dcp' has been generated.
INFO: [DRC 23-27] Running DRC with 4 threads
INFO: [Coretcl 2-168] The results of DRC are in file /home/pingwin/Dokumenty/Verilog/binarisation/binarisation.runs/impl_1/binarisation_drc_opted.rpt.
INFO: [Chipscope 16-241] No debug cores found in the current design.
Before running the implement_debug_core command, either use the Set Up Debug wizard (GUI mode)
or use the create_debug_core and connect_debug_core Tcl commands to insert debug cores into the design.
Command: place_design
Attempting to get a license for feature 'Implementation' and/or device 'xc7k70t'
INFO: [Common 17-349] Got license for feature 'Implementation' and/or device 'xc7k70t'
INFO: [DRC 23-27] Running DRC with 4 threads
INFO: [Vivado_Tcl 4-198] DRC finished with 0 Errors
INFO: [Vivado_Tcl 4-199] Please refer to the DRC report (report_drc) for more information.
Running DRC as a precondition to command place_design
INFO: [DRC 23-27] Running DRC with 4 threads
INFO: [Vivado_Tcl 4-198] DRC finished with 0 Errors
INFO: [Vivado_Tcl 4-199] Please refer to the DRC report (report_drc) for more information.

Starting Placer Task
INFO: [Place 30-611] Multithreading enabled for place_design using a maximum of 4 CPUs

Phase 1 Placer Initialization
Netlist sorting complete. Time (s): cpu = 00:00:00.01 ; elapsed = 00:00:00 . Memory (MB): peak = 1728.922 ; gain = 0.000 ; free physical = 804 ; free virtual = 3104
Netlist sorting complete. Time (s): cpu = 00:00:00 ; elapsed = 00:00:00 . Memory (MB): peak = 1728.922 ; gain = 0.000 ; free physical = 804 ; free virtual = 3104

Phase 1.1 IO Placement/ Clock Placement/ Build Placer Device
INFO: [Timing 38-35] Done setting XDC timing constraints.
Phase 1.1 IO Placement/ Clock Placement/ Build Placer Device | Checksum: f058cee5

Time (s): cpu = 00:00:02 ; elapsed = 00:00:00.98 . Memory (MB): peak = 1732.922 ; gain = 4.000 ; free physical = 799 ; free virtual = 3105

Phase 1.2 Build Placer Netlist Model
Phase 1.2 Build Placer Netlist Model | Checksum: 1450198a8

Time (s): cpu = 00:00:02 ; elapsed = 00:00:01 . Memory (MB): peak = 1732.922 ; gain = 4.000 ; free physical = 797 ; free virtual = 3105

Phase 1.3 Constrain Clocks/Macros
Phase 1.3 Constrain Clocks/Macros | Checksum: 1450198a8

Time (s): cpu = 00:00:02 ; elapsed = 00:00:01 . Memory (MB): peak = 1732.922 ; gain = 4.000 ; free physical = 797 ; free virtual = 3105
Phase 1 Placer Initialization | Checksum: 1450198a8

Time (s): cpu = 00:00:02 ; elapsed = 00:00:01 . Memory (MB): peak = 1732.922 ; gain = 4.000 ; free physical = 795 ; free virtual = 3103

Phase 2 Global Placement
Phase 2 Global Placement | Checksum: 1efd2358f

Time (s): cpu = 00:00:06 ; elapsed = 00:00:03 . Memory (MB): peak = 1788.949 ; gain = 60.027 ; free physical = 787 ; free virtual = 3097

Phase 3 Detail Placement

Phase 3.1 Commit Multi Column Macros
Phase 3.1 Commit Multi Column Macros | Checksum: 1efd2358f

Time (s): cpu = 00:00:06 ; elapsed = 00:00:03 . Memory (MB): peak = 1788.949 ; gain = 60.027 ; free physical = 787 ; free virtual = 3098

Phase 3.2 Commit Most Macros & LUTRAMs
Phase 3.2 Commit Most Macros & LUTRAMs | Checksum: 199279696

Time (s): cpu = 00:00:06 ; elapsed = 00:00:03 . Memory (MB): peak = 1788.949 ; gain = 60.027 ; free physical = 787 ; free virtual = 3097

Phase 3.3 Area Swap Optimization
Phase 3.3 Area Swap Optimization | Checksum: 1cfd1bbee

Time (s): cpu = 00:00:06 ; elapsed = 00:00:03 . Memory (MB): peak = 1788.949 ; gain = 60.027 ; free physical = 787 ; free virtual = 3097

Phase 3.4 Pipeline Register Optimization
Phase 3.4 Pipeline Register Optimization | Checksum: 1cfd1bbee

Time (s): cpu = 00:00:06 ; elapsed = 00:00:03 . Memory (MB): peak = 1788.949 ; gain = 60.027 ; free physical = 786 ; free virtual = 3097

Phase 3.5 Small Shape Detail Placement
Phase 3.5 Small Shape Detail Placement | Checksum: 14aa38457

Time (s): cpu = 00:00:07 ; elapsed = 00:00:03 . Memory (MB): peak = 1788.949 ; gain = 60.027 ; free physical = 782 ; free virtual = 3094

Phase 3.6 Re-assign LUT pins
Phase 3.6 Re-assign LUT pins | Checksum: 14aa38457

Time (s): cpu = 00:00:07 ; elapsed = 00:00:03 . Memory (MB): peak = 1788.949 ; gain = 60.027 ; free physical = 782 ; free virtual = 3094

Phase 3.7 Pipeline Register Optimization
Phase 3.7 Pipeline Register Optimization | Checksum: 14aa38457

Time (s): cpu = 00:00:07 ; elapsed = 00:00:03 . Memory (MB): peak = 1788.949 ; gain = 60.027 ; free physical = 782 ; free virtual = 3094
Phase 3 Detail Placement | Checksum: 14aa38457

Time (s): cpu = 00:00:07 ; elapsed = 00:00:03 . Memory (MB): peak = 1788.949 ; gain = 60.027 ; free physical = 782 ; free virtual = 3094

Phase 4 Post Placement Optimization and Clean-Up

Phase 4.1 Post Commit Optimization
Phase 4.1 Post Commit Optimization | Checksum: 14aa38457

Time (s): cpu = 00:00:07 ; elapsed = 00:00:03 . Memory (MB): peak = 1788.949 ; gain = 60.027 ; free physical = 782 ; free virtual = 3094

Phase 4.2 Post Placement Cleanup
Phase 4.2 Post Placement Cleanup | Checksum: 14aa38457

Time (s): cpu = 00:00:07 ; elapsed = 00:00:03 . Memory (MB): peak = 1788.949 ; gain = 60.027 ; free physical = 782 ; free virtual = 3094

Phase 4.3 Placer Reporting
Phase 4.3 Placer Reporting | Checksum: 14aa38457

Time (s): cpu = 00:00:07 ; elapsed = 00:00:03 . Memory (MB): peak = 1788.949 ; gain = 60.027 ; free physical = 782 ; free virtual = 3094

Phase 4.4 Final Placement Cleanup
Phase 4.4 Final Placement Cleanup | Checksum: 14aa38457

Time (s): cpu = 00:00:07 ; elapsed = 00:00:03 . Memory (MB): peak = 1788.949 ; gain = 60.027 ; free physical = 782 ; free virtual = 3094
Phase 4 Post Placement Optimization and Clean-Up | Checksum: 14aa38457

Time (s): cpu = 00:00:07 ; elapsed = 00:00:03 . Memory (MB): peak = 1788.949 ; gain = 60.027 ; free physical = 782 ; free virtual = 3094
Ending Placer Task | Checksum: 11dee7909

Time (s): cpu = 00:00:07 ; elapsed = 00:00:03 . Memory (MB): peak = 1788.949 ; gain = 60.027 ; free physical = 782 ; free virtual = 3094
INFO: [Common 17-83] Releasing license: Implementation
41 Infos, 0 Warnings, 0 Critical Warnings and 0 Errors encountered.
place_design completed successfully
Writing placer database...
Writing XDEF routing.
Writing XDEF routing logical nets.
Writing XDEF routing special nets.
Write XDEF Complete: Time (s): cpu = 00:00:00.11 ; elapsed = 00:00:00.10 . Memory (MB): peak = 1788.949 ; gain = 0.000 ; free physical = 781 ; free virtual = 3094
INFO: [Common 17-1381] The checkpoint '/home/pingwin/Dokumenty/Verilog/binarisation/binarisation.runs/impl_1/binarisation_placed.dcp' has been generated.
report_io: Time (s): cpu = 00:00:00.34 ; elapsed = 00:00:00.42 . Memory (MB): peak = 1788.949 ; gain = 0.000 ; free physical = 775 ; free virtual = 3088
report_utilization: Time (s): cpu = 00:00:00.13 ; elapsed = 00:00:00.21 . Memory (MB): peak = 1788.949 ; gain = 0.000 ; free physical = 775 ; free virtual = 3088
report_control_sets: Time (s): cpu = 00:00:00.12 ; elapsed = 00:00:00.18 . Memory (MB): peak = 1788.949 ; gain = 0.000 ; free physical = 775 ; free virtual = 3088
Command: route_design
Attempting to get a license for feature 'Implementation' and/or device 'xc7k70t'
INFO: [Common 17-349] Got license for feature 'Implementation' and/or device 'xc7k70t'
Running DRC as a precondition to command route_design
INFO: [DRC 23-27] Running DRC with 4 threads
INFO: [Vivado_Tcl 4-198] DRC finished with 0 Errors
INFO: [Vivado_Tcl 4-199] Please refer to the DRC report (report_drc) for more information.


Starting Routing Task
INFO: [Route 35-254] Multithreading enabled for route_design using a maximum of 4 CPUs
Checksum: PlaceDB: d750c473 ConstDB: 0 ShapeSum: 469db496 RouteDB: 0

Phase 1 Build RT Design
Phase 1 Build RT Design | Checksum: eecc0019

Time (s): cpu = 00:00:21 ; elapsed = 00:00:15 . Memory (MB): peak = 1855.609 ; gain = 66.660 ; free physical = 650 ; free virtual = 2965

Phase 2 Router Initialization
INFO: [Route 35-64] No timing constraints were detected. The router will operate in resource-optimization mode.

Phase 2.1 Fix Topology Constraints
Phase 2.1 Fix Topology Constraints | Checksum: eecc0019

Time (s): cpu = 00:00:21 ; elapsed = 00:00:15 . Memory (MB): peak = 1868.609 ; gain = 79.660 ; free physical = 634 ; free virtual = 2952

Phase 2.2 Pre Route Cleanup
Phase 2.2 Pre Route Cleanup | Checksum: eecc0019

Time (s): cpu = 00:00:21 ; elapsed = 00:00:15 . Memory (MB): peak = 1868.609 ; gain = 79.660 ; free physical = 634 ; free virtual = 2952
 Number of Nodes with overlaps = 0
Phase 2 Router Initialization | Checksum: 4e5eec69

Time (s): cpu = 00:00:22 ; elapsed = 00:00:15 . Memory (MB): peak = 1880.984 ; gain = 92.035 ; free physical = 621 ; free virtual = 2939

Phase 3 Initial Routing
Phase 3 Initial Routing | Checksum: 1512733dc

Time (s): cpu = 00:00:23 ; elapsed = 00:00:16 . Memory (MB): peak = 1880.984 ; gain = 92.035 ; free physical = 621 ; free virtual = 2939

Phase 4 Rip-up And Reroute

Phase 4.1 Global Iteration 0
 Number of Nodes with overlaps = 0
Phase 4.1 Global Iteration 0 | Checksum: 93560730

Time (s): cpu = 00:00:23 ; elapsed = 00:00:16 . Memory (MB): peak = 1880.984 ; gain = 92.035 ; free physical = 621 ; free virtual = 2939
Phase 4 Rip-up And Reroute | Checksum: 93560730

Time (s): cpu = 00:00:23 ; elapsed = 00:00:16 . Memory (MB): peak = 1880.984 ; gain = 92.035 ; free physical = 621 ; free virtual = 2939

Phase 5 Delay and Skew Optimization
Phase 5 Delay and Skew Optimization | Checksum: 93560730

Time (s): cpu = 00:00:23 ; elapsed = 00:00:16 . Memory (MB): peak = 1880.984 ; gain = 92.035 ; free physical = 621 ; free virtual = 2939

Phase 6 Post Hold Fix

Phase 6.1 Hold Fix Iter
Phase 6.1 Hold Fix Iter | Checksum: 93560730

Time (s): cpu = 00:00:23 ; elapsed = 00:00:16 . Memory (MB): peak = 1880.984 ; gain = 92.035 ; free physical = 621 ; free virtual = 2939
Phase 6 Post Hold Fix | Checksum: 93560730

Time (s): cpu = 00:00:23 ; elapsed = 00:00:16 . Memory (MB): peak = 1880.984 ; gain = 92.035 ; free physical = 621 ; free virtual = 2939

Phase 7 Route finalize

Router Utilization Summary
  Global Vertical Routing Utilization    = 0.00423602 %
  Global Horizontal Routing Utilization  = 0.00350604 %
  Routable Net Status*
  *Does not include unroutable nets such as driverless and loadless.
  Run report_route_status for detailed report.
  Number of Failed Nets               = 0
  Number of Unrouted Nets             = 0
  Number of Partially Routed Nets     = 0
  Number of Node Overlaps             = 0

Congestion Report
North Dir 1x1 Area, Max Cong = 0%, No Congested Regions.
South Dir 1x1 Area, Max Cong = 13.5135%, No Congested Regions.
East Dir 1x1 Area, Max Cong = 2.94118%, No Congested Regions.
West Dir 1x1 Area, Max Cong = 7.35294%, No Congested Regions.
Phase 7 Route finalize | Checksum: 93560730

Time (s): cpu = 00:00:23 ; elapsed = 00:00:16 . Memory (MB): peak = 1880.984 ; gain = 92.035 ; free physical = 621 ; free virtual = 2939

Phase 8 Verifying routed nets

 Verification completed successfully
Phase 8 Verifying routed nets | Checksum: 93560730

Time (s): cpu = 00:00:23 ; elapsed = 00:00:16 . Memory (MB): peak = 1880.984 ; gain = 92.035 ; free physical = 621 ; free virtual = 2939

Phase 9 Depositing Routes
Phase 9 Depositing Routes | Checksum: da9efecc

Time (s): cpu = 00:00:23 ; elapsed = 00:00:16 . Memory (MB): peak = 1880.984 ; gain = 92.035 ; free physical = 621 ; free virtual = 2939
INFO: [Route 35-16] Router Completed Successfully

Time (s): cpu = 00:00:23 ; elapsed = 00:00:16 . Memory (MB): peak = 1880.984 ; gain = 92.035 ; free physical = 621 ; free virtual = 2939

Routing Is Done.
INFO: [Common 17-83] Releasing license: Implementation
50 Infos, 0 Warnings, 0 Critical Warnings and 0 Errors encountered.
route_design completed successfully
route_design: Time (s): cpu = 00:00:26 ; elapsed = 00:00:17 . Memory (MB): peak = 1921.750 ; gain = 132.801 ; free physical = 621 ; free virtual = 2939
Writing placer database...
Writing XDEF routing.
Writing XDEF routing logical nets.
Writing XDEF routing special nets.
Write XDEF Complete: Time (s): cpu = 00:00:00.05 ; elapsed = 00:00:00.02 . Memory (MB): peak = 1921.750 ; gain = 0.000 ; free physical = 620 ; free virtual = 2939
INFO: [Common 17-1381] The checkpoint '/home/pingwin/Dokumenty/Verilog/binarisation/binarisation.runs/impl_1/binarisation_routed.dcp' has been generated.
INFO: [DRC 23-27] Running DRC with 4 threads
INFO: [Coretcl 2-168] The results of DRC are in file /home/pingwin/Dokumenty/Verilog/binarisation/binarisation.runs/impl_1/binarisation_drc_routed.rpt.
INFO: [Timing 38-35] Done setting XDC timing constraints.
INFO: [DRC 23-133] Running Methodology with 4 threads
INFO: [Coretcl 2-1520] The results of Report Methodology are in file /home/pingwin/Dokumenty/Verilog/binarisation/binarisation.runs/impl_1/binarisation_methodology_drc_routed.rpt.
INFO: [Timing 38-35] Done setting XDC timing constraints.
INFO: [Timing 38-91] UpdateTimingParams: Speed grade: -1, Delay Type: min_max.
INFO: [Timing 38-191] Multithreading enabled for timing update using a maximum of 4 CPUs
INFO: [Timing 38-35] Done setting XDC timing constraints.
WARNING: [Timing 38-313] There are no user specified timing constraints. Timing constraints are needed for proper timing analysis.
Command: report_power -file binarisation_power_routed.rpt -pb binarisation_power_summary_routed.pb -rpx binarisation_power_routed.rpx
WARNING: [Power 33-232] No user defined clocks were found in the design!
Resolution: Please specify clocks using create_clock/create_generated_clock for sequential elements. For pure combinatorial circuits, please specify a virtual clock, otherwise the vectorless estimation might be inaccurate
Running Vector-less Activity Propagation...

Finished Running Vector-less Activity Propagation
60 Infos, 2 Warnings, 0 Critical Warnings and 0 Errors encountered.
report_power completed successfully
INFO: [Common 17-206] Exiting Vivado at Wed Apr  5 16:48:37 2017...
