
*** Running vivado
    with args -log c_addsub_1.vds -m64 -product Vivado -mode batch -messageDb vivado.pb -notrace -source c_addsub_1.tcl

awk: symbol lookup error: awk: undefined symbol: mpfr_z_sub

****** Vivado v2016.4 (64-bit)
  **** SW Build 1756540 on Mon Jan 23 19:11:19 MST 2017
  **** IP Build 1755317 on Mon Jan 23 20:30:07 MST 2017
    ** Copyright 1986-2016 Xilinx, Inc. All Rights Reserved.

source c_addsub_1.tcl -notrace
awk: symbol lookup error: awk: undefined symbol: mpfr_z_sub
Starting RTL Elaboration : Time (s): cpu = 00:00:12 ; elapsed = 00:00:12 . Memory (MB): peak = 1064.738 ; gain = 133.086 ; free physical = 1913 ; free virtual = 4358
INFO: [Synth 8-638] synthesizing module 'c_addsub_1' [/home/pingwin/Dokumenty/Verilog/arithm/arithm/arithm.srcs/sources_1/ip/c_addsub_1/synth/c_addsub_1.vhd:69]
INFO: [Synth 8-256] done synthesizing module 'c_addsub_1' (8#1) [/home/pingwin/Dokumenty/Verilog/arithm/arithm/arithm.srcs/sources_1/ip/c_addsub_1/synth/c_addsub_1.vhd:69]
Finished RTL Elaboration : Time (s): cpu = 00:00:14 ; elapsed = 00:00:15 . Memory (MB): peak = 1110.207 ; gain = 178.555 ; free physical = 1866 ; free virtual = 4310
Finished RTL Optimization Phase 1 : Time (s): cpu = 00:00:14 ; elapsed = 00:00:15 . Memory (MB): peak = 1110.207 ; gain = 178.555 ; free physical = 1866 ; free virtual = 4310
INFO: [Device 21-403] Loading part xc7k70tfbv676-1
Constraint Validation Runtime : Time (s): cpu = 00:00:00.02 ; elapsed = 00:00:00.02 . Memory (MB): peak = 1321.270 ; gain = 0.000 ; free physical = 1707 ; free virtual = 4152
Finished Constraint Validation : Time (s): cpu = 00:00:32 ; elapsed = 00:00:32 . Memory (MB): peak = 1321.270 ; gain = 389.617 ; free physical = 1704 ; free virtual = 4149
Finished Loading Part and Timing Information : Time (s): cpu = 00:00:32 ; elapsed = 00:00:32 . Memory (MB): peak = 1321.270 ; gain = 389.617 ; free physical = 1704 ; free virtual = 4149
Finished applying 'set_property' XDC Constraints : Time (s): cpu = 00:00:32 ; elapsed = 00:00:32 . Memory (MB): peak = 1321.270 ; gain = 389.617 ; free physical = 1703 ; free virtual = 4148
Finished RTL Optimization Phase 2 : Time (s): cpu = 00:00:32 ; elapsed = 00:00:33 . Memory (MB): peak = 1321.270 ; gain = 389.617 ; free physical = 1706 ; free virtual = 4151
Finished Cross Boundary and Area Optimization : Time (s): cpu = 00:00:33 ; elapsed = 00:00:33 . Memory (MB): peak = 1321.270 ; gain = 389.617 ; free physical = 1699 ; free virtual = 4144
Finished Applying XDC Timing Constraints : Time (s): cpu = 00:00:53 ; elapsed = 00:00:54 . Memory (MB): peak = 1374.270 ; gain = 442.617 ; free physical = 1587 ; free virtual = 4032
Finished Timing Optimization : Time (s): cpu = 00:00:53 ; elapsed = 00:00:54 . Memory (MB): peak = 1375.270 ; gain = 443.617 ; free physical = 1587 ; free virtual = 4031
Finished Technology Mapping : Time (s): cpu = 00:00:53 ; elapsed = 00:00:54 . Memory (MB): peak = 1394.301 ; gain = 462.648 ; free physical = 1569 ; free virtual = 4014
Finished IO Insertion : Time (s): cpu = 00:00:54 ; elapsed = 00:00:55 . Memory (MB): peak = 1394.301 ; gain = 462.648 ; free physical = 1569 ; free virtual = 4014
Finished Renaming Generated Instances : Time (s): cpu = 00:00:54 ; elapsed = 00:00:55 . Memory (MB): peak = 1394.301 ; gain = 462.648 ; free physical = 1569 ; free virtual = 4014
Finished Rebuilding User Hierarchy : Time (s): cpu = 00:00:54 ; elapsed = 00:00:55 . Memory (MB): peak = 1394.301 ; gain = 462.648 ; free physical = 1569 ; free virtual = 4014
Finished Renaming Generated Ports : Time (s): cpu = 00:00:54 ; elapsed = 00:00:55 . Memory (MB): peak = 1394.301 ; gain = 462.648 ; free physical = 1569 ; free virtual = 4014
Finished Handling Custom Attributes : Time (s): cpu = 00:00:54 ; elapsed = 00:00:55 . Memory (MB): peak = 1394.301 ; gain = 462.648 ; free physical = 1568 ; free virtual = 4014
Finished Renaming Generated Nets : Time (s): cpu = 00:00:54 ; elapsed = 00:00:55 . Memory (MB): peak = 1394.301 ; gain = 462.648 ; free physical = 1568 ; free virtual = 4014

Report Cell Usage: 
+------+--------+------+
|      |Cell    |Count |
+------+--------+------+
|1     |DSP48E1 |     1|
|2     |LUT3    |     1|
|3     |FDRE    |     1|
+------+--------+------+
Finished Writing Synthesis Report : Time (s): cpu = 00:00:54 ; elapsed = 00:00:55 . Memory (MB): peak = 1394.301 ; gain = 462.648 ; free physical = 1568 ; free virtual = 4014
synth_design: Time (s): cpu = 00:00:53 ; elapsed = 00:00:53 . Memory (MB): peak = 1394.309 ; gain = 395.152 ; free physical = 1571 ; free virtual = 4016
