
*** Running vivado
    with args -log sum_right_2.vds -m64 -product Vivado -mode batch -messageDb vivado.pb -notrace -source sum_right_2.tcl

awk: symbol lookup error: awk: undefined symbol: mpfr_z_sub

****** Vivado v2016.4 (64-bit)
  **** SW Build 1756540 on Mon Jan 23 19:11:19 MST 2017
  **** IP Build 1755317 on Mon Jan 23 20:30:07 MST 2017
    ** Copyright 1986-2016 Xilinx, Inc. All Rights Reserved.

source sum_right_2.tcl -notrace
awk: symbol lookup error: awk: undefined symbol: mpfr_z_sub
Starting RTL Elaboration : Time (s): cpu = 00:00:05 ; elapsed = 00:00:05 . Memory (MB): peak = 1064.742 ; gain = 133.086 ; free physical = 2243 ; free virtual = 4726
INFO: [Synth 8-638] synthesizing module 'sum_right_2' [/home/pingwin/Dokumenty/Verilog/weird_summator/weird_summator.srcs/sources_1/ip/sum_right_2/synth/sum_right_2.vhd:69]
INFO: [Synth 8-256] done synthesizing module 'sum_right_2' (7#1) [/home/pingwin/Dokumenty/Verilog/weird_summator/weird_summator.srcs/sources_1/ip/sum_right_2/synth/sum_right_2.vhd:69]
Finished RTL Elaboration : Time (s): cpu = 00:00:06 ; elapsed = 00:00:06 . Memory (MB): peak = 1110.211 ; gain = 178.555 ; free physical = 2196 ; free virtual = 4679
Finished RTL Optimization Phase 1 : Time (s): cpu = 00:00:06 ; elapsed = 00:00:06 . Memory (MB): peak = 1110.211 ; gain = 178.555 ; free physical = 2196 ; free virtual = 4679
INFO: [Device 21-403] Loading part xc7k70tfbv676-1
Constraint Validation Runtime : Time (s): cpu = 00:00:00.01 ; elapsed = 00:00:00 . Memory (MB): peak = 1386.273 ; gain = 0.000 ; free physical = 2038 ; free virtual = 4521
Finished Constraint Validation : Time (s): cpu = 00:00:13 ; elapsed = 00:00:13 . Memory (MB): peak = 1386.273 ; gain = 454.617 ; free physical = 2037 ; free virtual = 4521
Finished Loading Part and Timing Information : Time (s): cpu = 00:00:13 ; elapsed = 00:00:13 . Memory (MB): peak = 1386.273 ; gain = 454.617 ; free physical = 2037 ; free virtual = 4521
Finished applying 'set_property' XDC Constraints : Time (s): cpu = 00:00:13 ; elapsed = 00:00:13 . Memory (MB): peak = 1386.273 ; gain = 454.617 ; free physical = 2037 ; free virtual = 4521
Finished RTL Optimization Phase 2 : Time (s): cpu = 00:00:13 ; elapsed = 00:00:13 . Memory (MB): peak = 1386.273 ; gain = 454.617 ; free physical = 2030 ; free virtual = 4514
Finished Cross Boundary and Area Optimization : Time (s): cpu = 00:00:13 ; elapsed = 00:00:13 . Memory (MB): peak = 1386.273 ; gain = 454.617 ; free physical = 2014 ; free virtual = 4498
Finished Applying XDC Timing Constraints : Time (s): cpu = 00:00:19 ; elapsed = 00:00:19 . Memory (MB): peak = 1386.273 ; gain = 454.617 ; free physical = 1983 ; free virtual = 4466
Finished Timing Optimization : Time (s): cpu = 00:00:19 ; elapsed = 00:00:19 . Memory (MB): peak = 1386.273 ; gain = 454.617 ; free physical = 1983 ; free virtual = 4466
Finished Technology Mapping : Time (s): cpu = 00:00:19 ; elapsed = 00:00:19 . Memory (MB): peak = 1386.273 ; gain = 454.617 ; free physical = 1974 ; free virtual = 4457
Finished IO Insertion : Time (s): cpu = 00:00:19 ; elapsed = 00:00:19 . Memory (MB): peak = 1386.273 ; gain = 454.617 ; free physical = 1974 ; free virtual = 4457
Finished Renaming Generated Instances : Time (s): cpu = 00:00:19 ; elapsed = 00:00:19 . Memory (MB): peak = 1386.273 ; gain = 454.617 ; free physical = 1974 ; free virtual = 4457
Finished Rebuilding User Hierarchy : Time (s): cpu = 00:00:19 ; elapsed = 00:00:19 . Memory (MB): peak = 1386.273 ; gain = 454.617 ; free physical = 1974 ; free virtual = 4457
Finished Renaming Generated Ports : Time (s): cpu = 00:00:19 ; elapsed = 00:00:19 . Memory (MB): peak = 1386.273 ; gain = 454.617 ; free physical = 1974 ; free virtual = 4457
Finished Handling Custom Attributes : Time (s): cpu = 00:00:19 ; elapsed = 00:00:19 . Memory (MB): peak = 1386.273 ; gain = 454.617 ; free physical = 1973 ; free virtual = 4456
Finished Renaming Generated Nets : Time (s): cpu = 00:00:19 ; elapsed = 00:00:19 . Memory (MB): peak = 1386.273 ; gain = 454.617 ; free physical = 1973 ; free virtual = 4456

Report Cell Usage: 
+------+------+------+
|      |Cell  |Count |
+------+------+------+
|1     |LUT2  |    13|
|2     |MUXCY |    25|
|3     |XORCY |    27|
|4     |FDRE  |    37|
+------+------+------+
Finished Writing Synthesis Report : Time (s): cpu = 00:00:19 ; elapsed = 00:00:19 . Memory (MB): peak = 1386.273 ; gain = 454.617 ; free physical = 1973 ; free virtual = 4456
synth_design: Time (s): cpu = 00:00:19 ; elapsed = 00:00:19 . Memory (MB): peak = 1386.281 ; gain = 387.121 ; free physical = 1955 ; free virtual = 4438
