
*** Running vivado
    with args -log unsigned_mul.vds -m64 -product Vivado -mode batch -messageDb vivado.pb -notrace -source unsigned_mul.tcl

awk: symbol lookup error: awk: undefined symbol: mpfr_z_sub

****** Vivado v2016.4 (64-bit)
  **** SW Build 1756540 on Mon Jan 23 19:11:19 MST 2017
  **** IP Build 1755317 on Mon Jan 23 20:30:07 MST 2017
    ** Copyright 1986-2016 Xilinx, Inc. All Rights Reserved.

source unsigned_mul.tcl -notrace
CRITICAL WARNING: [Board 49-56] Problem parsing board file - /home/pingwin/VIVADO/Vivado/2016.4/data/boards/board_files/arty-s7-50/B.0/board.xml
awk: symbol lookup error: awk: undefined symbol: mpfr_z_sub
Starting RTL Elaboration : Time (s): cpu = 00:00:06 ; elapsed = 00:00:06 . Memory (MB): peak = 1073.742 ; gain = 142.086 ; free physical = 1151 ; free virtual = 3529
INFO: [Synth 8-638] synthesizing module 'unsigned_mul' [/home/pingwin/Dokumenty/Verilog/compound-project/YCbCr/rgb2ycbcr.srcs/sources_1/ip/unsigned_mul_1/synth/unsigned_mul.vhd:68]
INFO: [Synth 8-256] done synthesizing module 'unsigned_mul' (6#1) [/home/pingwin/Dokumenty/Verilog/compound-project/YCbCr/rgb2ycbcr.srcs/sources_1/ip/unsigned_mul_1/synth/unsigned_mul.vhd:68]
Finished RTL Elaboration : Time (s): cpu = 00:00:07 ; elapsed = 00:00:07 . Memory (MB): peak = 1126.211 ; gain = 194.555 ; free physical = 1086 ; free virtual = 3476
Finished RTL Optimization Phase 1 : Time (s): cpu = 00:00:07 ; elapsed = 00:00:08 . Memory (MB): peak = 1126.211 ; gain = 194.555 ; free physical = 1086 ; free virtual = 3476
INFO: [Device 21-403] Loading part xc7z010clg400-1
Constraint Validation Runtime : Time (s): cpu = 00:00:00.01 ; elapsed = 00:00:00.01 . Memory (MB): peak = 1411.570 ; gain = 0.000 ; free physical = 939 ; free virtual = 3320
Finished Constraint Validation : Time (s): cpu = 00:00:15 ; elapsed = 00:00:15 . Memory (MB): peak = 1411.570 ; gain = 479.914 ; free physical = 933 ; free virtual = 3313
Finished Loading Part and Timing Information : Time (s): cpu = 00:00:15 ; elapsed = 00:00:15 . Memory (MB): peak = 1411.570 ; gain = 479.914 ; free physical = 933 ; free virtual = 3313
Finished applying 'set_property' XDC Constraints : Time (s): cpu = 00:00:15 ; elapsed = 00:00:15 . Memory (MB): peak = 1411.570 ; gain = 479.914 ; free physical = 933 ; free virtual = 3313
Finished RTL Optimization Phase 2 : Time (s): cpu = 00:00:15 ; elapsed = 00:00:15 . Memory (MB): peak = 1411.570 ; gain = 479.914 ; free physical = 925 ; free virtual = 3306
Finished Cross Boundary and Area Optimization : Time (s): cpu = 00:00:15 ; elapsed = 00:00:16 . Memory (MB): peak = 1411.570 ; gain = 479.914 ; free physical = 915 ; free virtual = 3297
Finished Applying XDC Timing Constraints : Time (s): cpu = 00:00:25 ; elapsed = 00:00:25 . Memory (MB): peak = 1411.570 ; gain = 479.914 ; free physical = 841 ; free virtual = 3222
Finished Timing Optimization : Time (s): cpu = 00:00:25 ; elapsed = 00:00:25 . Memory (MB): peak = 1411.570 ; gain = 479.914 ; free physical = 840 ; free virtual = 3222
Finished Technology Mapping : Time (s): cpu = 00:00:25 ; elapsed = 00:00:25 . Memory (MB): peak = 1412.578 ; gain = 480.922 ; free physical = 831 ; free virtual = 3212
Finished IO Insertion : Time (s): cpu = 00:00:25 ; elapsed = 00:00:26 . Memory (MB): peak = 1412.578 ; gain = 480.922 ; free physical = 831 ; free virtual = 3212
Finished Renaming Generated Instances : Time (s): cpu = 00:00:25 ; elapsed = 00:00:26 . Memory (MB): peak = 1412.578 ; gain = 480.922 ; free physical = 831 ; free virtual = 3212
Finished Rebuilding User Hierarchy : Time (s): cpu = 00:00:25 ; elapsed = 00:00:26 . Memory (MB): peak = 1412.578 ; gain = 480.922 ; free physical = 831 ; free virtual = 3212
Finished Renaming Generated Ports : Time (s): cpu = 00:00:25 ; elapsed = 00:00:26 . Memory (MB): peak = 1412.578 ; gain = 480.922 ; free physical = 831 ; free virtual = 3212
Finished Handling Custom Attributes : Time (s): cpu = 00:00:25 ; elapsed = 00:00:26 . Memory (MB): peak = 1412.578 ; gain = 480.922 ; free physical = 830 ; free virtual = 3212
Finished Renaming Generated Nets : Time (s): cpu = 00:00:25 ; elapsed = 00:00:26 . Memory (MB): peak = 1412.578 ; gain = 480.922 ; free physical = 830 ; free virtual = 3212

Report Cell Usage: 
+------+--------+------+
|      |Cell    |Count |
+------+--------+------+
|1     |DSP48E1 |     1|
+------+--------+------+
Finished Writing Synthesis Report : Time (s): cpu = 00:00:25 ; elapsed = 00:00:26 . Memory (MB): peak = 1412.578 ; gain = 480.922 ; free physical = 830 ; free virtual = 3212
synth_design: Time (s): cpu = 00:00:25 ; elapsed = 00:00:25 . Memory (MB): peak = 1412.586 ; gain = 413.426 ; free physical = 834 ; free virtual = 3215
