
*** Running vivado
    with args -log mult_gen_0.vds -m64 -product Vivado -mode batch -messageDb vivado.pb -notrace -source mult_gen_0.tcl

awk: symbol lookup error: awk: undefined symbol: mpfr_z_sub

****** Vivado v2016.4 (64-bit)
  **** SW Build 1756540 on Mon Jan 23 19:11:19 MST 2017
  **** IP Build 1755317 on Mon Jan 23 20:30:07 MST 2017
    ** Copyright 1986-2016 Xilinx, Inc. All Rights Reserved.

source mult_gen_0.tcl -notrace
awk: symbol lookup error: awk: undefined symbol: mpfr_z_sub
Starting RTL Elaboration : Time (s): cpu = 00:00:10 ; elapsed = 00:00:10 . Memory (MB): peak = 1063.742 ; gain = 132.086 ; free physical = 789 ; free virtual = 4065
INFO: [Synth 8-638] synthesizing module 'mult_gen_0' [/home/pingwin/Dokumenty/Verilog/arithm/arithm/arithm.srcs/sources_1/ip/mult_gen_0_1/synth/mult_gen_0.vhd:69]
INFO: [Synth 8-256] done synthesizing module 'mult_gen_0' (6#1) [/home/pingwin/Dokumenty/Verilog/arithm/arithm/arithm.srcs/sources_1/ip/mult_gen_0_1/synth/mult_gen_0.vhd:69]
Finished RTL Elaboration : Time (s): cpu = 00:00:12 ; elapsed = 00:00:12 . Memory (MB): peak = 1114.211 ; gain = 182.555 ; free physical = 733 ; free virtual = 4010
Finished RTL Optimization Phase 1 : Time (s): cpu = 00:00:12 ; elapsed = 00:00:13 . Memory (MB): peak = 1114.211 ; gain = 182.555 ; free physical = 733 ; free virtual = 4010
INFO: [Device 21-403] Loading part xc7k70tfbv676-1
Constraint Validation Runtime : Time (s): cpu = 00:00:00.02 ; elapsed = 00:00:00.02 . Memory (MB): peak = 1400.375 ; gain = 0.000 ; free physical = 533 ; free virtual = 3856
Finished Constraint Validation : Time (s): cpu = 00:00:26 ; elapsed = 00:00:26 . Memory (MB): peak = 1400.375 ; gain = 468.719 ; free physical = 529 ; free virtual = 3855
Finished Loading Part and Timing Information : Time (s): cpu = 00:00:26 ; elapsed = 00:00:26 . Memory (MB): peak = 1400.375 ; gain = 468.719 ; free physical = 529 ; free virtual = 3855
Finished applying 'set_property' XDC Constraints : Time (s): cpu = 00:00:26 ; elapsed = 00:00:26 . Memory (MB): peak = 1400.375 ; gain = 468.719 ; free physical = 529 ; free virtual = 3855
Finished RTL Optimization Phase 2 : Time (s): cpu = 00:00:26 ; elapsed = 00:00:26 . Memory (MB): peak = 1400.375 ; gain = 468.719 ; free physical = 529 ; free virtual = 3855
Finished Cross Boundary and Area Optimization : Time (s): cpu = 00:00:26 ; elapsed = 00:00:27 . Memory (MB): peak = 1400.375 ; gain = 468.719 ; free physical = 520 ; free virtual = 3847
Finished Applying XDC Timing Constraints : Time (s): cpu = 00:00:43 ; elapsed = 00:00:44 . Memory (MB): peak = 1400.375 ; gain = 468.719 ; free physical = 427 ; free virtual = 3778
Finished Timing Optimization : Time (s): cpu = 00:00:43 ; elapsed = 00:00:44 . Memory (MB): peak = 1400.375 ; gain = 468.719 ; free physical = 428 ; free virtual = 3779
Finished Technology Mapping : Time (s): cpu = 00:00:43 ; elapsed = 00:00:44 . Memory (MB): peak = 1400.375 ; gain = 468.719 ; free physical = 408 ; free virtual = 3770
Finished IO Insertion : Time (s): cpu = 00:00:44 ; elapsed = 00:00:45 . Memory (MB): peak = 1400.375 ; gain = 468.719 ; free physical = 391 ; free virtual = 3751
Finished Renaming Generated Instances : Time (s): cpu = 00:00:44 ; elapsed = 00:00:45 . Memory (MB): peak = 1400.375 ; gain = 468.719 ; free physical = 391 ; free virtual = 3751
Finished Rebuilding User Hierarchy : Time (s): cpu = 00:00:44 ; elapsed = 00:00:45 . Memory (MB): peak = 1400.375 ; gain = 468.719 ; free physical = 391 ; free virtual = 3751
Finished Renaming Generated Ports : Time (s): cpu = 00:00:44 ; elapsed = 00:00:45 . Memory (MB): peak = 1400.375 ; gain = 468.719 ; free physical = 391 ; free virtual = 3751
Finished Handling Custom Attributes : Time (s): cpu = 00:00:44 ; elapsed = 00:00:45 . Memory (MB): peak = 1400.375 ; gain = 468.719 ; free physical = 392 ; free virtual = 3752
Finished Renaming Generated Nets : Time (s): cpu = 00:00:44 ; elapsed = 00:00:45 . Memory (MB): peak = 1400.375 ; gain = 468.719 ; free physical = 392 ; free virtual = 3752

Report Cell Usage: 
+------+--------+------+
|      |Cell    |Count |
+------+--------+------+
|1     |DSP48E1 |     1|
+------+--------+------+
Finished Writing Synthesis Report : Time (s): cpu = 00:00:44 ; elapsed = 00:00:45 . Memory (MB): peak = 1400.375 ; gain = 468.719 ; free physical = 392 ; free virtual = 3752
synth_design: Time (s): cpu = 00:00:43 ; elapsed = 00:00:44 . Memory (MB): peak = 1400.383 ; gain = 401.223 ; free physical = 416 ; free virtual = 3758
