
*** Running vivado
    with args -log c_addsub_0.vds -m64 -product Vivado -mode batch -messageDb vivado.pb -notrace -source c_addsub_0.tcl

awk: symbol lookup error: awk: undefined symbol: mpfr_z_sub

****** Vivado v2016.4 (64-bit)
  **** SW Build 1756540 on Mon Jan 23 19:11:19 MST 2017
  **** IP Build 1755317 on Mon Jan 23 20:30:07 MST 2017
    ** Copyright 1986-2016 Xilinx, Inc. All Rights Reserved.

source c_addsub_0.tcl -notrace
awk: symbol lookup error: awk: undefined symbol: mpfr_z_sub
Starting RTL Elaboration : Time (s): cpu = 00:00:09 ; elapsed = 00:00:10 . Memory (MB): peak = 1064.734 ; gain = 133.086 ; free physical = 488 ; free virtual = 3921
INFO: [Synth 8-638] synthesizing module 'c_addsub_0' [/home/pingwin/Dokumenty/Verilog/arithm/arithm/arithm.srcs/sources_1/ip/c_addsub_0/synth/c_addsub_0.vhd:69]
INFO: [Synth 8-256] done synthesizing module 'c_addsub_0' (8#1) [/home/pingwin/Dokumenty/Verilog/arithm/arithm/arithm.srcs/sources_1/ip/c_addsub_0/synth/c_addsub_0.vhd:69]
Finished RTL Elaboration : Time (s): cpu = 00:00:11 ; elapsed = 00:00:11 . Memory (MB): peak = 1110.203 ; gain = 178.555 ; free physical = 441 ; free virtual = 3874
Finished RTL Optimization Phase 1 : Time (s): cpu = 00:00:11 ; elapsed = 00:00:12 . Memory (MB): peak = 1110.203 ; gain = 178.555 ; free physical = 441 ; free virtual = 3874
INFO: [Device 21-403] Loading part xc7k70tfbv676-1
Constraint Validation Runtime : Time (s): cpu = 00:00:00.02 ; elapsed = 00:00:00.02 . Memory (MB): peak = 1321.266 ; gain = 0.000 ; free physical = 278 ; free virtual = 3711
Finished Constraint Validation : Time (s): cpu = 00:00:25 ; elapsed = 00:00:25 . Memory (MB): peak = 1321.266 ; gain = 389.617 ; free physical = 282 ; free virtual = 3715
Finished Loading Part and Timing Information : Time (s): cpu = 00:00:25 ; elapsed = 00:00:25 . Memory (MB): peak = 1321.266 ; gain = 389.617 ; free physical = 282 ; free virtual = 3715
Finished applying 'set_property' XDC Constraints : Time (s): cpu = 00:00:25 ; elapsed = 00:00:25 . Memory (MB): peak = 1321.266 ; gain = 389.617 ; free physical = 282 ; free virtual = 3715
Finished RTL Optimization Phase 2 : Time (s): cpu = 00:00:25 ; elapsed = 00:00:25 . Memory (MB): peak = 1321.266 ; gain = 389.617 ; free physical = 282 ; free virtual = 3715
Finished Cross Boundary and Area Optimization : Time (s): cpu = 00:00:25 ; elapsed = 00:00:26 . Memory (MB): peak = 1321.266 ; gain = 389.617 ; free physical = 274 ; free virtual = 3708
Finished Applying XDC Timing Constraints : Time (s): cpu = 00:00:41 ; elapsed = 00:00:41 . Memory (MB): peak = 1374.266 ; gain = 442.617 ; free physical = 199 ; free virtual = 3634
Finished Timing Optimization : Time (s): cpu = 00:00:41 ; elapsed = 00:00:41 . Memory (MB): peak = 1375.266 ; gain = 443.617 ; free physical = 198 ; free virtual = 3634
Finished Technology Mapping : Time (s): cpu = 00:00:41 ; elapsed = 00:00:41 . Memory (MB): peak = 1394.297 ; gain = 462.648 ; free physical = 181 ; free virtual = 3616
Finished IO Insertion : Time (s): cpu = 00:00:41 ; elapsed = 00:00:42 . Memory (MB): peak = 1394.297 ; gain = 462.648 ; free physical = 181 ; free virtual = 3616
Finished Renaming Generated Instances : Time (s): cpu = 00:00:41 ; elapsed = 00:00:42 . Memory (MB): peak = 1394.297 ; gain = 462.648 ; free physical = 181 ; free virtual = 3616
Finished Rebuilding User Hierarchy : Time (s): cpu = 00:00:41 ; elapsed = 00:00:42 . Memory (MB): peak = 1394.297 ; gain = 462.648 ; free physical = 181 ; free virtual = 3616
Finished Renaming Generated Ports : Time (s): cpu = 00:00:41 ; elapsed = 00:00:42 . Memory (MB): peak = 1394.297 ; gain = 462.648 ; free physical = 181 ; free virtual = 3616
Finished Handling Custom Attributes : Time (s): cpu = 00:00:41 ; elapsed = 00:00:42 . Memory (MB): peak = 1394.297 ; gain = 462.648 ; free physical = 181 ; free virtual = 3616
Finished Renaming Generated Nets : Time (s): cpu = 00:00:41 ; elapsed = 00:00:42 . Memory (MB): peak = 1394.297 ; gain = 462.648 ; free physical = 181 ; free virtual = 3616

Report Cell Usage: 
+------+--------+------+
|      |Cell    |Count |
+------+--------+------+
|1     |DSP48E1 |     1|
|2     |LUT3    |     1|
|3     |FDRE    |     1|
+------+--------+------+
Finished Writing Synthesis Report : Time (s): cpu = 00:00:41 ; elapsed = 00:00:42 . Memory (MB): peak = 1394.297 ; gain = 462.648 ; free physical = 181 ; free virtual = 3616
synth_design: Time (s): cpu = 00:00:40 ; elapsed = 00:00:40 . Memory (MB): peak = 1394.305 ; gain = 395.152 ; free physical = 183 ; free virtual = 3619
