
*** Running vivado
    with args -log Y_sum.vds -m64 -product Vivado -mode batch -messageDb vivado.pb -notrace -source Y_sum.tcl

awk: symbol lookup error: awk: undefined symbol: mpfr_z_sub

****** Vivado v2016.4 (64-bit)
  **** SW Build 1756540 on Mon Jan 23 19:11:19 MST 2017
  **** IP Build 1755317 on Mon Jan 23 20:30:07 MST 2017
    ** Copyright 1986-2016 Xilinx, Inc. All Rights Reserved.

source Y_sum.tcl -notrace
awk: symbol lookup error: awk: undefined symbol: mpfr_z_sub
Starting RTL Elaboration : Time (s): cpu = 00:00:11 ; elapsed = 00:00:11 . Memory (MB): peak = 1064.738 ; gain = 133.086 ; free physical = 554 ; free virtual = 3817
INFO: [Synth 8-638] synthesizing module 'Y_sum' [/home/pingwin/Dokumenty/Verilog/matrix_mult/matrix_mult.srcs/sources_1/ip/Y_sum/synth/Y_sum.vhd:69]
INFO: [Synth 8-256] done synthesizing module 'Y_sum' (7#1) [/home/pingwin/Dokumenty/Verilog/matrix_mult/matrix_mult.srcs/sources_1/ip/Y_sum/synth/Y_sum.vhd:69]
Finished RTL Elaboration : Time (s): cpu = 00:00:14 ; elapsed = 00:00:14 . Memory (MB): peak = 1110.207 ; gain = 178.555 ; free physical = 509 ; free virtual = 3772
Finished RTL Optimization Phase 1 : Time (s): cpu = 00:00:14 ; elapsed = 00:00:14 . Memory (MB): peak = 1110.207 ; gain = 178.555 ; free physical = 509 ; free virtual = 3772
INFO: [Device 21-403] Loading part xc7k70tfbv676-1
Constraint Validation Runtime : Time (s): cpu = 00:00:00.02 ; elapsed = 00:00:00.02 . Memory (MB): peak = 1398.277 ; gain = 0.000 ; free physical = 350 ; free virtual = 3613
Finished Constraint Validation : Time (s): cpu = 00:00:30 ; elapsed = 00:00:31 . Memory (MB): peak = 1398.277 ; gain = 466.625 ; free physical = 342 ; free virtual = 3616
Finished Loading Part and Timing Information : Time (s): cpu = 00:00:30 ; elapsed = 00:00:31 . Memory (MB): peak = 1398.277 ; gain = 466.625 ; free physical = 342 ; free virtual = 3616
Finished applying 'set_property' XDC Constraints : Time (s): cpu = 00:00:30 ; elapsed = 00:00:31 . Memory (MB): peak = 1398.277 ; gain = 466.625 ; free physical = 342 ; free virtual = 3616
Finished RTL Optimization Phase 2 : Time (s): cpu = 00:00:31 ; elapsed = 00:00:31 . Memory (MB): peak = 1398.277 ; gain = 466.625 ; free physical = 342 ; free virtual = 3616
Finished Cross Boundary and Area Optimization : Time (s): cpu = 00:00:31 ; elapsed = 00:00:31 . Memory (MB): peak = 1398.277 ; gain = 466.625 ; free physical = 336 ; free virtual = 3600
Finished Applying XDC Timing Constraints : Time (s): cpu = 00:00:45 ; elapsed = 00:00:45 . Memory (MB): peak = 1398.277 ; gain = 466.625 ; free physical = 222 ; free virtual = 3501
Finished Timing Optimization : Time (s): cpu = 00:00:45 ; elapsed = 00:00:45 . Memory (MB): peak = 1398.277 ; gain = 466.625 ; free physical = 222 ; free virtual = 3501
Finished Technology Mapping : Time (s): cpu = 00:00:45 ; elapsed = 00:00:46 . Memory (MB): peak = 1398.277 ; gain = 466.625 ; free physical = 213 ; free virtual = 3492
Finished IO Insertion : Time (s): cpu = 00:00:46 ; elapsed = 00:00:46 . Memory (MB): peak = 1398.277 ; gain = 466.625 ; free physical = 213 ; free virtual = 3492
Finished Renaming Generated Instances : Time (s): cpu = 00:00:46 ; elapsed = 00:00:46 . Memory (MB): peak = 1398.277 ; gain = 466.625 ; free physical = 213 ; free virtual = 3492
Finished Rebuilding User Hierarchy : Time (s): cpu = 00:00:46 ; elapsed = 00:00:46 . Memory (MB): peak = 1398.277 ; gain = 466.625 ; free physical = 213 ; free virtual = 3492
Finished Renaming Generated Ports : Time (s): cpu = 00:00:46 ; elapsed = 00:00:46 . Memory (MB): peak = 1398.277 ; gain = 466.625 ; free physical = 213 ; free virtual = 3492
Finished Handling Custom Attributes : Time (s): cpu = 00:00:46 ; elapsed = 00:00:46 . Memory (MB): peak = 1398.277 ; gain = 466.625 ; free physical = 213 ; free virtual = 3491
Finished Renaming Generated Nets : Time (s): cpu = 00:00:46 ; elapsed = 00:00:46 . Memory (MB): peak = 1398.277 ; gain = 466.625 ; free physical = 213 ; free virtual = 3491

Report Cell Usage: 
+------+------+------+
|      |Cell  |Count |
+------+------+------+
|1     |LUT2  |    22|
|2     |MUXCY |    31|
|3     |XORCY |    33|
|4     |FDRE  |    45|
+------+------+------+
Finished Writing Synthesis Report : Time (s): cpu = 00:00:46 ; elapsed = 00:00:46 . Memory (MB): peak = 1398.277 ; gain = 466.625 ; free physical = 213 ; free virtual = 3491
synth_design: Time (s): cpu = 00:00:44 ; elapsed = 00:00:44 . Memory (MB): peak = 1398.285 ; gain = 399.129 ; free physical = 194 ; free virtual = 3473
