
*** Running vivado
    with args -log long_short.vds -m64 -product Vivado -mode batch -messageDb vivado.pb -notrace -source long_short.tcl

awk: symbol lookup error: awk: undefined symbol: mpfr_z_sub

****** Vivado v2016.4 (64-bit)
  **** SW Build 1756540 on Mon Jan 23 19:11:19 MST 2017
  **** IP Build 1755317 on Mon Jan 23 20:30:07 MST 2017
    ** Copyright 1986-2016 Xilinx, Inc. All Rights Reserved.

source long_short.tcl -notrace
CRITICAL WARNING: [Board 49-56] Problem parsing board file - /home/pingwin/VIVADO/Vivado/2016.4/data/boards/board_files/arty-s7-50/B.0/board.xml
awk: symbol lookup error: awk: undefined symbol: mpfr_z_sub
Starting RTL Elaboration : Time (s): cpu = 00:00:05 ; elapsed = 00:00:06 . Memory (MB): peak = 1074.738 ; gain = 143.086 ; free physical = 797 ; free virtual = 3327
INFO: [Synth 8-638] synthesizing module 'long_short' [/home/pingwin/Dokumenty/Verilog/compound-project/YCbCr/rgb2ycbcr.srcs/sources_1/ip/long_short/synth/long_short.vhd:69]
INFO: [Synth 8-256] done synthesizing module 'long_short' (7#1) [/home/pingwin/Dokumenty/Verilog/compound-project/YCbCr/rgb2ycbcr.srcs/sources_1/ip/long_short/synth/long_short.vhd:69]
Finished RTL Elaboration : Time (s): cpu = 00:00:06 ; elapsed = 00:00:07 . Memory (MB): peak = 1120.207 ; gain = 188.555 ; free physical = 749 ; free virtual = 3280
Finished RTL Optimization Phase 1 : Time (s): cpu = 00:00:07 ; elapsed = 00:00:07 . Memory (MB): peak = 1120.207 ; gain = 188.555 ; free physical = 749 ; free virtual = 3280
INFO: [Device 21-403] Loading part xc7z010clg400-1
Constraint Validation Runtime : Time (s): cpu = 00:00:00.01 ; elapsed = 00:00:00.01 . Memory (MB): peak = 1397.551 ; gain = 0.000 ; free physical = 590 ; free virtual = 3121
Finished Constraint Validation : Time (s): cpu = 00:00:14 ; elapsed = 00:00:14 . Memory (MB): peak = 1397.551 ; gain = 465.898 ; free physical = 592 ; free virtual = 3122
Finished Loading Part and Timing Information : Time (s): cpu = 00:00:14 ; elapsed = 00:00:14 . Memory (MB): peak = 1397.551 ; gain = 465.898 ; free physical = 592 ; free virtual = 3122
Finished applying 'set_property' XDC Constraints : Time (s): cpu = 00:00:14 ; elapsed = 00:00:14 . Memory (MB): peak = 1397.551 ; gain = 465.898 ; free physical = 592 ; free virtual = 3122
Finished RTL Optimization Phase 2 : Time (s): cpu = 00:00:14 ; elapsed = 00:00:14 . Memory (MB): peak = 1397.551 ; gain = 465.898 ; free physical = 584 ; free virtual = 3115
Finished Cross Boundary and Area Optimization : Time (s): cpu = 00:00:14 ; elapsed = 00:00:14 . Memory (MB): peak = 1397.551 ; gain = 465.898 ; free physical = 568 ; free virtual = 3099
Finished Applying XDC Timing Constraints : Time (s): cpu = 00:00:20 ; elapsed = 00:00:20 . Memory (MB): peak = 1397.551 ; gain = 465.898 ; free physical = 532 ; free virtual = 3063
Finished Timing Optimization : Time (s): cpu = 00:00:20 ; elapsed = 00:00:20 . Memory (MB): peak = 1397.551 ; gain = 465.898 ; free physical = 532 ; free virtual = 3063
Finished Technology Mapping : Time (s): cpu = 00:00:20 ; elapsed = 00:00:20 . Memory (MB): peak = 1397.551 ; gain = 465.898 ; free physical = 523 ; free virtual = 3054
Finished IO Insertion : Time (s): cpu = 00:00:20 ; elapsed = 00:00:21 . Memory (MB): peak = 1397.551 ; gain = 465.898 ; free physical = 523 ; free virtual = 3054
Finished Renaming Generated Instances : Time (s): cpu = 00:00:20 ; elapsed = 00:00:21 . Memory (MB): peak = 1397.551 ; gain = 465.898 ; free physical = 523 ; free virtual = 3054
Finished Rebuilding User Hierarchy : Time (s): cpu = 00:00:20 ; elapsed = 00:00:21 . Memory (MB): peak = 1397.551 ; gain = 465.898 ; free physical = 523 ; free virtual = 3054
Finished Renaming Generated Ports : Time (s): cpu = 00:00:20 ; elapsed = 00:00:21 . Memory (MB): peak = 1397.551 ; gain = 465.898 ; free physical = 523 ; free virtual = 3054
Finished Handling Custom Attributes : Time (s): cpu = 00:00:20 ; elapsed = 00:00:21 . Memory (MB): peak = 1397.551 ; gain = 465.898 ; free physical = 523 ; free virtual = 3053
Finished Renaming Generated Nets : Time (s): cpu = 00:00:20 ; elapsed = 00:00:21 . Memory (MB): peak = 1397.551 ; gain = 465.898 ; free physical = 523 ; free virtual = 3053

Report Cell Usage: 
+------+------+------+
|      |Cell  |Count |
+------+------+------+
|1     |LUT2  |     8|
|2     |MUXCY |    25|
|3     |XORCY |    27|
|4     |FDRE  |    37|
+------+------+------+
Finished Writing Synthesis Report : Time (s): cpu = 00:00:20 ; elapsed = 00:00:21 . Memory (MB): peak = 1397.551 ; gain = 465.898 ; free physical = 523 ; free virtual = 3053
synth_design: Time (s): cpu = 00:00:19 ; elapsed = 00:00:19 . Memory (MB): peak = 1397.559 ; gain = 398.402 ; free physical = 507 ; free virtual = 3039
